[2017-07-17 12:22:24.577] [jointLog] [info] parsing read library format
[2017-07-17 12:22:24.577] [jointLog] [info] There is 1 library.
[2017-07-17 12:22:24.695] [jointLog] [info] Loading Quasi index
[2017-07-17 12:22:24.714] [jointLog] [info] Loading 32-bit quasi index
[2017-07-17 12:23:08.026] [jointLog] [info] done
[2017-07-17 12:23:08.026] [jointLog] [info] Index contained 107368 targets
[2017-07-17 12:23:08.826] [jointLog] [info] Automatically detected most likely library type as IU
[2017-07-17 12:24:17.203] [fileLog] [info] 
At end of round 0
==================
Observed 6850758 total fragments (6850758 in most recent round)

[2017-07-17 12:24:17.202] [jointLog] [info] Computed 120383 rich equivalence classes for further processing
[2017-07-17 12:24:17.202] [jointLog] [info] Counted 5788172 total reads in the equivalence classes 
[2017-07-17 12:24:17.240] [jointLog] [info] Mapping rate = 84.4895%

[2017-07-17 12:24:17.240] [jointLog] [info] finished quantifyLibrary()
[2017-07-17 12:24:17.241] [jointLog] [info] Starting optimizer
[2017-07-17 12:24:17.318] [jointLog] [info] Marked 0 weighted equivalence classes as degenerate
[2017-07-17 12:24:17.323] [jointLog] [info] iteration = 0 | max rel diff. = 86.9737
[2017-07-17 12:24:17.821] [jointLog] [info] iteration = 100 | max rel diff. = 0.107987
[2017-07-17 12:24:18.337] [jointLog] [info] iteration = 200 | max rel diff. = 0.0579364
[2017-07-17 12:24:18.882] [jointLog] [info] iteration = 300 | max rel diff. = 0.0373347
[2017-07-17 12:24:19.435] [jointLog] [info] iteration = 400 | max rel diff. = 0.0533263
[2017-07-17 12:24:19.963] [jointLog] [info] iteration = 500 | max rel diff. = 0.0208272
[2017-07-17 12:24:20.472] [jointLog] [info] iteration = 600 | max rel diff. = 0.016257
[2017-07-17 12:24:21.000] [jointLog] [info] iteration = 700 | max rel diff. = 0.0141937
[2017-07-17 12:24:21.511] [jointLog] [info] iteration = 800 | max rel diff. = 0.0140653
[2017-07-17 12:24:22.009] [jointLog] [info] iteration = 900 | max rel diff. = 0.0109447
[2017-07-17 12:24:22.523] [jointLog] [info] iteration = 1000 | max rel diff. = 0.0109446
[2017-07-17 12:24:22.546] [jointLog] [info] iteration = 1005 | max rel diff. = 0.00995183
[2017-07-17 12:24:22.550] [jointLog] [info] Finished optimizer
[2017-07-17 12:24:22.550] [jointLog] [info] writing output 

[2017-07-17 12:24:23.055] [jointLog] [info] Starting Bootstrapping
[2017-07-17 12:24:23.090] [jointLog] [info] Will draw 100 bootstrap samples
[2017-07-17 12:24:23.090] [jointLog] [info] Optimizing over 120383 equivalence classes
[2017-07-17 12:24:23.112] [jointLog] [info] Marked 0 weighted equivalence classes as degenerate
[2017-07-17 12:24:49.110] [jointLog] [info] wrote 1 bootstraps
[2017-07-17 12:24:51.759] [jointLog] [info] wrote 2 bootstraps
[2017-07-17 12:24:52.045] [jointLog] [info] wrote 3 bootstraps
[2017-07-17 12:24:52.919] [jointLog] [info] wrote 4 bootstraps
[2017-07-17 12:24:55.260] [jointLog] [info] wrote 5 bootstraps
[2017-07-17 12:24:55.682] [jointLog] [info] wrote 6 bootstraps
[2017-07-17 12:24:56.227] [jointLog] [info] wrote 7 bootstraps
[2017-07-17 12:25:15.408] [jointLog] [info] wrote 8 bootstraps
[2017-07-17 12:25:16.313] [jointLog] [info] wrote 9 bootstraps
[2017-07-17 12:25:16.881] [jointLog] [info] wrote 10 bootstraps
[2017-07-17 12:25:24.250] [jointLog] [info] wrote 11 bootstraps
[2017-07-17 12:25:24.663] [jointLog] [info] wrote 12 bootstraps
[2017-07-17 12:25:27.395] [jointLog] [info] wrote 13 bootstraps
[2017-07-17 12:25:28.651] [jointLog] [info] wrote 14 bootstraps
[2017-07-17 12:25:44.224] [jointLog] [info] wrote 15 bootstraps
[2017-07-17 12:25:47.306] [jointLog] [info] wrote 16 bootstraps
[2017-07-17 12:25:47.416] [jointLog] [info] wrote 17 bootstraps
[2017-07-17 12:25:50.025] [jointLog] [info] wrote 18 bootstraps
[2017-07-17 12:25:57.276] [jointLog] [info] wrote 19 bootstraps
[2017-07-17 12:25:57.591] [jointLog] [info] wrote 20 bootstraps
[2017-07-17 12:26:01.687] [jointLog] [info] wrote 21 bootstraps
[2017-07-17 12:26:14.156] [jointLog] [info] wrote 22 bootstraps
[2017-07-17 12:26:14.583] [jointLog] [info] wrote 23 bootstraps
[2017-07-17 12:26:15.365] [jointLog] [info] wrote 24 bootstraps
[2017-07-17 12:26:20.566] [jointLog] [info] wrote 25 bootstraps
[2017-07-17 12:26:21.814] [jointLog] [info] wrote 26 bootstraps
[2017-07-17 12:26:29.011] [jointLog] [info] wrote 27 bootstraps
[2017-07-17 12:26:30.619] [jointLog] [info] wrote 28 bootstraps
[2017-07-17 12:26:39.120] [jointLog] [info] wrote 29 bootstraps
[2017-07-17 12:26:40.305] [jointLog] [info] wrote 30 bootstraps
[2017-07-17 12:26:41.493] [jointLog] [info] wrote 31 bootstraps
[2017-07-17 12:26:47.526] [jointLog] [info] wrote 32 bootstraps
[2017-07-17 12:26:54.502] [jointLog] [info] wrote 33 bootstraps
[2017-07-17 12:26:55.464] [jointLog] [info] wrote 34 bootstraps
[2017-07-17 12:27:01.687] [jointLog] [info] wrote 35 bootstraps
[2017-07-17 12:27:07.601] [jointLog] [info] wrote 36 bootstraps
[2017-07-17 12:27:08.309] [jointLog] [info] wrote 37 bootstraps
[2017-07-17 12:27:10.270] [jointLog] [info] wrote 38 bootstraps
[2017-07-17 12:27:13.762] [jointLog] [info] wrote 39 bootstraps
[2017-07-17 12:27:21.171] [jointLog] [info] wrote 40 bootstraps
[2017-07-17 12:27:27.375] [jointLog] [info] wrote 41 bootstraps
[2017-07-17 12:27:28.812] [jointLog] [info] wrote 42 bootstraps
[2017-07-17 12:27:34.957] [jointLog] [info] wrote 43 bootstraps
[2017-07-17 12:27:40.095] [jointLog] [info] wrote 44 bootstraps
[2017-07-17 12:27:40.705] [jointLog] [info] wrote 45 bootstraps
[2017-07-17 12:27:44.017] [jointLog] [info] wrote 46 bootstraps
[2017-07-17 12:27:50.608] [jointLog] [info] wrote 47 bootstraps
[2017-07-17 12:27:55.526] [jointLog] [info] wrote 48 bootstraps
[2017-07-17 12:28:01.362] [jointLog] [info] wrote 49 bootstraps
[2017-07-17 12:28:03.444] [jointLog] [info] wrote 50 bootstraps
[2017-07-17 12:28:04.833] [jointLog] [info] wrote 51 bootstraps
[2017-07-17 12:28:07.397] [jointLog] [info] wrote 52 bootstraps
[2017-07-17 12:28:13.726] [jointLog] [info] wrote 53 bootstraps
[2017-07-17 12:28:21.261] [jointLog] [info] wrote 54 bootstraps
[2017-07-17 12:28:25.766] [jointLog] [info] wrote 55 bootstraps
[2017-07-17 12:28:26.679] [jointLog] [info] wrote 56 bootstraps
[2017-07-17 12:28:32.873] [jointLog] [info] wrote 57 bootstraps
[2017-07-17 12:28:36.389] [jointLog] [info] wrote 58 bootstraps
[2017-07-17 12:28:37.645] [jointLog] [info] wrote 59 bootstraps
[2017-07-17 12:28:44.172] [jointLog] [info] wrote 60 bootstraps
[2017-07-17 12:28:53.879] [jointLog] [info] wrote 61 bootstraps
[2017-07-17 12:28:55.728] [jointLog] [info] wrote 62 bootstraps
[2017-07-17 12:28:57.199] [jointLog] [info] wrote 63 bootstraps
[2017-07-17 12:29:00.263] [jointLog] [info] wrote 64 bootstraps
[2017-07-17 12:29:06.702] [jointLog] [info] wrote 65 bootstraps
[2017-07-17 12:29:09.268] [jointLog] [info] wrote 66 bootstraps
[2017-07-17 12:29:17.466] [jointLog] [info] wrote 67 bootstraps
[2017-07-17 12:29:21.609] [jointLog] [info] wrote 68 bootstraps
[2017-07-17 12:29:27.989] [jointLog] [info] wrote 69 bootstraps
[2017-07-17 12:29:29.391] [jointLog] [info] wrote 70 bootstraps
[2017-07-17 12:29:29.821] [jointLog] [info] wrote 71 bootstraps
[2017-07-17 12:29:32.916] [jointLog] [info] wrote 72 bootstraps
[2017-07-17 12:29:41.090] [jointLog] [info] wrote 73 bootstraps
[2017-07-17 12:29:47.128] [jointLog] [info] wrote 74 bootstraps
[2017-07-17 12:29:51.470] [jointLog] [info] wrote 75 bootstraps
[2017-07-17 12:29:56.433] [jointLog] [info] wrote 76 bootstraps
[2017-07-17 12:29:58.314] [jointLog] [info] wrote 77 bootstraps
[2017-07-17 12:29:59.243] [jointLog] [info] wrote 78 bootstraps
[2017-07-17 12:30:04.703] [jointLog] [info] wrote 79 bootstraps
[2017-07-17 12:30:10.864] [jointLog] [info] wrote 80 bootstraps
[2017-07-17 12:30:14.334] [jointLog] [info] wrote 81 bootstraps
[2017-07-17 12:30:17.192] [jointLog] [info] wrote 82 bootstraps
[2017-07-17 12:30:22.179] [jointLog] [info] wrote 83 bootstraps
[2017-07-17 12:30:24.094] [jointLog] [info] wrote 84 bootstraps
[2017-07-17 12:30:24.172] [jointLog] [info] wrote 85 bootstraps
[2017-07-17 12:30:37.432] [jointLog] [info] wrote 86 bootstraps
[2017-07-17 12:30:42.645] [jointLog] [info] wrote 87 bootstraps
[2017-07-17 12:30:43.603] [jointLog] [info] wrote 88 bootstraps
[2017-07-17 12:30:45.288] [jointLog] [info] wrote 89 bootstraps
[2017-07-17 12:30:46.807] [jointLog] [info] wrote 90 bootstraps
[2017-07-17 12:30:55.941] [jointLog] [info] wrote 91 bootstraps
[2017-07-17 12:30:56.715] [jointLog] [info] wrote 92 bootstraps
[2017-07-17 12:31:08.836] [jointLog] [info] wrote 93 bootstraps
[2017-07-17 12:31:14.197] [jointLog] [info] wrote 94 bootstraps
[2017-07-17 12:31:14.488] [jointLog] [info] wrote 95 bootstraps
[2017-07-17 12:31:14.568] [jointLog] [info] wrote 96 bootstraps
[2017-07-17 12:31:15.082] [jointLog] [info] wrote 97 bootstraps
[2017-07-17 12:31:18.327] [jointLog] [info] wrote 98 bootstraps
[2017-07-17 12:31:19.595] [jointLog] [info] wrote 99 bootstraps
[2017-07-17 12:31:25.876] [jointLog] [info] wrote 100 bootstraps
[2017-07-17 12:31:25.899] [jointLog] [info] Finished Bootstrapping
