[2017-06-13 15:06:09.596] [jointLog] [info] parsing read library format
[2017-06-13 15:06:09.596] [jointLog] [info] There is 1 library.
[2017-06-13 15:16:34.287] [jointLog] [info] parsing read library format
[2017-06-13 15:16:34.287] [jointLog] [info] There is 1 library.
[2017-06-13 15:16:34.382] [jointLog] [info] Loading Quasi index
[2017-06-13 15:16:34.383] [jointLog] [info] Loading 32-bit quasi index
[2017-06-13 15:16:42.709] [jointLog] [info] done
[2017-06-13 15:16:42.709] [jointLog] [info] Index contained 107368 targets
[2017-06-13 15:16:43.471] [jointLog] [info] Automatically detected most likely library type as IU
[2017-06-13 15:17:27.447] [fileLog] [info] 
At end of round 0
==================
Observed 4712202 total fragments (4712202 in most recent round)

[2017-06-13 15:17:27.446] [jointLog] [info] Computed 119039 rich equivalence classes for further processing
[2017-06-13 15:17:27.446] [jointLog] [info] Counted 3865992 total reads in the equivalence classes 
[2017-06-13 15:17:27.483] [jointLog] [warning] Only 3865992 fragments were mapped, but the number of burn-in fragments was set to 5000000.
The effective lengths have been computed using the observed mappings.

[2017-06-13 15:17:27.483] [jointLog] [info] Mapping rate = 82.0422%

[2017-06-13 15:17:27.483] [jointLog] [info] finished quantifyLibrary()
[2017-06-13 15:17:27.484] [jointLog] [info] Starting optimizer
[2017-06-13 15:17:27.561] [jointLog] [info] Marked 0 weighted equivalence classes as degenerate
[2017-06-13 15:17:27.565] [jointLog] [info] iteration = 0 | max rel diff. = 57.247
[2017-06-13 15:17:28.115] [jointLog] [info] iteration = 100 | max rel diff. = 0.104296
[2017-06-13 15:17:28.659] [jointLog] [info] iteration = 200 | max rel diff. = 0.0723686
[2017-06-13 15:17:29.182] [jointLog] [info] iteration = 300 | max rel diff. = 0.0353242
[2017-06-13 15:17:29.737] [jointLog] [info] iteration = 400 | max rel diff. = 0.02798
[2017-06-13 15:17:30.294] [jointLog] [info] iteration = 500 | max rel diff. = 0.0187738
[2017-06-13 15:17:30.847] [jointLog] [info] iteration = 600 | max rel diff. = 0.0177329
[2017-06-13 15:17:31.375] [jointLog] [info] iteration = 700 | max rel diff. = 0.0141188
[2017-06-13 15:17:31.908] [jointLog] [info] iteration = 800 | max rel diff. = 0.0133147
[2017-06-13 15:17:32.462] [jointLog] [info] iteration = 900 | max rel diff. = 0.0111006
[2017-06-13 15:17:32.735] [jointLog] [info] iteration = 953 | max rel diff. = 0.00953861
[2017-06-13 15:17:32.738] [jointLog] [info] Finished optimizer
[2017-06-13 15:17:32.738] [jointLog] [info] writing output 

[2017-06-17 15:09:54.201] [jointLog] [info] parsing read library format
[2017-06-17 15:09:54.201] [jointLog] [info] There is 1 library.
[2017-06-17 15:09:54.294] [jointLog] [info] Loading Quasi index
[2017-06-17 15:09:54.295] [jointLog] [info] Loading 32-bit quasi index
[2017-06-17 15:10:02.445] [jointLog] [info] done
[2017-06-17 15:10:02.445] [jointLog] [info] Index contained 107368 targets
[2017-06-17 15:10:03.165] [jointLog] [info] Automatically detected most likely library type as IU
[2017-06-17 15:10:44.212] [jointLog] [info] Computed 119039 rich equivalence classes for further processing
[2017-06-17 15:10:44.213] [fileLog] [info] 
At end of round 0
==================
Observed 4712202 total fragments (4712202 in most recent round)

[2017-06-17 15:10:44.212] [jointLog] [info] Counted 3865992 total reads in the equivalence classes 
[2017-06-17 15:10:44.251] [jointLog] [warning] Only 3865992 fragments were mapped, but the number of burn-in fragments was set to 5000000.
The effective lengths have been computed using the observed mappings.

[2017-06-17 15:10:44.251] [jointLog] [info] Mapping rate = 82.0422%

[2017-06-17 15:10:44.251] [jointLog] [info] finished quantifyLibrary()
[2017-06-17 15:10:44.252] [jointLog] [info] Starting optimizer
[2017-06-17 15:10:44.325] [jointLog] [info] Marked 0 weighted equivalence classes as degenerate
[2017-06-17 15:10:44.329] [jointLog] [info] iteration = 0 | max rel diff. = 57.2463
[2017-06-17 15:10:44.753] [jointLog] [info] iteration = 100 | max rel diff. = 0.104297
[2017-06-17 15:10:45.167] [jointLog] [info] iteration = 200 | max rel diff. = 0.0718598
[2017-06-17 15:10:45.655] [jointLog] [info] iteration = 300 | max rel diff. = 0.0353238
[2017-06-17 15:10:46.092] [jointLog] [info] iteration = 400 | max rel diff. = 0.026608
[2017-06-17 15:10:46.548] [jointLog] [info] iteration = 500 | max rel diff. = 0.018922
[2017-06-17 15:10:47.042] [jointLog] [info] iteration = 600 | max rel diff. = 0.0177336
[2017-06-17 15:10:47.502] [jointLog] [info] iteration = 700 | max rel diff. = 0.0141184
[2017-06-17 15:10:47.990] [jointLog] [info] iteration = 800 | max rel diff. = 0.0133386
[2017-06-17 15:10:48.431] [jointLog] [info] iteration = 900 | max rel diff. = 0.0110953
[2017-06-17 15:10:48.694] [jointLog] [info] iteration = 953 | max rel diff. = 0.00954042
[2017-06-17 15:10:48.696] [jointLog] [info] Finished optimizer
[2017-06-17 15:10:48.696] [jointLog] [info] writing output 

[2017-06-17 15:10:48.926] [jointLog] [info] Starting Bootstrapping
[2017-06-17 15:10:48.957] [jointLog] [info] Will draw 100 bootstrap samples
[2017-06-17 15:10:48.957] [jointLog] [info] Optimizing over 119039 equivalence classes
[2017-06-17 15:10:48.977] [jointLog] [info] Marked 0 weighted equivalence classes as degenerate
[2017-06-17 15:11:10.297] [jointLog] [info] wrote 1 bootstraps
[2017-06-17 15:11:10.747] [jointLog] [info] wrote 2 bootstraps
[2017-06-17 15:11:10.792] [jointLog] [info] wrote 3 bootstraps
[2017-06-17 15:11:11.455] [jointLog] [info] wrote 4 bootstraps
[2017-06-17 15:11:12.286] [jointLog] [info] wrote 5 bootstraps
[2017-06-17 15:11:12.331] [jointLog] [info] wrote 6 bootstraps
[2017-06-17 15:11:12.831] [jointLog] [info] wrote 7 bootstraps
[2017-06-17 15:11:32.833] [jointLog] [info] wrote 8 bootstraps
[2017-06-17 15:11:33.420] [jointLog] [info] wrote 9 bootstraps
[2017-06-17 15:11:35.402] [jointLog] [info] wrote 10 bootstraps
[2017-06-17 15:11:35.461] [jointLog] [info] wrote 11 bootstraps
[2017-06-17 15:11:35.504] [jointLog] [info] wrote 12 bootstraps
[2017-06-17 15:11:36.124] [jointLog] [info] wrote 13 bootstraps
[2017-06-17 15:11:38.344] [jointLog] [info] wrote 14 bootstraps
[2017-06-17 15:11:53.539] [jointLog] [info] wrote 15 bootstraps
[2017-06-17 15:11:55.748] [jointLog] [info] wrote 16 bootstraps
[2017-06-17 15:11:58.061] [jointLog] [info] wrote 17 bootstraps
[2017-06-17 15:11:59.248] [jointLog] [info] wrote 18 bootstraps
[2017-06-17 15:11:59.743] [jointLog] [info] wrote 19 bootstraps
[2017-06-17 15:12:00.077] [jointLog] [info] wrote 20 bootstraps
[2017-06-17 15:12:00.657] [jointLog] [info] wrote 21 bootstraps
[2017-06-17 15:12:16.363] [jointLog] [info] wrote 22 bootstraps
[2017-06-17 15:12:19.013] [jointLog] [info] wrote 23 bootstraps
[2017-06-17 15:12:20.836] [jointLog] [info] wrote 24 bootstraps
[2017-06-17 15:12:21.678] [jointLog] [info] wrote 25 bootstraps
[2017-06-17 15:12:21.729] [jointLog] [info] wrote 26 bootstraps
[2017-06-17 15:12:23.824] [jointLog] [info] wrote 27 bootstraps
[2017-06-17 15:12:23.925] [jointLog] [info] wrote 28 bootstraps
[2017-06-17 15:12:39.707] [jointLog] [info] wrote 29 bootstraps
[2017-06-17 15:12:41.792] [jointLog] [info] wrote 30 bootstraps
[2017-06-17 15:12:42.264] [jointLog] [info] wrote 31 bootstraps
[2017-06-17 15:12:42.851] [jointLog] [info] wrote 32 bootstraps
[2017-06-17 15:12:42.889] [jointLog] [info] wrote 33 bootstraps
[2017-06-17 15:12:45.745] [jointLog] [info] wrote 34 bootstraps
[2017-06-17 15:12:46.405] [jointLog] [info] wrote 35 bootstraps
[2017-06-17 15:13:02.600] [jointLog] [info] wrote 36 bootstraps
[2017-06-17 15:13:04.288] [jointLog] [info] wrote 37 bootstraps
[2017-06-17 15:13:04.988] [jointLog] [info] wrote 38 bootstraps
[2017-06-17 15:13:05.660] [jointLog] [info] wrote 39 bootstraps
[2017-06-17 15:13:07.316] [jointLog] [info] wrote 40 bootstraps
[2017-06-17 15:13:07.505] [jointLog] [info] wrote 41 bootstraps
[2017-06-17 15:13:07.550] [jointLog] [info] wrote 42 bootstraps
[2017-06-17 15:13:25.198] [jointLog] [info] wrote 43 bootstraps
[2017-06-17 15:13:25.319] [jointLog] [info] wrote 44 bootstraps
[2017-06-17 15:13:26.992] [jointLog] [info] wrote 45 bootstraps
[2017-06-17 15:13:27.787] [jointLog] [info] wrote 46 bootstraps
[2017-06-17 15:13:29.370] [jointLog] [info] wrote 47 bootstraps
[2017-06-17 15:13:29.438] [jointLog] [info] wrote 48 bootstraps
[2017-06-17 15:13:29.680] [jointLog] [info] wrote 49 bootstraps
[2017-06-17 15:13:47.790] [jointLog] [info] wrote 50 bootstraps
[2017-06-17 15:13:48.139] [jointLog] [info] wrote 51 bootstraps
[2017-06-17 15:13:50.651] [jointLog] [info] wrote 52 bootstraps
[2017-06-17 15:13:50.910] [jointLog] [info] wrote 53 bootstraps
[2017-06-17 15:13:51.196] [jointLog] [info] wrote 54 bootstraps
[2017-06-17 15:13:53.390] [jointLog] [info] wrote 55 bootstraps
[2017-06-17 15:13:53.435] [jointLog] [info] wrote 56 bootstraps
[2017-06-17 15:14:09.917] [jointLog] [info] wrote 57 bootstraps
[2017-06-17 15:14:12.006] [jointLog] [info] wrote 58 bootstraps
[2017-06-17 15:14:12.891] [jointLog] [info] wrote 59 bootstraps
[2017-06-17 15:14:14.273] [jointLog] [info] wrote 60 bootstraps
[2017-06-17 15:14:14.902] [jointLog] [info] wrote 61 bootstraps
[2017-06-17 15:14:15.047] [jointLog] [info] wrote 62 bootstraps
[2017-06-17 15:14:17.616] [jointLog] [info] wrote 63 bootstraps
[2017-06-17 15:14:33.188] [jointLog] [info] wrote 64 bootstraps
[2017-06-17 15:14:34.267] [jointLog] [info] wrote 65 bootstraps
[2017-06-17 15:14:34.782] [jointLog] [info] wrote 66 bootstraps
[2017-06-17 15:14:37.373] [jointLog] [info] wrote 67 bootstraps
[2017-06-17 15:14:38.725] [jointLog] [info] wrote 68 bootstraps
[2017-06-17 15:14:39.405] [jointLog] [info] wrote 69 bootstraps
[2017-06-17 15:14:39.735] [jointLog] [info] wrote 70 bootstraps
[2017-06-17 15:14:55.786] [jointLog] [info] wrote 71 bootstraps
[2017-06-17 15:14:56.708] [jointLog] [info] wrote 72 bootstraps
[2017-06-17 15:14:56.819] [jointLog] [info] wrote 73 bootstraps
[2017-06-17 15:14:57.706] [jointLog] [info] wrote 74 bootstraps
[2017-06-17 15:15:00.965] [jointLog] [info] wrote 75 bootstraps
[2017-06-17 15:15:05.376] [jointLog] [info] wrote 76 bootstraps
[2017-06-17 15:15:06.752] [jointLog] [info] wrote 77 bootstraps
[2017-06-17 15:15:17.976] [jointLog] [info] wrote 78 bootstraps
[2017-06-17 15:15:19.126] [jointLog] [info] wrote 79 bootstraps
[2017-06-17 15:15:19.680] [jointLog] [info] wrote 80 bootstraps
[2017-06-17 15:15:24.313] [jointLog] [info] wrote 81 bootstraps
[2017-06-17 15:15:25.575] [jointLog] [info] wrote 82 bootstraps
[2017-06-17 15:15:28.278] [jointLog] [info] wrote 83 bootstraps
[2017-06-17 15:15:29.548] [jointLog] [info] wrote 84 bootstraps
[2017-06-17 15:15:39.788] [jointLog] [info] wrote 85 bootstraps
[2017-06-17 15:15:40.728] [jointLog] [info] wrote 86 bootstraps
[2017-06-17 15:15:41.089] [jointLog] [info] wrote 87 bootstraps
[2017-06-17 15:15:46.083] [jointLog] [info] wrote 88 bootstraps
[2017-06-17 15:15:47.394] [jointLog] [info] wrote 89 bootstraps
[2017-06-17 15:15:53.249] [jointLog] [info] wrote 90 bootstraps
[2017-06-17 15:15:56.958] [jointLog] [info] wrote 91 bootstraps
[2017-06-17 15:16:01.759] [jointLog] [info] wrote 92 bootstraps
[2017-06-17 15:16:02.675] [jointLog] [info] wrote 93 bootstraps
[2017-06-17 15:16:02.919] [jointLog] [info] wrote 94 bootstraps
[2017-06-17 15:16:07.513] [jointLog] [info] wrote 95 bootstraps
[2017-06-17 15:16:07.627] [jointLog] [info] wrote 96 bootstraps
[2017-06-17 15:16:11.552] [jointLog] [info] wrote 97 bootstraps
[2017-06-17 15:16:13.587] [jointLog] [info] wrote 98 bootstraps
[2017-06-17 15:16:17.881] [jointLog] [info] wrote 99 bootstraps
[2017-06-17 15:16:19.057] [jointLog] [info] wrote 100 bootstraps
[2017-06-17 15:16:19.077] [jointLog] [info] Finished Bootstrapping
