[2020-05-27 20:43:58.405] [jointLog] [info] parsing read library format
[2020-05-27 20:43:58.406] [jointLog] [info] There is 1 library.
[2020-05-27 20:43:58.496] [jointLog] [info] Loading Quasi index
[2020-05-27 20:43:58.499] [jointLog] [info] Loading 32-bit quasi index
[2020-05-27 20:44:03.009] [jointLog] [info] done
[2020-05-27 20:44:03.009] [jointLog] [info] Index contained 43313 targets
[2020-05-27 20:44:03.654] [jointLog] [info] Automatically detected most likely library type as IU
[2020-05-27 20:44:30.501] [jointLog] [info] Computed 39376 rich equivalence classes for further processing
[2020-05-27 20:44:30.501] [jointLog] [info] Counted 5943685 total reads in the equivalence classes 
[2020-05-27 20:44:30.506] [jointLog] [info] Mapping rate = 86.7595%

[2020-05-27 20:44:30.506] [jointLog] [info] finished quantifyLibrary()
[2020-05-27 20:44:30.513] [jointLog] [info] Starting optimizer
[2020-05-27 20:44:30.539] [jointLog] [info] Marked 0 weighted equivalence classes as degenerate
[2020-05-27 20:44:30.540] [jointLog] [info] iteration = 0 | max rel diff. = 234.321
[2020-05-27 20:44:30.502] [fileLog] [info] 
At end of round 0
==================
Observed 6850758 total fragments (6850758 in most recent round)

[2020-05-27 20:44:30.641] [jointLog] [info] iteration = 100 | max rel diff. = 0.10513
[2020-05-27 20:44:30.742] [jointLog] [info] iteration = 200 | max rel diff. = 0.0552806
[2020-05-27 20:44:30.844] [jointLog] [info] iteration = 300 | max rel diff. = 0.0349504
[2020-05-27 20:44:30.936] [jointLog] [info] iteration = 400 | max rel diff. = 0.0263441
[2020-05-27 20:44:31.027] [jointLog] [info] iteration = 500 | max rel diff. = 0.0192688
[2020-05-27 20:44:31.127] [jointLog] [info] iteration = 600 | max rel diff. = 0.0171513
[2020-05-27 20:44:31.228] [jointLog] [info] iteration = 700 | max rel diff. = 0.0173784
[2020-05-27 20:44:31.334] [jointLog] [info] iteration = 800 | max rel diff. = 0.0173947
[2020-05-27 20:44:31.442] [jointLog] [info] iteration = 900 | max rel diff. = 0.0105151
[2020-05-27 20:44:31.551] [jointLog] [info] iteration = 1000 | max rel diff. = 0.0105154
[2020-05-27 20:44:31.580] [jointLog] [info] iteration = 1028 | max rel diff. = 0.00942209
[2020-05-27 20:44:31.586] [jointLog] [info] Finished optimizer
[2020-05-27 20:44:31.586] [jointLog] [info] writing output 

