[2017-07-17 12:50:36.860] [jointLog] [info] parsing read library format
[2017-07-17 12:50:36.860] [jointLog] [info] There is 1 library.
[2017-07-17 12:50:36.970] [jointLog] [info] Loading Quasi index
[2017-07-17 12:50:36.970] [jointLog] [info] Loading 32-bit quasi index
[2017-07-17 12:51:42.874] [jointLog] [info] done
[2017-07-17 12:51:42.874] [jointLog] [info] Index contained 107368 targets
[2017-07-17 12:51:44.291] [jointLog] [info] Automatically detected most likely library type as IU
[2017-07-17 12:52:51.552] [fileLog] [info] 
At end of round 0
==================
Observed 7164912 total fragments (7164912 in most recent round)

[2017-07-17 12:52:51.551] [jointLog] [info] Computed 121998 rich equivalence classes for further processing
[2017-07-17 12:52:51.551] [jointLog] [info] Counted 5992257 total reads in the equivalence classes 
[2017-07-17 12:52:51.587] [jointLog] [info] Mapping rate = 83.6334%

[2017-07-17 12:52:51.587] [jointLog] [info] finished quantifyLibrary()
[2017-07-17 12:52:51.600] [jointLog] [info] Starting optimizer
[2017-07-17 12:52:53.173] [jointLog] [info] Marked 0 weighted equivalence classes as degenerate
[2017-07-17 12:52:53.177] [jointLog] [info] iteration = 0 | max rel diff. = 91.0044
[2017-07-17 12:52:53.684] [jointLog] [info] iteration = 100 | max rel diff. = 0.10684
[2017-07-17 12:52:54.219] [jointLog] [info] iteration = 200 | max rel diff. = 0.052702
[2017-07-17 12:52:54.781] [jointLog] [info] iteration = 300 | max rel diff. = 0.0412384
[2017-07-17 12:52:55.323] [jointLog] [info] iteration = 400 | max rel diff. = 0.0265522
[2017-07-17 12:52:55.833] [jointLog] [info] iteration = 500 | max rel diff. = 0.0202218
[2017-07-17 12:52:56.351] [jointLog] [info] iteration = 600 | max rel diff. = 0.0161512
[2017-07-17 12:52:56.876] [jointLog] [info] iteration = 700 | max rel diff. = 0.0146913
[2017-07-17 12:52:57.395] [jointLog] [info] iteration = 800 | max rel diff. = 0.01391
[2017-07-17 12:52:57.912] [jointLog] [info] iteration = 900 | max rel diff. = 0.0107471
[2017-07-17 12:52:58.296] [jointLog] [info] iteration = 970 | max rel diff. = 0.00998711
[2017-07-17 12:52:58.300] [jointLog] [info] Finished optimizer
[2017-07-17 12:52:58.300] [jointLog] [info] writing output 

[2017-07-17 12:52:58.504] [jointLog] [info] Starting Bootstrapping
[2017-07-17 12:52:58.545] [jointLog] [info] Will draw 100 bootstrap samples
[2017-07-17 12:52:58.545] [jointLog] [info] Optimizing over 121998 equivalence classes
[2017-07-17 12:52:58.567] [jointLog] [info] Marked 0 weighted equivalence classes as degenerate
[2017-07-17 12:53:26.503] [jointLog] [info] wrote 1 bootstraps
[2017-07-17 12:53:26.810] [jointLog] [info] wrote 2 bootstraps
[2017-07-17 12:53:28.900] [jointLog] [info] wrote 3 bootstraps
[2017-07-17 12:53:29.060] [jointLog] [info] wrote 4 bootstraps
[2017-07-17 12:53:29.636] [jointLog] [info] wrote 5 bootstraps
[2017-07-17 12:53:32.901] [jointLog] [info] wrote 6 bootstraps
[2017-07-17 12:53:35.064] [jointLog] [info] wrote 7 bootstraps
[2017-07-17 12:53:53.471] [jointLog] [info] wrote 8 bootstraps
[2017-07-17 12:53:58.403] [jointLog] [info] wrote 9 bootstraps
[2017-07-17 12:53:59.300] [jointLog] [info] wrote 10 bootstraps
[2017-07-17 12:54:00.483] [jointLog] [info] wrote 11 bootstraps
[2017-07-17 12:54:01.293] [jointLog] [info] wrote 12 bootstraps
[2017-07-17 12:54:03.731] [jointLog] [info] wrote 13 bootstraps
[2017-07-17 12:54:06.320] [jointLog] [info] wrote 14 bootstraps
[2017-07-17 12:54:26.610] [jointLog] [info] wrote 15 bootstraps
[2017-07-17 12:54:31.727] [jointLog] [info] wrote 16 bootstraps
[2017-07-17 12:54:31.840] [jointLog] [info] wrote 17 bootstraps
[2017-07-17 12:54:32.679] [jointLog] [info] wrote 18 bootstraps
[2017-07-17 12:54:34.625] [jointLog] [info] wrote 19 bootstraps
[2017-07-17 12:54:35.358] [jointLog] [info] wrote 20 bootstraps
[2017-07-17 12:54:35.458] [jointLog] [info] wrote 21 bootstraps
[2017-07-17 12:54:53.062] [jointLog] [info] wrote 22 bootstraps
[2017-07-17 12:54:55.825] [jointLog] [info] wrote 23 bootstraps
[2017-07-17 12:54:57.759] [jointLog] [info] wrote 24 bootstraps
[2017-07-17 12:55:02.610] [jointLog] [info] wrote 25 bootstraps
[2017-07-17 12:55:02.675] [jointLog] [info] wrote 26 bootstraps
[2017-07-17 12:55:02.945] [jointLog] [info] wrote 27 bootstraps
[2017-07-17 12:55:06.475] [jointLog] [info] wrote 28 bootstraps
[2017-07-17 12:55:20.793] [jointLog] [info] wrote 29 bootstraps
[2017-07-17 12:55:27.499] [jointLog] [info] wrote 30 bootstraps
[2017-07-17 12:55:27.928] [jointLog] [info] wrote 31 bootstraps
[2017-07-17 12:55:30.563] [jointLog] [info] wrote 32 bootstraps
[2017-07-17 12:55:32.030] [jointLog] [info] wrote 33 bootstraps
[2017-07-17 12:55:32.115] [jointLog] [info] wrote 34 bootstraps
[2017-07-17 12:55:39.576] [jointLog] [info] wrote 35 bootstraps
[2017-07-17 12:55:49.558] [jointLog] [info] wrote 36 bootstraps
[2017-07-17 12:55:52.636] [jointLog] [info] wrote 37 bootstraps
[2017-07-17 12:56:01.032] [jointLog] [info] wrote 38 bootstraps
[2017-07-17 12:56:02.455] [jointLog] [info] wrote 39 bootstraps
[2017-07-17 12:56:04.743] [jointLog] [info] wrote 40 bootstraps
[2017-07-17 12:56:06.021] [jointLog] [info] wrote 41 bootstraps
[2017-07-17 12:56:06.484] [jointLog] [info] wrote 42 bootstraps
[2017-07-17 12:56:20.776] [jointLog] [info] wrote 43 bootstraps
[2017-07-17 12:56:26.127] [jointLog] [info] wrote 44 bootstraps
[2017-07-17 12:56:26.628] [jointLog] [info] wrote 45 bootstraps
[2017-07-17 12:56:28.225] [jointLog] [info] wrote 46 bootstraps
[2017-07-17 12:56:32.222] [jointLog] [info] wrote 47 bootstraps
[2017-07-17 12:56:32.365] [jointLog] [info] wrote 48 bootstraps
[2017-07-17 12:56:39.005] [jointLog] [info] wrote 49 bootstraps
[2017-07-17 12:56:47.311] [jointLog] [info] wrote 50 bootstraps
[2017-07-17 12:56:54.488] [jointLog] [info] wrote 51 bootstraps
[2017-07-17 12:56:55.352] [jointLog] [info] wrote 52 bootstraps
[2017-07-17 12:56:58.302] [jointLog] [info] wrote 53 bootstraps
[2017-07-17 12:56:58.386] [jointLog] [info] wrote 54 bootstraps
[2017-07-17 12:57:00.734] [jointLog] [info] wrote 55 bootstraps
[2017-07-17 12:57:06.684] [jointLog] [info] wrote 56 bootstraps
[2017-07-17 12:57:16.887] [jointLog] [info] wrote 57 bootstraps
[2017-07-17 12:57:21.452] [jointLog] [info] wrote 58 bootstraps
[2017-07-17 12:57:25.339] [jointLog] [info] wrote 59 bootstraps
[2017-07-17 12:57:29.305] [jointLog] [info] wrote 60 bootstraps
[2017-07-17 12:57:30.780] [jointLog] [info] wrote 61 bootstraps
[2017-07-17 12:57:31.158] [jointLog] [info] wrote 62 bootstraps
[2017-07-17 12:57:33.663] [jointLog] [info] wrote 63 bootstraps
[2017-07-17 12:57:42.554] [jointLog] [info] wrote 64 bootstraps
[2017-07-17 12:57:48.510] [jointLog] [info] wrote 65 bootstraps
[2017-07-17 12:57:52.340] [jointLog] [info] wrote 66 bootstraps
[2017-07-17 12:57:57.295] [jointLog] [info] wrote 67 bootstraps
[2017-07-17 12:57:57.569] [jointLog] [info] wrote 68 bootstraps
[2017-07-17 12:57:59.650] [jointLog] [info] wrote 69 bootstraps
[2017-07-17 12:58:03.002] [jointLog] [info] wrote 70 bootstraps
[2017-07-17 12:58:09.695] [jointLog] [info] wrote 71 bootstraps
[2017-07-17 12:58:18.651] [jointLog] [info] wrote 72 bootstraps
[2017-07-17 12:58:22.381] [jointLog] [info] wrote 73 bootstraps
[2017-07-17 12:58:24.477] [jointLog] [info] wrote 74 bootstraps
[2017-07-17 12:58:29.273] [jointLog] [info] wrote 75 bootstraps
[2017-07-17 12:58:31.293] [jointLog] [info] wrote 76 bootstraps
[2017-07-17 12:58:37.127] [jointLog] [info] wrote 77 bootstraps
[2017-07-17 12:58:43.920] [jointLog] [info] wrote 78 bootstraps
[2017-07-17 12:58:48.112] [jointLog] [info] wrote 79 bootstraps
[2017-07-17 12:58:50.408] [jointLog] [info] wrote 80 bootstraps
[2017-07-17 12:58:52.812] [jointLog] [info] wrote 81 bootstraps
[2017-07-17 12:58:55.429] [jointLog] [info] wrote 82 bootstraps
[2017-07-17 12:59:00.245] [jointLog] [info] wrote 83 bootstraps
[2017-07-17 12:59:03.007] [jointLog] [info] wrote 84 bootstraps
[2017-07-17 12:59:11.507] [jointLog] [info] wrote 85 bootstraps
[2017-07-17 12:59:15.826] [jointLog] [info] wrote 86 bootstraps
[2017-07-17 12:59:20.043] [jointLog] [info] wrote 87 bootstraps
[2017-07-17 12:59:20.451] [jointLog] [info] wrote 88 bootstraps
[2017-07-17 12:59:23.965] [jointLog] [info] wrote 89 bootstraps
[2017-07-17 12:59:32.550] [jointLog] [info] wrote 90 bootstraps
[2017-07-17 12:59:32.644] [jointLog] [info] wrote 91 bootstraps
[2017-07-17 12:59:44.675] [jointLog] [info] wrote 92 bootstraps
[2017-07-17 12:59:48.880] [jointLog] [info] wrote 93 bootstraps
[2017-07-17 12:59:50.024] [jointLog] [info] wrote 94 bootstraps
[2017-07-17 12:59:50.073] [jointLog] [info] wrote 95 bootstraps
[2017-07-17 12:59:52.333] [jointLog] [info] wrote 96 bootstraps
[2017-07-17 12:59:55.758] [jointLog] [info] wrote 97 bootstraps
[2017-07-17 12:59:59.198] [jointLog] [info] wrote 98 bootstraps
[2017-07-17 13:00:04.665] [jointLog] [info] wrote 99 bootstraps
[2017-07-17 13:00:05.343] [jointLog] [info] wrote 100 bootstraps
[2017-07-17 13:00:05.363] [jointLog] [info] Finished Bootstrapping
