[2017-06-13 15:36:12.923] [jointLog] [info] parsing read library format
[2017-06-13 15:36:12.923] [jointLog] [info] There is 1 library.
[2017-06-13 15:36:13.020] [jointLog] [info] Loading Quasi index
[2017-06-13 15:36:13.020] [jointLog] [info] Loading 32-bit quasi index
[2017-06-13 15:36:35.162] [jointLog] [info] done
[2017-06-13 15:36:35.162] [jointLog] [info] Index contained 107368 targets
[2017-06-13 15:36:36.359] [jointLog] [info] Automatically detected most likely library type as IU
[2017-06-13 15:38:14.028] [jointLog] [info] Computed 136043 rich equivalence classes for further processing
[2017-06-13 15:38:14.028] [jointLog] [info] Counted 10602844 total reads in the equivalence classes 
[2017-06-13 15:38:14.045] [jointLog] [info] Mapping rate = 85.6111%

[2017-06-13 15:38:14.045] [jointLog] [info] finished quantifyLibrary()
[2017-06-13 15:38:14.045] [jointLog] [info] Starting optimizer
[2017-06-13 15:38:14.029] [fileLog] [info] 
At end of round 0
==================
Observed 12384896 total fragments (12384896 in most recent round)

[2017-06-13 15:38:14.116] [jointLog] [info] Marked 0 weighted equivalence classes as degenerate
[2017-06-13 15:38:14.120] [jointLog] [info] iteration = 0 | max rel diff. = 110.821
[2017-06-13 15:38:14.691] [jointLog] [info] iteration = 100 | max rel diff. = 0.105337
[2017-06-13 15:38:15.230] [jointLog] [info] iteration = 200 | max rel diff. = 0.0558458
[2017-06-13 15:38:15.761] [jointLog] [info] iteration = 300 | max rel diff. = 0.0348518
[2017-06-13 15:38:16.281] [jointLog] [info] iteration = 400 | max rel diff. = 0.0258924
[2017-06-13 15:38:16.797] [jointLog] [info] iteration = 500 | max rel diff. = 0.0216936
[2017-06-13 15:38:17.285] [jointLog] [info] iteration = 600 | max rel diff. = 0.0182105
[2017-06-13 15:38:17.762] [jointLog] [info] iteration = 700 | max rel diff. = 0.0155526
[2017-06-13 15:38:18.305] [jointLog] [info] iteration = 800 | max rel diff. = 0.0132351
[2017-06-13 15:38:18.790] [jointLog] [info] iteration = 900 | max rel diff. = 0.013235
[2017-06-13 15:38:19.313] [jointLog] [info] iteration = 1000 | max rel diff. = 0.013235
[2017-06-13 15:38:19.376] [jointLog] [info] iteration = 1012 | max rel diff. = 0.00970608
[2017-06-13 15:38:19.378] [jointLog] [info] Finished optimizer
[2017-06-13 15:38:19.378] [jointLog] [info] writing output 

[2017-06-17 16:40:31.688] [jointLog] [info] parsing read library format
[2017-06-17 16:40:31.688] [jointLog] [info] There is 1 library.
[2017-06-17 16:40:31.780] [jointLog] [info] Loading Quasi index
[2017-06-17 16:40:31.781] [jointLog] [info] Loading 32-bit quasi index
[2017-06-17 16:40:39.849] [jointLog] [info] done
[2017-06-17 16:40:39.849] [jointLog] [info] Index contained 107368 targets
[2017-06-17 16:40:40.498] [jointLog] [info] Automatically detected most likely library type as IU
[2017-06-17 16:42:13.391] [jointLog] [info] Computed 136043 rich equivalence classes for further processing
[2017-06-17 16:42:13.391] [jointLog] [info] Counted 10602844 total reads in the equivalence classes 
[2017-06-17 16:42:13.408] [jointLog] [info] Mapping rate = 85.6111%

[2017-06-17 16:42:13.408] [jointLog] [info] finished quantifyLibrary()
[2017-06-17 16:42:13.425] [jointLog] [info] Starting optimizer
[2017-06-17 16:42:13.493] [jointLog] [info] Marked 0 weighted equivalence classes as degenerate
[2017-06-17 16:42:13.498] [jointLog] [info] iteration = 0 | max rel diff. = 110.822
[2017-06-17 16:42:13.391] [fileLog] [info] 
At end of round 0
==================
Observed 12384896 total fragments (12384896 in most recent round)

[2017-06-17 16:42:13.969] [jointLog] [info] iteration = 100 | max rel diff. = 0.105326
[2017-06-17 16:42:14.427] [jointLog] [info] iteration = 200 | max rel diff. = 0.0561345
[2017-06-17 16:42:14.965] [jointLog] [info] iteration = 300 | max rel diff. = 0.0348417
[2017-06-17 16:42:15.541] [jointLog] [info] iteration = 400 | max rel diff. = 0.0258965
[2017-06-17 16:42:16.094] [jointLog] [info] iteration = 500 | max rel diff. = 0.0217126
[2017-06-17 16:42:16.652] [jointLog] [info] iteration = 600 | max rel diff. = 0.0182109
[2017-06-17 16:42:17.177] [jointLog] [info] iteration = 700 | max rel diff. = 0.0155526
[2017-06-17 16:42:17.646] [jointLog] [info] iteration = 800 | max rel diff. = 0.0132353
[2017-06-17 16:42:18.138] [jointLog] [info] iteration = 900 | max rel diff. = 0.0132353
[2017-06-17 16:42:18.612] [jointLog] [info] iteration = 1000 | max rel diff. = 0.0132353
[2017-06-17 16:42:18.677] [jointLog] [info] iteration = 1012 | max rel diff. = 0.00970433
[2017-06-17 16:42:18.680] [jointLog] [info] Finished optimizer
[2017-06-17 16:42:18.680] [jointLog] [info] writing output 

[2017-06-17 16:42:18.884] [jointLog] [info] Starting Bootstrapping
[2017-06-17 16:42:18.918] [jointLog] [info] Will draw 100 bootstrap samples
[2017-06-17 16:42:18.918] [jointLog] [info] Optimizing over 136043 equivalence classes
[2017-06-17 16:42:18.940] [jointLog] [info] Marked 0 weighted equivalence classes as degenerate
[2017-06-17 16:42:47.498] [jointLog] [info] wrote 1 bootstraps
[2017-06-17 16:42:47.563] [jointLog] [info] wrote 2 bootstraps
[2017-06-17 16:42:48.172] [jointLog] [info] wrote 3 bootstraps
[2017-06-17 16:42:49.416] [jointLog] [info] wrote 4 bootstraps
[2017-06-17 16:42:49.800] [jointLog] [info] wrote 5 bootstraps
[2017-06-17 16:42:50.400] [jointLog] [info] wrote 6 bootstraps
[2017-06-17 16:42:52.822] [jointLog] [info] wrote 7 bootstraps
[2017-06-17 16:43:15.895] [jointLog] [info] wrote 8 bootstraps
[2017-06-17 16:43:17.049] [jointLog] [info] wrote 9 bootstraps
[2017-06-17 16:43:19.415] [jointLog] [info] wrote 10 bootstraps
[2017-06-17 16:43:19.989] [jointLog] [info] wrote 11 bootstraps
[2017-06-17 16:43:21.233] [jointLog] [info] wrote 12 bootstraps
[2017-06-17 16:43:25.567] [jointLog] [info] wrote 13 bootstraps
[2017-06-17 16:43:28.345] [jointLog] [info] wrote 14 bootstraps
[2017-06-17 16:43:45.133] [jointLog] [info] wrote 15 bootstraps
[2017-06-17 16:43:46.104] [jointLog] [info] wrote 16 bootstraps
[2017-06-17 16:43:49.660] [jointLog] [info] wrote 17 bootstraps
[2017-06-17 16:43:49.835] [jointLog] [info] wrote 18 bootstraps
[2017-06-17 16:43:52.636] [jointLog] [info] wrote 19 bootstraps
[2017-06-17 16:43:57.201] [jointLog] [info] wrote 20 bootstraps
[2017-06-17 16:43:58.674] [jointLog] [info] wrote 21 bootstraps
[2017-06-17 16:44:15.983] [jointLog] [info] wrote 22 bootstraps
[2017-06-17 16:44:17.852] [jointLog] [info] wrote 23 bootstraps
[2017-06-17 16:44:19.026] [jointLog] [info] wrote 24 bootstraps
[2017-06-17 16:44:21.181] [jointLog] [info] wrote 25 bootstraps
[2017-06-17 16:44:25.392] [jointLog] [info] wrote 26 bootstraps
[2017-06-17 16:44:28.696] [jointLog] [info] wrote 27 bootstraps
[2017-06-17 16:44:29.390] [jointLog] [info] wrote 28 bootstraps
[2017-06-17 16:44:45.895] [jointLog] [info] wrote 29 bootstraps
[2017-06-17 16:44:48.312] [jointLog] [info] wrote 30 bootstraps
[2017-06-17 16:44:49.878] [jointLog] [info] wrote 31 bootstraps
[2017-06-17 16:44:50.017] [jointLog] [info] wrote 32 bootstraps
[2017-06-17 16:44:58.786] [jointLog] [info] wrote 33 bootstraps
[2017-06-17 16:44:59.337] [jointLog] [info] wrote 34 bootstraps
[2017-06-17 16:45:03.415] [jointLog] [info] wrote 35 bootstraps
[2017-06-17 16:45:16.281] [jointLog] [info] wrote 36 bootstraps
[2017-06-17 16:45:16.660] [jointLog] [info] wrote 37 bootstraps
[2017-06-17 16:45:20.180] [jointLog] [info] wrote 38 bootstraps
[2017-06-17 16:45:21.400] [jointLog] [info] wrote 39 bootstraps
[2017-06-17 16:45:27.519] [jointLog] [info] wrote 40 bootstraps
[2017-06-17 16:45:30.622] [jointLog] [info] wrote 41 bootstraps
[2017-06-17 16:45:32.408] [jointLog] [info] wrote 42 bootstraps
[2017-06-17 16:45:46.868] [jointLog] [info] wrote 43 bootstraps
[2017-06-17 16:45:47.613] [jointLog] [info] wrote 44 bootstraps
[2017-06-17 16:45:49.918] [jointLog] [info] wrote 45 bootstraps
[2017-06-17 16:45:52.891] [jointLog] [info] wrote 46 bootstraps
[2017-06-17 16:45:57.428] [jointLog] [info] wrote 47 bootstraps
[2017-06-17 16:46:01.694] [jointLog] [info] wrote 48 bootstraps
[2017-06-17 16:46:01.920] [jointLog] [info] wrote 49 bootstraps
[2017-06-17 16:46:17.070] [jointLog] [info] wrote 50 bootstraps
[2017-06-17 16:46:17.189] [jointLog] [info] wrote 51 bootstraps
[2017-06-17 16:46:21.843] [jointLog] [info] wrote 52 bootstraps
[2017-06-17 16:46:22.298] [jointLog] [info] wrote 53 bootstraps
[2017-06-17 16:46:28.390] [jointLog] [info] wrote 54 bootstraps
[2017-06-17 16:46:30.392] [jointLog] [info] wrote 55 bootstraps
[2017-06-17 16:46:32.183] [jointLog] [info] wrote 56 bootstraps
[2017-06-17 16:46:47.886] [jointLog] [info] wrote 57 bootstraps
[2017-06-17 16:46:48.800] [jointLog] [info] wrote 58 bootstraps
[2017-06-17 16:46:52.198] [jointLog] [info] wrote 59 bootstraps
[2017-06-17 16:46:54.913] [jointLog] [info] wrote 60 bootstraps
[2017-06-17 16:46:58.768] [jointLog] [info] wrote 61 bootstraps
[2017-06-17 16:47:00.673] [jointLog] [info] wrote 62 bootstraps
[2017-06-17 16:47:03.109] [jointLog] [info] wrote 63 bootstraps
[2017-06-17 16:47:17.635] [jointLog] [info] wrote 64 bootstraps
[2017-06-17 16:47:18.262] [jointLog] [info] wrote 65 bootstraps
[2017-06-17 16:47:21.801] [jointLog] [info] wrote 66 bootstraps
[2017-06-17 16:47:25.828] [jointLog] [info] wrote 67 bootstraps
[2017-06-17 16:47:28.998] [jointLog] [info] wrote 68 bootstraps
[2017-06-17 16:47:32.326] [jointLog] [info] wrote 69 bootstraps
[2017-06-17 16:47:34.315] [jointLog] [info] wrote 70 bootstraps
[2017-06-17 16:47:46.577] [jointLog] [info] wrote 71 bootstraps
[2017-06-17 16:47:48.466] [jointLog] [info] wrote 72 bootstraps
[2017-06-17 16:47:50.387] [jointLog] [info] wrote 73 bootstraps
[2017-06-17 16:47:55.055] [jointLog] [info] wrote 74 bootstraps
[2017-06-17 16:48:01.214] [jointLog] [info] wrote 75 bootstraps
[2017-06-17 16:48:04.119] [jointLog] [info] wrote 76 bootstraps
[2017-06-17 16:48:06.843] [jointLog] [info] wrote 77 bootstraps
[2017-06-17 16:48:17.918] [jointLog] [info] wrote 78 bootstraps
[2017-06-17 16:48:18.700] [jointLog] [info] wrote 79 bootstraps
[2017-06-17 16:48:21.091] [jointLog] [info] wrote 80 bootstraps
[2017-06-17 16:48:23.985] [jointLog] [info] wrote 81 bootstraps
[2017-06-17 16:48:31.525] [jointLog] [info] wrote 82 bootstraps
[2017-06-17 16:48:33.756] [jointLog] [info] wrote 83 bootstraps
[2017-06-17 16:48:39.740] [jointLog] [info] wrote 84 bootstraps
[2017-06-17 16:48:46.740] [jointLog] [info] wrote 85 bootstraps
[2017-06-17 16:48:48.670] [jointLog] [info] wrote 86 bootstraps
[2017-06-17 16:48:51.753] [jointLog] [info] wrote 87 bootstraps
[2017-06-17 16:48:54.982] [jointLog] [info] wrote 88 bootstraps
[2017-06-17 16:49:02.010] [jointLog] [info] wrote 89 bootstraps
[2017-06-17 16:49:04.412] [jointLog] [info] wrote 90 bootstraps
[2017-06-17 16:49:11.110] [jointLog] [info] wrote 91 bootstraps
[2017-06-17 16:49:17.923] [jointLog] [info] wrote 92 bootstraps
[2017-06-17 16:49:20.679] [jointLog] [info] wrote 93 bootstraps
[2017-06-17 16:49:22.331] [jointLog] [info] wrote 94 bootstraps
[2017-06-17 16:49:23.319] [jointLog] [info] wrote 95 bootstraps
[2017-06-17 16:49:29.436] [jointLog] [info] wrote 96 bootstraps
[2017-06-17 16:49:30.781] [jointLog] [info] wrote 97 bootstraps
[2017-06-17 16:49:34.909] [jointLog] [info] wrote 98 bootstraps
[2017-06-17 16:49:39.021] [jointLog] [info] wrote 99 bootstraps
[2017-06-17 16:49:40.137] [jointLog] [info] wrote 100 bootstraps
[2017-06-17 16:49:40.163] [jointLog] [info] Finished Bootstrapping
