[2020-05-27 20:25:04.712] [jointLog] [info] parsing read library format
[2020-05-27 20:25:04.712] [jointLog] [info] There is 1 library.
[2020-05-27 20:26:08.659] [jointLog] [info] parsing read library format
[2020-05-27 20:26:08.659] [jointLog] [info] There is 1 library.
[2020-05-27 20:37:48.084] [jointLog] [info] parsing read library format
[2020-05-27 20:37:48.084] [jointLog] [info] There is 1 library.
[2020-05-27 20:37:48.189] [jointLog] [info] Loading Quasi index
[2020-05-27 20:37:48.191] [jointLog] [info] Loading 32-bit quasi index
[2020-05-27 20:37:52.762] [jointLog] [info] done
[2020-05-27 20:37:52.762] [jointLog] [info] Index contained 43313 targets
[2020-05-27 20:37:53.399] [jointLog] [info] Automatically detected most likely library type as IU
[2020-05-27 20:38:20.021] [fileLog] [info] 
At end of round 0
==================
Observed 6830604 total fragments (6830604 in most recent round)

[2020-05-27 20:38:20.020] [jointLog] [info] Computed 41969 rich equivalence classes for further processing
[2020-05-27 20:38:20.020] [jointLog] [info] Counted 5641639 total reads in the equivalence classes 
[2020-05-27 20:38:20.025] [jointLog] [info] Mapping rate = 82.5936%

[2020-05-27 20:38:20.025] [jointLog] [info] finished quantifyLibrary()
[2020-05-27 20:38:20.032] [jointLog] [info] Starting optimizer
[2020-05-27 20:38:20.059] [jointLog] [info] Marked 0 weighted equivalence classes as degenerate
[2020-05-27 20:38:20.060] [jointLog] [info] iteration = 0 | max rel diff. = 221.89
[2020-05-27 20:38:20.162] [jointLog] [info] iteration = 100 | max rel diff. = 0.105
[2020-05-27 20:38:20.269] [jointLog] [info] iteration = 200 | max rel diff. = 0.0536948
[2020-05-27 20:38:20.374] [jointLog] [info] iteration = 300 | max rel diff. = 0.0334014
[2020-05-27 20:38:20.473] [jointLog] [info] iteration = 400 | max rel diff. = 0.0264766
[2020-05-27 20:38:20.573] [jointLog] [info] iteration = 500 | max rel diff. = 0.0209276
[2020-05-27 20:38:20.678] [jointLog] [info] iteration = 600 | max rel diff. = 0.0168488
[2020-05-27 20:38:20.786] [jointLog] [info] iteration = 700 | max rel diff. = 0.0156719
[2020-05-27 20:38:20.893] [jointLog] [info] iteration = 800 | max rel diff. = 0.0153017
[2020-05-27 20:38:21.001] [jointLog] [info] iteration = 900 | max rel diff. = 0.0116239
[2020-05-27 20:38:21.107] [jointLog] [info] iteration = 1000 | max rel diff. = 0.0102103
[2020-05-27 20:38:21.173] [jointLog] [info] iteration = 1067 | max rel diff. = 0.00947876
[2020-05-27 20:38:21.177] [jointLog] [info] Finished optimizer
[2020-05-27 20:38:21.177] [jointLog] [info] writing output 

