[2020-05-27 20:40:03.588] [jointLog] [info] parsing read library format
[2020-05-27 20:40:03.588] [jointLog] [info] There is 1 library.
[2020-05-27 20:40:03.679] [jointLog] [info] Loading Quasi index
[2020-05-27 20:40:03.681] [jointLog] [info] Loading 32-bit quasi index
[2020-05-27 20:40:08.141] [jointLog] [info] done
[2020-05-27 20:40:08.141] [jointLog] [info] Index contained 43313 targets
[2020-05-27 20:40:08.690] [jointLog] [info] Automatically detected most likely library type as IU
[2020-05-27 20:40:36.545] [fileLog] [info] 
At end of round 0
==================
Observed 6769269 total fragments (6769269 in most recent round)

[2020-05-27 20:40:36.544] [jointLog] [info] Computed 39992 rich equivalence classes for further processing
[2020-05-27 20:40:36.544] [jointLog] [info] Counted 5870404 total reads in the equivalence classes 
[2020-05-27 20:40:36.548] [jointLog] [info] Mapping rate = 86.7214%

[2020-05-27 20:40:36.548] [jointLog] [info] finished quantifyLibrary()
[2020-05-27 20:40:36.555] [jointLog] [info] Starting optimizer
[2020-05-27 20:40:36.581] [jointLog] [info] Marked 0 weighted equivalence classes as degenerate
[2020-05-27 20:40:36.582] [jointLog] [info] iteration = 0 | max rel diff. = 257.321
[2020-05-27 20:40:36.688] [jointLog] [info] iteration = 100 | max rel diff. = 0.110292
[2020-05-27 20:40:36.795] [jointLog] [info] iteration = 200 | max rel diff. = 0.0534339
[2020-05-27 20:40:36.901] [jointLog] [info] iteration = 300 | max rel diff. = 0.036048
[2020-05-27 20:40:37.008] [jointLog] [info] iteration = 400 | max rel diff. = 0.0260768
[2020-05-27 20:40:37.115] [jointLog] [info] iteration = 500 | max rel diff. = 0.0211803
[2020-05-27 20:40:37.221] [jointLog] [info] iteration = 600 | max rel diff. = 0.0159945
[2020-05-27 20:40:37.328] [jointLog] [info] iteration = 700 | max rel diff. = 0.0153725
[2020-05-27 20:40:37.435] [jointLog] [info] iteration = 800 | max rel diff. = 0.0128841
[2020-05-27 20:40:37.526] [jointLog] [info] iteration = 886 | max rel diff. = 0.00987704
[2020-05-27 20:40:37.528] [jointLog] [info] Finished optimizer
[2020-05-27 20:40:37.528] [jointLog] [info] writing output 

