[2017-06-13 15:38:23.860] [jointLog] [info] parsing read library format
[2017-06-13 15:38:23.860] [jointLog] [info] There is 1 library.
[2017-06-13 15:38:23.962] [jointLog] [info] Loading Quasi index
[2017-06-13 15:38:23.962] [jointLog] [info] Loading 32-bit quasi index
[2017-06-13 15:38:33.813] [jointLog] [info] done
[2017-06-13 15:38:33.813] [jointLog] [info] Index contained 107368 targets
[2017-06-13 15:38:34.489] [jointLog] [info] Automatically detected most likely library type as IU
[2017-06-13 15:40:22.169] [jointLog] [info] Computed 140148 rich equivalence classes for further processing
[2017-06-13 15:40:22.169] [jointLog] [info] Counted 12332887 total reads in the equivalence classes 
[2017-06-13 15:40:22.187] [jointLog] [info] Mapping rate = 85.1431%

[2017-06-13 15:40:22.187] [jointLog] [info] finished quantifyLibrary()
[2017-06-13 15:40:22.188] [jointLog] [info] Starting optimizer
[2017-06-13 15:40:22.256] [jointLog] [info] Marked 0 weighted equivalence classes as degenerate
[2017-06-13 15:40:22.260] [jointLog] [info] iteration = 0 | max rel diff. = 113.37
[2017-06-13 15:40:22.170] [fileLog] [info] 
At end of round 0
==================
Observed 14484898 total fragments (14484898 in most recent round)

[2017-06-13 15:40:22.820] [jointLog] [info] iteration = 100 | max rel diff. = 0.104876
[2017-06-13 15:40:23.346] [jointLog] [info] iteration = 200 | max rel diff. = 0.0537454
[2017-06-13 15:40:23.867] [jointLog] [info] iteration = 300 | max rel diff. = 0.0336459
[2017-06-13 15:40:24.421] [jointLog] [info] iteration = 400 | max rel diff. = 0.0276354
[2017-06-13 15:40:24.964] [jointLog] [info] iteration = 500 | max rel diff. = 0.0235937
[2017-06-13 15:40:25.511] [jointLog] [info] iteration = 600 | max rel diff. = 0.0173229
[2017-06-13 15:40:26.048] [jointLog] [info] iteration = 700 | max rel diff. = 0.0156691
[2017-06-13 15:40:26.634] [jointLog] [info] iteration = 800 | max rel diff. = 0.0211997
[2017-06-13 15:40:27.226] [jointLog] [info] iteration = 900 | max rel diff. = 0.0126116
[2017-06-13 15:40:27.778] [jointLog] [info] iteration = 1000 | max rel diff. = 0.0126116
[2017-06-13 15:40:28.183] [jointLog] [info] iteration = 1073 | max rel diff. = 0.00965689
[2017-06-13 15:40:28.185] [jointLog] [info] Finished optimizer
[2017-06-13 15:40:28.185] [jointLog] [info] writing output 

[2017-06-17 16:49:43.987] [jointLog] [info] parsing read library format
[2017-06-17 16:49:43.987] [jointLog] [info] There is 1 library.
[2017-06-17 16:49:44.081] [jointLog] [info] Loading Quasi index
[2017-06-17 16:49:44.082] [jointLog] [info] Loading 32-bit quasi index
[2017-06-17 16:49:52.147] [jointLog] [info] done
[2017-06-17 16:49:52.147] [jointLog] [info] Index contained 107368 targets
[2017-06-17 16:49:52.814] [jointLog] [info] Automatically detected most likely library type as IU
[2017-06-17 16:51:39.273] [jointLog] [info] Computed 140148 rich equivalence classes for further processing
[2017-06-17 16:51:39.273] [jointLog] [info] Counted 12332887 total reads in the equivalence classes 
[2017-06-17 16:51:39.290] [jointLog] [info] Mapping rate = 85.1431%

[2017-06-17 16:51:39.290] [jointLog] [info] finished quantifyLibrary()
[2017-06-17 16:51:39.308] [jointLog] [info] Starting optimizer
[2017-06-17 16:51:39.377] [jointLog] [info] Marked 0 weighted equivalence classes as degenerate
[2017-06-17 16:51:39.382] [jointLog] [info] iteration = 0 | max rel diff. = 113.369
[2017-06-17 16:51:39.273] [fileLog] [info] 
At end of round 0
==================
Observed 14484898 total fragments (14484898 in most recent round)

[2017-06-17 16:51:39.859] [jointLog] [info] iteration = 100 | max rel diff. = 0.104862
[2017-06-17 16:51:40.328] [jointLog] [info] iteration = 200 | max rel diff. = 0.0537714
[2017-06-17 16:51:40.931] [jointLog] [info] iteration = 300 | max rel diff. = 0.0337075
[2017-06-17 16:51:41.497] [jointLog] [info] iteration = 400 | max rel diff. = 0.0269631
[2017-06-17 16:51:42.082] [jointLog] [info] iteration = 500 | max rel diff. = 0.0235945
[2017-06-17 16:51:42.623] [jointLog] [info] iteration = 600 | max rel diff. = 0.0173249
[2017-06-17 16:51:43.208] [jointLog] [info] iteration = 700 | max rel diff. = 0.0156697
[2017-06-17 16:51:43.782] [jointLog] [info] iteration = 800 | max rel diff. = 0.0152763
[2017-06-17 16:51:44.267] [jointLog] [info] iteration = 900 | max rel diff. = 0.0126114
[2017-06-17 16:51:44.842] [jointLog] [info] iteration = 1000 | max rel diff. = 0.0169211
[2017-06-17 16:51:45.440] [jointLog] [info] iteration = 1100 | max rel diff. = 0.0126355
[2017-06-17 16:51:45.674] [jointLog] [info] iteration = 1141 | max rel diff. = 0.00997524
[2017-06-17 16:51:45.677] [jointLog] [info] Finished optimizer
[2017-06-17 16:51:45.677] [jointLog] [info] writing output 

[2017-06-17 16:51:46.080] [jointLog] [info] Starting Bootstrapping
[2017-06-17 16:51:46.115] [jointLog] [info] Will draw 100 bootstrap samples
[2017-06-17 16:51:46.115] [jointLog] [info] Optimizing over 140148 equivalence classes
[2017-06-17 16:51:46.138] [jointLog] [info] Marked 0 weighted equivalence classes as degenerate
[2017-06-17 16:52:17.869] [jointLog] [info] wrote 1 bootstraps
[2017-06-17 16:52:18.106] [jointLog] [info] wrote 2 bootstraps
[2017-06-17 16:52:18.675] [jointLog] [info] wrote 3 bootstraps
[2017-06-17 16:52:19.570] [jointLog] [info] wrote 4 bootstraps
[2017-06-17 16:52:19.643] [jointLog] [info] wrote 5 bootstraps
[2017-06-17 16:52:19.827] [jointLog] [info] wrote 6 bootstraps
[2017-06-17 16:52:19.873] [jointLog] [info] wrote 7 bootstraps
[2017-06-17 16:52:48.968] [jointLog] [info] wrote 8 bootstraps
[2017-06-17 16:52:49.246] [jointLog] [info] wrote 9 bootstraps
[2017-06-17 16:52:51.142] [jointLog] [info] wrote 10 bootstraps
[2017-06-17 16:52:51.853] [jointLog] [info] wrote 11 bootstraps
[2017-06-17 16:52:52.036] [jointLog] [info] wrote 12 bootstraps
[2017-06-17 16:52:53.034] [jointLog] [info] wrote 13 bootstraps
[2017-06-17 16:52:57.875] [jointLog] [info] wrote 14 bootstraps
[2017-06-17 16:53:19.748] [jointLog] [info] wrote 15 bootstraps
[2017-06-17 16:53:20.941] [jointLog] [info] wrote 16 bootstraps
[2017-06-17 16:53:22.151] [jointLog] [info] wrote 17 bootstraps
[2017-06-17 16:53:23.813] [jointLog] [info] wrote 18 bootstraps
[2017-06-17 16:53:25.322] [jointLog] [info] wrote 19 bootstraps
[2017-06-17 16:53:27.275] [jointLog] [info] wrote 20 bootstraps
[2017-06-17 16:53:30.517] [jointLog] [info] wrote 21 bootstraps
[2017-06-17 16:53:51.963] [jointLog] [info] wrote 22 bootstraps
[2017-06-17 16:53:52.013] [jointLog] [info] wrote 23 bootstraps
[2017-06-17 16:53:53.447] [jointLog] [info] wrote 24 bootstraps
[2017-06-17 16:53:58.050] [jointLog] [info] wrote 25 bootstraps
[2017-06-17 16:53:59.275] [jointLog] [info] wrote 26 bootstraps
[2017-06-17 16:54:01.784] [jointLog] [info] wrote 27 bootstraps
[2017-06-17 16:54:03.575] [jointLog] [info] wrote 28 bootstraps
[2017-06-17 16:54:24.667] [jointLog] [info] wrote 29 bootstraps
[2017-06-17 16:54:25.401] [jointLog] [info] wrote 30 bootstraps
[2017-06-17 16:54:25.823] [jointLog] [info] wrote 31 bootstraps
[2017-06-17 16:54:30.105] [jointLog] [info] wrote 32 bootstraps
[2017-06-17 16:54:30.668] [jointLog] [info] wrote 33 bootstraps
[2017-06-17 16:54:34.121] [jointLog] [info] wrote 34 bootstraps
[2017-06-17 16:54:34.572] [jointLog] [info] wrote 35 bootstraps
[2017-06-17 16:54:58.214] [jointLog] [info] wrote 36 bootstraps
[2017-06-17 16:54:58.433] [jointLog] [info] wrote 37 bootstraps
[2017-06-17 16:54:58.999] [jointLog] [info] wrote 38 bootstraps
[2017-06-17 16:55:02.527] [jointLog] [info] wrote 39 bootstraps
[2017-06-17 16:55:03.791] [jointLog] [info] wrote 40 bootstraps
[2017-06-17 16:55:07.109] [jointLog] [info] wrote 41 bootstraps
[2017-06-17 16:55:07.416] [jointLog] [info] wrote 42 bootstraps
[2017-06-17 16:55:31.509] [jointLog] [info] wrote 43 bootstraps
[2017-06-17 16:55:32.188] [jointLog] [info] wrote 44 bootstraps
[2017-06-17 16:55:33.920] [jointLog] [info] wrote 45 bootstraps
[2017-06-17 16:55:35.350] [jointLog] [info] wrote 46 bootstraps
[2017-06-17 16:55:36.275] [jointLog] [info] wrote 47 bootstraps
[2017-06-17 16:55:39.565] [jointLog] [info] wrote 48 bootstraps
[2017-06-17 16:55:41.550] [jointLog] [info] wrote 49 bootstraps
[2017-06-17 16:56:02.901] [jointLog] [info] wrote 50 bootstraps
[2017-06-17 16:56:03.192] [jointLog] [info] wrote 51 bootstraps
[2017-06-17 16:56:06.183] [jointLog] [info] wrote 52 bootstraps
[2017-06-17 16:56:08.034] [jointLog] [info] wrote 53 bootstraps
[2017-06-17 16:56:09.467] [jointLog] [info] wrote 54 bootstraps
[2017-06-17 16:56:11.237] [jointLog] [info] wrote 55 bootstraps
[2017-06-17 16:56:14.862] [jointLog] [info] wrote 56 bootstraps
[2017-06-17 16:56:33.312] [jointLog] [info] wrote 57 bootstraps
[2017-06-17 16:56:36.048] [jointLog] [info] wrote 58 bootstraps
[2017-06-17 16:56:38.466] [jointLog] [info] wrote 59 bootstraps
[2017-06-17 16:56:39.294] [jointLog] [info] wrote 60 bootstraps
[2017-06-17 16:56:41.003] [jointLog] [info] wrote 61 bootstraps
[2017-06-17 16:56:43.542] [jointLog] [info] wrote 62 bootstraps
[2017-06-17 16:56:45.774] [jointLog] [info] wrote 63 bootstraps
[2017-06-17 16:57:04.750] [jointLog] [info] wrote 64 bootstraps
[2017-06-17 16:57:07.163] [jointLog] [info] wrote 65 bootstraps
[2017-06-17 16:57:11.408] [jointLog] [info] wrote 66 bootstraps
[2017-06-17 16:57:12.508] [jointLog] [info] wrote 67 bootstraps
[2017-06-17 16:57:12.761] [jointLog] [info] wrote 68 bootstraps
[2017-06-17 16:57:15.375] [jointLog] [info] wrote 69 bootstraps
[2017-06-17 16:57:21.707] [jointLog] [info] wrote 70 bootstraps
[2017-06-17 16:57:39.215] [jointLog] [info] wrote 71 bootstraps
[2017-06-17 16:57:42.700] [jointLog] [info] wrote 72 bootstraps
[2017-06-17 16:57:43.464] [jointLog] [info] wrote 73 bootstraps
[2017-06-17 16:57:44.046] [jointLog] [info] wrote 74 bootstraps
[2017-06-17 16:57:45.690] [jointLog] [info] wrote 75 bootstraps
[2017-06-17 16:57:46.707] [jointLog] [info] wrote 76 bootstraps
[2017-06-17 16:57:52.775] [jointLog] [info] wrote 77 bootstraps
[2017-06-17 16:58:12.168] [jointLog] [info] wrote 78 bootstraps
[2017-06-17 16:58:15.514] [jointLog] [info] wrote 79 bootstraps
[2017-06-17 16:58:16.652] [jointLog] [info] wrote 80 bootstraps
[2017-06-17 16:58:16.969] [jointLog] [info] wrote 81 bootstraps
[2017-06-17 16:58:18.302] [jointLog] [info] wrote 82 bootstraps
[2017-06-17 16:58:18.812] [jointLog] [info] wrote 83 bootstraps
[2017-06-17 16:58:24.928] [jointLog] [info] wrote 84 bootstraps
[2017-06-17 16:58:44.867] [jointLog] [info] wrote 85 bootstraps
[2017-06-17 16:58:47.242] [jointLog] [info] wrote 86 bootstraps
[2017-06-17 16:58:48.526] [jointLog] [info] wrote 87 bootstraps
[2017-06-17 16:58:49.241] [jointLog] [info] wrote 88 bootstraps
[2017-06-17 16:58:51.113] [jointLog] [info] wrote 89 bootstraps
[2017-06-17 16:58:52.414] [jointLog] [info] wrote 90 bootstraps
[2017-06-17 16:58:56.971] [jointLog] [info] wrote 91 bootstraps
[2017-06-17 16:59:16.224] [jointLog] [info] wrote 92 bootstraps
[2017-06-17 16:59:17.461] [jointLog] [info] wrote 93 bootstraps
[2017-06-17 16:59:22.099] [jointLog] [info] wrote 94 bootstraps
[2017-06-17 16:59:22.291] [jointLog] [info] wrote 95 bootstraps
[2017-06-17 16:59:22.692] [jointLog] [info] wrote 96 bootstraps
[2017-06-17 16:59:24.385] [jointLog] [info] wrote 97 bootstraps
[2017-06-17 16:59:25.414] [jointLog] [info] wrote 98 bootstraps
[2017-06-17 16:59:36.471] [jointLog] [info] wrote 99 bootstraps
[2017-06-17 16:59:37.223] [jointLog] [info] wrote 100 bootstraps
[2017-06-17 16:59:37.249] [jointLog] [info] Finished Bootstrapping
