[2017-06-13 15:47:33.674] [jointLog] [info] parsing read library format
[2017-06-13 15:47:33.674] [jointLog] [info] There is 1 library.
[2017-06-13 15:47:33.778] [jointLog] [info] Loading Quasi index
[2017-06-13 15:47:33.778] [jointLog] [info] Loading 32-bit quasi index
[2017-06-13 15:47:52.997] [jointLog] [info] done
[2017-06-13 15:47:52.997] [jointLog] [info] Index contained 107368 targets
[2017-06-13 15:47:53.624] [jointLog] [info] Automatically detected most likely library type as IU
[2017-06-13 15:49:47.414] [fileLog] [info] 
At end of round 0
==================
Observed 15331781 total fragments (15331781 in most recent round)

[2017-06-13 15:49:47.414] [jointLog] [info] Computed 142122 rich equivalence classes for further processing
[2017-06-13 15:49:47.414] [jointLog] [info] Counted 13327780 total reads in the equivalence classes 
[2017-06-13 15:49:47.434] [jointLog] [info] Mapping rate = 86.9291%

[2017-06-13 15:49:47.434] [jointLog] [info] finished quantifyLibrary()
[2017-06-13 15:49:47.435] [jointLog] [info] Starting optimizer
[2017-06-13 15:49:47.512] [jointLog] [info] Marked 0 weighted equivalence classes as degenerate
[2017-06-13 15:49:47.517] [jointLog] [info] iteration = 0 | max rel diff. = 115.155
[2017-06-13 15:49:48.113] [jointLog] [info] iteration = 100 | max rel diff. = 0.111307
[2017-06-13 15:49:48.772] [jointLog] [info] iteration = 200 | max rel diff. = 0.101751
[2017-06-13 15:49:49.435] [jointLog] [info] iteration = 300 | max rel diff. = 0.0349561
[2017-06-13 15:49:50.030] [jointLog] [info] iteration = 400 | max rel diff. = 0.0286525
[2017-06-13 15:49:50.641] [jointLog] [info] iteration = 500 | max rel diff. = 0.0230809
[2017-06-13 15:49:51.260] [jointLog] [info] iteration = 600 | max rel diff. = 0.0235158
[2017-06-13 15:49:51.866] [jointLog] [info] iteration = 700 | max rel diff. = 0.0151464
[2017-06-13 15:49:52.538] [jointLog] [info] iteration = 800 | max rel diff. = 0.013332
[2017-06-13 15:49:53.275] [jointLog] [info] iteration = 900 | max rel diff. = 0.0121075
[2017-06-13 15:49:53.926] [jointLog] [info] iteration = 1000 | max rel diff. = 0.0100859
[2017-06-13 15:49:54.065] [jointLog] [info] iteration = 1024 | max rel diff. = 0.00953789
[2017-06-13 15:49:54.067] [jointLog] [info] Finished optimizer
[2017-06-13 15:49:54.067] [jointLog] [info] writing output 

[2017-06-17 17:30:39.256] [jointLog] [info] parsing read library format
[2017-06-17 17:30:39.256] [jointLog] [info] There is 1 library.
[2017-06-17 17:30:39.348] [jointLog] [info] Loading Quasi index
[2017-06-17 17:30:39.348] [jointLog] [info] Loading 32-bit quasi index
[2017-06-17 17:30:47.490] [jointLog] [info] done
[2017-06-17 17:30:47.490] [jointLog] [info] Index contained 107368 targets
[2017-06-17 17:30:48.140] [jointLog] [info] Automatically detected most likely library type as IU
[2017-06-17 17:32:38.730] [fileLog] [info] 
At end of round 0
==================
Observed 15331781 total fragments (15331781 in most recent round)

[2017-06-17 17:32:38.730] [jointLog] [info] Computed 142122 rich equivalence classes for further processing
[2017-06-17 17:32:38.730] [jointLog] [info] Counted 13327780 total reads in the equivalence classes 
[2017-06-17 17:32:38.750] [jointLog] [info] Mapping rate = 86.9291%

[2017-06-17 17:32:38.750] [jointLog] [info] finished quantifyLibrary()
[2017-06-17 17:32:38.766] [jointLog] [info] Starting optimizer
[2017-06-17 17:32:38.836] [jointLog] [info] Marked 0 weighted equivalence classes as degenerate
[2017-06-17 17:32:38.840] [jointLog] [info] iteration = 0 | max rel diff. = 115.155
[2017-06-17 17:32:39.361] [jointLog] [info] iteration = 100 | max rel diff. = 0.112005
[2017-06-17 17:32:39.948] [jointLog] [info] iteration = 200 | max rel diff. = 0.102011
[2017-06-17 17:32:40.551] [jointLog] [info] iteration = 300 | max rel diff. = 0.0349435
[2017-06-17 17:32:41.155] [jointLog] [info] iteration = 400 | max rel diff. = 0.0286547
[2017-06-17 17:32:41.726] [jointLog] [info] iteration = 500 | max rel diff. = 0.0230782
[2017-06-17 17:32:42.308] [jointLog] [info] iteration = 600 | max rel diff. = 0.0235641
[2017-06-17 17:32:42.884] [jointLog] [info] iteration = 700 | max rel diff. = 0.0151449
[2017-06-17 17:32:43.358] [jointLog] [info] iteration = 800 | max rel diff. = 0.0133208
[2017-06-17 17:32:43.866] [jointLog] [info] iteration = 900 | max rel diff. = 0.0121118
[2017-06-17 17:32:44.430] [jointLog] [info] iteration = 1000 | max rel diff. = 0.0101427
[2017-06-17 17:32:44.533] [jointLog] [info] iteration = 1018 | max rel diff. = 0.00953798
[2017-06-17 17:32:44.536] [jointLog] [info] Finished optimizer
[2017-06-17 17:32:44.536] [jointLog] [info] writing output 

[2017-06-17 17:32:44.937] [jointLog] [info] Starting Bootstrapping
[2017-06-17 17:32:44.973] [jointLog] [info] Will draw 100 bootstrap samples
[2017-06-17 17:32:44.973] [jointLog] [info] Optimizing over 142122 equivalence classes
[2017-06-17 17:32:44.996] [jointLog] [info] Marked 0 weighted equivalence classes as degenerate
[2017-06-17 17:33:15.992] [jointLog] [info] wrote 1 bootstraps
[2017-06-17 17:33:17.283] [jointLog] [info] wrote 2 bootstraps
[2017-06-17 17:33:18.515] [jointLog] [info] wrote 3 bootstraps
[2017-06-17 17:33:18.743] [jointLog] [info] wrote 4 bootstraps
[2017-06-17 17:33:19.151] [jointLog] [info] wrote 5 bootstraps
[2017-06-17 17:33:21.436] [jointLog] [info] wrote 6 bootstraps
[2017-06-17 17:33:23.072] [jointLog] [info] wrote 7 bootstraps
[2017-06-17 17:33:46.443] [jointLog] [info] wrote 8 bootstraps
[2017-06-17 17:33:49.043] [jointLog] [info] wrote 9 bootstraps
[2017-06-17 17:33:49.849] [jointLog] [info] wrote 10 bootstraps
[2017-06-17 17:33:50.090] [jointLog] [info] wrote 11 bootstraps
[2017-06-17 17:33:51.637] [jointLog] [info] wrote 12 bootstraps
[2017-06-17 17:33:53.579] [jointLog] [info] wrote 13 bootstraps
[2017-06-17 17:33:59.917] [jointLog] [info] wrote 14 bootstraps
[2017-06-17 17:34:18.334] [jointLog] [info] wrote 15 bootstraps
[2017-06-17 17:34:19.397] [jointLog] [info] wrote 16 bootstraps
[2017-06-17 17:34:21.174] [jointLog] [info] wrote 17 bootstraps
[2017-06-17 17:34:22.232] [jointLog] [info] wrote 18 bootstraps
[2017-06-17 17:34:22.505] [jointLog] [info] wrote 19 bootstraps
[2017-06-17 17:34:25.849] [jointLog] [info] wrote 20 bootstraps
[2017-06-17 17:34:31.973] [jointLog] [info] wrote 21 bootstraps
[2017-06-17 17:34:49.578] [jointLog] [info] wrote 22 bootstraps
[2017-06-17 17:34:51.888] [jointLog] [info] wrote 23 bootstraps
[2017-06-17 17:34:52.225] [jointLog] [info] wrote 24 bootstraps
[2017-06-17 17:34:55.349] [jointLog] [info] wrote 25 bootstraps
[2017-06-17 17:34:55.522] [jointLog] [info] wrote 26 bootstraps
[2017-06-17 17:34:59.843] [jointLog] [info] wrote 27 bootstraps
[2017-06-17 17:35:01.970] [jointLog] [info] wrote 28 bootstraps
[2017-06-17 17:35:23.284] [jointLog] [info] wrote 29 bootstraps
[2017-06-17 17:35:25.473] [jointLog] [info] wrote 30 bootstraps
[2017-06-17 17:35:25.941] [jointLog] [info] wrote 31 bootstraps
[2017-06-17 17:35:27.740] [jointLog] [info] wrote 32 bootstraps
[2017-06-17 17:35:29.221] [jointLog] [info] wrote 33 bootstraps
[2017-06-17 17:35:31.535] [jointLog] [info] wrote 34 bootstraps
[2017-06-17 17:35:33.794] [jointLog] [info] wrote 35 bootstraps
[2017-06-17 17:35:54.017] [jointLog] [info] wrote 36 bootstraps
[2017-06-17 17:35:56.947] [jointLog] [info] wrote 37 bootstraps
[2017-06-17 17:35:58.643] [jointLog] [info] wrote 38 bootstraps
[2017-06-17 17:35:59.167] [jointLog] [info] wrote 39 bootstraps
[2017-06-17 17:36:01.596] [jointLog] [info] wrote 40 bootstraps
[2017-06-17 17:36:02.513] [jointLog] [info] wrote 41 bootstraps
[2017-06-17 17:36:05.976] [jointLog] [info] wrote 42 bootstraps
[2017-06-17 17:36:23.459] [jointLog] [info] wrote 43 bootstraps
[2017-06-17 17:36:27.915] [jointLog] [info] wrote 44 bootstraps
[2017-06-17 17:36:29.981] [jointLog] [info] wrote 45 bootstraps
[2017-06-17 17:36:30.144] [jointLog] [info] wrote 46 bootstraps
[2017-06-17 17:36:34.397] [jointLog] [info] wrote 47 bootstraps
[2017-06-17 17:36:34.856] [jointLog] [info] wrote 48 bootstraps
[2017-06-17 17:36:38.642] [jointLog] [info] wrote 49 bootstraps
[2017-06-17 17:36:53.609] [jointLog] [info] wrote 50 bootstraps
[2017-06-17 17:36:58.096] [jointLog] [info] wrote 51 bootstraps
[2017-06-17 17:37:01.458] [jointLog] [info] wrote 52 bootstraps
[2017-06-17 17:37:01.807] [jointLog] [info] wrote 53 bootstraps
[2017-06-17 17:37:04.655] [jointLog] [info] wrote 54 bootstraps
[2017-06-17 17:37:06.707] [jointLog] [info] wrote 55 bootstraps
[2017-06-17 17:37:12.074] [jointLog] [info] wrote 56 bootstraps
[2017-06-17 17:37:26.306] [jointLog] [info] wrote 57 bootstraps
[2017-06-17 17:37:31.837] [jointLog] [info] wrote 58 bootstraps
[2017-06-17 17:37:32.452] [jointLog] [info] wrote 59 bootstraps
[2017-06-17 17:37:33.888] [jointLog] [info] wrote 60 bootstraps
[2017-06-17 17:37:37.458] [jointLog] [info] wrote 61 bootstraps
[2017-06-17 17:37:39.943] [jointLog] [info] wrote 62 bootstraps
[2017-06-17 17:37:42.273] [jointLog] [info] wrote 63 bootstraps
[2017-06-17 17:37:59.545] [jointLog] [info] wrote 64 bootstraps
[2017-06-17 17:38:01.343] [jointLog] [info] wrote 65 bootstraps
[2017-06-17 17:38:05.235] [jointLog] [info] wrote 66 bootstraps
[2017-06-17 17:38:05.669] [jointLog] [info] wrote 67 bootstraps
[2017-06-17 17:38:09.096] [jointLog] [info] wrote 68 bootstraps
[2017-06-17 17:38:11.077] [jointLog] [info] wrote 69 bootstraps
[2017-06-17 17:38:15.037] [jointLog] [info] wrote 70 bootstraps
[2017-06-17 17:38:29.998] [jointLog] [info] wrote 71 bootstraps
[2017-06-17 17:38:33.549] [jointLog] [info] wrote 72 bootstraps
[2017-06-17 17:38:35.871] [jointLog] [info] wrote 73 bootstraps
[2017-06-17 17:38:39.466] [jointLog] [info] wrote 74 bootstraps
[2017-06-17 17:38:44.160] [jointLog] [info] wrote 75 bootstraps
[2017-06-17 17:38:45.437] [jointLog] [info] wrote 76 bootstraps
[2017-06-17 17:38:47.840] [jointLog] [info] wrote 77 bootstraps
[2017-06-17 17:39:00.932] [jointLog] [info] wrote 78 bootstraps
[2017-06-17 17:39:05.833] [jointLog] [info] wrote 79 bootstraps
[2017-06-17 17:39:06.973] [jointLog] [info] wrote 80 bootstraps
[2017-06-17 17:39:13.779] [jointLog] [info] wrote 81 bootstraps
[2017-06-17 17:39:16.775] [jointLog] [info] wrote 82 bootstraps
[2017-06-17 17:39:18.491] [jointLog] [info] wrote 83 bootstraps
[2017-06-17 17:39:18.658] [jointLog] [info] wrote 84 bootstraps
[2017-06-17 17:39:33.855] [jointLog] [info] wrote 85 bootstraps
[2017-06-17 17:39:39.488] [jointLog] [info] wrote 86 bootstraps
[2017-06-17 17:39:41.827] [jointLog] [info] wrote 87 bootstraps
[2017-06-17 17:39:42.745] [jointLog] [info] wrote 88 bootstraps
[2017-06-17 17:39:46.696] [jointLog] [info] wrote 89 bootstraps
[2017-06-17 17:39:49.357] [jointLog] [info] wrote 90 bootstraps
[2017-06-17 17:39:55.209] [jointLog] [info] wrote 91 bootstraps
[2017-06-17 17:40:04.868] [jointLog] [info] wrote 92 bootstraps
[2017-06-17 17:40:11.570] [jointLog] [info] wrote 93 bootstraps
[2017-06-17 17:40:13.510] [jointLog] [info] wrote 94 bootstraps
[2017-06-17 17:40:14.895] [jointLog] [info] wrote 95 bootstraps
[2017-06-17 17:40:19.209] [jointLog] [info] wrote 96 bootstraps
[2017-06-17 17:40:19.963] [jointLog] [info] wrote 97 bootstraps
[2017-06-17 17:40:24.847] [jointLog] [info] wrote 98 bootstraps
[2017-06-17 17:40:26.404] [jointLog] [info] wrote 99 bootstraps
[2017-06-17 17:40:30.208] [jointLog] [info] wrote 100 bootstraps
[2017-06-17 17:40:30.234] [jointLog] [info] Finished Bootstrapping
