[2020-05-27 20:25:04.572] [jointLog] [info] parsing read library format
[2020-05-27 20:25:04.572] [jointLog] [info] There is 1 library.
[2020-05-27 20:26:08.585] [jointLog] [info] parsing read library format
[2020-05-27 20:26:08.585] [jointLog] [info] There is 1 library.
[2020-05-27 20:37:07.699] [jointLog] [info] parsing read library format
[2020-05-27 20:37:07.699] [jointLog] [info] There is 1 library.
[2020-05-27 20:37:07.804] [jointLog] [info] Loading Quasi index
[2020-05-27 20:37:07.807] [jointLog] [info] Loading 32-bit quasi index
[2020-05-27 20:37:12.219] [jointLog] [info] done
[2020-05-27 20:37:12.219] [jointLog] [info] Index contained 43313 targets
[2020-05-27 20:37:13.007] [jointLog] [info] Automatically detected most likely library type as IU
[2020-05-27 20:37:45.790] [jointLog] [info] Computed 44626 rich equivalence classes for further processing
[2020-05-27 20:37:45.791] [jointLog] [info] Counted 7027739 total reads in the equivalence classes 
[2020-05-27 20:37:45.796] [jointLog] [info] Mapping rate = 82.255%

[2020-05-27 20:37:45.796] [jointLog] [info] finished quantifyLibrary()
[2020-05-27 20:37:45.803] [jointLog] [info] Starting optimizer
[2020-05-27 20:37:45.832] [jointLog] [info] Marked 0 weighted equivalence classes as degenerate
[2020-05-27 20:37:45.833] [jointLog] [info] iteration = 0 | max rel diff. = 265.798
[2020-05-27 20:37:45.791] [fileLog] [info] 
At end of round 0
==================
Observed 8543839 total fragments (8543839 in most recent round)

[2020-05-27 20:37:45.957] [jointLog] [info] iteration = 100 | max rel diff. = 0.113211
[2020-05-27 20:37:46.080] [jointLog] [info] iteration = 200 | max rel diff. = 0.0550996
[2020-05-27 20:37:46.201] [jointLog] [info] iteration = 300 | max rel diff. = 0.0350123
[2020-05-27 20:37:46.322] [jointLog] [info] iteration = 400 | max rel diff. = 0.0276492
[2020-05-27 20:37:46.443] [jointLog] [info] iteration = 500 | max rel diff. = 0.02126
[2020-05-27 20:37:46.562] [jointLog] [info] iteration = 600 | max rel diff. = 0.0160451
[2020-05-27 20:37:46.683] [jointLog] [info] iteration = 700 | max rel diff. = 0.0152909
[2020-05-27 20:37:46.805] [jointLog] [info] iteration = 800 | max rel diff. = 0.0152911
[2020-05-27 20:37:46.930] [jointLog] [info] iteration = 900 | max rel diff. = 0.0107512
[2020-05-27 20:37:46.986] [jointLog] [info] iteration = 946 | max rel diff. = 0.00991983
[2020-05-27 20:37:46.990] [jointLog] [info] Finished optimizer
[2020-05-27 20:37:46.990] [jointLog] [info] writing output 

