[2017-06-13 15:06:08.993] [jointLog] [info] parsing read library format
[2017-06-13 15:06:08.993] [jointLog] [info] There is 1 library.
[2017-06-13 15:14:59.046] [jointLog] [info] parsing read library format
[2017-06-13 15:14:59.046] [jointLog] [info] There is 1 library.
[2017-06-13 15:14:59.142] [jointLog] [info] Loading Quasi index
[2017-06-13 15:14:59.142] [jointLog] [info] Loading 32-bit quasi index
[2017-06-13 15:15:07.544] [jointLog] [info] done
[2017-06-13 15:15:07.544] [jointLog] [info] Index contained 107368 targets
[2017-06-13 15:15:08.186] [jointLog] [info] Automatically detected most likely library type as IU
[2017-06-13 15:16:24.189] [jointLog] [info] Computed 135862 rich equivalence classes for further processing
[2017-06-13 15:16:24.189] [jointLog] [info] Counted 6642930 total reads in the equivalence classes 
[2017-06-13 15:16:24.216] [jointLog] [info] Mapping rate = 82.864%

[2017-06-13 15:16:24.216] [jointLog] [info] finished quantifyLibrary()
[2017-06-13 15:16:24.217] [jointLog] [info] Starting optimizer
[2017-06-13 15:16:24.294] [jointLog] [info] Marked 0 weighted equivalence classes as degenerate
[2017-06-13 15:16:24.299] [jointLog] [info] iteration = 0 | max rel diff. = 86.8855
[2017-06-13 15:16:24.190] [fileLog] [info] 
At end of round 0
==================
Observed 8016667 total fragments (8016667 in most recent round)

[2017-06-13 15:16:24.904] [jointLog] [info] iteration = 100 | max rel diff. = 0.10427
[2017-06-13 15:16:25.514] [jointLog] [info] iteration = 200 | max rel diff. = 0.0636549
[2017-06-13 15:16:26.122] [jointLog] [info] iteration = 300 | max rel diff. = 0.0342658
[2017-06-13 15:16:26.749] [jointLog] [info] iteration = 400 | max rel diff. = 0.0280897
[2017-06-13 15:16:27.388] [jointLog] [info] iteration = 500 | max rel diff. = 0.0197122
[2017-06-13 15:16:28.010] [jointLog] [info] iteration = 600 | max rel diff. = 0.0161898
[2017-06-13 15:16:28.639] [jointLog] [info] iteration = 700 | max rel diff. = 0.014398
[2017-06-13 15:16:29.224] [jointLog] [info] iteration = 800 | max rel diff. = 0.0134401
[2017-06-13 15:16:29.841] [jointLog] [info] iteration = 900 | max rel diff. = 0.0126559
[2017-06-13 15:16:30.489] [jointLog] [info] iteration = 1000 | max rel diff. = 0.0126559
[2017-06-13 15:16:30.851] [jointLog] [info] iteration = 1059 | max rel diff. = 0.009172
[2017-06-13 15:16:30.854] [jointLog] [info] Finished optimizer
[2017-06-13 15:16:30.854] [jointLog] [info] writing output 

[2017-06-17 15:01:18.466] [jointLog] [info] parsing read library format
[2017-06-17 15:01:18.466] [jointLog] [info] There is 1 library.
[2017-06-17 15:01:18.558] [jointLog] [info] Loading Quasi index
[2017-06-17 15:01:18.559] [jointLog] [info] Loading 32-bit quasi index
[2017-06-17 15:01:26.700] [jointLog] [info] done
[2017-06-17 15:01:26.700] [jointLog] [info] Index contained 107368 targets
[2017-06-17 15:01:27.339] [jointLog] [info] Automatically detected most likely library type as IU
[2017-06-17 15:02:35.410] [fileLog] [info] 
At end of round 0
==================
Observed 8016667 total fragments (8016667 in most recent round)

[2017-06-17 15:02:35.410] [jointLog] [info] Computed 135862 rich equivalence classes for further processing
[2017-06-17 15:02:35.410] [jointLog] [info] Counted 6642930 total reads in the equivalence classes 
[2017-06-17 15:02:35.437] [jointLog] [info] Mapping rate = 82.864%

[2017-06-17 15:02:35.437] [jointLog] [info] finished quantifyLibrary()
[2017-06-17 15:02:35.452] [jointLog] [info] Starting optimizer
[2017-06-17 15:02:35.527] [jointLog] [info] Marked 0 weighted equivalence classes as degenerate
[2017-06-17 15:02:35.532] [jointLog] [info] iteration = 0 | max rel diff. = 86.8864
[2017-06-17 15:02:35.994] [jointLog] [info] iteration = 100 | max rel diff. = 0.104224
[2017-06-17 15:02:36.491] [jointLog] [info] iteration = 200 | max rel diff. = 0.0638754
[2017-06-17 15:02:37.047] [jointLog] [info] iteration = 300 | max rel diff. = 0.0343022
[2017-06-17 15:02:37.536] [jointLog] [info] iteration = 400 | max rel diff. = 0.0280296
[2017-06-17 15:02:38.063] [jointLog] [info] iteration = 500 | max rel diff. = 0.0196815
[2017-06-17 15:02:38.563] [jointLog] [info] iteration = 600 | max rel diff. = 0.0162851
[2017-06-17 15:02:39.101] [jointLog] [info] iteration = 700 | max rel diff. = 0.0143977
[2017-06-17 15:02:39.630] [jointLog] [info] iteration = 800 | max rel diff. = 0.01344
[2017-06-17 15:02:40.151] [jointLog] [info] iteration = 900 | max rel diff. = 0.0126555
[2017-06-17 15:02:40.716] [jointLog] [info] iteration = 1000 | max rel diff. = 0.0126555
[2017-06-17 15:02:41.058] [jointLog] [info] iteration = 1060 | max rel diff. = 0.00917179
[2017-06-17 15:02:41.061] [jointLog] [info] Finished optimizer
[2017-06-17 15:02:41.061] [jointLog] [info] writing output 

[2017-06-17 15:02:41.277] [jointLog] [info] Starting Bootstrapping
[2017-06-17 15:02:41.312] [jointLog] [info] Will draw 100 bootstrap samples
[2017-06-17 15:02:41.312] [jointLog] [info] Optimizing over 135862 equivalence classes
[2017-06-17 15:02:41.335] [jointLog] [info] Marked 0 weighted equivalence classes as degenerate
[2017-06-17 15:03:09.675] [jointLog] [info] wrote 1 bootstraps
[2017-06-17 15:03:10.795] [jointLog] [info] wrote 2 bootstraps
[2017-06-17 15:03:10.902] [jointLog] [info] wrote 3 bootstraps
[2017-06-17 15:03:11.827] [jointLog] [info] wrote 4 bootstraps
[2017-06-17 15:03:12.819] [jointLog] [info] wrote 5 bootstraps
[2017-06-17 15:03:13.010] [jointLog] [info] wrote 6 bootstraps
[2017-06-17 15:03:13.226] [jointLog] [info] wrote 7 bootstraps
[2017-06-17 15:03:40.756] [jointLog] [info] wrote 8 bootstraps
[2017-06-17 15:03:41.022] [jointLog] [info] wrote 9 bootstraps
[2017-06-17 15:03:41.169] [jointLog] [info] wrote 10 bootstraps
[2017-06-17 15:03:41.225] [jointLog] [info] wrote 11 bootstraps
[2017-06-17 15:03:41.767] [jointLog] [info] wrote 12 bootstraps
[2017-06-17 15:03:42.629] [jointLog] [info] wrote 13 bootstraps
[2017-06-17 15:03:43.102] [jointLog] [info] wrote 14 bootstraps
[2017-06-17 15:04:07.304] [jointLog] [info] wrote 15 bootstraps
[2017-06-17 15:04:08.994] [jointLog] [info] wrote 16 bootstraps
[2017-06-17 15:04:09.054] [jointLog] [info] wrote 17 bootstraps
[2017-06-17 15:04:10.450] [jointLog] [info] wrote 18 bootstraps
[2017-06-17 15:04:11.098] [jointLog] [info] wrote 19 bootstraps
[2017-06-17 15:04:12.633] [jointLog] [info] wrote 20 bootstraps
[2017-06-17 15:04:12.869] [jointLog] [info] wrote 21 bootstraps
[2017-06-17 15:04:35.508] [jointLog] [info] wrote 22 bootstraps
[2017-06-17 15:04:37.423] [jointLog] [info] wrote 23 bootstraps
[2017-06-17 15:04:38.419] [jointLog] [info] wrote 24 bootstraps
[2017-06-17 15:04:38.827] [jointLog] [info] wrote 25 bootstraps
[2017-06-17 15:04:41.131] [jointLog] [info] wrote 26 bootstraps
[2017-06-17 15:04:42.147] [jointLog] [info] wrote 27 bootstraps
[2017-06-17 15:04:43.476] [jointLog] [info] wrote 28 bootstraps
[2017-06-17 15:05:03.921] [jointLog] [info] wrote 29 bootstraps
[2017-06-17 15:05:05.337] [jointLog] [info] wrote 30 bootstraps
[2017-06-17 15:05:06.667] [jointLog] [info] wrote 31 bootstraps
[2017-06-17 15:05:07.275] [jointLog] [info] wrote 32 bootstraps
[2017-06-17 15:05:10.270] [jointLog] [info] wrote 33 bootstraps
[2017-06-17 15:05:10.462] [jointLog] [info] wrote 34 bootstraps
[2017-06-17 15:05:13.710] [jointLog] [info] wrote 35 bootstraps
[2017-06-17 15:05:34.302] [jointLog] [info] wrote 36 bootstraps
[2017-06-17 15:05:35.798] [jointLog] [info] wrote 37 bootstraps
[2017-06-17 15:05:35.846] [jointLog] [info] wrote 38 bootstraps
[2017-06-17 15:05:36.222] [jointLog] [info] wrote 39 bootstraps
[2017-06-17 15:05:37.817] [jointLog] [info] wrote 40 bootstraps
[2017-06-17 15:05:39.129] [jointLog] [info] wrote 41 bootstraps
[2017-06-17 15:05:42.684] [jointLog] [info] wrote 42 bootstraps
[2017-06-17 15:06:04.005] [jointLog] [info] wrote 43 bootstraps
[2017-06-17 15:06:04.058] [jointLog] [info] wrote 44 bootstraps
[2017-06-17 15:06:04.221] [jointLog] [info] wrote 45 bootstraps
[2017-06-17 15:06:06.162] [jointLog] [info] wrote 46 bootstraps
[2017-06-17 15:06:06.738] [jointLog] [info] wrote 47 bootstraps
[2017-06-17 15:06:07.007] [jointLog] [info] wrote 48 bootstraps
[2017-06-17 15:06:09.364] [jointLog] [info] wrote 49 bootstraps
[2017-06-17 15:06:31.951] [jointLog] [info] wrote 50 bootstraps
[2017-06-17 15:06:35.788] [jointLog] [info] wrote 51 bootstraps
[2017-06-17 15:06:36.052] [jointLog] [info] wrote 52 bootstraps
[2017-06-17 15:06:36.168] [jointLog] [info] wrote 53 bootstraps
[2017-06-17 15:06:36.977] [jointLog] [info] wrote 54 bootstraps
[2017-06-17 15:06:37.604] [jointLog] [info] wrote 55 bootstraps
[2017-06-17 15:06:38.349] [jointLog] [info] wrote 56 bootstraps
[2017-06-17 15:06:59.140] [jointLog] [info] wrote 57 bootstraps
[2017-06-17 15:07:03.216] [jointLog] [info] wrote 58 bootstraps
[2017-06-17 15:07:03.759] [jointLog] [info] wrote 59 bootstraps
[2017-06-17 15:07:05.149] [jointLog] [info] wrote 60 bootstraps
[2017-06-17 15:07:05.409] [jointLog] [info] wrote 61 bootstraps
[2017-06-17 15:07:07.849] [jointLog] [info] wrote 62 bootstraps
[2017-06-17 15:07:08.547] [jointLog] [info] wrote 63 bootstraps
[2017-06-17 15:07:26.878] [jointLog] [info] wrote 64 bootstraps
[2017-06-17 15:07:31.054] [jointLog] [info] wrote 65 bootstraps
[2017-06-17 15:07:33.277] [jointLog] [info] wrote 66 bootstraps
[2017-06-17 15:07:34.961] [jointLog] [info] wrote 67 bootstraps
[2017-06-17 15:07:36.274] [jointLog] [info] wrote 68 bootstraps
[2017-06-17 15:07:36.316] [jointLog] [info] wrote 69 bootstraps
[2017-06-17 15:07:41.603] [jointLog] [info] wrote 70 bootstraps
[2017-06-17 15:07:55.285] [jointLog] [info] wrote 71 bootstraps
[2017-06-17 15:08:01.547] [jointLog] [info] wrote 72 bootstraps
[2017-06-17 15:08:04.139] [jointLog] [info] wrote 73 bootstraps
[2017-06-17 15:08:05.010] [jointLog] [info] wrote 74 bootstraps
[2017-06-17 15:08:05.323] [jointLog] [info] wrote 75 bootstraps
[2017-06-17 15:08:06.636] [jointLog] [info] wrote 76 bootstraps
[2017-06-17 15:08:12.710] [jointLog] [info] wrote 77 bootstraps
[2017-06-17 15:08:25.161] [jointLog] [info] wrote 78 bootstraps
[2017-06-17 15:08:32.421] [jointLog] [info] wrote 79 bootstraps
[2017-06-17 15:08:34.856] [jointLog] [info] wrote 80 bootstraps
[2017-06-17 15:08:35.989] [jointLog] [info] wrote 81 bootstraps
[2017-06-17 15:08:39.055] [jointLog] [info] wrote 82 bootstraps
[2017-06-17 15:08:39.129] [jointLog] [info] wrote 83 bootstraps
[2017-06-17 15:08:45.595] [jointLog] [info] wrote 84 bootstraps
[2017-06-17 15:08:53.159] [jointLog] [info] wrote 85 bootstraps
[2017-06-17 15:09:04.672] [jointLog] [info] wrote 86 bootstraps
[2017-06-17 15:09:04.813] [jointLog] [info] wrote 87 bootstraps
[2017-06-17 15:09:06.110] [jointLog] [info] wrote 88 bootstraps
[2017-06-17 15:09:09.763] [jointLog] [info] wrote 89 bootstraps
[2017-06-17 15:09:10.549] [jointLog] [info] wrote 90 bootstraps
[2017-06-17 15:09:12.254] [jointLog] [info] wrote 91 bootstraps
[2017-06-17 15:09:22.277] [jointLog] [info] wrote 92 bootstraps
[2017-06-17 15:09:34.352] [jointLog] [info] wrote 93 bootstraps
[2017-06-17 15:09:35.439] [jointLog] [info] wrote 94 bootstraps
[2017-06-17 15:09:36.684] [jointLog] [info] wrote 95 bootstraps
[2017-06-17 15:09:38.469] [jointLog] [info] wrote 96 bootstraps
[2017-06-17 15:09:41.139] [jointLog] [info] wrote 97 bootstraps
[2017-06-17 15:09:41.410] [jointLog] [info] wrote 98 bootstraps
[2017-06-17 15:09:44.813] [jointLog] [info] wrote 99 bootstraps
[2017-06-17 15:09:50.310] [jointLog] [info] wrote 100 bootstraps
[2017-06-17 15:09:50.333] [jointLog] [info] Finished Bootstrapping
