[2017-06-13 15:45:25.510] [jointLog] [info] parsing read library format
[2017-06-13 15:45:25.510] [jointLog] [info] There is 1 library.
[2017-06-13 15:45:25.620] [jointLog] [info] Loading Quasi index
[2017-06-13 15:45:25.621] [jointLog] [info] Loading 32-bit quasi index
[2017-06-13 15:45:41.736] [jointLog] [info] done
[2017-06-13 15:45:41.736] [jointLog] [info] Index contained 107368 targets
[2017-06-13 15:45:42.368] [jointLog] [info] Automatically detected most likely library type as IU
[2017-06-13 15:47:23.475] [fileLog] [info] 
At end of round 0
==================
Observed 13580250 total fragments (13580250 in most recent round)

[2017-06-13 15:47:23.475] [jointLog] [info] Computed 135010 rich equivalence classes for further processing
[2017-06-13 15:47:23.475] [jointLog] [info] Counted 11938550 total reads in the equivalence classes 
[2017-06-13 15:47:23.494] [jointLog] [info] Mapping rate = 87.9111%

[2017-06-13 15:47:23.494] [jointLog] [info] finished quantifyLibrary()
[2017-06-13 15:47:23.495] [jointLog] [info] Starting optimizer
[2017-06-13 15:47:23.565] [jointLog] [info] Marked 0 weighted equivalence classes as degenerate
[2017-06-13 15:47:23.570] [jointLog] [info] iteration = 0 | max rel diff. = 109.343
[2017-06-13 15:47:24.091] [jointLog] [info] iteration = 100 | max rel diff. = 0.107319
[2017-06-13 15:47:24.621] [jointLog] [info] iteration = 200 | max rel diff. = 0.0511965
[2017-06-13 15:47:25.160] [jointLog] [info] iteration = 300 | max rel diff. = 0.149336
[2017-06-13 15:47:25.663] [jointLog] [info] iteration = 400 | max rel diff. = 0.0574269
[2017-06-13 15:47:26.153] [jointLog] [info] iteration = 500 | max rel diff. = 0.0234337
[2017-06-13 15:47:26.713] [jointLog] [info] iteration = 600 | max rel diff. = 0.0177365
[2017-06-13 15:47:27.284] [jointLog] [info] iteration = 700 | max rel diff. = 0.0161193
[2017-06-13 15:47:27.833] [jointLog] [info] iteration = 800 | max rel diff. = 0.0136355
[2017-06-13 15:47:28.381] [jointLog] [info] iteration = 900 | max rel diff. = 0.0127657
[2017-06-13 15:47:28.970] [jointLog] [info] iteration = 1000 | max rel diff. = 0.0125357
[2017-06-13 15:47:29.556] [jointLog] [info] iteration = 1100 | max rel diff. = 0.010444
[2017-06-13 15:47:29.656] [jointLog] [info] iteration = 1118 | max rel diff. = 0.00984015
[2017-06-13 15:47:29.659] [jointLog] [info] Finished optimizer
[2017-06-13 15:47:29.659] [jointLog] [info] writing output 

[2017-06-17 17:20:57.827] [jointLog] [info] parsing read library format
[2017-06-17 17:20:57.827] [jointLog] [info] There is 1 library.
[2017-06-17 17:20:57.918] [jointLog] [info] Loading Quasi index
[2017-06-17 17:20:57.918] [jointLog] [info] Loading 32-bit quasi index
[2017-06-17 17:21:05.968] [jointLog] [info] done
[2017-06-17 17:21:05.968] [jointLog] [info] Index contained 107368 targets
[2017-06-17 17:21:06.598] [jointLog] [info] Automatically detected most likely library type as IU
[2017-06-17 17:22:48.527] [jointLog] [info] Computed 135010 rich equivalence classes for further processing
[2017-06-17 17:22:48.527] [jointLog] [info] Counted 11938550 total reads in the equivalence classes 
[2017-06-17 17:22:48.528] [fileLog] [info] 
At end of round 0
==================
Observed 13580250 total fragments (13580250 in most recent round)

[2017-06-17 17:22:48.547] [jointLog] [info] Mapping rate = 87.9111%

[2017-06-17 17:22:48.547] [jointLog] [info] finished quantifyLibrary()
[2017-06-17 17:22:48.555] [jointLog] [info] Starting optimizer
[2017-06-17 17:22:48.621] [jointLog] [info] Marked 0 weighted equivalence classes as degenerate
[2017-06-17 17:22:48.625] [jointLog] [info] iteration = 0 | max rel diff. = 109.342
[2017-06-17 17:22:49.096] [jointLog] [info] iteration = 100 | max rel diff. = 0.107305
[2017-06-17 17:22:49.556] [jointLog] [info] iteration = 200 | max rel diff. = 0.0511937
[2017-06-17 17:22:50.086] [jointLog] [info] iteration = 300 | max rel diff. = 0.148765
[2017-06-17 17:22:50.657] [jointLog] [info] iteration = 400 | max rel diff. = 0.0554765
[2017-06-17 17:22:51.228] [jointLog] [info] iteration = 500 | max rel diff. = 0.023336
[2017-06-17 17:22:51.743] [jointLog] [info] iteration = 600 | max rel diff. = 0.0177315
[2017-06-17 17:22:52.324] [jointLog] [info] iteration = 700 | max rel diff. = 0.0161173
[2017-06-17 17:22:52.902] [jointLog] [info] iteration = 800 | max rel diff. = 0.0136283
[2017-06-17 17:22:53.474] [jointLog] [info] iteration = 900 | max rel diff. = 0.0127673
[2017-06-17 17:22:54.004] [jointLog] [info] iteration = 1000 | max rel diff. = 0.0125375
[2017-06-17 17:22:54.474] [jointLog] [info] iteration = 1100 | max rel diff. = 0.0104487
[2017-06-17 17:22:54.553] [jointLog] [info] iteration = 1118 | max rel diff. = 0.00983572
[2017-06-17 17:22:54.556] [jointLog] [info] Finished optimizer
[2017-06-17 17:22:54.556] [jointLog] [info] writing output 

[2017-06-17 17:22:54.726] [jointLog] [info] Starting Bootstrapping
[2017-06-17 17:22:54.761] [jointLog] [info] Will draw 100 bootstrap samples
[2017-06-17 17:22:54.761] [jointLog] [info] Optimizing over 135010 equivalence classes
[2017-06-17 17:22:54.783] [jointLog] [info] Marked 0 weighted equivalence classes as degenerate
[2017-06-17 17:23:23.974] [jointLog] [info] wrote 1 bootstraps
[2017-06-17 17:23:25.086] [jointLog] [info] wrote 2 bootstraps
[2017-06-17 17:23:26.095] [jointLog] [info] wrote 3 bootstraps
[2017-06-17 17:23:26.448] [jointLog] [info] wrote 4 bootstraps
[2017-06-17 17:23:26.520] [jointLog] [info] wrote 5 bootstraps
[2017-06-17 17:23:26.622] [jointLog] [info] wrote 6 bootstraps
[2017-06-17 17:23:27.279] [jointLog] [info] wrote 7 bootstraps
[2017-06-17 17:23:56.313] [jointLog] [info] wrote 8 bootstraps
[2017-06-17 17:23:56.913] [jointLog] [info] wrote 9 bootstraps
[2017-06-17 17:23:57.737] [jointLog] [info] wrote 10 bootstraps
[2017-06-17 17:23:58.110] [jointLog] [info] wrote 11 bootstraps
[2017-06-17 17:23:59.389] [jointLog] [info] wrote 12 bootstraps
[2017-06-17 17:23:59.764] [jointLog] [info] wrote 13 bootstraps
[2017-06-17 17:24:01.820] [jointLog] [info] wrote 14 bootstraps
[2017-06-17 17:24:27.566] [jointLog] [info] wrote 15 bootstraps
[2017-06-17 17:24:27.605] [jointLog] [info] wrote 16 bootstraps
[2017-06-17 17:24:28.566] [jointLog] [info] wrote 17 bootstraps
[2017-06-17 17:24:29.051] [jointLog] [info] wrote 18 bootstraps
[2017-06-17 17:24:29.276] [jointLog] [info] wrote 19 bootstraps
[2017-06-17 17:24:31.569] [jointLog] [info] wrote 20 bootstraps
[2017-06-17 17:24:31.819] [jointLog] [info] wrote 21 bootstraps
[2017-06-17 17:24:57.429] [jointLog] [info] wrote 22 bootstraps
[2017-06-17 17:24:59.828] [jointLog] [info] wrote 23 bootstraps
[2017-06-17 17:25:00.547] [jointLog] [info] wrote 24 bootstraps
[2017-06-17 17:25:01.964] [jointLog] [info] wrote 25 bootstraps
[2017-06-17 17:25:02.388] [jointLog] [info] wrote 26 bootstraps
[2017-06-17 17:25:03.831] [jointLog] [info] wrote 27 bootstraps
[2017-06-17 17:25:04.878] [jointLog] [info] wrote 28 bootstraps
[2017-06-17 17:25:27.414] [jointLog] [info] wrote 29 bootstraps
[2017-06-17 17:25:30.000] [jointLog] [info] wrote 30 bootstraps
[2017-06-17 17:25:30.846] [jointLog] [info] wrote 31 bootstraps
[2017-06-17 17:25:31.935] [jointLog] [info] wrote 32 bootstraps
[2017-06-17 17:25:31.996] [jointLog] [info] wrote 33 bootstraps
[2017-06-17 17:25:34.539] [jointLog] [info] wrote 34 bootstraps
[2017-06-17 17:25:37.816] [jointLog] [info] wrote 35 bootstraps
[2017-06-17 17:25:58.598] [jointLog] [info] wrote 36 bootstraps
[2017-06-17 17:26:00.063] [jointLog] [info] wrote 37 bootstraps
[2017-06-17 17:26:01.100] [jointLog] [info] wrote 38 bootstraps
[2017-06-17 17:26:04.472] [jointLog] [info] wrote 39 bootstraps
[2017-06-17 17:26:04.773] [jointLog] [info] wrote 40 bootstraps
[2017-06-17 17:26:06.929] [jointLog] [info] wrote 41 bootstraps
[2017-06-17 17:26:09.992] [jointLog] [info] wrote 42 bootstraps
[2017-06-17 17:26:31.792] [jointLog] [info] wrote 43 bootstraps
[2017-06-17 17:26:31.871] [jointLog] [info] wrote 44 bootstraps
[2017-06-17 17:26:32.194] [jointLog] [info] wrote 45 bootstraps
[2017-06-17 17:26:35.318] [jointLog] [info] wrote 46 bootstraps
[2017-06-17 17:26:35.677] [jointLog] [info] wrote 47 bootstraps
[2017-06-17 17:26:38.803] [jointLog] [info] wrote 48 bootstraps
[2017-06-17 17:26:42.059] [jointLog] [info] wrote 49 bootstraps
[2017-06-17 17:27:02.613] [jointLog] [info] wrote 50 bootstraps
[2017-06-17 17:27:02.975] [jointLog] [info] wrote 51 bootstraps
[2017-06-17 17:27:03.305] [jointLog] [info] wrote 52 bootstraps
[2017-06-17 17:27:04.929] [jointLog] [info] wrote 53 bootstraps
[2017-06-17 17:27:06.468] [jointLog] [info] wrote 54 bootstraps
[2017-06-17 17:27:11.242] [jointLog] [info] wrote 55 bootstraps
[2017-06-17 17:27:14.367] [jointLog] [info] wrote 56 bootstraps
[2017-06-17 17:27:35.855] [jointLog] [info] wrote 57 bootstraps
[2017-06-17 17:27:35.998] [jointLog] [info] wrote 58 bootstraps
[2017-06-17 17:27:36.602] [jointLog] [info] wrote 59 bootstraps
[2017-06-17 17:27:37.897] [jointLog] [info] wrote 60 bootstraps
[2017-06-17 17:27:40.239] [jointLog] [info] wrote 61 bootstraps
[2017-06-17 17:27:44.020] [jointLog] [info] wrote 62 bootstraps
[2017-06-17 17:27:48.280] [jointLog] [info] wrote 63 bootstraps
[2017-06-17 17:28:06.660] [jointLog] [info] wrote 64 bootstraps
[2017-06-17 17:28:09.346] [jointLog] [info] wrote 65 bootstraps
[2017-06-17 17:28:10.505] [jointLog] [info] wrote 66 bootstraps
[2017-06-17 17:28:11.565] [jointLog] [info] wrote 67 bootstraps
[2017-06-17 17:28:12.021] [jointLog] [info] wrote 68 bootstraps
[2017-06-17 17:28:14.828] [jointLog] [info] wrote 69 bootstraps
[2017-06-17 17:28:18.170] [jointLog] [info] wrote 70 bootstraps
[2017-06-17 17:28:38.128] [jointLog] [info] wrote 71 bootstraps
[2017-06-17 17:28:39.292] [jointLog] [info] wrote 72 bootstraps
[2017-06-17 17:28:41.802] [jointLog] [info] wrote 73 bootstraps
[2017-06-17 17:28:42.678] [jointLog] [info] wrote 74 bootstraps
[2017-06-17 17:28:43.035] [jointLog] [info] wrote 75 bootstraps
[2017-06-17 17:28:49.215] [jointLog] [info] wrote 76 bootstraps
[2017-06-17 17:28:52.413] [jointLog] [info] wrote 77 bootstraps
[2017-06-17 17:29:10.570] [jointLog] [info] wrote 78 bootstraps
[2017-06-17 17:29:11.961] [jointLog] [info] wrote 79 bootstraps
[2017-06-17 17:29:14.933] [jointLog] [info] wrote 80 bootstraps
[2017-06-17 17:29:15.451] [jointLog] [info] wrote 81 bootstraps
[2017-06-17 17:29:18.172] [jointLog] [info] wrote 82 bootstraps
[2017-06-17 17:29:18.513] [jointLog] [info] wrote 83 bootstraps
[2017-06-17 17:29:23.851] [jointLog] [info] wrote 84 bootstraps
[2017-06-17 17:29:43.704] [jointLog] [info] wrote 85 bootstraps
[2017-06-17 17:29:45.206] [jointLog] [info] wrote 86 bootstraps
[2017-06-17 17:29:46.049] [jointLog] [info] wrote 87 bootstraps
[2017-06-17 17:29:46.634] [jointLog] [info] wrote 88 bootstraps
[2017-06-17 17:29:49.413] [jointLog] [info] wrote 89 bootstraps
[2017-06-17 17:29:50.554] [jointLog] [info] wrote 90 bootstraps
[2017-06-17 17:29:57.810] [jointLog] [info] wrote 91 bootstraps
[2017-06-17 17:30:12.502] [jointLog] [info] wrote 92 bootstraps
[2017-06-17 17:30:16.423] [jointLog] [info] wrote 93 bootstraps
[2017-06-17 17:30:16.977] [jointLog] [info] wrote 94 bootstraps
[2017-06-17 17:30:18.998] [jointLog] [info] wrote 95 bootstraps
[2017-06-17 17:30:19.445] [jointLog] [info] wrote 96 bootstraps
[2017-06-17 17:30:21.230] [jointLog] [info] wrote 97 bootstraps
[2017-06-17 17:30:28.119] [jointLog] [info] wrote 98 bootstraps
[2017-06-17 17:30:34.074] [jointLog] [info] wrote 99 bootstraps
[2017-06-17 17:30:35.050] [jointLog] [info] wrote 100 bootstraps
[2017-06-17 17:30:35.076] [jointLog] [info] Finished Bootstrapping
