[2020-05-27 20:50:25.013] [jointLog] [info] parsing read library format
[2020-05-27 20:50:25.013] [jointLog] [info] There is 1 library.
[2020-05-27 20:50:25.103] [jointLog] [info] Loading Quasi index
[2020-05-27 20:50:25.106] [jointLog] [info] Loading 32-bit quasi index
[2020-05-27 20:50:29.656] [jointLog] [info] done
[2020-05-27 20:50:29.656] [jointLog] [info] Index contained 43313 targets
[2020-05-27 20:50:30.234] [jointLog] [info] Automatically detected most likely library type as IU
[2020-05-27 20:51:22.844] [jointLog] [info] Computed 45322 rich equivalence classes for further processing
[2020-05-27 20:51:22.844] [jointLog] [info] Counted 12631624 total reads in the equivalence classes 
[2020-05-27 20:51:22.852] [jointLog] [info] Mapping rate = 87.7089%

[2020-05-27 20:51:22.852] [jointLog] [info] finished quantifyLibrary()
[2020-05-27 20:51:22.859] [jointLog] [info] Starting optimizer
[2020-05-27 20:51:22.887] [jointLog] [info] Marked 0 weighted equivalence classes as degenerate
[2020-05-27 20:51:22.888] [jointLog] [info] iteration = 0 | max rel diff. = 197.074
[2020-05-27 20:51:23.014] [jointLog] [info] iteration = 100 | max rel diff. = 0.105064
[2020-05-27 20:51:22.844] [fileLog] [info] 
At end of round 0
==================
Observed 14401762 total fragments (14401762 in most recent round)

[2020-05-27 20:51:23.142] [jointLog] [info] iteration = 200 | max rel diff. = 0.0540981
[2020-05-27 20:51:23.269] [jointLog] [info] iteration = 300 | max rel diff. = 0.0344205
[2020-05-27 20:51:23.396] [jointLog] [info] iteration = 400 | max rel diff. = 0.0267337
[2020-05-27 20:51:23.523] [jointLog] [info] iteration = 500 | max rel diff. = 0.0236771
[2020-05-27 20:51:23.651] [jointLog] [info] iteration = 600 | max rel diff. = 0.016347
[2020-05-27 20:51:23.779] [jointLog] [info] iteration = 700 | max rel diff. = 0.0152713
[2020-05-27 20:51:23.906] [jointLog] [info] iteration = 800 | max rel diff. = 0.0125741
[2020-05-27 20:51:24.034] [jointLog] [info] iteration = 900 | max rel diff. = 0.0113996
[2020-05-27 20:51:24.162] [jointLog] [info] iteration = 1000 | max rel diff. = 0.0105035
[2020-05-27 20:51:24.289] [jointLog] [info] iteration = 1100 | max rel diff. = 0.0105035
[2020-05-27 20:51:24.338] [jointLog] [info] iteration = 1140 | max rel diff. = 0.00910139
[2020-05-27 20:51:24.342] [jointLog] [info] Finished optimizer
[2020-05-27 20:51:24.342] [jointLog] [info] writing output 

