[2020-05-27 20:25:03.351] [jointLog] [info] parsing read library format
[2020-05-27 20:25:03.351] [jointLog] [info] There is 1 library.
[2020-05-27 20:26:07.974] [jointLog] [info] parsing read library format
[2020-05-27 20:26:07.974] [jointLog] [info] There is 1 library.
[2020-05-27 20:32:23.844] [jointLog] [info] parsing read library format
[2020-05-27 20:32:23.844] [jointLog] [info] There is 1 library.
[2020-05-27 20:32:23.936] [jointLog] [info] Loading Quasi index
[2020-05-27 20:32:23.939] [jointLog] [info] Loading 32-bit quasi index
[2020-05-27 20:32:28.384] [jointLog] [info] done
[2020-05-27 20:32:28.384] [jointLog] [info] Index contained 43313 targets
[2020-05-27 20:32:28.843] [jointLog] [info] Automatically detected most likely library type as IU
[2020-05-27 20:33:18.344] [jointLog] [info] Computed 46451 rich equivalence classes for further processing
[2020-05-27 20:33:18.344] [jointLog] [info] Counted 11144180 total reads in the equivalence classes 
[2020-05-27 20:33:18.353] [jointLog] [info] Mapping rate = 85.1362%

[2020-05-27 20:33:18.353] [jointLog] [info] finished quantifyLibrary()
[2020-05-27 20:33:18.362] [jointLog] [info] Starting optimizer
[2020-05-27 20:33:18.391] [jointLog] [info] Marked 0 weighted equivalence classes as degenerate
[2020-05-27 20:33:18.393] [jointLog] [info] iteration = 0 | max rel diff. = 178.871
[2020-05-27 20:33:18.345] [fileLog] [info] 
At end of round 0
==================
Observed 13089822 total fragments (13089822 in most recent round)

[2020-05-27 20:33:18.517] [jointLog] [info] iteration = 100 | max rel diff. = 0.102081
[2020-05-27 20:33:18.642] [jointLog] [info] iteration = 200 | max rel diff. = 0.0530545
[2020-05-27 20:33:18.767] [jointLog] [info] iteration = 300 | max rel diff. = 0.0356165
[2020-05-27 20:33:18.892] [jointLog] [info] iteration = 400 | max rel diff. = 0.0285411
[2020-05-27 20:33:19.018] [jointLog] [info] iteration = 500 | max rel diff. = 0.0203625
[2020-05-27 20:33:19.143] [jointLog] [info] iteration = 600 | max rel diff. = 0.0161987
[2020-05-27 20:33:19.269] [jointLog] [info] iteration = 700 | max rel diff. = 0.0152501
[2020-05-27 20:33:19.392] [jointLog] [info] iteration = 800 | max rel diff. = 0.0126083
[2020-05-27 20:33:19.517] [jointLog] [info] iteration = 900 | max rel diff. = 0.0126083
[2020-05-27 20:33:19.642] [jointLog] [info] iteration = 1000 | max rel diff. = 0.0101678
[2020-05-27 20:33:19.660] [jointLog] [info] iteration = 1015 | max rel diff. = 0.00915724
[2020-05-27 20:33:19.665] [jointLog] [info] Finished optimizer
[2020-05-27 20:33:19.665] [jointLog] [info] writing output 

