[2017-06-13 15:26:09.938] [jointLog] [info] parsing read library format
[2017-06-13 15:26:09.938] [jointLog] [info] There is 1 library.
[2017-06-13 15:26:10.028] [jointLog] [info] Loading Quasi index
[2017-06-13 15:26:10.029] [jointLog] [info] Loading 32-bit quasi index
[2017-06-13 15:26:18.238] [jointLog] [info] done
[2017-06-13 15:26:18.238] [jointLog] [info] Index contained 107368 targets
[2017-06-13 15:26:18.906] [jointLog] [info] Automatically detected most likely library type as IU
[2017-06-13 15:28:23.035] [jointLog] [info] Computed 142446 rich equivalence classes for further processing
[2017-06-13 15:28:23.035] [jointLog] [info] Counted 13148148 total reads in the equivalence classes 
[2017-06-13 15:28:23.057] [jointLog] [info] Mapping rate = 86.5532%

[2017-06-13 15:28:23.057] [jointLog] [info] finished quantifyLibrary()
[2017-06-13 15:28:23.079] [jointLog] [info] Starting optimizer
[2017-06-13 15:28:23.159] [jointLog] [info] Marked 0 weighted equivalence classes as degenerate
[2017-06-13 15:28:23.165] [jointLog] [info] iteration = 0 | max rel diff. = 115.377
[2017-06-13 15:28:23.036] [fileLog] [info] 
At end of round 0
==================
Observed 15190837 total fragments (15190837 in most recent round)

[2017-06-13 15:28:23.838] [jointLog] [info] iteration = 100 | max rel diff. = 0.149753
[2017-06-13 15:28:24.498] [jointLog] [info] iteration = 200 | max rel diff. = 0.158273
[2017-06-13 15:28:25.150] [jointLog] [info] iteration = 300 | max rel diff. = 0.0384677
[2017-06-13 15:28:25.795] [jointLog] [info] iteration = 400 | max rel diff. = 0.0278078
[2017-06-13 15:28:26.431] [jointLog] [info] iteration = 500 | max rel diff. = 0.0221315
[2017-06-13 15:28:27.093] [jointLog] [info] iteration = 600 | max rel diff. = 0.0197441
[2017-06-13 15:28:27.745] [jointLog] [info] iteration = 700 | max rel diff. = 0.0216163
[2017-06-13 15:28:28.416] [jointLog] [info] iteration = 800 | max rel diff. = 0.0128776
[2017-06-13 15:28:29.105] [jointLog] [info] iteration = 900 | max rel diff. = 0.0128778
[2017-06-13 15:28:29.756] [jointLog] [info] iteration = 1000 | max rel diff. = 0.0112166
[2017-06-13 15:28:30.146] [jointLog] [info] iteration = 1061 | max rel diff. = 0.00949026
[2017-06-13 15:28:30.148] [jointLog] [info] Finished optimizer
[2017-06-13 15:28:30.148] [jointLog] [info] writing output 

[2017-06-17 15:55:49.933] [jointLog] [info] parsing read library format
[2017-06-17 15:55:49.933] [jointLog] [info] There is 1 library.
[2017-06-17 15:55:50.040] [jointLog] [info] Loading Quasi index
[2017-06-17 15:55:50.040] [jointLog] [info] Loading 32-bit quasi index
[2017-06-17 15:55:58.211] [jointLog] [info] done
[2017-06-17 15:55:58.211] [jointLog] [info] Index contained 107368 targets
[2017-06-17 15:55:58.839] [jointLog] [info] Automatically detected most likely library type as IU
[2017-06-17 15:57:50.424] [fileLog] [info] 
At end of round 0
==================
Observed 15190837 total fragments (15190837 in most recent round)

[2017-06-17 15:57:50.424] [jointLog] [info] Computed 142446 rich equivalence classes for further processing
[2017-06-17 15:57:50.424] [jointLog] [info] Counted 13148148 total reads in the equivalence classes 
[2017-06-17 15:57:50.444] [jointLog] [info] Mapping rate = 86.5532%

[2017-06-17 15:57:50.444] [jointLog] [info] finished quantifyLibrary()
[2017-06-17 15:57:50.459] [jointLog] [info] Starting optimizer
[2017-06-17 15:57:52.344] [jointLog] [info] Marked 0 weighted equivalence classes as degenerate
[2017-06-17 15:57:52.349] [jointLog] [info] iteration = 0 | max rel diff. = 115.377
[2017-06-17 15:57:52.876] [jointLog] [info] iteration = 100 | max rel diff. = 0.149269
[2017-06-17 15:57:53.464] [jointLog] [info] iteration = 200 | max rel diff. = 0.159588
[2017-06-17 15:57:54.054] [jointLog] [info] iteration = 300 | max rel diff. = 0.0384381
[2017-06-17 15:57:54.601] [jointLog] [info] iteration = 400 | max rel diff. = 0.0277931
[2017-06-17 15:57:55.155] [jointLog] [info] iteration = 500 | max rel diff. = 0.0221102
[2017-06-17 15:57:55.768] [jointLog] [info] iteration = 600 | max rel diff. = 0.0197442
[2017-06-17 15:57:56.333] [jointLog] [info] iteration = 700 | max rel diff. = 0.0214885
[2017-06-17 15:57:56.888] [jointLog] [info] iteration = 800 | max rel diff. = 0.0128792
[2017-06-17 15:57:57.377] [jointLog] [info] iteration = 900 | max rel diff. = 0.0128794
[2017-06-17 15:57:57.861] [jointLog] [info] iteration = 1000 | max rel diff. = 0.0112169
[2017-06-17 15:57:58.175] [jointLog] [info] iteration = 1061 | max rel diff. = 0.00949023
[2017-06-17 15:57:58.177] [jointLog] [info] Finished optimizer
[2017-06-17 15:57:58.177] [jointLog] [info] writing output 

[2017-06-17 15:57:58.541] [jointLog] [info] Starting Bootstrapping
[2017-06-17 15:57:58.577] [jointLog] [info] Will draw 100 bootstrap samples
[2017-06-17 15:57:58.577] [jointLog] [info] Optimizing over 142446 equivalence classes
[2017-06-17 15:57:58.600] [jointLog] [info] Marked 0 weighted equivalence classes as degenerate
[2017-06-17 15:58:30.450] [jointLog] [info] wrote 1 bootstraps
[2017-06-17 15:58:31.037] [jointLog] [info] wrote 2 bootstraps
[2017-06-17 15:58:31.655] [jointLog] [info] wrote 3 bootstraps
[2017-06-17 15:58:32.077] [jointLog] [info] wrote 4 bootstraps
[2017-06-17 15:58:32.863] [jointLog] [info] wrote 5 bootstraps
[2017-06-17 15:58:33.877] [jointLog] [info] wrote 6 bootstraps
[2017-06-17 15:58:36.650] [jointLog] [info] wrote 7 bootstraps
[2017-06-17 15:59:02.174] [jointLog] [info] wrote 8 bootstraps
[2017-06-17 15:59:03.548] [jointLog] [info] wrote 9 bootstraps
[2017-06-17 15:59:04.687] [jointLog] [info] wrote 10 bootstraps
[2017-06-17 15:59:07.200] [jointLog] [info] wrote 11 bootstraps
[2017-06-17 15:59:07.343] [jointLog] [info] wrote 12 bootstraps
[2017-06-17 15:59:08.710] [jointLog] [info] wrote 13 bootstraps
[2017-06-17 15:59:09.497] [jointLog] [info] wrote 14 bootstraps
[2017-06-17 15:59:35.308] [jointLog] [info] wrote 15 bootstraps
[2017-06-17 15:59:36.353] [jointLog] [info] wrote 16 bootstraps
[2017-06-17 15:59:39.420] [jointLog] [info] wrote 17 bootstraps
[2017-06-17 15:59:42.797] [jointLog] [info] wrote 18 bootstraps
[2017-06-17 15:59:44.830] [jointLog] [info] wrote 19 bootstraps
[2017-06-17 15:59:45.113] [jointLog] [info] wrote 20 bootstraps
[2017-06-17 15:59:48.578] [jointLog] [info] wrote 21 bootstraps
[2017-06-17 16:00:10.727] [jointLog] [info] wrote 22 bootstraps
[2017-06-17 16:00:11.494] [jointLog] [info] wrote 23 bootstraps
[2017-06-17 16:00:18.810] [jointLog] [info] wrote 24 bootstraps
[2017-06-17 16:00:19.978] [jointLog] [info] wrote 25 bootstraps
[2017-06-17 16:00:21.468] [jointLog] [info] wrote 26 bootstraps
[2017-06-17 16:00:21.660] [jointLog] [info] wrote 27 bootstraps
[2017-06-17 16:00:25.674] [jointLog] [info] wrote 28 bootstraps
[2017-06-17 16:00:41.634] [jointLog] [info] wrote 29 bootstraps
[2017-06-17 16:00:43.498] [jointLog] [info] wrote 30 bootstraps
[2017-06-17 16:00:51.163] [jointLog] [info] wrote 31 bootstraps
[2017-06-17 16:00:51.463] [jointLog] [info] wrote 32 bootstraps
[2017-06-17 16:00:55.509] [jointLog] [info] wrote 33 bootstraps
[2017-06-17 16:00:55.971] [jointLog] [info] wrote 34 bootstraps
[2017-06-17 16:01:06.070] [jointLog] [info] wrote 35 bootstraps
[2017-06-17 16:01:15.139] [jointLog] [info] wrote 36 bootstraps
[2017-06-17 16:01:17.144] [jointLog] [info] wrote 37 bootstraps
[2017-06-17 16:01:23.807] [jointLog] [info] wrote 38 bootstraps
[2017-06-17 16:01:26.986] [jointLog] [info] wrote 39 bootstraps
[2017-06-17 16:01:27.985] [jointLog] [info] wrote 40 bootstraps
[2017-06-17 16:01:28.910] [jointLog] [info] wrote 41 bootstraps
[2017-06-17 16:01:36.023] [jointLog] [info] wrote 42 bootstraps
[2017-06-17 16:01:48.369] [jointLog] [info] wrote 43 bootstraps
[2017-06-17 16:01:57.308] [jointLog] [info] wrote 44 bootstraps
[2017-06-17 16:01:58.950] [jointLog] [info] wrote 45 bootstraps
[2017-06-17 16:01:59.356] [jointLog] [info] wrote 46 bootstraps
[2017-06-17 16:02:00.847] [jointLog] [info] wrote 47 bootstraps
[2017-06-17 16:02:03.422] [jointLog] [info] wrote 48 bootstraps
[2017-06-17 16:02:07.856] [jointLog] [info] wrote 49 bootstraps
[2017-06-17 16:02:21.063] [jointLog] [info] wrote 50 bootstraps
[2017-06-17 16:02:30.522] [jointLog] [info] wrote 51 bootstraps
[2017-06-17 16:02:31.505] [jointLog] [info] wrote 52 bootstraps
[2017-06-17 16:02:32.868] [jointLog] [info] wrote 53 bootstraps
[2017-06-17 16:02:32.946] [jointLog] [info] wrote 54 bootstraps
[2017-06-17 16:02:33.123] [jointLog] [info] wrote 55 bootstraps
[2017-06-17 16:02:39.176] [jointLog] [info] wrote 56 bootstraps
[2017-06-17 16:02:52.887] [jointLog] [info] wrote 57 bootstraps
[2017-06-17 16:03:04.019] [jointLog] [info] wrote 58 bootstraps
[2017-06-17 16:03:05.820] [jointLog] [info] wrote 59 bootstraps
[2017-06-17 16:03:05.871] [jointLog] [info] wrote 60 bootstraps
[2017-06-17 16:03:06.415] [jointLog] [info] wrote 61 bootstraps
[2017-06-17 16:03:07.906] [jointLog] [info] wrote 62 bootstraps
[2017-06-17 16:03:10.776] [jointLog] [info] wrote 63 bootstraps
[2017-06-17 16:03:24.845] [jointLog] [info] wrote 64 bootstraps
[2017-06-17 16:03:38.471] [jointLog] [info] wrote 65 bootstraps
[2017-06-17 16:03:40.088] [jointLog] [info] wrote 66 bootstraps
[2017-06-17 16:03:41.000] [jointLog] [info] wrote 67 bootstraps
[2017-06-17 16:03:41.260] [jointLog] [info] wrote 68 bootstraps
[2017-06-17 16:03:43.226] [jointLog] [info] wrote 69 bootstraps
[2017-06-17 16:03:43.340] [jointLog] [info] wrote 70 bootstraps
[2017-06-17 16:03:55.689] [jointLog] [info] wrote 71 bootstraps
[2017-06-17 16:04:12.841] [jointLog] [info] wrote 72 bootstraps
[2017-06-17 16:04:15.325] [jointLog] [info] wrote 73 bootstraps
[2017-06-17 16:04:15.924] [jointLog] [info] wrote 74 bootstraps
[2017-06-17 16:04:15.967] [jointLog] [info] wrote 75 bootstraps
[2017-06-17 16:04:16.011] [jointLog] [info] wrote 76 bootstraps
[2017-06-17 16:04:16.083] [jointLog] [info] wrote 77 bootstraps
[2017-06-17 16:04:27.816] [jointLog] [info] wrote 78 bootstraps
[2017-06-17 16:04:43.713] [jointLog] [info] wrote 79 bootstraps
[2017-06-17 16:04:48.659] [jointLog] [info] wrote 80 bootstraps
[2017-06-17 16:04:50.154] [jointLog] [info] wrote 81 bootstraps
[2017-06-17 16:04:51.518] [jointLog] [info] wrote 82 bootstraps
[2017-06-17 16:04:53.816] [jointLog] [info] wrote 83 bootstraps
[2017-06-17 16:04:54.924] [jointLog] [info] wrote 84 bootstraps
[2017-06-17 16:05:01.195] [jointLog] [info] wrote 85 bootstraps
[2017-06-17 16:05:15.814] [jointLog] [info] wrote 86 bootstraps
[2017-06-17 16:05:23.238] [jointLog] [info] wrote 87 bootstraps
[2017-06-17 16:05:25.782] [jointLog] [info] wrote 88 bootstraps
[2017-06-17 16:05:26.900] [jointLog] [info] wrote 89 bootstraps
[2017-06-17 16:05:29.496] [jointLog] [info] wrote 90 bootstraps
[2017-06-17 16:05:33.805] [jointLog] [info] wrote 91 bootstraps
[2017-06-17 16:05:36.532] [jointLog] [info] wrote 92 bootstraps
[2017-06-17 16:05:52.437] [jointLog] [info] wrote 93 bootstraps
[2017-06-17 16:05:55.841] [jointLog] [info] wrote 94 bootstraps
[2017-06-17 16:06:03.375] [jointLog] [info] wrote 95 bootstraps
[2017-06-17 16:06:03.590] [jointLog] [info] wrote 96 bootstraps
[2017-06-17 16:06:03.817] [jointLog] [info] wrote 97 bootstraps
[2017-06-17 16:06:08.233] [jointLog] [info] wrote 98 bootstraps
[2017-06-17 16:06:14.897] [jointLog] [info] wrote 99 bootstraps
[2017-06-17 16:06:15.860] [jointLog] [info] wrote 100 bootstraps
[2017-06-17 16:06:15.893] [jointLog] [info] Finished Bootstrapping
