[2017-07-17 12:03:05.638] [jointLog] [info] parsing read library format
[2017-07-17 12:03:05.638] [jointLog] [info] There is 1 library.
[2017-07-17 12:03:05.756] [jointLog] [info] Loading Quasi index
[2017-07-17 12:03:05.757] [jointLog] [info] Loading 32-bit quasi index
[2017-07-17 12:03:50.482] [jointLog] [info] done
[2017-07-17 12:03:50.482] [jointLog] [info] Index contained 107368 targets
[2017-07-17 12:03:51.237] [jointLog] [info] Automatically detected most likely library type as IU
[2017-07-17 12:05:12.783] [fileLog] [info] 
At end of round 0
==================
Observed 8354009 total fragments (8354009 in most recent round)

[2017-07-17 12:05:12.783] [jointLog] [info] Computed 128447 rich equivalence classes for further processing
[2017-07-17 12:05:12.783] [jointLog] [info] Counted 6813025 total reads in the equivalence classes 
[2017-07-17 12:05:12.811] [jointLog] [info] Mapping rate = 81.554%

[2017-07-17 12:05:12.811] [jointLog] [info] finished quantifyLibrary()
[2017-07-17 12:05:12.824] [jointLog] [info] Starting optimizer
[2017-07-17 12:05:12.903] [jointLog] [info] Marked 0 weighted equivalence classes as degenerate
[2017-07-17 12:05:12.908] [jointLog] [info] iteration = 0 | max rel diff. = 102.25
[2017-07-17 12:05:13.498] [jointLog] [info] iteration = 100 | max rel diff. = 0.163893
[2017-07-17 12:05:14.068] [jointLog] [info] iteration = 200 | max rel diff. = 0.0527771
[2017-07-17 12:05:14.598] [jointLog] [info] iteration = 300 | max rel diff. = 0.0364372
[2017-07-17 12:05:15.162] [jointLog] [info] iteration = 400 | max rel diff. = 0.0283623
[2017-07-17 12:05:15.678] [jointLog] [info] iteration = 500 | max rel diff. = 0.0213554
[2017-07-17 12:05:16.215] [jointLog] [info] iteration = 600 | max rel diff. = 0.0173559
[2017-07-17 12:05:16.751] [jointLog] [info] iteration = 700 | max rel diff. = 0.0151155
[2017-07-17 12:05:17.260] [jointLog] [info] iteration = 800 | max rel diff. = 0.0121976
[2017-07-17 12:05:17.803] [jointLog] [info] iteration = 900 | max rel diff. = 0.0121976
[2017-07-17 12:05:18.340] [jointLog] [info] iteration = 1000 | max rel diff. = 0.0105224
[2017-07-17 12:05:18.917] [jointLog] [info] iteration = 1100 | max rel diff. = 0.0105223
[2017-07-17 12:05:19.460] [jointLog] [info] iteration = 1200 | max rel diff. = 0.0105223
[2017-07-17 12:05:19.565] [jointLog] [info] iteration = 1220 | max rel diff. = 0.008363
[2017-07-17 12:05:19.568] [jointLog] [info] Finished optimizer
[2017-07-17 12:05:19.568] [jointLog] [info] writing output 

[2017-07-17 12:05:20.063] [jointLog] [info] Starting Bootstrapping
[2017-07-17 12:05:20.101] [jointLog] [info] Will draw 100 bootstrap samples
[2017-07-17 12:05:20.101] [jointLog] [info] Optimizing over 128447 equivalence classes
[2017-07-17 12:05:20.124] [jointLog] [info] Marked 0 weighted equivalence classes as degenerate
[2017-07-17 12:05:48.066] [jointLog] [info] wrote 1 bootstraps
[2017-07-17 12:05:49.638] [jointLog] [info] wrote 2 bootstraps
[2017-07-17 12:05:50.256] [jointLog] [info] wrote 3 bootstraps
[2017-07-17 12:05:50.899] [jointLog] [info] wrote 4 bootstraps
[2017-07-17 12:05:52.946] [jointLog] [info] wrote 5 bootstraps
[2017-07-17 12:05:54.964] [jointLog] [info] wrote 6 bootstraps
[2017-07-17 12:05:55.457] [jointLog] [info] wrote 7 bootstraps
[2017-07-17 12:06:18.864] [jointLog] [info] wrote 8 bootstraps
[2017-07-17 12:06:20.171] [jointLog] [info] wrote 9 bootstraps
[2017-07-17 12:06:21.099] [jointLog] [info] wrote 10 bootstraps
[2017-07-17 12:06:22.841] [jointLog] [info] wrote 11 bootstraps
[2017-07-17 12:06:25.732] [jointLog] [info] wrote 12 bootstraps
[2017-07-17 12:06:26.958] [jointLog] [info] wrote 13 bootstraps
[2017-07-17 12:06:27.529] [jointLog] [info] wrote 14 bootstraps
[2017-07-17 12:06:52.597] [jointLog] [info] wrote 15 bootstraps
[2017-07-17 12:06:54.313] [jointLog] [info] wrote 16 bootstraps
[2017-07-17 12:06:54.433] [jointLog] [info] wrote 17 bootstraps
[2017-07-17 12:06:54.954] [jointLog] [info] wrote 18 bootstraps
[2017-07-17 12:06:55.608] [jointLog] [info] wrote 19 bootstraps
[2017-07-17 12:06:59.241] [jointLog] [info] wrote 20 bootstraps
[2017-07-17 12:07:00.098] [jointLog] [info] wrote 21 bootstraps
[2017-07-17 12:07:21.014] [jointLog] [info] wrote 22 bootstraps
[2017-07-17 12:07:25.671] [jointLog] [info] wrote 23 bootstraps
[2017-07-17 12:07:29.465] [jointLog] [info] wrote 24 bootstraps
[2017-07-17 12:07:29.738] [jointLog] [info] wrote 25 bootstraps
[2017-07-17 12:07:29.982] [jointLog] [info] wrote 26 bootstraps
[2017-07-17 12:07:30.050] [jointLog] [info] wrote 27 bootstraps
[2017-07-17 12:07:31.160] [jointLog] [info] wrote 28 bootstraps
[2017-07-17 12:07:54.289] [jointLog] [info] wrote 29 bootstraps
[2017-07-17 12:07:54.825] [jointLog] [info] wrote 30 bootstraps
[2017-07-17 12:08:00.223] [jointLog] [info] wrote 31 bootstraps
[2017-07-17 12:08:03.022] [jointLog] [info] wrote 32 bootstraps
[2017-07-17 12:08:03.306] [jointLog] [info] wrote 33 bootstraps
[2017-07-17 12:08:03.968] [jointLog] [info] wrote 34 bootstraps
[2017-07-17 12:08:05.962] [jointLog] [info] wrote 35 bootstraps
[2017-07-17 12:08:27.415] [jointLog] [info] wrote 36 bootstraps
[2017-07-17 12:08:31.050] [jointLog] [info] wrote 37 bootstraps
[2017-07-17 12:08:32.643] [jointLog] [info] wrote 38 bootstraps
[2017-07-17 12:08:33.233] [jointLog] [info] wrote 39 bootstraps
[2017-07-17 12:08:35.882] [jointLog] [info] wrote 40 bootstraps
[2017-07-17 12:08:37.623] [jointLog] [info] wrote 41 bootstraps
[2017-07-17 12:08:39.392] [jointLog] [info] wrote 42 bootstraps
[2017-07-17 12:08:57.310] [jointLog] [info] wrote 43 bootstraps
[2017-07-17 12:09:01.054] [jointLog] [info] wrote 44 bootstraps
[2017-07-17 12:09:05.725] [jointLog] [info] wrote 45 bootstraps
[2017-07-17 12:09:05.892] [jointLog] [info] wrote 46 bootstraps
[2017-07-17 12:09:06.447] [jointLog] [info] wrote 47 bootstraps
[2017-07-17 12:09:10.612] [jointLog] [info] wrote 48 bootstraps
[2017-07-17 12:09:17.070] [jointLog] [info] wrote 49 bootstraps
[2017-07-17 12:09:29.439] [jointLog] [info] wrote 50 bootstraps
[2017-07-17 12:09:32.207] [jointLog] [info] wrote 51 bootstraps
[2017-07-17 12:09:39.647] [jointLog] [info] wrote 52 bootstraps
[2017-07-17 12:09:40.246] [jointLog] [info] wrote 53 bootstraps
[2017-07-17 12:09:40.970] [jointLog] [info] wrote 54 bootstraps
[2017-07-17 12:09:41.717] [jointLog] [info] wrote 55 bootstraps
[2017-07-17 12:09:45.568] [jointLog] [info] wrote 56 bootstraps
[2017-07-17 12:10:03.445] [jointLog] [info] wrote 57 bootstraps
[2017-07-17 12:10:07.737] [jointLog] [info] wrote 58 bootstraps
[2017-07-17 12:10:11.468] [jointLog] [info] wrote 59 bootstraps
[2017-07-17 12:10:13.060] [jointLog] [info] wrote 60 bootstraps
[2017-07-17 12:10:13.483] [jointLog] [info] wrote 61 bootstraps
[2017-07-17 12:10:14.387] [jointLog] [info] wrote 62 bootstraps
[2017-07-17 12:10:19.527] [jointLog] [info] wrote 63 bootstraps
[2017-07-17 12:10:37.479] [jointLog] [info] wrote 64 bootstraps
[2017-07-17 12:10:42.287] [jointLog] [info] wrote 65 bootstraps
[2017-07-17 12:10:43.911] [jointLog] [info] wrote 66 bootstraps
[2017-07-17 12:10:43.962] [jointLog] [info] wrote 67 bootstraps
[2017-07-17 12:10:44.533] [jointLog] [info] wrote 68 bootstraps
[2017-07-17 12:10:50.132] [jointLog] [info] wrote 69 bootstraps
[2017-07-17 12:10:52.660] [jointLog] [info] wrote 70 bootstraps
[2017-07-17 12:11:09.804] [jointLog] [info] wrote 71 bootstraps
[2017-07-17 12:11:11.028] [jointLog] [info] wrote 72 bootstraps
[2017-07-17 12:11:12.595] [jointLog] [info] wrote 73 bootstraps
[2017-07-17 12:11:17.045] [jointLog] [info] wrote 74 bootstraps
[2017-07-17 12:11:17.537] [jointLog] [info] wrote 75 bootstraps
[2017-07-17 12:11:19.288] [jointLog] [info] wrote 76 bootstraps
[2017-07-17 12:11:27.691] [jointLog] [info] wrote 77 bootstraps
[2017-07-17 12:11:41.912] [jointLog] [info] wrote 78 bootstraps
[2017-07-17 12:11:42.503] [jointLog] [info] wrote 79 bootstraps
[2017-07-17 12:11:46.642] [jointLog] [info] wrote 80 bootstraps
[2017-07-17 12:11:49.096] [jointLog] [info] wrote 81 bootstraps
[2017-07-17 12:11:51.874] [jointLog] [info] wrote 82 bootstraps
[2017-07-17 12:11:53.766] [jointLog] [info] wrote 83 bootstraps
[2017-07-17 12:12:01.700] [jointLog] [info] wrote 84 bootstraps
[2017-07-17 12:12:13.428] [jointLog] [info] wrote 85 bootstraps
[2017-07-17 12:12:14.600] [jointLog] [info] wrote 86 bootstraps
[2017-07-17 12:12:21.177] [jointLog] [info] wrote 87 bootstraps
[2017-07-17 12:12:21.855] [jointLog] [info] wrote 88 bootstraps
[2017-07-17 12:12:23.222] [jointLog] [info] wrote 89 bootstraps
[2017-07-17 12:12:24.950] [jointLog] [info] wrote 90 bootstraps
[2017-07-17 12:12:31.832] [jointLog] [info] wrote 91 bootstraps
[2017-07-17 12:12:47.074] [jointLog] [info] wrote 92 bootstraps
[2017-07-17 12:12:47.154] [jointLog] [info] wrote 93 bootstraps
[2017-07-17 12:12:52.939] [jointLog] [info] wrote 94 bootstraps
[2017-07-17 12:12:53.800] [jointLog] [info] wrote 95 bootstraps
[2017-07-17 12:12:55.713] [jointLog] [info] wrote 96 bootstraps
[2017-07-17 12:12:58.518] [jointLog] [info] wrote 97 bootstraps
[2017-07-17 12:13:00.819] [jointLog] [info] wrote 98 bootstraps
[2017-07-17 12:13:07.992] [jointLog] [info] wrote 99 bootstraps
[2017-07-17 12:13:08.063] [jointLog] [info] wrote 100 bootstraps
[2017-07-17 12:13:08.085] [jointLog] [info] Finished Bootstrapping
