[2017-07-17 11:25:39.169] [jointLog] [info] parsing read library format
[2017-07-17 11:25:39.169] [jointLog] [info] There is 1 library.
[2017-07-17 11:25:39.271] [jointLog] [info] Loading Quasi index
[2017-07-17 11:25:39.271] [jointLog] [info] Loading 32-bit quasi index
[2017-07-17 11:26:17.999] [jointLog] [info] done
[2017-07-17 11:26:18.018] [jointLog] [info] Index contained 107368 targets
[2017-07-17 11:26:18.817] [jointLog] [info] Automatically detected most likely library type as IU
[2017-07-17 11:27:25.307] [fileLog] [info] 
At end of round 0
==================
Observed 6769269 total fragments (6769269 in most recent round)

[2017-07-17 11:27:25.307] [jointLog] [info] Computed 119514 rich equivalence classes for further processing
[2017-07-17 11:27:25.307] [jointLog] [info] Counted 5518511 total reads in the equivalence classes 
[2017-07-17 11:27:25.344] [jointLog] [info] Mapping rate = 81.523%

[2017-07-17 11:27:25.344] [jointLog] [info] finished quantifyLibrary()
[2017-07-17 11:27:25.347] [jointLog] [info] Starting optimizer
[2017-07-17 11:27:26.977] [jointLog] [info] Marked 0 weighted equivalence classes as degenerate
[2017-07-17 11:27:26.981] [jointLog] [info] iteration = 0 | max rel diff. = 83.4986
[2017-07-17 11:27:27.535] [jointLog] [info] iteration = 100 | max rel diff. = 0.110781
[2017-07-17 11:27:28.071] [jointLog] [info] iteration = 200 | max rel diff. = 0.0544158
[2017-07-17 11:27:28.569] [jointLog] [info] iteration = 300 | max rel diff. = 0.0376823
[2017-07-17 11:27:29.062] [jointLog] [info] iteration = 400 | max rel diff. = 0.0256282
[2017-07-17 11:27:29.555] [jointLog] [info] iteration = 500 | max rel diff. = 0.0195744
[2017-07-17 11:27:30.067] [jointLog] [info] iteration = 600 | max rel diff. = 0.0235272
[2017-07-17 11:27:30.575] [jointLog] [info] iteration = 700 | max rel diff. = 0.0402509
[2017-07-17 11:27:31.071] [jointLog] [info] iteration = 800 | max rel diff. = 0.0225967
[2017-07-17 11:27:31.559] [jointLog] [info] iteration = 900 | max rel diff. = 0.0125572
[2017-07-17 11:27:32.058] [jointLog] [info] iteration = 1000 | max rel diff. = 0.0125572
[2017-07-17 11:27:32.246] [jointLog] [info] iteration = 1033 | max rel diff. = 0.00954752
[2017-07-17 11:27:32.250] [jointLog] [info] Finished optimizer
[2017-07-17 11:27:32.250] [jointLog] [info] writing output 

[2017-07-17 11:27:32.556] [jointLog] [info] Starting Bootstrapping
[2017-07-17 11:27:32.655] [jointLog] [info] Will draw 100 bootstrap samples
[2017-07-17 11:27:32.655] [jointLog] [info] Optimizing over 119514 equivalence classes
[2017-07-17 11:27:32.685] [jointLog] [info] Marked 0 weighted equivalence classes as degenerate
[2017-07-17 11:27:59.585] [jointLog] [info] wrote 1 bootstraps
[2017-07-17 11:28:01.723] [jointLog] [info] wrote 2 bootstraps
[2017-07-17 11:28:01.805] [jointLog] [info] wrote 3 bootstraps
[2017-07-17 11:28:01.884] [jointLog] [info] wrote 4 bootstraps
[2017-07-17 11:28:02.328] [jointLog] [info] wrote 5 bootstraps
[2017-07-17 11:28:04.307] [jointLog] [info] wrote 6 bootstraps
[2017-07-17 11:28:05.846] [jointLog] [info] wrote 7 bootstraps
[2017-07-17 11:28:25.725] [jointLog] [info] wrote 8 bootstraps
[2017-07-17 11:28:27.692] [jointLog] [info] wrote 9 bootstraps
[2017-07-17 11:28:27.739] [jointLog] [info] wrote 10 bootstraps
[2017-07-17 11:28:29.864] [jointLog] [info] wrote 11 bootstraps
[2017-07-17 11:28:32.065] [jointLog] [info] wrote 12 bootstraps
[2017-07-17 11:28:33.091] [jointLog] [info] wrote 13 bootstraps
[2017-07-17 11:28:36.668] [jointLog] [info] wrote 14 bootstraps
[2017-07-17 11:28:51.792] [jointLog] [info] wrote 15 bootstraps
[2017-07-17 11:28:55.207] [jointLog] [info] wrote 16 bootstraps
[2017-07-17 11:28:58.641] [jointLog] [info] wrote 17 bootstraps
[2017-07-17 11:28:58.693] [jointLog] [info] wrote 18 bootstraps
[2017-07-17 11:28:59.732] [jointLog] [info] wrote 19 bootstraps
[2017-07-17 11:29:01.665] [jointLog] [info] wrote 20 bootstraps
[2017-07-17 11:29:02.644] [jointLog] [info] wrote 21 bootstraps
[2017-07-17 11:29:19.857] [jointLog] [info] wrote 22 bootstraps
[2017-07-17 11:29:22.653] [jointLog] [info] wrote 23 bootstraps
[2017-07-17 11:29:23.911] [jointLog] [info] wrote 24 bootstraps
[2017-07-17 11:29:25.060] [jointLog] [info] wrote 25 bootstraps
[2017-07-17 11:29:27.604] [jointLog] [info] wrote 26 bootstraps
[2017-07-17 11:29:29.661] [jointLog] [info] wrote 27 bootstraps
[2017-07-17 11:29:30.659] [jointLog] [info] wrote 28 bootstraps
[2017-07-17 11:29:45.069] [jointLog] [info] wrote 29 bootstraps
[2017-07-17 11:29:47.993] [jointLog] [info] wrote 30 bootstraps
[2017-07-17 11:29:52.857] [jointLog] [info] wrote 31 bootstraps
[2017-07-17 11:29:53.227] [jointLog] [info] wrote 32 bootstraps
[2017-07-17 11:29:53.313] [jointLog] [info] wrote 33 bootstraps
[2017-07-17 11:29:57.120] [jointLog] [info] wrote 34 bootstraps
[2017-07-17 11:29:58.744] [jointLog] [info] wrote 35 bootstraps
[2017-07-17 11:30:13.504] [jointLog] [info] wrote 36 bootstraps
[2017-07-17 11:30:16.622] [jointLog] [info] wrote 37 bootstraps
[2017-07-17 11:30:16.779] [jointLog] [info] wrote 38 bootstraps
[2017-07-17 11:30:19.266] [jointLog] [info] wrote 39 bootstraps
[2017-07-17 11:30:19.499] [jointLog] [info] wrote 40 bootstraps
[2017-07-17 11:30:20.444] [jointLog] [info] wrote 41 bootstraps
[2017-07-17 11:30:22.573] [jointLog] [info] wrote 42 bootstraps
[2017-07-17 11:30:39.804] [jointLog] [info] wrote 43 bootstraps
[2017-07-17 11:30:41.060] [jointLog] [info] wrote 44 bootstraps
[2017-07-17 11:30:41.786] [jointLog] [info] wrote 45 bootstraps
[2017-07-17 11:30:43.354] [jointLog] [info] wrote 46 bootstraps
[2017-07-17 11:30:43.893] [jointLog] [info] wrote 47 bootstraps
[2017-07-17 11:30:48.624] [jointLog] [info] wrote 48 bootstraps
[2017-07-17 11:30:49.520] [jointLog] [info] wrote 49 bootstraps
[2017-07-17 11:31:06.093] [jointLog] [info] wrote 50 bootstraps
[2017-07-17 11:31:06.143] [jointLog] [info] wrote 51 bootstraps
[2017-07-17 11:31:08.030] [jointLog] [info] wrote 52 bootstraps
[2017-07-17 11:31:09.378] [jointLog] [info] wrote 53 bootstraps
[2017-07-17 11:31:12.890] [jointLog] [info] wrote 54 bootstraps
[2017-07-17 11:31:14.722] [jointLog] [info] wrote 55 bootstraps
[2017-07-17 11:31:17.417] [jointLog] [info] wrote 56 bootstraps
[2017-07-17 11:31:32.691] [jointLog] [info] wrote 57 bootstraps
[2017-07-17 11:31:35.182] [jointLog] [info] wrote 58 bootstraps
[2017-07-17 11:31:37.575] [jointLog] [info] wrote 59 bootstraps
[2017-07-17 11:31:37.671] [jointLog] [info] wrote 60 bootstraps
[2017-07-17 11:31:38.407] [jointLog] [info] wrote 61 bootstraps
[2017-07-17 11:31:42.977] [jointLog] [info] wrote 62 bootstraps
[2017-07-17 11:31:47.656] [jointLog] [info] wrote 63 bootstraps
[2017-07-17 11:32:01.150] [jointLog] [info] wrote 64 bootstraps
[2017-07-17 11:32:01.959] [jointLog] [info] wrote 65 bootstraps
[2017-07-17 11:32:03.899] [jointLog] [info] wrote 66 bootstraps
[2017-07-17 11:32:04.057] [jointLog] [info] wrote 67 bootstraps
[2017-07-17 11:32:08.004] [jointLog] [info] wrote 68 bootstraps
[2017-07-17 11:32:10.127] [jointLog] [info] wrote 69 bootstraps
[2017-07-17 11:32:14.866] [jointLog] [info] wrote 70 bootstraps
[2017-07-17 11:32:29.325] [jointLog] [info] wrote 71 bootstraps
[2017-07-17 11:32:30.371] [jointLog] [info] wrote 72 bootstraps
[2017-07-17 11:32:30.423] [jointLog] [info] wrote 73 bootstraps
[2017-07-17 11:32:31.763] [jointLog] [info] wrote 74 bootstraps
[2017-07-17 11:32:36.861] [jointLog] [info] wrote 75 bootstraps
[2017-07-17 11:32:37.475] [jointLog] [info] wrote 76 bootstraps
[2017-07-17 11:32:39.567] [jointLog] [info] wrote 77 bootstraps
[2017-07-17 11:32:55.642] [jointLog] [info] wrote 78 bootstraps
[2017-07-17 11:32:57.685] [jointLog] [info] wrote 79 bootstraps
[2017-07-17 11:33:02.863] [jointLog] [info] wrote 80 bootstraps
[2017-07-17 11:33:03.278] [jointLog] [info] wrote 81 bootstraps
[2017-07-17 11:33:04.533] [jointLog] [info] wrote 82 bootstraps
[2017-07-17 11:33:04.876] [jointLog] [info] wrote 83 bootstraps
[2017-07-17 11:33:07.965] [jointLog] [info] wrote 84 bootstraps
[2017-07-17 11:33:22.735] [jointLog] [info] wrote 85 bootstraps
[2017-07-17 11:33:23.337] [jointLog] [info] wrote 86 bootstraps
[2017-07-17 11:33:30.084] [jointLog] [info] wrote 87 bootstraps
[2017-07-17 11:33:30.320] [jointLog] [info] wrote 88 bootstraps
[2017-07-17 11:33:31.924] [jointLog] [info] wrote 89 bootstraps
[2017-07-17 11:33:32.185] [jointLog] [info] wrote 90 bootstraps
[2017-07-17 11:33:33.210] [jointLog] [info] wrote 91 bootstraps
[2017-07-17 11:33:49.196] [jointLog] [info] wrote 92 bootstraps
[2017-07-17 11:33:51.051] [jointLog] [info] wrote 93 bootstraps
[2017-07-17 11:33:58.165] [jointLog] [info] wrote 94 bootstraps
[2017-07-17 11:33:58.946] [jointLog] [info] wrote 95 bootstraps
[2017-07-17 11:34:00.243] [jointLog] [info] wrote 96 bootstraps
[2017-07-17 11:34:00.623] [jointLog] [info] wrote 97 bootstraps
[2017-07-17 11:34:02.316] [jointLog] [info] wrote 98 bootstraps
[2017-07-17 11:34:07.605] [jointLog] [info] wrote 99 bootstraps
[2017-07-17 11:34:11.941] [jointLog] [info] wrote 100 bootstraps
[2017-07-17 11:34:11.963] [jointLog] [info] Finished Bootstrapping
