[2020-05-27 20:51:25.454] [jointLog] [info] parsing read library format
[2020-05-27 20:51:25.454] [jointLog] [info] There is 1 library.
[2020-05-27 20:51:25.545] [jointLog] [info] Loading Quasi index
[2020-05-27 20:51:25.548] [jointLog] [info] Loading 32-bit quasi index
[2020-05-27 20:51:30.061] [jointLog] [info] done
[2020-05-27 20:51:30.061] [jointLog] [info] Index contained 43313 targets
[2020-05-27 20:51:30.690] [jointLog] [info] Automatically detected most likely library type as IU
[2020-05-27 20:52:33.621] [fileLog] [info] 
At end of round 0
==================
Observed 15575831 total fragments (15575831 in most recent round)

[2020-05-27 20:52:33.620] [jointLog] [info] Computed 44220 rich equivalence classes for further processing
[2020-05-27 20:52:33.620] [jointLog] [info] Counted 13649102 total reads in the equivalence classes 
[2020-05-27 20:52:33.629] [jointLog] [info] Mapping rate = 87.63%

[2020-05-27 20:52:33.629] [jointLog] [info] finished quantifyLibrary()
[2020-05-27 20:52:33.636] [jointLog] [info] Starting optimizer
[2020-05-27 20:52:33.665] [jointLog] [info] Marked 0 weighted equivalence classes as degenerate
[2020-05-27 20:52:33.666] [jointLog] [info] iteration = 0 | max rel diff. = 284.809
[2020-05-27 20:52:33.774] [jointLog] [info] iteration = 100 | max rel diff. = 0.108958
[2020-05-27 20:52:33.883] [jointLog] [info] iteration = 200 | max rel diff. = 0.0533551
[2020-05-27 20:52:33.993] [jointLog] [info] iteration = 300 | max rel diff. = 0.037544
[2020-05-27 20:52:34.102] [jointLog] [info] iteration = 400 | max rel diff. = 0.0262012
[2020-05-27 20:52:34.212] [jointLog] [info] iteration = 500 | max rel diff. = 0.0207994
[2020-05-27 20:52:34.322] [jointLog] [info] iteration = 600 | max rel diff. = 0.0170427
[2020-05-27 20:52:34.432] [jointLog] [info] iteration = 700 | max rel diff. = 0.0155588
[2020-05-27 20:52:34.542] [jointLog] [info] iteration = 800 | max rel diff. = 0.0152742
[2020-05-27 20:52:34.652] [jointLog] [info] iteration = 900 | max rel diff. = 0.0117602
[2020-05-27 20:52:34.761] [jointLog] [info] iteration = 1000 | max rel diff. = 0.0105214
[2020-05-27 20:52:34.872] [jointLog] [info] iteration = 1100 | max rel diff. = 0.0104433
[2020-05-27 20:52:34.962] [jointLog] [info] iteration = 1183 | max rel diff. = 0.00898234
[2020-05-27 20:52:34.966] [jointLog] [info] Finished optimizer
[2020-05-27 20:52:34.966] [jointLog] [info] writing output 

