[2017-06-13 15:06:07.812] [jointLog] [info] parsing read library format
[2017-06-13 15:06:07.812] [jointLog] [info] There is 1 library.
[2017-06-13 15:12:03.893] [jointLog] [info] parsing read library format
[2017-06-13 15:12:03.893] [jointLog] [info] There is 1 library.
[2017-06-13 15:12:03.983] [jointLog] [info] Loading Quasi index
[2017-06-13 15:12:03.983] [jointLog] [info] Loading 32-bit quasi index
[2017-06-13 15:12:12.000] [jointLog] [info] done
[2017-06-13 15:12:12.000] [jointLog] [info] Index contained 107368 targets
[2017-06-13 15:12:12.765] [jointLog] [info] Automatically detected most likely library type as IU
[2017-06-13 15:13:14.449] [fileLog] [info] 
At end of round 0
==================
Observed 7032171 total fragments (7032171 in most recent round)

[2017-06-13 15:13:14.449] [jointLog] [info] Computed 132919 rich equivalence classes for further processing
[2017-06-13 15:13:14.449] [jointLog] [info] Counted 5743587 total reads in the equivalence classes 
[2017-06-13 15:13:14.478] [jointLog] [info] Mapping rate = 81.6759%

[2017-06-13 15:13:14.478] [jointLog] [info] finished quantifyLibrary()
[2017-06-13 15:13:14.478] [jointLog] [info] Starting optimizer
[2017-06-13 15:13:14.553] [jointLog] [info] Marked 0 weighted equivalence classes as degenerate
[2017-06-13 15:13:14.558] [jointLog] [info] iteration = 0 | max rel diff. = 78.3948
[2017-06-13 15:13:15.105] [jointLog] [info] iteration = 100 | max rel diff. = 0.104929
[2017-06-13 15:13:15.678] [jointLog] [info] iteration = 200 | max rel diff. = 0.107016
[2017-06-13 15:13:16.228] [jointLog] [info] iteration = 300 | max rel diff. = 0.033766
[2017-06-13 15:13:16.792] [jointLog] [info] iteration = 400 | max rel diff. = 0.0249848
[2017-06-13 15:13:17.366] [jointLog] [info] iteration = 500 | max rel diff. = 0.0222547
[2017-06-13 15:13:17.914] [jointLog] [info] iteration = 600 | max rel diff. = 0.0174177
[2017-06-13 15:13:18.470] [jointLog] [info] iteration = 700 | max rel diff. = 0.0141658
[2017-06-13 15:13:19.018] [jointLog] [info] iteration = 800 | max rel diff. = 0.0141658
[2017-06-13 15:13:19.603] [jointLog] [info] iteration = 900 | max rel diff. = 0.0141658
[2017-06-13 15:13:20.232] [jointLog] [info] iteration = 1000 | max rel diff. = 0.0112194
[2017-06-13 15:13:20.293] [jointLog] [info] iteration = 1011 | max rel diff. = 0.00921532
[2017-06-13 15:13:20.297] [jointLog] [info] Finished optimizer
[2017-06-13 15:13:20.297] [jointLog] [info] writing output 

[2017-06-17 14:44:16.216] [jointLog] [info] parsing read library format
[2017-06-17 14:44:16.216] [jointLog] [info] There is 1 library.
[2017-06-17 14:44:16.322] [jointLog] [info] Loading Quasi index
[2017-06-17 14:44:16.322] [jointLog] [info] Loading 32-bit quasi index
[2017-06-17 14:44:35.037] [jointLog] [info] done
[2017-06-17 14:44:35.037] [jointLog] [info] Index contained 107368 targets
[2017-06-17 14:44:35.737] [jointLog] [info] Automatically detected most likely library type as IU
[2017-06-17 14:45:35.931] [jointLog] [info] Computed 132919 rich equivalence classes for further processing
[2017-06-17 14:45:35.931] [jointLog] [info] Counted 5743587 total reads in the equivalence classes 
[2017-06-17 14:45:35.963] [jointLog] [info] Mapping rate = 81.6759%

[2017-06-17 14:45:35.963] [jointLog] [info] finished quantifyLibrary()
[2017-06-17 14:45:35.984] [jointLog] [info] Starting optimizer
[2017-06-17 14:45:35.932] [fileLog] [info] 
At end of round 0
==================
Observed 7032171 total fragments (7032171 in most recent round)

[2017-06-17 14:45:36.066] [jointLog] [info] Marked 0 weighted equivalence classes as degenerate
[2017-06-17 14:45:36.071] [jointLog] [info] iteration = 0 | max rel diff. = 78.3947
[2017-06-17 14:45:36.684] [jointLog] [info] iteration = 100 | max rel diff. = 0.104932
[2017-06-17 14:45:37.289] [jointLog] [info] iteration = 200 | max rel diff. = 0.107021
[2017-06-17 14:45:37.905] [jointLog] [info] iteration = 300 | max rel diff. = 0.0337658
[2017-06-17 14:45:38.509] [jointLog] [info] iteration = 400 | max rel diff. = 0.0242595
[2017-06-17 14:45:39.114] [jointLog] [info] iteration = 500 | max rel diff. = 0.0222765
[2017-06-17 14:45:39.730] [jointLog] [info] iteration = 600 | max rel diff. = 0.0174813
[2017-06-17 14:45:40.350] [jointLog] [info] iteration = 700 | max rel diff. = 0.0141666
[2017-06-17 14:45:40.967] [jointLog] [info] iteration = 800 | max rel diff. = 0.0141665
[2017-06-17 14:45:41.581] [jointLog] [info] iteration = 900 | max rel diff. = 0.0141665
[2017-06-17 14:45:42.191] [jointLog] [info] iteration = 1000 | max rel diff. = 0.0112246
[2017-06-17 14:45:42.255] [jointLog] [info] iteration = 1011 | max rel diff. = 0.00920219
[2017-06-17 14:45:42.257] [jointLog] [info] Finished optimizer
[2017-06-17 14:45:42.257] [jointLog] [info] writing output 

[2017-06-17 14:45:42.498] [jointLog] [info] Starting Bootstrapping
[2017-06-17 14:45:42.533] [jointLog] [info] Will draw 100 bootstrap samples
[2017-06-17 14:45:42.533] [jointLog] [info] Optimizing over 132919 equivalence classes
[2017-06-17 14:45:42.555] [jointLog] [info] Marked 0 weighted equivalence classes as degenerate
[2017-06-17 14:46:09.439] [jointLog] [info] wrote 1 bootstraps
[2017-06-17 14:46:10.750] [jointLog] [info] wrote 2 bootstraps
[2017-06-17 14:46:11.323] [jointLog] [info] wrote 3 bootstraps
[2017-06-17 14:46:11.925] [jointLog] [info] wrote 4 bootstraps
[2017-06-17 14:46:12.055] [jointLog] [info] wrote 5 bootstraps
[2017-06-17 14:46:12.114] [jointLog] [info] wrote 6 bootstraps
[2017-06-17 14:46:12.299] [jointLog] [info] wrote 7 bootstraps
[2017-06-17 14:46:35.569] [jointLog] [info] wrote 8 bootstraps
[2017-06-17 14:46:40.368] [jointLog] [info] wrote 9 bootstraps
[2017-06-17 14:46:40.416] [jointLog] [info] wrote 10 bootstraps
[2017-06-17 14:46:41.454] [jointLog] [info] wrote 11 bootstraps
[2017-06-17 14:46:42.606] [jointLog] [info] wrote 12 bootstraps
[2017-06-17 14:46:44.563] [jointLog] [info] wrote 13 bootstraps
[2017-06-17 14:46:44.691] [jointLog] [info] wrote 14 bootstraps
[2017-06-17 14:47:04.774] [jointLog] [info] wrote 15 bootstraps
[2017-06-17 14:47:07.887] [jointLog] [info] wrote 16 bootstraps
[2017-06-17 14:47:08.337] [jointLog] [info] wrote 17 bootstraps
[2017-06-17 14:47:08.528] [jointLog] [info] wrote 18 bootstraps
[2017-06-17 14:47:10.142] [jointLog] [info] wrote 19 bootstraps
[2017-06-17 14:47:10.693] [jointLog] [info] wrote 20 bootstraps
[2017-06-17 14:47:12.456] [jointLog] [info] wrote 21 bootstraps
[2017-06-17 14:47:32.348] [jointLog] [info] wrote 22 bootstraps
[2017-06-17 14:47:34.860] [jointLog] [info] wrote 23 bootstraps
[2017-06-17 14:47:35.485] [jointLog] [info] wrote 24 bootstraps
[2017-06-17 14:47:36.173] [jointLog] [info] wrote 25 bootstraps
[2017-06-17 14:47:37.502] [jointLog] [info] wrote 26 bootstraps
[2017-06-17 14:47:39.145] [jointLog] [info] wrote 27 bootstraps
[2017-06-17 14:47:42.008] [jointLog] [info] wrote 28 bootstraps
[2017-06-17 14:48:00.264] [jointLog] [info] wrote 29 bootstraps
[2017-06-17 14:48:02.957] [jointLog] [info] wrote 30 bootstraps
[2017-06-17 14:48:03.448] [jointLog] [info] wrote 31 bootstraps
[2017-06-17 14:48:03.521] [jointLog] [info] wrote 32 bootstraps
[2017-06-17 14:48:05.461] [jointLog] [info] wrote 33 bootstraps
[2017-06-17 14:48:06.642] [jointLog] [info] wrote 34 bootstraps
[2017-06-17 14:48:08.626] [jointLog] [info] wrote 35 bootstraps
[2017-06-17 14:48:28.242] [jointLog] [info] wrote 36 bootstraps
[2017-06-17 14:48:29.141] [jointLog] [info] wrote 37 bootstraps
[2017-06-17 14:48:30.760] [jointLog] [info] wrote 38 bootstraps
[2017-06-17 14:48:31.805] [jointLog] [info] wrote 39 bootstraps
[2017-06-17 14:48:31.860] [jointLog] [info] wrote 40 bootstraps
[2017-06-17 14:48:33.139] [jointLog] [info] wrote 41 bootstraps
[2017-06-17 14:48:35.460] [jointLog] [info] wrote 42 bootstraps
[2017-06-17 14:48:53.752] [jointLog] [info] wrote 43 bootstraps
[2017-06-17 14:48:56.212] [jointLog] [info] wrote 44 bootstraps
[2017-06-17 14:48:57.377] [jointLog] [info] wrote 45 bootstraps
[2017-06-17 14:48:58.448] [jointLog] [info] wrote 46 bootstraps
[2017-06-17 14:48:59.077] [jointLog] [info] wrote 47 bootstraps
[2017-06-17 14:49:04.117] [jointLog] [info] wrote 48 bootstraps
[2017-06-17 14:49:05.025] [jointLog] [info] wrote 49 bootstraps
[2017-06-17 14:49:17.990] [jointLog] [info] wrote 50 bootstraps
[2017-06-17 14:49:21.034] [jointLog] [info] wrote 51 bootstraps
[2017-06-17 14:49:23.109] [jointLog] [info] wrote 52 bootstraps
[2017-06-17 14:49:23.924] [jointLog] [info] wrote 53 bootstraps
[2017-06-17 14:49:25.731] [jointLog] [info] wrote 54 bootstraps
[2017-06-17 14:49:30.502] [jointLog] [info] wrote 55 bootstraps
[2017-06-17 14:49:34.948] [jointLog] [info] wrote 56 bootstraps
[2017-06-17 14:49:44.455] [jointLog] [info] wrote 57 bootstraps
[2017-06-17 14:49:47.882] [jointLog] [info] wrote 58 bootstraps
[2017-06-17 14:49:49.037] [jointLog] [info] wrote 59 bootstraps
[2017-06-17 14:49:50.967] [jointLog] [info] wrote 60 bootstraps
[2017-06-17 14:49:52.007] [jointLog] [info] wrote 61 bootstraps
[2017-06-17 14:49:57.120] [jointLog] [info] wrote 62 bootstraps
[2017-06-17 14:50:03.044] [jointLog] [info] wrote 63 bootstraps
[2017-06-17 14:50:11.852] [jointLog] [info] wrote 64 bootstraps
[2017-06-17 14:50:16.704] [jointLog] [info] wrote 65 bootstraps
[2017-06-17 14:50:16.785] [jointLog] [info] wrote 66 bootstraps
[2017-06-17 14:50:19.946] [jointLog] [info] wrote 67 bootstraps
[2017-06-17 14:50:20.769] [jointLog] [info] wrote 68 bootstraps
[2017-06-17 14:50:22.060] [jointLog] [info] wrote 69 bootstraps
[2017-06-17 14:50:28.294] [jointLog] [info] wrote 70 bootstraps
[2017-06-17 14:50:39.273] [jointLog] [info] wrote 71 bootstraps
[2017-06-17 14:50:43.557] [jointLog] [info] wrote 72 bootstraps
[2017-06-17 14:50:44.034] [jointLog] [info] wrote 73 bootstraps
[2017-06-17 14:50:45.529] [jointLog] [info] wrote 74 bootstraps
[2017-06-17 14:50:46.578] [jointLog] [info] wrote 75 bootstraps
[2017-06-17 14:50:46.805] [jointLog] [info] wrote 76 bootstraps
[2017-06-17 14:51:00.246] [jointLog] [info] wrote 77 bootstraps
[2017-06-17 14:51:06.498] [jointLog] [info] wrote 78 bootstraps
[2017-06-17 14:51:08.342] [jointLog] [info] wrote 79 bootstraps
[2017-06-17 14:51:09.701] [jointLog] [info] wrote 80 bootstraps
[2017-06-17 14:51:11.354] [jointLog] [info] wrote 81 bootstraps
[2017-06-17 14:51:12.295] [jointLog] [info] wrote 82 bootstraps
[2017-06-17 14:51:13.301] [jointLog] [info] wrote 83 bootstraps
[2017-06-17 14:51:26.934] [jointLog] [info] wrote 84 bootstraps
[2017-06-17 14:51:31.252] [jointLog] [info] wrote 85 bootstraps
[2017-06-17 14:51:35.407] [jointLog] [info] wrote 86 bootstraps
[2017-06-17 14:51:35.652] [jointLog] [info] wrote 87 bootstraps
[2017-06-17 14:51:37.618] [jointLog] [info] wrote 88 bootstraps
[2017-06-17 14:51:38.065] [jointLog] [info] wrote 89 bootstraps
[2017-06-17 14:51:40.694] [jointLog] [info] wrote 90 bootstraps
[2017-06-17 14:51:52.519] [jointLog] [info] wrote 91 bootstraps
[2017-06-17 14:51:57.188] [jointLog] [info] wrote 92 bootstraps
[2017-06-17 14:52:01.029] [jointLog] [info] wrote 93 bootstraps
[2017-06-17 14:52:01.212] [jointLog] [info] wrote 94 bootstraps
[2017-06-17 14:52:02.075] [jointLog] [info] wrote 95 bootstraps
[2017-06-17 14:52:05.240] [jointLog] [info] wrote 96 bootstraps
[2017-06-17 14:52:05.320] [jointLog] [info] wrote 97 bootstraps
[2017-06-17 14:52:12.720] [jointLog] [info] wrote 98 bootstraps
[2017-06-17 14:52:14.481] [jointLog] [info] wrote 99 bootstraps
[2017-06-17 14:52:16.730] [jointLog] [info] wrote 100 bootstraps
[2017-06-17 14:52:16.753] [jointLog] [info] Finished Bootstrapping
