[2017-06-13 15:31:11.885] [jointLog] [info] parsing read library format
[2017-06-13 15:31:11.885] [jointLog] [info] There is 1 library.
[2017-06-13 15:31:11.991] [jointLog] [info] Loading Quasi index
[2017-06-13 15:31:11.992] [jointLog] [info] Loading 32-bit quasi index
[2017-06-13 15:31:30.916] [jointLog] [info] done
[2017-06-13 15:31:30.916] [jointLog] [info] Index contained 107368 targets
[2017-06-13 15:31:31.578] [jointLog] [info] Automatically detected most likely library type as IU
[2017-06-13 15:33:30.266] [jointLog] [info] Computed 146060 rich equivalence classes for further processing
[2017-06-13 15:33:30.266] [jointLog] [info] Counted 11606632 total reads in the equivalence classes 
[2017-06-13 15:33:30.286] [jointLog] [info] Mapping rate = 80.5917%

[2017-06-13 15:33:30.286] [jointLog] [info] finished quantifyLibrary()
[2017-06-13 15:33:30.286] [jointLog] [info] Starting optimizer
[2017-06-13 15:33:30.266] [fileLog] [info] 
At end of round 0
==================
Observed 14401762 total fragments (14401762 in most recent round)

[2017-06-13 15:33:32.478] [jointLog] [info] Marked 0 weighted equivalence classes as degenerate
[2017-06-13 15:33:32.482] [jointLog] [info] iteration = 0 | max rel diff. = 113.035
[2017-06-13 15:33:32.981] [jointLog] [info] iteration = 100 | max rel diff. = 0.101342
[2017-06-13 15:33:33.548] [jointLog] [info] iteration = 200 | max rel diff. = 0.0525814
[2017-06-13 15:33:34.122] [jointLog] [info] iteration = 300 | max rel diff. = 0.036585
[2017-06-13 15:33:34.697] [jointLog] [info] iteration = 400 | max rel diff. = 0.0256153
[2017-06-13 15:33:35.295] [jointLog] [info] iteration = 500 | max rel diff. = 0.0215736
[2017-06-13 15:33:35.898] [jointLog] [info] iteration = 600 | max rel diff. = 0.0176978
[2017-06-13 15:33:36.466] [jointLog] [info] iteration = 700 | max rel diff. = 0.0141645
[2017-06-13 15:33:37.008] [jointLog] [info] iteration = 800 | max rel diff. = 0.0135103
[2017-06-13 15:33:37.564] [jointLog] [info] iteration = 900 | max rel diff. = 0.0129223
[2017-06-13 15:33:38.117] [jointLog] [info] iteration = 1000 | max rel diff. = 0.0105767
[2017-06-13 15:33:38.716] [jointLog] [info] iteration = 1100 | max rel diff. = 0.0104458
[2017-06-13 15:33:38.919] [jointLog] [info] iteration = 1135 | max rel diff. = 0.00984644
[2017-06-13 15:33:38.921] [jointLog] [info] Finished optimizer
[2017-06-13 15:33:38.921] [jointLog] [info] writing output 

[2017-06-17 16:18:26.326] [jointLog] [info] parsing read library format
[2017-06-17 16:18:26.326] [jointLog] [info] There is 1 library.
[2017-06-17 16:18:26.431] [jointLog] [info] Loading Quasi index
[2017-06-17 16:18:26.432] [jointLog] [info] Loading 32-bit quasi index
[2017-06-17 16:18:47.709] [jointLog] [info] done
[2017-06-17 16:18:47.709] [jointLog] [info] Index contained 107368 targets
[2017-06-17 16:18:48.398] [jointLog] [info] Automatically detected most likely library type as IU
[2017-06-17 16:20:45.351] [fileLog] [info] 
At end of round 0
==================
Observed 14401762 total fragments (14401762 in most recent round)

[2017-06-17 16:20:45.350] [jointLog] [info] Computed 146060 rich equivalence classes for further processing
[2017-06-17 16:20:45.350] [jointLog] [info] Counted 11606632 total reads in the equivalence classes 
[2017-06-17 16:20:45.369] [jointLog] [info] Mapping rate = 80.5917%

[2017-06-17 16:20:45.369] [jointLog] [info] finished quantifyLibrary()
[2017-06-17 16:20:45.390] [jointLog] [info] Starting optimizer
[2017-06-17 16:20:45.462] [jointLog] [info] Marked 0 weighted equivalence classes as degenerate
[2017-06-17 16:20:45.467] [jointLog] [info] iteration = 0 | max rel diff. = 113.035
[2017-06-17 16:20:46.045] [jointLog] [info] iteration = 100 | max rel diff. = 0.10134
[2017-06-17 16:20:46.642] [jointLog] [info] iteration = 200 | max rel diff. = 0.0525813
[2017-06-17 16:20:47.241] [jointLog] [info] iteration = 300 | max rel diff. = 0.0365709
[2017-06-17 16:20:47.798] [jointLog] [info] iteration = 400 | max rel diff. = 0.0256616
[2017-06-17 16:20:48.397] [jointLog] [info] iteration = 500 | max rel diff. = 0.0215733
[2017-06-17 16:20:48.996] [jointLog] [info] iteration = 600 | max rel diff. = 0.0177066
[2017-06-17 16:20:49.605] [jointLog] [info] iteration = 700 | max rel diff. = 0.0141632
[2017-06-17 16:20:50.219] [jointLog] [info] iteration = 800 | max rel diff. = 0.0135266
[2017-06-17 16:20:50.795] [jointLog] [info] iteration = 900 | max rel diff. = 0.0129237
[2017-06-17 16:20:51.302] [jointLog] [info] iteration = 1000 | max rel diff. = 0.0105775
[2017-06-17 16:20:51.899] [jointLog] [info] iteration = 1100 | max rel diff. = 0.0104383
[2017-06-17 16:20:52.085] [jointLog] [info] iteration = 1136 | max rel diff. = 0.00984648
[2017-06-17 16:20:52.088] [jointLog] [info] Finished optimizer
[2017-06-17 16:20:52.088] [jointLog] [info] writing output 

[2017-06-17 16:20:52.406] [jointLog] [info] Starting Bootstrapping
[2017-06-17 16:20:52.442] [jointLog] [info] Will draw 100 bootstrap samples
[2017-06-17 16:20:52.442] [jointLog] [info] Optimizing over 146060 equivalence classes
[2017-06-17 16:20:52.466] [jointLog] [info] Marked 0 weighted equivalence classes as degenerate
[2017-06-17 16:21:22.055] [jointLog] [info] wrote 1 bootstraps
[2017-06-17 16:21:25.751] [jointLog] [info] wrote 2 bootstraps
[2017-06-17 16:21:25.804] [jointLog] [info] wrote 3 bootstraps
[2017-06-17 16:21:26.453] [jointLog] [info] wrote 4 bootstraps
[2017-06-17 16:21:29.426] [jointLog] [info] wrote 5 bootstraps
[2017-06-17 16:21:29.705] [jointLog] [info] wrote 6 bootstraps
[2017-06-17 16:21:30.260] [jointLog] [info] wrote 7 bootstraps
[2017-06-17 16:21:55.887] [jointLog] [info] wrote 8 bootstraps
[2017-06-17 16:21:58.341] [jointLog] [info] wrote 9 bootstraps
[2017-06-17 16:22:00.194] [jointLog] [info] wrote 10 bootstraps
[2017-06-17 16:22:03.255] [jointLog] [info] wrote 11 bootstraps
[2017-06-17 16:22:03.685] [jointLog] [info] wrote 12 bootstraps
[2017-06-17 16:22:07.152] [jointLog] [info] wrote 13 bootstraps
[2017-06-17 16:22:08.325] [jointLog] [info] wrote 14 bootstraps
[2017-06-17 16:22:27.982] [jointLog] [info] wrote 15 bootstraps
[2017-06-17 16:22:33.251] [jointLog] [info] wrote 16 bootstraps
[2017-06-17 16:22:33.983] [jointLog] [info] wrote 17 bootstraps
[2017-06-17 16:22:36.187] [jointLog] [info] wrote 18 bootstraps
[2017-06-17 16:22:40.829] [jointLog] [info] wrote 19 bootstraps
[2017-06-17 16:22:42.547] [jointLog] [info] wrote 20 bootstraps
[2017-06-17 16:22:45.570] [jointLog] [info] wrote 21 bootstraps
[2017-06-17 16:22:57.688] [jointLog] [info] wrote 22 bootstraps
[2017-06-17 16:23:08.940] [jointLog] [info] wrote 23 bootstraps
[2017-06-17 16:23:09.912] [jointLog] [info] wrote 24 bootstraps
[2017-06-17 16:23:12.833] [jointLog] [info] wrote 25 bootstraps
[2017-06-17 16:23:16.894] [jointLog] [info] wrote 26 bootstraps
[2017-06-17 16:23:17.058] [jointLog] [info] wrote 27 bootstraps
[2017-06-17 16:23:19.407] [jointLog] [info] wrote 28 bootstraps
[2017-06-17 16:23:37.307] [jointLog] [info] wrote 29 bootstraps
[2017-06-17 16:23:43.234] [jointLog] [info] wrote 30 bootstraps
[2017-06-17 16:23:46.112] [jointLog] [info] wrote 31 bootstraps
[2017-06-17 16:23:47.788] [jointLog] [info] wrote 32 bootstraps
[2017-06-17 16:23:49.299] [jointLog] [info] wrote 33 bootstraps
[2017-06-17 16:23:50.849] [jointLog] [info] wrote 34 bootstraps
[2017-06-17 16:23:51.766] [jointLog] [info] wrote 35 bootstraps
[2017-06-17 16:24:15.642] [jointLog] [info] wrote 36 bootstraps
[2017-06-17 16:24:18.314] [jointLog] [info] wrote 37 bootstraps
[2017-06-17 16:24:20.417] [jointLog] [info] wrote 38 bootstraps
[2017-06-17 16:24:20.893] [jointLog] [info] wrote 39 bootstraps
[2017-06-17 16:24:23.683] [jointLog] [info] wrote 40 bootstraps
[2017-06-17 16:24:24.456] [jointLog] [info] wrote 41 bootstraps
[2017-06-17 16:24:26.765] [jointLog] [info] wrote 42 bootstraps
[2017-06-17 16:24:49.597] [jointLog] [info] wrote 43 bootstraps
[2017-06-17 16:24:51.534] [jointLog] [info] wrote 44 bootstraps
[2017-06-17 16:24:53.957] [jointLog] [info] wrote 45 bootstraps
[2017-06-17 16:24:58.827] [jointLog] [info] wrote 46 bootstraps
[2017-06-17 16:24:59.992] [jointLog] [info] wrote 47 bootstraps
[2017-06-17 16:25:01.414] [jointLog] [info] wrote 48 bootstraps
[2017-06-17 16:25:06.387] [jointLog] [info] wrote 49 bootstraps
[2017-06-17 16:25:24.519] [jointLog] [info] wrote 50 bootstraps
[2017-06-17 16:25:25.148] [jointLog] [info] wrote 51 bootstraps
[2017-06-17 16:25:26.193] [jointLog] [info] wrote 52 bootstraps
[2017-06-17 16:25:30.624] [jointLog] [info] wrote 53 bootstraps
[2017-06-17 16:25:34.339] [jointLog] [info] wrote 54 bootstraps
[2017-06-17 16:25:37.403] [jointLog] [info] wrote 55 bootstraps
[2017-06-17 16:25:37.615] [jointLog] [info] wrote 56 bootstraps
[2017-06-17 16:25:59.598] [jointLog] [info] wrote 57 bootstraps
[2017-06-17 16:26:02.943] [jointLog] [info] wrote 58 bootstraps
[2017-06-17 16:26:03.236] [jointLog] [info] wrote 59 bootstraps
[2017-06-17 16:26:04.481] [jointLog] [info] wrote 60 bootstraps
[2017-06-17 16:26:05.087] [jointLog] [info] wrote 61 bootstraps
[2017-06-17 16:26:10.475] [jointLog] [info] wrote 62 bootstraps
[2017-06-17 16:26:11.467] [jointLog] [info] wrote 63 bootstraps
[2017-06-17 16:26:35.948] [jointLog] [info] wrote 64 bootstraps
[2017-06-17 16:26:37.445] [jointLog] [info] wrote 65 bootstraps
[2017-06-17 16:26:38.076] [jointLog] [info] wrote 66 bootstraps
[2017-06-17 16:26:40.193] [jointLog] [info] wrote 67 bootstraps
[2017-06-17 16:26:44.734] [jointLog] [info] wrote 68 bootstraps
[2017-06-17 16:26:46.336] [jointLog] [info] wrote 69 bootstraps
[2017-06-17 16:26:48.004] [jointLog] [info] wrote 70 bootstraps
[2017-06-17 16:27:11.914] [jointLog] [info] wrote 71 bootstraps
[2017-06-17 16:27:13.008] [jointLog] [info] wrote 72 bootstraps
[2017-06-17 16:27:13.858] [jointLog] [info] wrote 73 bootstraps
[2017-06-17 16:27:15.497] [jointLog] [info] wrote 74 bootstraps
[2017-06-17 16:27:17.094] [jointLog] [info] wrote 75 bootstraps
[2017-06-17 16:27:23.203] [jointLog] [info] wrote 76 bootstraps
[2017-06-17 16:27:23.740] [jointLog] [info] wrote 77 bootstraps
[2017-06-17 16:27:44.671] [jointLog] [info] wrote 78 bootstraps
[2017-06-17 16:27:49.602] [jointLog] [info] wrote 79 bootstraps
[2017-06-17 16:27:50.351] [jointLog] [info] wrote 80 bootstraps
[2017-06-17 16:27:51.591] [jointLog] [info] wrote 81 bootstraps
[2017-06-17 16:27:53.114] [jointLog] [info] wrote 82 bootstraps
[2017-06-17 16:27:56.442] [jointLog] [info] wrote 83 bootstraps
[2017-06-17 16:28:00.639] [jointLog] [info] wrote 84 bootstraps
[2017-06-17 16:28:23.739] [jointLog] [info] wrote 85 bootstraps
[2017-06-17 16:28:24.732] [jointLog] [info] wrote 86 bootstraps
[2017-06-17 16:28:25.698] [jointLog] [info] wrote 87 bootstraps
[2017-06-17 16:28:27.785] [jointLog] [info] wrote 88 bootstraps
[2017-06-17 16:28:28.124] [jointLog] [info] wrote 89 bootstraps
[2017-06-17 16:28:30.530] [jointLog] [info] wrote 90 bootstraps
[2017-06-17 16:28:32.105] [jointLog] [info] wrote 91 bootstraps
[2017-06-17 16:28:55.432] [jointLog] [info] wrote 92 bootstraps
[2017-06-17 16:28:58.724] [jointLog] [info] wrote 93 bootstraps
[2017-06-17 16:28:59.385] [jointLog] [info] wrote 94 bootstraps
[2017-06-17 16:28:59.491] [jointLog] [info] wrote 95 bootstraps
[2017-06-17 16:29:00.849] [jointLog] [info] wrote 96 bootstraps
[2017-06-17 16:29:03.020] [jointLog] [info] wrote 97 bootstraps
[2017-06-17 16:29:04.483] [jointLog] [info] wrote 98 bootstraps
[2017-06-17 16:29:16.819] [jointLog] [info] wrote 99 bootstraps
[2017-06-17 16:29:19.600] [jointLog] [info] wrote 100 bootstraps
[2017-06-17 16:29:19.627] [jointLog] [info] Finished Bootstrapping
