[2020-05-27 20:58:42.682] [jointLog] [info] parsing read library format
[2020-05-27 20:58:42.682] [jointLog] [info] There is 1 library.
[2020-05-27 20:58:42.771] [jointLog] [info] Loading Quasi index
[2020-05-27 20:58:42.773] [jointLog] [info] Loading 32-bit quasi index
[2020-05-27 20:58:47.211] [jointLog] [info] done
[2020-05-27 20:58:47.211] [jointLog] [info] Index contained 43313 targets
[2020-05-27 20:58:47.764] [jointLog] [info] Automatically detected most likely library type as IU
[2020-05-27 20:59:41.407] [fileLog] [info] 
At end of round 0
==================
Observed 14543028 total fragments (14543028 in most recent round)

[2020-05-27 20:59:41.407] [jointLog] [info] Computed 42209 rich equivalence classes for further processing
[2020-05-27 20:59:41.407] [jointLog] [info] Counted 12911358 total reads in the equivalence classes 
[2020-05-27 20:59:41.416] [jointLog] [info] Mapping rate = 88.7804%

[2020-05-27 20:59:41.416] [jointLog] [info] finished quantifyLibrary()
[2020-05-27 20:59:41.423] [jointLog] [info] Starting optimizer
[2020-05-27 20:59:41.779] [jointLog] [info] Marked 0 weighted equivalence classes as degenerate
[2020-05-27 20:59:41.780] [jointLog] [info] iteration = 0 | max rel diff. = 284.444
[2020-05-27 20:59:41.893] [jointLog] [info] iteration = 100 | max rel diff. = 0.114598
[2020-05-27 20:59:42.007] [jointLog] [info] iteration = 200 | max rel diff. = 0.0530349
[2020-05-27 20:59:42.121] [jointLog] [info] iteration = 300 | max rel diff. = 0.0363394
[2020-05-27 20:59:42.235] [jointLog] [info] iteration = 400 | max rel diff. = 0.0275361
[2020-05-27 20:59:42.348] [jointLog] [info] iteration = 500 | max rel diff. = 0.0222636
[2020-05-27 20:59:42.461] [jointLog] [info] iteration = 600 | max rel diff. = 0.0168949
[2020-05-27 20:59:42.575] [jointLog] [info] iteration = 700 | max rel diff. = 0.0152855
[2020-05-27 20:59:42.689] [jointLog] [info] iteration = 800 | max rel diff. = 0.0152856
[2020-05-27 20:59:42.804] [jointLog] [info] iteration = 900 | max rel diff. = 0.0147025
[2020-05-27 20:59:42.918] [jointLog] [info] iteration = 1000 | max rel diff. = 0.0100242
[2020-05-27 20:59:42.949] [jointLog] [info] iteration = 1028 | max rel diff. = 0.0093985
[2020-05-27 20:59:42.952] [jointLog] [info] Finished optimizer
[2020-05-27 20:59:42.952] [jointLog] [info] writing output 

