[2017-06-13 15:06:08.411] [jointLog] [info] parsing read library format
[2017-06-13 15:06:08.411] [jointLog] [info] There is 1 library.
[2017-06-13 15:13:23.870] [jointLog] [info] parsing read library format
[2017-06-13 15:13:23.870] [jointLog] [info] There is 1 library.
[2017-06-13 15:13:23.959] [jointLog] [info] Loading Quasi index
[2017-06-13 15:13:23.960] [jointLog] [info] Loading 32-bit quasi index
[2017-06-13 15:13:32.326] [jointLog] [info] done
[2017-06-13 15:13:32.326] [jointLog] [info] Index contained 107368 targets
[2017-06-13 15:13:32.987] [jointLog] [info] Automatically detected most likely library type as IU
[2017-06-13 15:14:48.998] [jointLog] [info] Computed 138914 rich equivalence classes for further processing
[2017-06-13 15:14:48.998] [jointLog] [info] Counted 6984743 total reads in the equivalence classes 
[2017-06-13 15:14:49.022] [jointLog] [info] Mapping rate = 82.1642%

[2017-06-13 15:14:49.022] [jointLog] [info] finished quantifyLibrary()
[2017-06-13 15:14:49.023] [jointLog] [info] Starting optimizer
[2017-06-13 15:14:48.998] [fileLog] [info] 
At end of round 0
==================
Observed 8500958 total fragments (8500958 in most recent round)

[2017-06-13 15:14:49.099] [jointLog] [info] Marked 0 weighted equivalence classes as degenerate
[2017-06-13 15:14:49.104] [jointLog] [info] iteration = 0 | max rel diff. = 90.0343
[2017-06-13 15:14:49.671] [jointLog] [info] iteration = 100 | max rel diff. = 0.106683
[2017-06-13 15:14:50.295] [jointLog] [info] iteration = 200 | max rel diff. = 0.0548751
[2017-06-13 15:14:50.918] [jointLog] [info] iteration = 300 | max rel diff. = 0.0349858
[2017-06-13 15:14:51.524] [jointLog] [info] iteration = 400 | max rel diff. = 0.0249685
[2017-06-13 15:14:52.135] [jointLog] [info] iteration = 500 | max rel diff. = 0.0202982
[2017-06-13 15:14:52.743] [jointLog] [info] iteration = 600 | max rel diff. = 0.016761
[2017-06-13 15:14:53.346] [jointLog] [info] iteration = 700 | max rel diff. = 0.0146833
[2017-06-13 15:14:53.940] [jointLog] [info] iteration = 800 | max rel diff. = 0.0162322
[2017-06-13 15:14:54.536] [jointLog] [info] iteration = 900 | max rel diff. = 0.0129652
[2017-06-13 15:14:55.154] [jointLog] [info] iteration = 1000 | max rel diff. = 0.0121238
[2017-06-13 15:14:55.557] [jointLog] [info] iteration = 1065 | max rel diff. = 0.00912789
[2017-06-13 15:14:55.560] [jointLog] [info] Finished optimizer
[2017-06-13 15:14:55.560] [jointLog] [info] writing output 

[2017-06-17 14:52:21.089] [jointLog] [info] parsing read library format
[2017-06-17 14:52:21.090] [jointLog] [info] There is 1 library.
[2017-06-17 14:52:21.184] [jointLog] [info] Loading Quasi index
[2017-06-17 14:52:21.184] [jointLog] [info] Loading 32-bit quasi index
[2017-06-17 14:52:29.275] [jointLog] [info] done
[2017-06-17 14:52:29.275] [jointLog] [info] Index contained 107368 targets
[2017-06-17 14:52:29.945] [jointLog] [info] Automatically detected most likely library type as IU
[2017-06-17 14:53:41.298] [fileLog] [info] 
At end of round 0
==================
Observed 8500958 total fragments (8500958 in most recent round)

[2017-06-17 14:53:41.298] [jointLog] [info] Computed 138914 rich equivalence classes for further processing
[2017-06-17 14:53:41.298] [jointLog] [info] Counted 6984743 total reads in the equivalence classes 
[2017-06-17 14:53:41.324] [jointLog] [info] Mapping rate = 82.1642%

[2017-06-17 14:53:41.324] [jointLog] [info] finished quantifyLibrary()
[2017-06-17 14:53:41.331] [jointLog] [info] Starting optimizer
[2017-06-17 14:53:41.421] [jointLog] [info] Marked 0 weighted equivalence classes as degenerate
[2017-06-17 14:53:41.426] [jointLog] [info] iteration = 0 | max rel diff. = 90.0342
[2017-06-17 14:53:41.960] [jointLog] [info] iteration = 100 | max rel diff. = 0.106521
[2017-06-17 14:53:42.524] [jointLog] [info] iteration = 200 | max rel diff. = 0.0548727
[2017-06-17 14:53:43.087] [jointLog] [info] iteration = 300 | max rel diff. = 0.0350704
[2017-06-17 14:53:43.646] [jointLog] [info] iteration = 400 | max rel diff. = 0.0249677
[2017-06-17 14:53:44.206] [jointLog] [info] iteration = 500 | max rel diff. = 0.0202982
[2017-06-17 14:53:44.723] [jointLog] [info] iteration = 600 | max rel diff. = 0.0167382
[2017-06-17 14:53:45.289] [jointLog] [info] iteration = 700 | max rel diff. = 0.0146881
[2017-06-17 14:53:45.852] [jointLog] [info] iteration = 800 | max rel diff. = 0.0162401
[2017-06-17 14:53:46.412] [jointLog] [info] iteration = 900 | max rel diff. = 0.0128852
[2017-06-17 14:53:46.929] [jointLog] [info] iteration = 1000 | max rel diff. = 0.0121239
[2017-06-17 14:53:47.274] [jointLog] [info] iteration = 1065 | max rel diff. = 0.00912636
[2017-06-17 14:53:47.277] [jointLog] [info] Finished optimizer
[2017-06-17 14:53:47.277] [jointLog] [info] writing output 

[2017-06-17 14:53:47.518] [jointLog] [info] Starting Bootstrapping
[2017-06-17 14:53:47.556] [jointLog] [info] Will draw 100 bootstrap samples
[2017-06-17 14:53:47.556] [jointLog] [info] Optimizing over 138914 equivalence classes
[2017-06-17 14:53:47.578] [jointLog] [info] Marked 0 weighted equivalence classes as degenerate
[2017-06-17 14:54:16.373] [jointLog] [info] wrote 1 bootstraps
[2017-06-17 14:54:17.099] [jointLog] [info] wrote 2 bootstraps
[2017-06-17 14:54:18.547] [jointLog] [info] wrote 3 bootstraps
[2017-06-17 14:54:20.785] [jointLog] [info] wrote 4 bootstraps
[2017-06-17 14:54:20.834] [jointLog] [info] wrote 5 bootstraps
[2017-06-17 14:54:21.405] [jointLog] [info] wrote 6 bootstraps
[2017-06-17 14:54:21.474] [jointLog] [info] wrote 7 bootstraps
[2017-06-17 14:54:44.941] [jointLog] [info] wrote 8 bootstraps
[2017-06-17 14:54:48.088] [jointLog] [info] wrote 9 bootstraps
[2017-06-17 14:54:49.732] [jointLog] [info] wrote 10 bootstraps
[2017-06-17 14:54:51.724] [jointLog] [info] wrote 11 bootstraps
[2017-06-17 14:54:51.778] [jointLog] [info] wrote 12 bootstraps
[2017-06-17 14:54:53.787] [jointLog] [info] wrote 13 bootstraps
[2017-06-17 14:54:55.143] [jointLog] [info] wrote 14 bootstraps
[2017-06-17 14:55:22.510] [jointLog] [info] wrote 15 bootstraps
[2017-06-17 14:55:22.894] [jointLog] [info] wrote 16 bootstraps
[2017-06-17 14:55:23.521] [jointLog] [info] wrote 17 bootstraps
[2017-06-17 14:55:24.087] [jointLog] [info] wrote 18 bootstraps
[2017-06-17 14:55:24.140] [jointLog] [info] wrote 19 bootstraps
[2017-06-17 14:55:26.612] [jointLog] [info] wrote 20 bootstraps
[2017-06-17 14:55:28.233] [jointLog] [info] wrote 21 bootstraps
[2017-06-17 14:55:51.356] [jointLog] [info] wrote 22 bootstraps
[2017-06-17 14:55:52.158] [jointLog] [info] wrote 23 bootstraps
[2017-06-17 14:55:53.472] [jointLog] [info] wrote 24 bootstraps
[2017-06-17 14:55:56.037] [jointLog] [info] wrote 25 bootstraps
[2017-06-17 14:55:56.956] [jointLog] [info] wrote 26 bootstraps
[2017-06-17 14:55:57.417] [jointLog] [info] wrote 27 bootstraps
[2017-06-17 14:55:58.637] [jointLog] [info] wrote 28 bootstraps
[2017-06-17 14:56:21.711] [jointLog] [info] wrote 29 bootstraps
[2017-06-17 14:56:23.377] [jointLog] [info] wrote 30 bootstraps
[2017-06-17 14:56:23.878] [jointLog] [info] wrote 31 bootstraps
[2017-06-17 14:56:26.370] [jointLog] [info] wrote 32 bootstraps
[2017-06-17 14:56:26.881] [jointLog] [info] wrote 33 bootstraps
[2017-06-17 14:56:27.169] [jointLog] [info] wrote 34 bootstraps
[2017-06-17 14:56:27.985] [jointLog] [info] wrote 35 bootstraps
[2017-06-17 14:56:49.639] [jointLog] [info] wrote 36 bootstraps
[2017-06-17 14:56:52.529] [jointLog] [info] wrote 37 bootstraps
[2017-06-17 14:56:54.938] [jointLog] [info] wrote 38 bootstraps
[2017-06-17 14:56:57.197] [jointLog] [info] wrote 39 bootstraps
[2017-06-17 14:56:57.834] [jointLog] [info] wrote 40 bootstraps
[2017-06-17 14:56:59.436] [jointLog] [info] wrote 41 bootstraps
[2017-06-17 14:57:02.068] [jointLog] [info] wrote 42 bootstraps
[2017-06-17 14:57:20.568] [jointLog] [info] wrote 43 bootstraps
[2017-06-17 14:57:25.024] [jointLog] [info] wrote 44 bootstraps
[2017-06-17 14:57:25.134] [jointLog] [info] wrote 45 bootstraps
[2017-06-17 14:57:26.619] [jointLog] [info] wrote 46 bootstraps
[2017-06-17 14:57:29.821] [jointLog] [info] wrote 47 bootstraps
[2017-06-17 14:57:32.193] [jointLog] [info] wrote 48 bootstraps
[2017-06-17 14:57:41.347] [jointLog] [info] wrote 49 bootstraps
[2017-06-17 14:57:53.395] [jointLog] [info] wrote 50 bootstraps
[2017-06-17 14:57:56.022] [jointLog] [info] wrote 51 bootstraps
[2017-06-17 14:57:56.629] [jointLog] [info] wrote 52 bootstraps
[2017-06-17 14:57:59.655] [jointLog] [info] wrote 53 bootstraps
[2017-06-17 14:58:00.968] [jointLog] [info] wrote 54 bootstraps
[2017-06-17 14:58:07.138] [jointLog] [info] wrote 55 bootstraps
[2017-06-17 14:58:12.988] [jointLog] [info] wrote 56 bootstraps
[2017-06-17 14:58:23.390] [jointLog] [info] wrote 57 bootstraps
[2017-06-17 14:58:25.262] [jointLog] [info] wrote 58 bootstraps
[2017-06-17 14:58:29.020] [jointLog] [info] wrote 59 bootstraps
[2017-06-17 14:58:29.353] [jointLog] [info] wrote 60 bootstraps
[2017-06-17 14:58:31.324] [jointLog] [info] wrote 61 bootstraps
[2017-06-17 14:58:36.765] [jointLog] [info] wrote 62 bootstraps
[2017-06-17 14:58:43.631] [jointLog] [info] wrote 63 bootstraps
[2017-06-17 14:58:52.858] [jointLog] [info] wrote 64 bootstraps
[2017-06-17 14:58:55.041] [jointLog] [info] wrote 65 bootstraps
[2017-06-17 14:58:57.554] [jointLog] [info] wrote 66 bootstraps
[2017-06-17 14:59:00.022] [jointLog] [info] wrote 67 bootstraps
[2017-06-17 14:59:02.751] [jointLog] [info] wrote 68 bootstraps
[2017-06-17 14:59:09.352] [jointLog] [info] wrote 69 bootstraps
[2017-06-17 14:59:13.345] [jointLog] [info] wrote 70 bootstraps
[2017-06-17 14:59:21.101] [jointLog] [info] wrote 71 bootstraps
[2017-06-17 14:59:25.553] [jointLog] [info] wrote 72 bootstraps
[2017-06-17 14:59:26.122] [jointLog] [info] wrote 73 bootstraps
[2017-06-17 14:59:29.076] [jointLog] [info] wrote 74 bootstraps
[2017-06-17 14:59:31.011] [jointLog] [info] wrote 75 bootstraps
[2017-06-17 14:59:38.364] [jointLog] [info] wrote 76 bootstraps
[2017-06-17 14:59:43.121] [jointLog] [info] wrote 77 bootstraps
[2017-06-17 14:59:50.626] [jointLog] [info] wrote 78 bootstraps
[2017-06-17 14:59:52.260] [jointLog] [info] wrote 79 bootstraps
[2017-06-17 14:59:58.095] [jointLog] [info] wrote 80 bootstraps
[2017-06-17 14:59:58.150] [jointLog] [info] wrote 81 bootstraps
[2017-06-17 15:00:03.370] [jointLog] [info] wrote 82 bootstraps
[2017-06-17 15:00:05.876] [jointLog] [info] wrote 83 bootstraps
[2017-06-17 15:00:10.440] [jointLog] [info] wrote 84 bootstraps
[2017-06-17 15:00:21.289] [jointLog] [info] wrote 85 bootstraps
[2017-06-17 15:00:22.096] [jointLog] [info] wrote 86 bootstraps
[2017-06-17 15:00:27.311] [jointLog] [info] wrote 87 bootstraps
[2017-06-17 15:00:27.716] [jointLog] [info] wrote 88 bootstraps
[2017-06-17 15:00:32.103] [jointLog] [info] wrote 89 bootstraps
[2017-06-17 15:00:35.109] [jointLog] [info] wrote 90 bootstraps
[2017-06-17 15:00:48.614] [jointLog] [info] wrote 91 bootstraps
[2017-06-17 15:00:53.333] [jointLog] [info] wrote 92 bootstraps
[2017-06-17 15:00:54.214] [jointLog] [info] wrote 93 bootstraps
[2017-06-17 15:00:59.286] [jointLog] [info] wrote 94 bootstraps
[2017-06-17 15:01:00.763] [jointLog] [info] wrote 95 bootstraps
[2017-06-17 15:01:00.878] [jointLog] [info] wrote 96 bootstraps
[2017-06-17 15:01:03.697] [jointLog] [info] wrote 97 bootstraps
[2017-06-17 15:01:09.271] [jointLog] [info] wrote 98 bootstraps
[2017-06-17 15:01:13.733] [jointLog] [info] wrote 99 bootstraps
[2017-06-17 15:01:14.543] [jointLog] [info] wrote 100 bootstraps
[2017-06-17 15:01:14.569] [jointLog] [info] Finished Bootstrapping
