[2018-05-13 16:41:39.790] [jointLog] [info] parsing read library format
[2018-05-13 16:41:39.790] [jointLog] [info] There is 1 library.
[2018-05-13 16:41:39.934] [jointLog] [info] Loading Quasi index
[2018-05-13 16:41:39.972] [jointLog] [info] Loading 32-bit quasi index
[2018-05-13 16:42:27.903] [jointLog] [info] done
[2018-05-13 16:42:27.903] [jointLog] [info] Index contained 107368 targets
[2018-05-13 16:42:28.482] [jointLog] [info] Automatically detected most likely library type as IU
[2018-05-13 16:43:42.466] [jointLog] [info] Computed 154739 rich equivalence classes for further processing
[2018-05-13 16:43:42.466] [jointLog] [info] Counted 9733041 total reads in the equivalence classes 
[2018-05-13 16:43:42.490] [jointLog] [info] Mapping rate = 88.4922%

[2018-05-13 16:43:42.490] [jointLog] [info] finished quantifyLibrary()
[2018-05-13 16:43:42.491] [jointLog] [info] Starting optimizer
[2018-05-13 16:43:42.466] [fileLog] [info] 
At end of round 0
==================
Observed 10998750 total fragments (10998750 in most recent round)

[2018-05-13 16:43:42.575] [jointLog] [info] Marked 0 weighted equivalence classes as degenerate
[2018-05-13 16:43:42.581] [jointLog] [info] iteration = 0 | max rel diff. = 91.277
[2018-05-13 16:43:43.273] [jointLog] [info] iteration = 100 | max rel diff. = 0.108147
[2018-05-13 16:43:43.971] [jointLog] [info] iteration = 200 | max rel diff. = 0.0549501
[2018-05-13 16:43:44.651] [jointLog] [info] iteration = 300 | max rel diff. = 0.0345251
[2018-05-13 16:43:45.331] [jointLog] [info] iteration = 400 | max rel diff. = 0.0260366
[2018-05-13 16:43:46.060] [jointLog] [info] iteration = 500 | max rel diff. = 0.0215359
[2018-05-13 16:43:46.841] [jointLog] [info] iteration = 600 | max rel diff. = 0.0175908
[2018-05-13 16:43:47.565] [jointLog] [info] iteration = 700 | max rel diff. = 0.0175901
[2018-05-13 16:43:48.334] [jointLog] [info] iteration = 800 | max rel diff. = 0.0128436
[2018-05-13 16:43:49.103] [jointLog] [info] iteration = 900 | max rel diff. = 0.0124561
[2018-05-13 16:43:49.896] [jointLog] [info] iteration = 1000 | max rel diff. = 0.0124561
[2018-05-13 16:43:50.667] [jointLog] [info] iteration = 1100 | max rel diff. = 0.0124561
[2018-05-13 16:43:50.782] [jointLog] [info] iteration = 1114 | max rel diff. = 0.00924614
[2018-05-13 16:43:50.786] [jointLog] [info] Finished optimizer
[2018-05-13 16:43:50.786] [jointLog] [info] writing output 

[2018-05-13 16:43:50.973] [jointLog] [info] Starting Bootstrapping
[2018-05-13 16:43:51.041] [jointLog] [info] Will draw 100 bootstrap samples
[2018-05-13 16:43:51.041] [jointLog] [info] Optimizing over 154739 equivalence classes
[2018-05-13 16:43:51.071] [jointLog] [info] Marked 0 weighted equivalence classes as degenerate
[2018-05-13 16:44:35.688] [jointLog] [info] wrote 1 bootstraps
[2018-05-13 16:44:36.690] [jointLog] [info] wrote 2 bootstraps
[2018-05-13 16:44:38.182] [jointLog] [info] wrote 3 bootstraps
[2018-05-13 16:44:38.890] [jointLog] [info] wrote 4 bootstraps
[2018-05-13 16:44:39.688] [jointLog] [info] wrote 5 bootstraps
[2018-05-13 16:44:42.194] [jointLog] [info] wrote 6 bootstraps
[2018-05-13 16:44:42.383] [jointLog] [info] wrote 7 bootstraps
[2018-05-13 16:45:24.376] [jointLog] [info] wrote 8 bootstraps
[2018-05-13 16:45:26.372] [jointLog] [info] wrote 9 bootstraps
[2018-05-13 16:45:28.541] [jointLog] [info] wrote 10 bootstraps
[2018-05-13 16:45:28.645] [jointLog] [info] wrote 11 bootstraps
[2018-05-13 16:45:29.166] [jointLog] [info] wrote 12 bootstraps
[2018-05-13 16:45:29.884] [jointLog] [info] wrote 13 bootstraps
[2018-05-13 16:45:35.584] [jointLog] [info] wrote 14 bootstraps
[2018-05-13 16:46:13.130] [jointLog] [info] wrote 15 bootstraps
[2018-05-13 16:46:15.264] [jointLog] [info] wrote 16 bootstraps
[2018-05-13 16:46:15.784] [jointLog] [info] wrote 17 bootstraps
[2018-05-13 16:46:20.407] [jointLog] [info] wrote 18 bootstraps
[2018-05-13 16:46:21.713] [jointLog] [info] wrote 19 bootstraps
[2018-05-13 16:46:21.859] [jointLog] [info] wrote 20 bootstraps
[2018-05-13 16:46:27.738] [jointLog] [info] wrote 21 bootstraps
[2018-05-13 16:47:00.880] [jointLog] [info] wrote 22 bootstraps
[2018-05-13 16:47:06.719] [jointLog] [info] wrote 23 bootstraps
[2018-05-13 16:47:08.172] [jointLog] [info] wrote 24 bootstraps
[2018-05-13 16:47:08.999] [jointLog] [info] wrote 25 bootstraps
[2018-05-13 16:47:11.173] [jointLog] [info] wrote 26 bootstraps
[2018-05-13 16:47:11.425] [jointLog] [info] wrote 27 bootstraps
[2018-05-13 16:47:20.790] [jointLog] [info] wrote 28 bootstraps
[2018-05-13 16:47:51.225] [jointLog] [info] wrote 29 bootstraps
[2018-05-13 16:47:58.227] [jointLog] [info] wrote 30 bootstraps
[2018-05-13 16:47:59.904] [jointLog] [info] wrote 31 bootstraps
[2018-05-13 16:48:00.909] [jointLog] [info] wrote 32 bootstraps
[2018-05-13 16:48:04.760] [jointLog] [info] wrote 33 bootstraps
[2018-05-13 16:48:06.177] [jointLog] [info] wrote 34 bootstraps
[2018-05-13 16:48:15.242] [jointLog] [info] wrote 35 bootstraps
[2018-05-13 16:48:38.653] [jointLog] [info] wrote 36 bootstraps
[2018-05-13 16:48:46.580] [jointLog] [info] wrote 37 bootstraps
[2018-05-13 16:48:48.108] [jointLog] [info] wrote 38 bootstraps
[2018-05-13 16:48:50.590] [jointLog] [info] wrote 39 bootstraps
[2018-05-13 16:48:51.141] [jointLog] [info] wrote 40 bootstraps
[2018-05-13 16:48:52.034] [jointLog] [info] wrote 41 bootstraps
[2018-05-13 16:49:02.300] [jointLog] [info] wrote 42 bootstraps
[2018-05-13 16:49:31.261] [jointLog] [info] wrote 43 bootstraps
[2018-05-13 16:49:32.275] [jointLog] [info] wrote 44 bootstraps
[2018-05-13 16:49:34.493] [jointLog] [info] wrote 45 bootstraps
[2018-05-13 16:49:36.833] [jointLog] [info] wrote 46 bootstraps
[2018-05-13 16:49:40.786] [jointLog] [info] wrote 47 bootstraps
[2018-05-13 16:49:42.125] [jointLog] [info] wrote 48 bootstraps
[2018-05-13 16:49:45.990] [jointLog] [info] wrote 49 bootstraps
[2018-05-13 16:50:17.909] [jointLog] [info] wrote 50 bootstraps
[2018-05-13 16:50:18.519] [jointLog] [info] wrote 51 bootstraps
[2018-05-13 16:50:20.540] [jointLog] [info] wrote 52 bootstraps
[2018-05-13 16:50:23.271] [jointLog] [info] wrote 53 bootstraps
[2018-05-13 16:50:26.512] [jointLog] [info] wrote 54 bootstraps
[2018-05-13 16:50:26.713] [jointLog] [info] wrote 55 bootstraps
[2018-05-13 16:50:35.029] [jointLog] [info] wrote 56 bootstraps
[2018-05-13 16:51:01.873] [jointLog] [info] wrote 57 bootstraps
[2018-05-13 16:51:04.890] [jointLog] [info] wrote 58 bootstraps
[2018-05-13 16:51:06.912] [jointLog] [info] wrote 59 bootstraps
[2018-05-13 16:51:08.684] [jointLog] [info] wrote 60 bootstraps
[2018-05-13 16:51:13.972] [jointLog] [info] wrote 61 bootstraps
[2018-05-13 16:51:14.240] [jointLog] [info] wrote 62 bootstraps
[2018-05-13 16:51:19.932] [jointLog] [info] wrote 63 bootstraps
[2018-05-13 16:51:44.225] [jointLog] [info] wrote 64 bootstraps
[2018-05-13 16:51:48.751] [jointLog] [info] wrote 65 bootstraps
[2018-05-13 16:51:49.697] [jointLog] [info] wrote 66 bootstraps
[2018-05-13 16:51:54.997] [jointLog] [info] wrote 67 bootstraps
[2018-05-13 16:52:00.433] [jointLog] [info] wrote 68 bootstraps
[2018-05-13 16:52:00.926] [jointLog] [info] wrote 69 bootstraps
[2018-05-13 16:52:04.832] [jointLog] [info] wrote 70 bootstraps
[2018-05-13 16:52:28.949] [jointLog] [info] wrote 71 bootstraps
[2018-05-13 16:52:40.578] [jointLog] [info] wrote 72 bootstraps
[2018-05-13 16:52:40.980] [jointLog] [info] wrote 73 bootstraps
[2018-05-13 16:52:41.921] [jointLog] [info] wrote 74 bootstraps
[2018-05-13 16:52:44.081] [jointLog] [info] wrote 75 bootstraps
[2018-05-13 16:52:50.516] [jointLog] [info] wrote 76 bootstraps
[2018-05-13 16:52:55.444] [jointLog] [info] wrote 77 bootstraps
[2018-05-13 16:53:12.567] [jointLog] [info] wrote 78 bootstraps
[2018-05-13 16:53:27.047] [jointLog] [info] wrote 79 bootstraps
[2018-05-13 16:53:27.126] [jointLog] [info] wrote 80 bootstraps
[2018-05-13 16:53:34.060] [jointLog] [info] wrote 81 bootstraps
[2018-05-13 16:53:34.526] [jointLog] [info] wrote 82 bootstraps
[2018-05-13 16:53:38.246] [jointLog] [info] wrote 83 bootstraps
[2018-05-13 16:53:40.578] [jointLog] [info] wrote 84 bootstraps
[2018-05-13 16:53:53.567] [jointLog] [info] wrote 85 bootstraps
[2018-05-13 16:54:17.030] [jointLog] [info] wrote 86 bootstraps
[2018-05-13 16:54:17.300] [jointLog] [info] wrote 87 bootstraps
[2018-05-13 16:54:19.989] [jointLog] [info] wrote 88 bootstraps
[2018-05-13 16:54:22.045] [jointLog] [info] wrote 89 bootstraps
[2018-05-13 16:54:24.743] [jointLog] [info] wrote 90 bootstraps
[2018-05-13 16:54:25.373] [jointLog] [info] wrote 91 bootstraps
[2018-05-13 16:54:43.679] [jointLog] [info] wrote 92 bootstraps
[2018-05-13 16:55:02.948] [jointLog] [info] wrote 93 bootstraps
[2018-05-13 16:55:06.716] [jointLog] [info] wrote 94 bootstraps
[2018-05-13 16:55:07.451] [jointLog] [info] wrote 95 bootstraps
[2018-05-13 16:55:11.792] [jointLog] [info] wrote 96 bootstraps
[2018-05-13 16:55:11.834] [jointLog] [info] wrote 97 bootstraps
[2018-05-13 16:55:13.467] [jointLog] [info] wrote 98 bootstraps
[2018-05-13 16:55:20.915] [jointLog] [info] wrote 99 bootstraps
[2018-05-13 16:55:26.922] [jointLog] [info] wrote 100 bootstraps
[2018-05-13 16:55:26.953] [jointLog] [info] Finished Bootstrapping
