[2017-06-13 15:28:34.138] [jointLog] [info] parsing read library format
[2017-06-13 15:28:34.138] [jointLog] [info] There is 1 library.
[2017-06-13 15:28:34.239] [jointLog] [info] Loading Quasi index
[2017-06-13 15:28:34.240] [jointLog] [info] Loading 32-bit quasi index
[2017-06-13 15:28:42.785] [jointLog] [info] done
[2017-06-13 15:28:42.785] [jointLog] [info] Index contained 107368 targets
[2017-06-13 15:28:43.572] [jointLog] [info] Automatically detected most likely library type as IU
[2017-06-13 15:31:01.636] [jointLog] [info] Computed 144442 rich equivalence classes for further processing
[2017-06-13 15:31:01.636] [jointLog] [info] Counted 13957094 total reads in the equivalence classes 
[2017-06-13 15:31:01.654] [jointLog] [info] Mapping rate = 86.0664%

[2017-06-13 15:31:01.654] [jointLog] [info] finished quantifyLibrary()
[2017-06-13 15:31:01.654] [jointLog] [info] Starting optimizer
[2017-06-13 15:31:01.726] [jointLog] [info] Marked 0 weighted equivalence classes as degenerate
[2017-06-13 15:31:01.731] [jointLog] [info] iteration = 0 | max rel diff. = 115.421
[2017-06-13 15:31:01.636] [fileLog] [info] 
At end of round 0
==================
Observed 16216665 total fragments (16216665 in most recent round)

[2017-06-13 15:31:02.251] [jointLog] [info] iteration = 100 | max rel diff. = 0.104299
[2017-06-13 15:31:02.800] [jointLog] [info] iteration = 200 | max rel diff. = 0.0521791
[2017-06-13 15:31:03.361] [jointLog] [info] iteration = 300 | max rel diff. = 0.0609959
[2017-06-13 15:31:03.910] [jointLog] [info] iteration = 400 | max rel diff. = 0.0288635
[2017-06-13 15:31:04.466] [jointLog] [info] iteration = 500 | max rel diff. = 0.0227393
[2017-06-13 15:31:05.065] [jointLog] [info] iteration = 600 | max rel diff. = 0.0192844
[2017-06-13 15:31:05.645] [jointLog] [info] iteration = 700 | max rel diff. = 0.0155697
[2017-06-13 15:31:06.257] [jointLog] [info] iteration = 800 | max rel diff. = 0.0135152
[2017-06-13 15:31:06.847] [jointLog] [info] iteration = 900 | max rel diff. = 0.0128498
[2017-06-13 15:31:07.437] [jointLog] [info] iteration = 1000 | max rel diff. = 0.0104416
[2017-06-13 15:31:07.678] [jointLog] [info] iteration = 1041 | max rel diff. = 0.00994207
[2017-06-13 15:31:07.681] [jointLog] [info] Finished optimizer
[2017-06-13 15:31:07.681] [jointLog] [info] writing output 

[2017-06-17 16:06:27.416] [jointLog] [info] parsing read library format
[2017-06-17 16:06:27.416] [jointLog] [info] There is 1 library.
[2017-06-17 16:06:27.749] [jointLog] [info] Loading Quasi index
[2017-06-17 16:06:27.769] [jointLog] [info] Loading 32-bit quasi index
[2017-06-17 16:08:00.411] [jointLog] [info] done
[2017-06-17 16:08:00.411] [jointLog] [info] Index contained 107368 targets
[2017-06-17 16:08:01.867] [jointLog] [info] Automatically detected most likely library type as IU
[2017-06-17 16:10:06.863] [fileLog] [info] 
At end of round 0
==================
Observed 16216665 total fragments (16216665 in most recent round)

[2017-06-17 16:10:06.862] [jointLog] [info] Computed 144442 rich equivalence classes for further processing
[2017-06-17 16:10:06.862] [jointLog] [info] Counted 13957094 total reads in the equivalence classes 
[2017-06-17 16:10:06.879] [jointLog] [info] Mapping rate = 86.0664%

[2017-06-17 16:10:06.879] [jointLog] [info] finished quantifyLibrary()
[2017-06-17 16:10:06.892] [jointLog] [info] Starting optimizer
[2017-06-17 16:10:06.965] [jointLog] [info] Marked 0 weighted equivalence classes as degenerate
[2017-06-17 16:10:06.970] [jointLog] [info] iteration = 0 | max rel diff. = 115.421
[2017-06-17 16:10:07.470] [jointLog] [info] iteration = 100 | max rel diff. = 0.104299
[2017-06-17 16:10:07.997] [jointLog] [info] iteration = 200 | max rel diff. = 0.0521804
[2017-06-17 16:10:08.595] [jointLog] [info] iteration = 300 | max rel diff. = 0.063337
[2017-06-17 16:10:09.137] [jointLog] [info] iteration = 400 | max rel diff. = 0.0288634
[2017-06-17 16:10:09.686] [jointLog] [info] iteration = 500 | max rel diff. = 0.0227533
[2017-06-17 16:10:10.297] [jointLog] [info] iteration = 600 | max rel diff. = 0.0192844
[2017-06-17 16:10:10.905] [jointLog] [info] iteration = 700 | max rel diff. = 0.0155691
[2017-06-17 16:10:11.486] [jointLog] [info] iteration = 800 | max rel diff. = 0.0135134
[2017-06-17 16:10:12.082] [jointLog] [info] iteration = 900 | max rel diff. = 0.0128509
[2017-06-17 16:10:12.656] [jointLog] [info] iteration = 1000 | max rel diff. = 0.010475
[2017-06-17 16:10:12.849] [jointLog] [info] iteration = 1038 | max rel diff. = 0.00994207
[2017-06-17 16:10:12.852] [jointLog] [info] Finished optimizer
[2017-06-17 16:10:12.852] [jointLog] [info] writing output 

[2017-06-17 16:10:13.024] [jointLog] [info] Starting Bootstrapping
[2017-06-17 16:10:13.062] [jointLog] [info] Will draw 100 bootstrap samples
[2017-06-17 16:10:13.062] [jointLog] [info] Optimizing over 144442 equivalence classes
[2017-06-17 16:10:13.087] [jointLog] [info] Marked 0 weighted equivalence classes as degenerate
[2017-06-17 16:10:45.394] [jointLog] [info] wrote 1 bootstraps
[2017-06-17 16:10:46.343] [jointLog] [info] wrote 2 bootstraps
[2017-06-17 16:10:46.917] [jointLog] [info] wrote 3 bootstraps
[2017-06-17 16:10:47.003] [jointLog] [info] wrote 4 bootstraps
[2017-06-17 16:10:48.386] [jointLog] [info] wrote 5 bootstraps
[2017-06-17 16:10:50.099] [jointLog] [info] wrote 6 bootstraps
[2017-06-17 16:10:55.361] [jointLog] [info] wrote 7 bootstraps
[2017-06-17 16:11:18.224] [jointLog] [info] wrote 8 bootstraps
[2017-06-17 16:11:19.644] [jointLog] [info] wrote 9 bootstraps
[2017-06-17 16:11:20.789] [jointLog] [info] wrote 10 bootstraps
[2017-06-17 16:11:21.816] [jointLog] [info] wrote 11 bootstraps
[2017-06-17 16:11:25.366] [jointLog] [info] wrote 12 bootstraps
[2017-06-17 16:11:26.292] [jointLog] [info] wrote 13 bootstraps
[2017-06-17 16:11:28.471] [jointLog] [info] wrote 14 bootstraps
[2017-06-17 16:11:51.666] [jointLog] [info] wrote 15 bootstraps
[2017-06-17 16:11:53.673] [jointLog] [info] wrote 16 bootstraps
[2017-06-17 16:11:53.805] [jointLog] [info] wrote 17 bootstraps
[2017-06-17 16:11:58.030] [jointLog] [info] wrote 18 bootstraps
[2017-06-17 16:11:58.558] [jointLog] [info] wrote 19 bootstraps
[2017-06-17 16:11:59.495] [jointLog] [info] wrote 20 bootstraps
[2017-06-17 16:12:01.297] [jointLog] [info] wrote 21 bootstraps
[2017-06-17 16:12:25.024] [jointLog] [info] wrote 22 bootstraps
[2017-06-17 16:12:26.027] [jointLog] [info] wrote 23 bootstraps
[2017-06-17 16:12:29.442] [jointLog] [info] wrote 24 bootstraps
[2017-06-17 16:12:30.100] [jointLog] [info] wrote 25 bootstraps
[2017-06-17 16:12:32.567] [jointLog] [info] wrote 26 bootstraps
[2017-06-17 16:12:33.157] [jointLog] [info] wrote 27 bootstraps
[2017-06-17 16:12:35.524] [jointLog] [info] wrote 28 bootstraps
[2017-06-17 16:12:59.137] [jointLog] [info] wrote 29 bootstraps
[2017-06-17 16:13:02.532] [jointLog] [info] wrote 30 bootstraps
[2017-06-17 16:13:03.410] [jointLog] [info] wrote 31 bootstraps
[2017-06-17 16:13:04.948] [jointLog] [info] wrote 32 bootstraps
[2017-06-17 16:13:05.000] [jointLog] [info] wrote 33 bootstraps
[2017-06-17 16:13:07.869] [jointLog] [info] wrote 34 bootstraps
[2017-06-17 16:13:11.553] [jointLog] [info] wrote 35 bootstraps
[2017-06-17 16:13:35.849] [jointLog] [info] wrote 36 bootstraps
[2017-06-17 16:13:36.979] [jointLog] [info] wrote 37 bootstraps
[2017-06-17 16:13:38.211] [jointLog] [info] wrote 38 bootstraps
[2017-06-17 16:13:39.455] [jointLog] [info] wrote 39 bootstraps
[2017-06-17 16:13:40.173] [jointLog] [info] wrote 40 bootstraps
[2017-06-17 16:13:43.205] [jointLog] [info] wrote 41 bootstraps
[2017-06-17 16:13:44.727] [jointLog] [info] wrote 42 bootstraps
[2017-06-17 16:14:07.967] [jointLog] [info] wrote 43 bootstraps
[2017-06-17 16:14:09.052] [jointLog] [info] wrote 44 bootstraps
[2017-06-17 16:14:10.610] [jointLog] [info] wrote 45 bootstraps
[2017-06-17 16:14:10.890] [jointLog] [info] wrote 46 bootstraps
[2017-06-17 16:14:14.482] [jointLog] [info] wrote 47 bootstraps
[2017-06-17 16:14:18.256] [jointLog] [info] wrote 48 bootstraps
[2017-06-17 16:14:18.637] [jointLog] [info] wrote 49 bootstraps
[2017-06-17 16:14:42.943] [jointLog] [info] wrote 50 bootstraps
[2017-06-17 16:14:45.682] [jointLog] [info] wrote 51 bootstraps
[2017-06-17 16:14:46.516] [jointLog] [info] wrote 52 bootstraps
[2017-06-17 16:14:46.677] [jointLog] [info] wrote 53 bootstraps
[2017-06-17 16:14:47.994] [jointLog] [info] wrote 54 bootstraps
[2017-06-17 16:14:50.475] [jointLog] [info] wrote 55 bootstraps
[2017-06-17 16:14:50.717] [jointLog] [info] wrote 56 bootstraps
[2017-06-17 16:15:15.780] [jointLog] [info] wrote 57 bootstraps
[2017-06-17 16:15:17.239] [jointLog] [info] wrote 58 bootstraps
[2017-06-17 16:15:19.588] [jointLog] [info] wrote 59 bootstraps
[2017-06-17 16:15:19.890] [jointLog] [info] wrote 60 bootstraps
[2017-06-17 16:15:21.757] [jointLog] [info] wrote 61 bootstraps
[2017-06-17 16:15:22.329] [jointLog] [info] wrote 62 bootstraps
[2017-06-17 16:15:23.913] [jointLog] [info] wrote 63 bootstraps
[2017-06-17 16:15:48.101] [jointLog] [info] wrote 64 bootstraps
[2017-06-17 16:15:49.224] [jointLog] [info] wrote 65 bootstraps
[2017-06-17 16:15:49.642] [jointLog] [info] wrote 66 bootstraps
[2017-06-17 16:15:52.385] [jointLog] [info] wrote 67 bootstraps
[2017-06-17 16:15:54.091] [jointLog] [info] wrote 68 bootstraps
[2017-06-17 16:15:54.977] [jointLog] [info] wrote 69 bootstraps
[2017-06-17 16:16:02.683] [jointLog] [info] wrote 70 bootstraps
[2017-06-17 16:16:20.445] [jointLog] [info] wrote 71 bootstraps
[2017-06-17 16:16:21.019] [jointLog] [info] wrote 72 bootstraps
[2017-06-17 16:16:21.911] [jointLog] [info] wrote 73 bootstraps
[2017-06-17 16:16:26.053] [jointLog] [info] wrote 74 bootstraps
[2017-06-17 16:16:26.700] [jointLog] [info] wrote 75 bootstraps
[2017-06-17 16:16:27.134] [jointLog] [info] wrote 76 bootstraps
[2017-06-17 16:16:36.228] [jointLog] [info] wrote 77 bootstraps
[2017-06-17 16:16:52.000] [jointLog] [info] wrote 78 bootstraps
[2017-06-17 16:16:53.759] [jointLog] [info] wrote 79 bootstraps
[2017-06-17 16:16:57.528] [jointLog] [info] wrote 80 bootstraps
[2017-06-17 16:16:58.371] [jointLog] [info] wrote 81 bootstraps
[2017-06-17 16:17:02.175] [jointLog] [info] wrote 82 bootstraps
[2017-06-17 16:17:03.981] [jointLog] [info] wrote 83 bootstraps
[2017-06-17 16:17:10.664] [jointLog] [info] wrote 84 bootstraps
[2017-06-17 16:17:26.824] [jointLog] [info] wrote 85 bootstraps
[2017-06-17 16:17:28.130] [jointLog] [info] wrote 86 bootstraps
[2017-06-17 16:17:30.703] [jointLog] [info] wrote 87 bootstraps
[2017-06-17 16:17:32.067] [jointLog] [info] wrote 88 bootstraps
[2017-06-17 16:17:35.234] [jointLog] [info] wrote 89 bootstraps
[2017-06-17 16:17:37.589] [jointLog] [info] wrote 90 bootstraps
[2017-06-17 16:17:44.756] [jointLog] [info] wrote 91 bootstraps
[2017-06-17 16:18:01.197] [jointLog] [info] wrote 92 bootstraps
[2017-06-17 16:18:02.182] [jointLog] [info] wrote 93 bootstraps
[2017-06-17 16:18:03.998] [jointLog] [info] wrote 94 bootstraps
[2017-06-17 16:18:04.761] [jointLog] [info] wrote 95 bootstraps
[2017-06-17 16:18:05.542] [jointLog] [info] wrote 96 bootstraps
[2017-06-17 16:18:12.224] [jointLog] [info] wrote 97 bootstraps
[2017-06-17 16:18:12.854] [jointLog] [info] wrote 98 bootstraps
[2017-06-17 16:18:20.331] [jointLog] [info] wrote 99 bootstraps
[2017-06-17 16:18:22.006] [jointLog] [info] wrote 100 bootstraps
[2017-06-17 16:18:22.034] [jointLog] [info] Finished Bootstrapping
