[2017-07-17 11:42:29.820] [jointLog] [info] parsing read library format
[2017-07-17 11:42:29.820] [jointLog] [info] There is 1 library.
[2017-07-17 11:42:29.935] [jointLog] [info] Loading Quasi index
[2017-07-17 11:42:29.935] [jointLog] [info] Loading 32-bit quasi index
[2017-07-17 11:42:47.721] [jointLog] [info] done
[2017-07-17 11:42:47.721] [jointLog] [info] Index contained 107368 targets
[2017-07-17 11:42:48.459] [jointLog] [info] Automatically detected most likely library type as IU
[2017-07-17 11:44:19.978] [jointLog] [info] Computed 136899 rich equivalence classes for further processing
[2017-07-17 11:44:19.978] [jointLog] [info] Counted 7682925 total reads in the equivalence classes 
[2017-07-17 11:44:20.007] [jointLog] [info] Mapping rate = 81.6706%

[2017-07-17 11:44:20.007] [jointLog] [info] finished quantifyLibrary()
[2017-07-17 11:44:20.019] [jointLog] [info] Starting optimizer
[2017-07-17 11:44:19.978] [fileLog] [info] 
At end of round 0
==================
Observed 9407214 total fragments (9407214 in most recent round)

[2017-07-17 11:44:20.097] [jointLog] [info] Marked 0 weighted equivalence classes as degenerate
[2017-07-17 11:44:20.103] [jointLog] [info] iteration = 0 | max rel diff. = 100.785
[2017-07-17 11:44:20.666] [jointLog] [info] iteration = 100 | max rel diff. = 0.171583
[2017-07-17 11:44:21.242] [jointLog] [info] iteration = 200 | max rel diff. = 0.0512066
[2017-07-17 11:44:21.816] [jointLog] [info] iteration = 300 | max rel diff. = 0.0349374
[2017-07-17 11:44:22.402] [jointLog] [info] iteration = 400 | max rel diff. = 0.0262195
[2017-07-17 11:44:22.981] [jointLog] [info] iteration = 500 | max rel diff. = 0.0205761
[2017-07-17 11:44:23.565] [jointLog] [info] iteration = 600 | max rel diff. = 0.0255378
[2017-07-17 11:44:24.141] [jointLog] [info] iteration = 700 | max rel diff. = 0.0365244
[2017-07-17 11:44:24.709] [jointLog] [info] iteration = 800 | max rel diff. = 0.0138617
[2017-07-17 11:44:25.270] [jointLog] [info] iteration = 900 | max rel diff. = 0.0127775
[2017-07-17 11:44:25.836] [jointLog] [info] iteration = 1000 | max rel diff. = 0.0128958
[2017-07-17 11:44:26.418] [jointLog] [info] iteration = 1100 | max rel diff. = 0.0107557
[2017-07-17 11:44:26.977] [jointLog] [info] iteration = 1200 | max rel diff. = 0.0107557
[2017-07-17 11:44:27.023] [jointLog] [info] iteration = 1209 | max rel diff. = 0.0078755
[2017-07-17 11:44:27.026] [jointLog] [info] Finished optimizer
[2017-07-17 11:44:27.026] [jointLog] [info] writing output 

[2017-07-17 11:44:27.209] [jointLog] [info] Starting Bootstrapping
[2017-07-17 11:44:27.247] [jointLog] [info] Will draw 100 bootstrap samples
[2017-07-17 11:44:27.247] [jointLog] [info] Optimizing over 136899 equivalence classes
[2017-07-17 11:44:27.274] [jointLog] [info] Marked 0 weighted equivalence classes as degenerate
[2017-07-17 11:44:58.909] [jointLog] [info] wrote 1 bootstraps
[2017-07-17 11:45:01.701] [jointLog] [info] wrote 2 bootstraps
[2017-07-17 11:45:03.849] [jointLog] [info] wrote 3 bootstraps
[2017-07-17 11:45:03.901] [jointLog] [info] wrote 4 bootstraps
[2017-07-17 11:45:04.161] [jointLog] [info] wrote 5 bootstraps
[2017-07-17 11:45:05.491] [jointLog] [info] wrote 6 bootstraps
[2017-07-17 11:45:05.758] [jointLog] [info] wrote 7 bootstraps
[2017-07-17 11:45:30.813] [jointLog] [info] wrote 8 bootstraps
[2017-07-17 11:45:36.650] [jointLog] [info] wrote 9 bootstraps
[2017-07-17 11:45:39.610] [jointLog] [info] wrote 10 bootstraps
[2017-07-17 11:45:39.871] [jointLog] [info] wrote 11 bootstraps
[2017-07-17 11:45:40.251] [jointLog] [info] wrote 12 bootstraps
[2017-07-17 11:45:40.317] [jointLog] [info] wrote 13 bootstraps
[2017-07-17 11:45:44.821] [jointLog] [info] wrote 14 bootstraps
[2017-07-17 11:46:07.235] [jointLog] [info] wrote 15 bootstraps
[2017-07-17 11:46:08.995] [jointLog] [info] wrote 16 bootstraps
[2017-07-17 11:46:09.225] [jointLog] [info] wrote 17 bootstraps
[2017-07-17 11:46:10.791] [jointLog] [info] wrote 18 bootstraps
[2017-07-17 11:46:16.464] [jointLog] [info] wrote 19 bootstraps
[2017-07-17 11:46:17.431] [jointLog] [info] wrote 20 bootstraps
[2017-07-17 11:46:18.301] [jointLog] [info] wrote 21 bootstraps
[2017-07-17 11:46:39.588] [jointLog] [info] wrote 22 bootstraps
[2017-07-17 11:46:42.406] [jointLog] [info] wrote 23 bootstraps
[2017-07-17 11:46:47.377] [jointLog] [info] wrote 24 bootstraps
[2017-07-17 11:46:48.879] [jointLog] [info] wrote 25 bootstraps
[2017-07-17 11:46:51.353] [jointLog] [info] wrote 26 bootstraps
[2017-07-17 11:46:54.889] [jointLog] [info] wrote 27 bootstraps
[2017-07-17 11:46:56.448] [jointLog] [info] wrote 28 bootstraps
[2017-07-17 11:47:14.714] [jointLog] [info] wrote 29 bootstraps
[2017-07-17 11:47:18.126] [jointLog] [info] wrote 30 bootstraps
[2017-07-17 11:47:25.576] [jointLog] [info] wrote 31 bootstraps
[2017-07-17 11:47:26.848] [jointLog] [info] wrote 32 bootstraps
[2017-07-17 11:47:27.166] [jointLog] [info] wrote 33 bootstraps
[2017-07-17 11:47:33.573] [jointLog] [info] wrote 34 bootstraps
[2017-07-17 11:47:33.632] [jointLog] [info] wrote 35 bootstraps
[2017-07-17 11:47:46.401] [jointLog] [info] wrote 36 bootstraps
[2017-07-17 11:47:56.746] [jointLog] [info] wrote 37 bootstraps
[2017-07-17 11:47:57.131] [jointLog] [info] wrote 38 bootstraps
[2017-07-17 11:48:00.279] [jointLog] [info] wrote 39 bootstraps
[2017-07-17 11:48:00.332] [jointLog] [info] wrote 40 bootstraps
[2017-07-17 11:48:10.029] [jointLog] [info] wrote 41 bootstraps
[2017-07-17 11:48:10.869] [jointLog] [info] wrote 42 bootstraps
[2017-07-17 11:48:19.736] [jointLog] [info] wrote 43 bootstraps
[2017-07-17 11:48:31.071] [jointLog] [info] wrote 44 bootstraps
[2017-07-17 11:48:32.078] [jointLog] [info] wrote 45 bootstraps
[2017-07-17 11:48:34.123] [jointLog] [info] wrote 46 bootstraps
[2017-07-17 11:48:39.405] [jointLog] [info] wrote 47 bootstraps
[2017-07-17 11:48:43.109] [jointLog] [info] wrote 48 bootstraps
[2017-07-17 11:48:50.645] [jointLog] [info] wrote 49 bootstraps
[2017-07-17 11:48:52.937] [jointLog] [info] wrote 50 bootstraps
[2017-07-17 11:49:08.313] [jointLog] [info] wrote 51 bootstraps
[2017-07-17 11:49:09.194] [jointLog] [info] wrote 52 bootstraps
[2017-07-17 11:49:16.254] [jointLog] [info] wrote 53 bootstraps
[2017-07-17 11:49:17.592] [jointLog] [info] wrote 54 bootstraps
[2017-07-17 11:49:17.879] [jointLog] [info] wrote 55 bootstraps
[2017-07-17 11:49:26.376] [jointLog] [info] wrote 56 bootstraps
[2017-07-17 11:49:34.382] [jointLog] [info] wrote 57 bootstraps
[2017-07-17 11:49:41.816] [jointLog] [info] wrote 58 bootstraps
[2017-07-17 11:49:46.995] [jointLog] [info] wrote 59 bootstraps
[2017-07-17 11:49:48.968] [jointLog] [info] wrote 60 bootstraps
[2017-07-17 11:49:53.814] [jointLog] [info] wrote 61 bootstraps
[2017-07-17 11:49:54.543] [jointLog] [info] wrote 62 bootstraps
[2017-07-17 11:50:02.877] [jointLog] [info] wrote 63 bootstraps
[2017-07-17 11:50:08.267] [jointLog] [info] wrote 64 bootstraps
[2017-07-17 11:50:15.264] [jointLog] [info] wrote 65 bootstraps
[2017-07-17 11:50:18.697] [jointLog] [info] wrote 66 bootstraps
[2017-07-17 11:50:20.598] [jointLog] [info] wrote 67 bootstraps
[2017-07-17 11:50:27.480] [jointLog] [info] wrote 68 bootstraps
[2017-07-17 11:50:30.162] [jointLog] [info] wrote 69 bootstraps
[2017-07-17 11:50:42.295] [jointLog] [info] wrote 70 bootstraps
[2017-07-17 11:50:43.977] [jointLog] [info] wrote 71 bootstraps
[2017-07-17 11:50:53.572] [jointLog] [info] wrote 72 bootstraps
[2017-07-17 11:50:56.570] [jointLog] [info] wrote 73 bootstraps
[2017-07-17 11:50:59.733] [jointLog] [info] wrote 74 bootstraps
[2017-07-17 11:51:06.313] [jointLog] [info] wrote 75 bootstraps
[2017-07-17 11:51:07.929] [jointLog] [info] wrote 76 bootstraps
[2017-07-17 11:51:18.467] [jointLog] [info] wrote 77 bootstraps
[2017-07-17 11:51:19.247] [jointLog] [info] wrote 78 bootstraps
[2017-07-17 11:51:30.594] [jointLog] [info] wrote 79 bootstraps
[2017-07-17 11:51:33.217] [jointLog] [info] wrote 80 bootstraps
[2017-07-17 11:51:34.675] [jointLog] [info] wrote 81 bootstraps
[2017-07-17 11:51:39.307] [jointLog] [info] wrote 82 bootstraps
[2017-07-17 11:51:46.508] [jointLog] [info] wrote 83 bootstraps
[2017-07-17 11:51:51.960] [jointLog] [info] wrote 84 bootstraps
[2017-07-17 11:51:56.285] [jointLog] [info] wrote 85 bootstraps
[2017-07-17 11:52:05.521] [jointLog] [info] wrote 86 bootstraps
[2017-07-17 11:52:08.462] [jointLog] [info] wrote 87 bootstraps
[2017-07-17 11:52:10.050] [jointLog] [info] wrote 88 bootstraps
[2017-07-17 11:52:19.998] [jointLog] [info] wrote 89 bootstraps
[2017-07-17 11:52:25.282] [jointLog] [info] wrote 90 bootstraps
[2017-07-17 11:52:25.655] [jointLog] [info] wrote 91 bootstraps
[2017-07-17 11:52:30.063] [jointLog] [info] wrote 92 bootstraps
[2017-07-17 11:52:40.818] [jointLog] [info] wrote 93 bootstraps
[2017-07-17 11:52:43.046] [jointLog] [info] wrote 94 bootstraps
[2017-07-17 11:52:48.845] [jointLog] [info] wrote 95 bootstraps
[2017-07-17 11:52:49.490] [jointLog] [info] wrote 96 bootstraps
[2017-07-17 11:52:55.655] [jointLog] [info] wrote 97 bootstraps
[2017-07-17 11:52:56.903] [jointLog] [info] wrote 98 bootstraps
[2017-07-17 11:53:00.130] [jointLog] [info] wrote 99 bootstraps
[2017-07-17 11:53:02.954] [jointLog] [info] wrote 100 bootstraps
[2017-07-17 11:53:02.981] [jointLog] [info] Finished Bootstrapping
