[2017-06-13 15:06:11.961] [jointLog] [info] parsing read library format
[2017-06-13 15:06:11.961] [jointLog] [info] There is 1 library.
[2017-06-13 15:21:21.854] [jointLog] [info] parsing read library format
[2017-06-13 15:21:21.854] [jointLog] [info] There is 1 library.
[2017-06-13 15:21:21.944] [jointLog] [info] Loading Quasi index
[2017-06-13 15:21:21.944] [jointLog] [info] Loading 32-bit quasi index
[2017-06-13 15:21:30.300] [jointLog] [info] done
[2017-06-13 15:21:30.300] [jointLog] [info] Index contained 107368 targets
[2017-06-13 15:21:31.226] [jointLog] [info] Automatically detected most likely library type as IU
[2017-06-13 15:23:03.436] [jointLog] [info] Computed 141385 rich equivalence classes for further processing
[2017-06-13 15:23:03.436] [jointLog] [info] Counted 6840484 total reads in the equivalence classes 
[2017-06-13 15:23:03.462] [jointLog] [info] Mapping rate = 80.0634%

[2017-06-13 15:23:03.462] [jointLog] [info] finished quantifyLibrary()
[2017-06-13 15:23:03.481] [jointLog] [info] Starting optimizer
[2017-06-13 15:23:03.566] [jointLog] [info] Marked 0 weighted equivalence classes as degenerate
[2017-06-13 15:23:03.572] [jointLog] [info] iteration = 0 | max rel diff. = 88.8769
[2017-06-13 15:23:03.437] [fileLog] [info] 
At end of round 0
==================
Observed 8543839 total fragments (8543839 in most recent round)

[2017-06-13 15:23:04.204] [jointLog] [info] iteration = 100 | max rel diff. = 0.104421
[2017-06-13 15:23:04.848] [jointLog] [info] iteration = 200 | max rel diff. = 0.0543718
[2017-06-13 15:23:05.481] [jointLog] [info] iteration = 300 | max rel diff. = 0.0363311
[2017-06-13 15:23:06.094] [jointLog] [info] iteration = 400 | max rel diff. = 0.0267574
[2017-06-13 15:23:06.702] [jointLog] [info] iteration = 500 | max rel diff. = 0.0203743
[2017-06-13 15:23:07.336] [jointLog] [info] iteration = 600 | max rel diff. = 0.0168887
[2017-06-13 15:23:07.972] [jointLog] [info] iteration = 700 | max rel diff. = 0.0146279
[2017-06-13 15:23:08.595] [jointLog] [info] iteration = 800 | max rel diff. = 0.0142973
[2017-06-13 15:23:09.252] [jointLog] [info] iteration = 900 | max rel diff. = 0.0117883
[2017-06-13 15:23:09.908] [jointLog] [info] iteration = 1000 | max rel diff. = 0.0105557
[2017-06-13 15:23:10.275] [jointLog] [info] iteration = 1057 | max rel diff. = 0.00971183
[2017-06-13 15:23:10.278] [jointLog] [info] Finished optimizer
[2017-06-13 15:23:10.278] [jointLog] [info] writing output 

[2017-06-17 15:38:10.053] [jointLog] [info] parsing read library format
[2017-06-17 15:38:10.053] [jointLog] [info] There is 1 library.
[2017-06-17 15:38:10.224] [jointLog] [info] Loading Quasi index
[2017-06-17 15:38:10.224] [jointLog] [info] Loading 32-bit quasi index
[2017-06-17 15:38:18.431] [jointLog] [info] done
[2017-06-17 15:38:18.431] [jointLog] [info] Index contained 107368 targets
[2017-06-17 15:38:19.198] [jointLog] [info] Automatically detected most likely library type as IU
[2017-06-17 15:39:39.971] [jointLog] [info] Computed 141385 rich equivalence classes for further processing
[2017-06-17 15:39:39.971] [jointLog] [info] Counted 6840484 total reads in the equivalence classes 
[2017-06-17 15:39:39.994] [jointLog] [info] Mapping rate = 80.0634%

[2017-06-17 15:39:39.994] [jointLog] [info] finished quantifyLibrary()
[2017-06-17 15:39:40.011] [jointLog] [info] Starting optimizer
[2017-06-17 15:39:40.082] [jointLog] [info] Marked 0 weighted equivalence classes as degenerate
[2017-06-17 15:39:39.972] [fileLog] [info] 
At end of round 0
==================
Observed 8543839 total fragments (8543839 in most recent round)

[2017-06-17 15:39:40.087] [jointLog] [info] iteration = 0 | max rel diff. = 88.8766
[2017-06-17 15:39:40.664] [jointLog] [info] iteration = 100 | max rel diff. = 0.104319
[2017-06-17 15:39:41.251] [jointLog] [info] iteration = 200 | max rel diff. = 0.0543721
[2017-06-17 15:39:41.845] [jointLog] [info] iteration = 300 | max rel diff. = 0.0362128
[2017-06-17 15:39:42.426] [jointLog] [info] iteration = 400 | max rel diff. = 0.0267596
[2017-06-17 15:39:43.013] [jointLog] [info] iteration = 500 | max rel diff. = 0.0203735
[2017-06-17 15:39:43.566] [jointLog] [info] iteration = 600 | max rel diff. = 0.0168619
[2017-06-17 15:39:44.144] [jointLog] [info] iteration = 700 | max rel diff. = 0.0146221
[2017-06-17 15:39:44.721] [jointLog] [info] iteration = 800 | max rel diff. = 0.0142962
[2017-06-17 15:39:45.216] [jointLog] [info] iteration = 900 | max rel diff. = 0.0117903
[2017-06-17 15:39:45.697] [jointLog] [info] iteration = 1000 | max rel diff. = 0.0105558
[2017-06-17 15:39:45.973] [jointLog] [info] iteration = 1056 | max rel diff. = 0.00966167
[2017-06-17 15:39:45.975] [jointLog] [info] Finished optimizer
[2017-06-17 15:39:45.975] [jointLog] [info] writing output 

[2017-06-17 15:39:46.478] [jointLog] [info] Starting Bootstrapping
[2017-06-17 15:39:46.514] [jointLog] [info] Will draw 100 bootstrap samples
[2017-06-17 15:39:46.514] [jointLog] [info] Optimizing over 141385 equivalence classes
[2017-06-17 15:39:46.537] [jointLog] [info] Marked 0 weighted equivalence classes as degenerate
[2017-06-17 15:40:12.625] [jointLog] [info] wrote 1 bootstraps
[2017-06-17 15:40:14.511] [jointLog] [info] wrote 2 bootstraps
[2017-06-17 15:40:14.844] [jointLog] [info] wrote 3 bootstraps
[2017-06-17 15:40:15.263] [jointLog] [info] wrote 4 bootstraps
[2017-06-17 15:40:15.957] [jointLog] [info] wrote 5 bootstraps
[2017-06-17 15:40:17.095] [jointLog] [info] wrote 6 bootstraps
[2017-06-17 15:40:23.677] [jointLog] [info] wrote 7 bootstraps
[2017-06-17 15:40:43.171] [jointLog] [info] wrote 8 bootstraps
[2017-06-17 15:40:43.233] [jointLog] [info] wrote 9 bootstraps
[2017-06-17 15:40:43.594] [jointLog] [info] wrote 10 bootstraps
[2017-06-17 15:40:44.664] [jointLog] [info] wrote 11 bootstraps
[2017-06-17 15:40:45.145] [jointLog] [info] wrote 12 bootstraps
[2017-06-17 15:40:46.379] [jointLog] [info] wrote 13 bootstraps
[2017-06-17 15:40:49.578] [jointLog] [info] wrote 14 bootstraps
[2017-06-17 15:41:09.345] [jointLog] [info] wrote 15 bootstraps
[2017-06-17 15:41:11.132] [jointLog] [info] wrote 16 bootstraps
[2017-06-17 15:41:12.200] [jointLog] [info] wrote 17 bootstraps
[2017-06-17 15:41:12.691] [jointLog] [info] wrote 18 bootstraps
[2017-06-17 15:41:14.258] [jointLog] [info] wrote 19 bootstraps
[2017-06-17 15:41:17.053] [jointLog] [info] wrote 20 bootstraps
[2017-06-17 15:41:17.475] [jointLog] [info] wrote 21 bootstraps
[2017-06-17 15:41:36.903] [jointLog] [info] wrote 22 bootstraps
[2017-06-17 15:41:38.664] [jointLog] [info] wrote 23 bootstraps
[2017-06-17 15:41:39.440] [jointLog] [info] wrote 24 bootstraps
[2017-06-17 15:41:40.919] [jointLog] [info] wrote 25 bootstraps
[2017-06-17 15:41:41.664] [jointLog] [info] wrote 26 bootstraps
[2017-06-17 15:41:45.421] [jointLog] [info] wrote 27 bootstraps
[2017-06-17 15:41:47.191] [jointLog] [info] wrote 28 bootstraps
[2017-06-17 15:42:07.305] [jointLog] [info] wrote 29 bootstraps
[2017-06-17 15:42:08.103] [jointLog] [info] wrote 30 bootstraps
[2017-06-17 15:42:09.271] [jointLog] [info] wrote 31 bootstraps
[2017-06-17 15:42:10.171] [jointLog] [info] wrote 32 bootstraps
[2017-06-17 15:42:10.602] [jointLog] [info] wrote 33 bootstraps
[2017-06-17 15:42:12.769] [jointLog] [info] wrote 34 bootstraps
[2017-06-17 15:42:19.223] [jointLog] [info] wrote 35 bootstraps
[2017-06-17 15:42:37.237] [jointLog] [info] wrote 36 bootstraps
[2017-06-17 15:42:37.545] [jointLog] [info] wrote 37 bootstraps
[2017-06-17 15:42:37.931] [jointLog] [info] wrote 38 bootstraps
[2017-06-17 15:42:37.992] [jointLog] [info] wrote 39 bootstraps
[2017-06-17 15:42:40.167] [jointLog] [info] wrote 40 bootstraps
[2017-06-17 15:42:41.757] [jointLog] [info] wrote 41 bootstraps
[2017-06-17 15:42:46.097] [jointLog] [info] wrote 42 bootstraps
[2017-06-17 15:43:05.878] [jointLog] [info] wrote 43 bootstraps
[2017-06-17 15:43:06.923] [jointLog] [info] wrote 44 bootstraps
[2017-06-17 15:43:07.379] [jointLog] [info] wrote 45 bootstraps
[2017-06-17 15:43:07.455] [jointLog] [info] wrote 46 bootstraps
[2017-06-17 15:43:07.976] [jointLog] [info] wrote 47 bootstraps
[2017-06-17 15:43:12.152] [jointLog] [info] wrote 48 bootstraps
[2017-06-17 15:43:14.419] [jointLog] [info] wrote 49 bootstraps
[2017-06-17 15:43:34.188] [jointLog] [info] wrote 50 bootstraps
[2017-06-17 15:43:35.663] [jointLog] [info] wrote 51 bootstraps
[2017-06-17 15:43:35.913] [jointLog] [info] wrote 52 bootstraps
[2017-06-17 15:43:36.226] [jointLog] [info] wrote 53 bootstraps
[2017-06-17 15:43:37.280] [jointLog] [info] wrote 54 bootstraps
[2017-06-17 15:43:40.227] [jointLog] [info] wrote 55 bootstraps
[2017-06-17 15:43:41.085] [jointLog] [info] wrote 56 bootstraps
[2017-06-17 15:44:02.256] [jointLog] [info] wrote 57 bootstraps
[2017-06-17 15:44:03.153] [jointLog] [info] wrote 58 bootstraps
[2017-06-17 15:44:04.533] [jointLog] [info] wrote 59 bootstraps
[2017-06-17 15:44:05.463] [jointLog] [info] wrote 60 bootstraps
[2017-06-17 15:44:07.206] [jointLog] [info] wrote 61 bootstraps
[2017-06-17 15:44:09.357] [jointLog] [info] wrote 62 bootstraps
[2017-06-17 15:44:09.434] [jointLog] [info] wrote 63 bootstraps
[2017-06-17 15:44:30.972] [jointLog] [info] wrote 64 bootstraps
[2017-06-17 15:44:31.311] [jointLog] [info] wrote 65 bootstraps
[2017-06-17 15:44:32.578] [jointLog] [info] wrote 66 bootstraps
[2017-06-17 15:44:32.709] [jointLog] [info] wrote 67 bootstraps
[2017-06-17 15:44:38.094] [jointLog] [info] wrote 68 bootstraps
[2017-06-17 15:44:40.268] [jointLog] [info] wrote 69 bootstraps
[2017-06-17 15:44:41.749] [jointLog] [info] wrote 70 bootstraps
[2017-06-17 15:45:00.359] [jointLog] [info] wrote 71 bootstraps
[2017-06-17 15:45:01.826] [jointLog] [info] wrote 72 bootstraps
[2017-06-17 15:45:02.270] [jointLog] [info] wrote 73 bootstraps
[2017-06-17 15:45:02.613] [jointLog] [info] wrote 74 bootstraps
[2017-06-17 15:45:05.734] [jointLog] [info] wrote 75 bootstraps
[2017-06-17 15:45:07.760] [jointLog] [info] wrote 76 bootstraps
[2017-06-17 15:45:15.701] [jointLog] [info] wrote 77 bootstraps
[2017-06-17 15:45:29.918] [jointLog] [info] wrote 78 bootstraps
[2017-06-17 15:45:30.230] [jointLog] [info] wrote 79 bootstraps
[2017-06-17 15:45:31.822] [jointLog] [info] wrote 80 bootstraps
[2017-06-17 15:45:32.232] [jointLog] [info] wrote 81 bootstraps
[2017-06-17 15:45:35.382] [jointLog] [info] wrote 82 bootstraps
[2017-06-17 15:45:38.103] [jointLog] [info] wrote 83 bootstraps
[2017-06-17 15:45:51.913] [jointLog] [info] wrote 84 bootstraps
[2017-06-17 15:46:00.228] [jointLog] [info] wrote 85 bootstraps
[2017-06-17 15:46:00.403] [jointLog] [info] wrote 86 bootstraps
[2017-06-17 15:46:00.882] [jointLog] [info] wrote 87 bootstraps
[2017-06-17 15:46:01.146] [jointLog] [info] wrote 88 bootstraps
[2017-06-17 15:46:03.644] [jointLog] [info] wrote 89 bootstraps
[2017-06-17 15:46:07.812] [jointLog] [info] wrote 90 bootstraps
[2017-06-17 15:46:23.573] [jointLog] [info] wrote 91 bootstraps
[2017-06-17 15:46:29.317] [jointLog] [info] wrote 92 bootstraps
[2017-06-17 15:46:29.811] [jointLog] [info] wrote 93 bootstraps
[2017-06-17 15:46:30.942] [jointLog] [info] wrote 94 bootstraps
[2017-06-17 15:46:33.205] [jointLog] [info] wrote 95 bootstraps
[2017-06-17 15:46:36.805] [jointLog] [info] wrote 96 bootstraps
[2017-06-17 15:46:37.204] [jointLog] [info] wrote 97 bootstraps
[2017-06-17 15:46:43.151] [jointLog] [info] wrote 98 bootstraps
[2017-06-17 15:46:45.941] [jointLog] [info] wrote 99 bootstraps
[2017-06-17 15:46:46.497] [jointLog] [info] wrote 100 bootstraps
[2017-06-17 15:46:46.523] [jointLog] [info] Finished Bootstrapping
