[2017-07-17 12:31:30.191] [jointLog] [info] parsing read library format
[2017-07-17 12:31:30.191] [jointLog] [info] There is 1 library.
[2017-07-17 12:31:30.314] [jointLog] [info] Loading Quasi index
[2017-07-17 12:31:30.338] [jointLog] [info] Loading 32-bit quasi index
[2017-07-17 12:32:18.636] [jointLog] [info] done
[2017-07-17 12:32:18.636] [jointLog] [info] Index contained 107368 targets
[2017-07-17 12:32:19.429] [jointLog] [info] Automatically detected most likely library type as IU
[2017-07-17 12:33:35.247] [jointLog] [info] Computed 125484 rich equivalence classes for further processing
[2017-07-17 12:33:35.247] [jointLog] [info] Counted 6661916 total reads in the equivalence classes 
[2017-07-17 12:33:35.275] [jointLog] [info] Mapping rate = 83.5379%

[2017-07-17 12:33:35.275] [jointLog] [info] finished quantifyLibrary()
[2017-07-17 12:33:35.276] [jointLog] [info] Starting optimizer
[2017-07-17 12:33:35.358] [jointLog] [info] Marked 0 weighted equivalence classes as degenerate
[2017-07-17 12:33:35.362] [jointLog] [info] iteration = 0 | max rel diff. = 95.4912
[2017-07-17 12:33:35.247] [fileLog] [info] 
At end of round 0
==================
Observed 7974724 total fragments (7974724 in most recent round)

[2017-07-17 12:33:35.903] [jointLog] [info] iteration = 100 | max rel diff. = 0.140106
[2017-07-17 12:33:36.430] [jointLog] [info] iteration = 200 | max rel diff. = 0.0512926
[2017-07-17 12:33:36.963] [jointLog] [info] iteration = 300 | max rel diff. = 0.0373946
[2017-07-17 12:33:37.502] [jointLog] [info] iteration = 400 | max rel diff. = 0.0276416
[2017-07-17 12:33:38.038] [jointLog] [info] iteration = 500 | max rel diff. = 0.0202988
[2017-07-17 12:33:38.594] [jointLog] [info] iteration = 600 | max rel diff. = 0.0171765
[2017-07-17 12:33:39.220] [jointLog] [info] iteration = 700 | max rel diff. = 0.0141707
[2017-07-17 12:33:39.809] [jointLog] [info] iteration = 800 | max rel diff. = 0.0164599
[2017-07-17 12:33:40.359] [jointLog] [info] iteration = 900 | max rel diff. = 0.0134877
[2017-07-17 12:33:40.919] [jointLog] [info] iteration = 1000 | max rel diff. = 0.0105594
[2017-07-17 12:33:41.153] [jointLog] [info] iteration = 1041 | max rel diff. = 0.00902029
[2017-07-17 12:33:41.156] [jointLog] [info] Finished optimizer
[2017-07-17 12:33:41.156] [jointLog] [info] writing output 

[2017-07-17 12:33:41.347] [jointLog] [info] Starting Bootstrapping
[2017-07-17 12:33:41.386] [jointLog] [info] Will draw 100 bootstrap samples
[2017-07-17 12:33:41.386] [jointLog] [info] Optimizing over 125484 equivalence classes
[2017-07-17 12:33:41.410] [jointLog] [info] Marked 0 weighted equivalence classes as degenerate
[2017-07-17 12:34:10.964] [jointLog] [info] wrote 1 bootstraps
[2017-07-17 12:34:11.093] [jointLog] [info] wrote 2 bootstraps
[2017-07-17 12:34:11.284] [jointLog] [info] wrote 3 bootstraps
[2017-07-17 12:34:11.372] [jointLog] [info] wrote 4 bootstraps
[2017-07-17 12:34:11.557] [jointLog] [info] wrote 5 bootstraps
[2017-07-17 12:34:11.936] [jointLog] [info] wrote 6 bootstraps
[2017-07-17 12:34:13.940] [jointLog] [info] wrote 7 bootstraps
[2017-07-17 12:34:37.004] [jointLog] [info] wrote 8 bootstraps
[2017-07-17 12:34:38.357] [jointLog] [info] wrote 9 bootstraps
[2017-07-17 12:34:39.254] [jointLog] [info] wrote 10 bootstraps
[2017-07-17 12:34:40.097] [jointLog] [info] wrote 11 bootstraps
[2017-07-17 12:34:40.175] [jointLog] [info] wrote 12 bootstraps
[2017-07-17 12:34:41.831] [jointLog] [info] wrote 13 bootstraps
[2017-07-17 12:34:43.666] [jointLog] [info] wrote 14 bootstraps
[2017-07-17 12:35:04.253] [jointLog] [info] wrote 15 bootstraps
[2017-07-17 12:35:05.329] [jointLog] [info] wrote 16 bootstraps
[2017-07-17 12:35:09.182] [jointLog] [info] wrote 17 bootstraps
[2017-07-17 12:35:09.399] [jointLog] [info] wrote 18 bootstraps
[2017-07-17 12:35:10.279] [jointLog] [info] wrote 19 bootstraps
[2017-07-17 12:35:13.650] [jointLog] [info] wrote 20 bootstraps
[2017-07-17 12:35:14.347] [jointLog] [info] wrote 21 bootstraps
[2017-07-17 12:35:31.926] [jointLog] [info] wrote 22 bootstraps
[2017-07-17 12:35:32.512] [jointLog] [info] wrote 23 bootstraps
[2017-07-17 12:35:36.426] [jointLog] [info] wrote 24 bootstraps
[2017-07-17 12:35:38.723] [jointLog] [info] wrote 25 bootstraps
[2017-07-17 12:35:41.116] [jointLog] [info] wrote 26 bootstraps
[2017-07-17 12:35:41.170] [jointLog] [info] wrote 27 bootstraps
[2017-07-17 12:35:43.170] [jointLog] [info] wrote 28 bootstraps
[2017-07-17 12:35:57.735] [jointLog] [info] wrote 29 bootstraps
[2017-07-17 12:35:59.952] [jointLog] [info] wrote 30 bootstraps
[2017-07-17 12:36:01.873] [jointLog] [info] wrote 31 bootstraps
[2017-07-17 12:36:06.171] [jointLog] [info] wrote 32 bootstraps
[2017-07-17 12:36:08.477] [jointLog] [info] wrote 33 bootstraps
[2017-07-17 12:36:09.531] [jointLog] [info] wrote 34 bootstraps
[2017-07-17 12:36:10.962] [jointLog] [info] wrote 35 bootstraps
[2017-07-17 12:36:27.062] [jointLog] [info] wrote 36 bootstraps
[2017-07-17 12:36:28.282] [jointLog] [info] wrote 37 bootstraps
[2017-07-17 12:36:28.345] [jointLog] [info] wrote 38 bootstraps
[2017-07-17 12:36:32.834] [jointLog] [info] wrote 39 bootstraps
[2017-07-17 12:36:37.426] [jointLog] [info] wrote 40 bootstraps
[2017-07-17 12:36:37.742] [jointLog] [info] wrote 41 bootstraps
[2017-07-17 12:36:37.917] [jointLog] [info] wrote 42 bootstraps
[2017-07-17 12:36:53.563] [jointLog] [info] wrote 43 bootstraps
[2017-07-17 12:36:55.286] [jointLog] [info] wrote 44 bootstraps
[2017-07-17 12:36:57.524] [jointLog] [info] wrote 45 bootstraps
[2017-07-17 12:37:00.026] [jointLog] [info] wrote 46 bootstraps
[2017-07-17 12:37:03.689] [jointLog] [info] wrote 47 bootstraps
[2017-07-17 12:37:04.087] [jointLog] [info] wrote 48 bootstraps
[2017-07-17 12:37:05.640] [jointLog] [info] wrote 49 bootstraps
[2017-07-17 12:37:22.710] [jointLog] [info] wrote 50 bootstraps
[2017-07-17 12:37:24.334] [jointLog] [info] wrote 51 bootstraps
[2017-07-17 12:37:25.049] [jointLog] [info] wrote 52 bootstraps
[2017-07-17 12:37:26.956] [jointLog] [info] wrote 53 bootstraps
[2017-07-17 12:37:34.496] [jointLog] [info] wrote 54 bootstraps
[2017-07-17 12:37:34.690] [jointLog] [info] wrote 55 bootstraps
[2017-07-17 12:37:35.843] [jointLog] [info] wrote 56 bootstraps
[2017-07-17 12:37:52.101] [jointLog] [info] wrote 57 bootstraps
[2017-07-17 12:37:54.200] [jointLog] [info] wrote 58 bootstraps
[2017-07-17 12:37:55.420] [jointLog] [info] wrote 59 bootstraps
[2017-07-17 12:37:55.964] [jointLog] [info] wrote 60 bootstraps
[2017-07-17 12:38:01.876] [jointLog] [info] wrote 61 bootstraps
[2017-07-17 12:38:04.312] [jointLog] [info] wrote 62 bootstraps
[2017-07-17 12:38:05.175] [jointLog] [info] wrote 63 bootstraps
[2017-07-17 12:38:20.205] [jointLog] [info] wrote 64 bootstraps
[2017-07-17 12:38:21.032] [jointLog] [info] wrote 65 bootstraps
[2017-07-17 12:38:21.966] [jointLog] [info] wrote 66 bootstraps
[2017-07-17 12:38:25.474] [jointLog] [info] wrote 67 bootstraps
[2017-07-17 12:38:30.354] [jointLog] [info] wrote 68 bootstraps
[2017-07-17 12:38:32.491] [jointLog] [info] wrote 69 bootstraps
[2017-07-17 12:38:32.932] [jointLog] [info] wrote 70 bootstraps
[2017-07-17 12:38:48.486] [jointLog] [info] wrote 71 bootstraps
[2017-07-17 12:38:48.636] [jointLog] [info] wrote 72 bootstraps
[2017-07-17 12:38:50.122] [jointLog] [info] wrote 73 bootstraps
[2017-07-17 12:38:55.675] [jointLog] [info] wrote 74 bootstraps
[2017-07-17 12:38:59.091] [jointLog] [info] wrote 75 bootstraps
[2017-07-17 12:39:02.428] [jointLog] [info] wrote 76 bootstraps
[2017-07-17 12:39:02.487] [jointLog] [info] wrote 77 bootstraps
[2017-07-17 12:39:19.804] [jointLog] [info] wrote 78 bootstraps
[2017-07-17 12:39:20.720] [jointLog] [info] wrote 79 bootstraps
[2017-07-17 12:39:25.062] [jointLog] [info] wrote 80 bootstraps
[2017-07-17 12:39:30.742] [jointLog] [info] wrote 81 bootstraps
[2017-07-17 12:39:31.835] [jointLog] [info] wrote 82 bootstraps
[2017-07-17 12:39:39.576] [jointLog] [info] wrote 83 bootstraps
[2017-07-17 12:39:40.735] [jointLog] [info] wrote 84 bootstraps
[2017-07-17 12:39:54.395] [jointLog] [info] wrote 85 bootstraps
[2017-07-17 12:39:55.050] [jointLog] [info] wrote 86 bootstraps
[2017-07-17 12:40:02.573] [jointLog] [info] wrote 87 bootstraps
[2017-07-17 12:40:03.852] [jointLog] [info] wrote 88 bootstraps
[2017-07-17 12:40:03.913] [jointLog] [info] wrote 89 bootstraps
[2017-07-17 12:40:09.395] [jointLog] [info] wrote 90 bootstraps
[2017-07-17 12:40:09.972] [jointLog] [info] wrote 91 bootstraps
[2017-07-17 12:40:27.045] [jointLog] [info] wrote 92 bootstraps
[2017-07-17 12:40:27.356] [jointLog] [info] wrote 93 bootstraps
[2017-07-17 12:40:32.933] [jointLog] [info] wrote 94 bootstraps
[2017-07-17 12:40:35.714] [jointLog] [info] wrote 95 bootstraps
[2017-07-17 12:40:36.030] [jointLog] [info] wrote 96 bootstraps
[2017-07-17 12:40:38.664] [jointLog] [info] wrote 97 bootstraps
[2017-07-17 12:40:38.701] [jointLog] [info] wrote 98 bootstraps
[2017-07-17 12:40:46.152] [jointLog] [info] wrote 99 bootstraps
[2017-07-17 12:40:48.765] [jointLog] [info] wrote 100 bootstraps
[2017-07-17 12:40:48.788] [jointLog] [info] Finished Bootstrapping
