[2017-06-13 15:06:12.555] [jointLog] [info] parsing read library format
[2017-06-13 15:06:12.555] [jointLog] [info] There is 1 library.
[2017-06-13 15:23:14.010] [jointLog] [info] parsing read library format
[2017-06-13 15:23:14.010] [jointLog] [info] There is 1 library.
[2017-06-13 15:23:14.104] [jointLog] [info] Loading Quasi index
[2017-06-13 15:23:14.104] [jointLog] [info] Loading 32-bit quasi index
[2017-06-13 15:23:22.490] [jointLog] [info] done
[2017-06-13 15:23:22.490] [jointLog] [info] Index contained 107368 targets
[2017-06-13 15:23:23.289] [jointLog] [info] Automatically detected most likely library type as IU
[2017-06-13 15:24:33.383] [fileLog] [info] 
At end of round 0
==================
Observed 6830604 total fragments (6830604 in most recent round)

[2017-06-13 15:24:33.383] [jointLog] [info] Computed 131993 rich equivalence classes for further processing
[2017-06-13 15:24:33.383] [jointLog] [info] Counted 5626906 total reads in the equivalence classes 
[2017-06-13 15:24:33.412] [jointLog] [info] Mapping rate = 82.3779%

[2017-06-13 15:24:33.412] [jointLog] [info] finished quantifyLibrary()
[2017-06-13 15:24:33.413] [jointLog] [info] Starting optimizer
[2017-06-13 15:24:35.404] [jointLog] [info] Marked 0 weighted equivalence classes as degenerate
[2017-06-13 15:24:35.409] [jointLog] [info] iteration = 0 | max rel diff. = 78.294
[2017-06-13 15:24:36.022] [jointLog] [info] iteration = 100 | max rel diff. = 0.193169
[2017-06-13 15:24:36.634] [jointLog] [info] iteration = 200 | max rel diff. = 0.0535828
[2017-06-13 15:24:37.243] [jointLog] [info] iteration = 300 | max rel diff. = 0.0370621
[2017-06-13 15:24:37.836] [jointLog] [info] iteration = 400 | max rel diff. = 0.026287
[2017-06-13 15:24:38.442] [jointLog] [info] iteration = 500 | max rel diff. = 0.0252254
[2017-06-13 15:24:39.036] [jointLog] [info] iteration = 600 | max rel diff. = 0.0174046
[2017-06-13 15:24:39.645] [jointLog] [info] iteration = 700 | max rel diff. = 0.0174046
[2017-06-13 15:24:40.265] [jointLog] [info] iteration = 800 | max rel diff. = 0.0133537
[2017-06-13 15:24:40.876] [jointLog] [info] iteration = 900 | max rel diff. = 0.0311866
[2017-06-13 15:24:41.489] [jointLog] [info] iteration = 1000 | max rel diff. = 0.0102245
[2017-06-13 15:24:42.073] [jointLog] [info] iteration = 1095 | max rel diff. = 0.00919074
[2017-06-13 15:24:42.075] [jointLog] [info] Finished optimizer
[2017-06-13 15:24:42.075] [jointLog] [info] writing output 

[2017-06-17 15:46:50.664] [jointLog] [info] parsing read library format
[2017-06-17 15:46:50.664] [jointLog] [info] There is 1 library.
[2017-06-17 15:46:50.771] [jointLog] [info] Loading Quasi index
[2017-06-17 15:46:50.771] [jointLog] [info] Loading 32-bit quasi index
[2017-06-17 15:46:59.120] [jointLog] [info] done
[2017-06-17 15:46:59.120] [jointLog] [info] Index contained 107368 targets
[2017-06-17 15:46:59.818] [jointLog] [info] Automatically detected most likely library type as IU
[2017-06-17 15:48:00.924] [fileLog] [info] 
At end of round 0
==================
Observed 6830604 total fragments (6830604 in most recent round)

[2017-06-17 15:48:00.924] [jointLog] [info] Computed 131993 rich equivalence classes for further processing
[2017-06-17 15:48:00.924] [jointLog] [info] Counted 5626906 total reads in the equivalence classes 
[2017-06-17 15:48:00.953] [jointLog] [info] Mapping rate = 82.3779%

[2017-06-17 15:48:00.953] [jointLog] [info] finished quantifyLibrary()
[2017-06-17 15:48:00.970] [jointLog] [info] Starting optimizer
[2017-06-17 15:48:01.041] [jointLog] [info] Marked 0 weighted equivalence classes as degenerate
[2017-06-17 15:48:01.046] [jointLog] [info] iteration = 0 | max rel diff. = 78.2924
[2017-06-17 15:48:01.567] [jointLog] [info] iteration = 100 | max rel diff. = 0.192574
[2017-06-17 15:48:02.100] [jointLog] [info] iteration = 200 | max rel diff. = 0.0535819
[2017-06-17 15:48:02.631] [jointLog] [info] iteration = 300 | max rel diff. = 0.0370632
[2017-06-17 15:48:03.177] [jointLog] [info] iteration = 400 | max rel diff. = 0.0743958
[2017-06-17 15:48:03.667] [jointLog] [info] iteration = 500 | max rel diff. = 0.0186489
[2017-06-17 15:48:04.228] [jointLog] [info] iteration = 600 | max rel diff. = 0.0174042
[2017-06-17 15:48:04.784] [jointLog] [info] iteration = 700 | max rel diff. = 0.0174042
[2017-06-17 15:48:05.245] [jointLog] [info] iteration = 800 | max rel diff. = 0.0133538
[2017-06-17 15:48:05.741] [jointLog] [info] iteration = 900 | max rel diff. = 0.0232488
[2017-06-17 15:48:06.303] [jointLog] [info] iteration = 1000 | max rel diff. = 0.0102257
[2017-06-17 15:48:06.834] [jointLog] [info] iteration = 1094 | max rel diff. = 0.00918812
[2017-06-17 15:48:06.836] [jointLog] [info] Finished optimizer
[2017-06-17 15:48:06.836] [jointLog] [info] writing output 

[2017-06-17 15:48:07.222] [jointLog] [info] Starting Bootstrapping
[2017-06-17 15:48:07.256] [jointLog] [info] Will draw 100 bootstrap samples
[2017-06-17 15:48:07.256] [jointLog] [info] Optimizing over 131993 equivalence classes
[2017-06-17 15:48:07.277] [jointLog] [info] Marked 0 weighted equivalence classes as degenerate
[2017-06-17 15:48:32.596] [jointLog] [info] wrote 1 bootstraps
[2017-06-17 15:48:33.090] [jointLog] [info] wrote 2 bootstraps
[2017-06-17 15:48:33.391] [jointLog] [info] wrote 3 bootstraps
[2017-06-17 15:48:35.657] [jointLog] [info] wrote 4 bootstraps
[2017-06-17 15:48:36.294] [jointLog] [info] wrote 5 bootstraps
[2017-06-17 15:48:39.504] [jointLog] [info] wrote 6 bootstraps
[2017-06-17 15:48:40.238] [jointLog] [info] wrote 7 bootstraps
[2017-06-17 15:48:58.302] [jointLog] [info] wrote 8 bootstraps
[2017-06-17 15:48:59.880] [jointLog] [info] wrote 9 bootstraps
[2017-06-17 15:49:00.530] [jointLog] [info] wrote 10 bootstraps
[2017-06-17 15:49:02.159] [jointLog] [info] wrote 11 bootstraps
[2017-06-17 15:49:02.999] [jointLog] [info] wrote 12 bootstraps
[2017-06-17 15:49:10.504] [jointLog] [info] wrote 13 bootstraps
[2017-06-17 15:49:11.074] [jointLog] [info] wrote 14 bootstraps
[2017-06-17 15:49:26.848] [jointLog] [info] wrote 15 bootstraps
[2017-06-17 15:49:27.467] [jointLog] [info] wrote 16 bootstraps
[2017-06-17 15:49:27.562] [jointLog] [info] wrote 17 bootstraps
[2017-06-17 15:49:28.317] [jointLog] [info] wrote 18 bootstraps
[2017-06-17 15:49:29.119] [jointLog] [info] wrote 19 bootstraps
[2017-06-17 15:49:38.925] [jointLog] [info] wrote 20 bootstraps
[2017-06-17 15:49:40.341] [jointLog] [info] wrote 21 bootstraps
[2017-06-17 15:49:52.583] [jointLog] [info] wrote 22 bootstraps
[2017-06-17 15:49:53.475] [jointLog] [info] wrote 23 bootstraps
[2017-06-17 15:49:54.569] [jointLog] [info] wrote 24 bootstraps
[2017-06-17 15:49:55.175] [jointLog] [info] wrote 25 bootstraps
[2017-06-17 15:49:56.337] [jointLog] [info] wrote 26 bootstraps
[2017-06-17 15:50:05.689] [jointLog] [info] wrote 27 bootstraps
[2017-06-17 15:50:08.782] [jointLog] [info] wrote 28 bootstraps
[2017-06-17 15:50:19.293] [jointLog] [info] wrote 29 bootstraps
[2017-06-17 15:50:21.199] [jointLog] [info] wrote 30 bootstraps
[2017-06-17 15:50:21.340] [jointLog] [info] wrote 31 bootstraps
[2017-06-17 15:50:23.303] [jointLog] [info] wrote 32 bootstraps
[2017-06-17 15:50:26.909] [jointLog] [info] wrote 33 bootstraps
[2017-06-17 15:50:31.456] [jointLog] [info] wrote 34 bootstraps
[2017-06-17 15:50:33.419] [jointLog] [info] wrote 35 bootstraps
[2017-06-17 15:50:48.911] [jointLog] [info] wrote 36 bootstraps
[2017-06-17 15:50:50.359] [jointLog] [info] wrote 37 bootstraps
[2017-06-17 15:50:51.831] [jointLog] [info] wrote 38 bootstraps
[2017-06-17 15:50:52.990] [jointLog] [info] wrote 39 bootstraps
[2017-06-17 15:50:53.757] [jointLog] [info] wrote 40 bootstraps
[2017-06-17 15:51:01.157] [jointLog] [info] wrote 41 bootstraps
[2017-06-17 15:51:04.493] [jointLog] [info] wrote 42 bootstraps
[2017-06-17 15:51:16.565] [jointLog] [info] wrote 43 bootstraps
[2017-06-17 15:51:16.873] [jointLog] [info] wrote 44 bootstraps
[2017-06-17 15:51:19.572] [jointLog] [info] wrote 45 bootstraps
[2017-06-17 15:51:23.780] [jointLog] [info] wrote 46 bootstraps
[2017-06-17 15:51:24.444] [jointLog] [info] wrote 47 bootstraps
[2017-06-17 15:51:26.228] [jointLog] [info] wrote 48 bootstraps
[2017-06-17 15:51:34.044] [jointLog] [info] wrote 49 bootstraps
[2017-06-17 15:51:44.530] [jointLog] [info] wrote 50 bootstraps
[2017-06-17 15:51:45.144] [jointLog] [info] wrote 51 bootstraps
[2017-06-17 15:51:48.351] [jointLog] [info] wrote 52 bootstraps
[2017-06-17 15:51:50.295] [jointLog] [info] wrote 53 bootstraps
[2017-06-17 15:51:53.658] [jointLog] [info] wrote 54 bootstraps
[2017-06-17 15:51:54.035] [jointLog] [info] wrote 55 bootstraps
[2017-06-17 15:51:58.921] [jointLog] [info] wrote 56 bootstraps
[2017-06-17 15:52:12.524] [jointLog] [info] wrote 57 bootstraps
[2017-06-17 15:52:13.768] [jointLog] [info] wrote 58 bootstraps
[2017-06-17 15:52:17.016] [jointLog] [info] wrote 59 bootstraps
[2017-06-17 15:52:17.083] [jointLog] [info] wrote 60 bootstraps
[2017-06-17 15:52:22.250] [jointLog] [info] wrote 61 bootstraps
[2017-06-17 15:52:22.466] [jointLog] [info] wrote 62 bootstraps
[2017-06-17 15:52:24.871] [jointLog] [info] wrote 63 bootstraps
[2017-06-17 15:52:40.433] [jointLog] [info] wrote 64 bootstraps
[2017-06-17 15:52:41.200] [jointLog] [info] wrote 65 bootstraps
[2017-06-17 15:52:44.450] [jointLog] [info] wrote 66 bootstraps
[2017-06-17 15:52:47.846] [jointLog] [info] wrote 67 bootstraps
[2017-06-17 15:52:50.604] [jointLog] [info] wrote 68 bootstraps
[2017-06-17 15:52:50.661] [jointLog] [info] wrote 69 bootstraps
[2017-06-17 15:52:55.246] [jointLog] [info] wrote 70 bootstraps
[2017-06-17 15:53:08.175] [jointLog] [info] wrote 71 bootstraps
[2017-06-17 15:53:09.467] [jointLog] [info] wrote 72 bootstraps
[2017-06-17 15:53:13.140] [jointLog] [info] wrote 73 bootstraps
[2017-06-17 15:53:13.967] [jointLog] [info] wrote 74 bootstraps
[2017-06-17 15:53:17.322] [jointLog] [info] wrote 75 bootstraps
[2017-06-17 15:53:22.481] [jointLog] [info] wrote 76 bootstraps
[2017-06-17 15:53:24.179] [jointLog] [info] wrote 77 bootstraps
[2017-06-17 15:53:33.364] [jointLog] [info] wrote 78 bootstraps
[2017-06-17 15:53:36.075] [jointLog] [info] wrote 79 bootstraps
[2017-06-17 15:53:41.013] [jointLog] [info] wrote 80 bootstraps
[2017-06-17 15:53:41.259] [jointLog] [info] wrote 81 bootstraps
[2017-06-17 15:53:43.444] [jointLog] [info] wrote 82 bootstraps
[2017-06-17 15:53:48.400] [jointLog] [info] wrote 83 bootstraps
[2017-06-17 15:53:48.751] [jointLog] [info] wrote 84 bootstraps
[2017-06-17 15:54:00.655] [jointLog] [info] wrote 85 bootstraps
[2017-06-17 15:54:01.637] [jointLog] [info] wrote 86 bootstraps
[2017-06-17 15:54:08.155] [jointLog] [info] wrote 87 bootstraps
[2017-06-17 15:54:09.019] [jointLog] [info] wrote 88 bootstraps
[2017-06-17 15:54:12.523] [jointLog] [info] wrote 89 bootstraps
[2017-06-17 15:54:14.375] [jointLog] [info] wrote 90 bootstraps
[2017-06-17 15:54:18.345] [jointLog] [info] wrote 91 bootstraps
[2017-06-17 15:54:28.392] [jointLog] [info] wrote 92 bootstraps
[2017-06-17 15:54:28.855] [jointLog] [info] wrote 93 bootstraps
[2017-06-17 15:54:34.890] [jointLog] [info] wrote 94 bootstraps
[2017-06-17 15:54:35.948] [jointLog] [info] wrote 95 bootstraps
[2017-06-17 15:54:37.216] [jointLog] [info] wrote 96 bootstraps
[2017-06-17 15:54:39.800] [jointLog] [info] wrote 97 bootstraps
[2017-06-17 15:54:41.189] [jointLog] [info] wrote 98 bootstraps
[2017-06-17 15:54:45.298] [jointLog] [info] wrote 99 bootstraps
[2017-06-17 15:54:46.278] [jointLog] [info] wrote 100 bootstraps
[2017-06-17 15:54:46.301] [jointLog] [info] Finished Bootstrapping
