[2017-07-17 11:53:07.684] [jointLog] [info] parsing read library format
[2017-07-17 11:53:07.684] [jointLog] [info] There is 1 library.
[2017-07-17 11:53:07.802] [jointLog] [info] Loading Quasi index
[2017-07-17 11:53:07.802] [jointLog] [info] Loading 32-bit quasi index
[2017-07-17 11:53:55.005] [jointLog] [info] done
[2017-07-17 11:53:55.005] [jointLog] [info] Index contained 107368 targets
[2017-07-17 11:53:55.833] [jointLog] [info] Automatically detected most likely library type as IU
[2017-07-17 11:55:16.319] [jointLog] [info] Computed 129396 rich equivalence classes for further processing
[2017-07-17 11:55:16.319] [jointLog] [info] Counted 6699458 total reads in the equivalence classes 
[2017-07-17 11:55:16.351] [jointLog] [info] Mapping rate = 82.4571%

[2017-07-17 11:55:16.351] [jointLog] [info] finished quantifyLibrary()
[2017-07-17 11:55:16.376] [jointLog] [info] Starting optimizer
[2017-07-17 11:55:16.320] [fileLog] [info] 
At end of round 0
==================
Observed 8124784 total fragments (8124784 in most recent round)

[2017-07-17 11:55:16.452] [jointLog] [info] Marked 0 weighted equivalence classes as degenerate
[2017-07-17 11:55:16.457] [jointLog] [info] iteration = 0 | max rel diff. = 92.3457
[2017-07-17 11:55:16.949] [jointLog] [info] iteration = 100 | max rel diff. = 0.1043
[2017-07-17 11:55:17.455] [jointLog] [info] iteration = 200 | max rel diff. = 0.0510601
[2017-07-17 11:55:17.975] [jointLog] [info] iteration = 300 | max rel diff. = 0.0323375
[2017-07-17 11:55:18.496] [jointLog] [info] iteration = 400 | max rel diff. = 0.0281628
[2017-07-17 11:55:19.044] [jointLog] [info] iteration = 500 | max rel diff. = 0.0209866
[2017-07-17 11:55:19.555] [jointLog] [info] iteration = 600 | max rel diff. = 0.0166013
[2017-07-17 11:55:20.075] [jointLog] [info] iteration = 700 | max rel diff. = 0.0150592
[2017-07-17 11:55:20.617] [jointLog] [info] iteration = 800 | max rel diff. = 0.0140155
[2017-07-17 11:55:21.145] [jointLog] [info] iteration = 900 | max rel diff. = 0.0116742
[2017-07-17 11:55:21.689] [jointLog] [info] iteration = 1000 | max rel diff. = 0.0116742
[2017-07-17 11:55:22.246] [jointLog] [info] iteration = 1100 | max rel diff. = 0.0116742
[2017-07-17 11:55:22.267] [jointLog] [info] iteration = 1105 | max rel diff. = 0.00982078
[2017-07-17 11:55:22.270] [jointLog] [info] Finished optimizer
[2017-07-17 11:55:22.270] [jointLog] [info] writing output 

[2017-07-17 11:55:22.454] [jointLog] [info] Starting Bootstrapping
[2017-07-17 11:55:22.493] [jointLog] [info] Will draw 100 bootstrap samples
[2017-07-17 11:55:22.493] [jointLog] [info] Optimizing over 129396 equivalence classes
[2017-07-17 11:55:22.514] [jointLog] [info] Marked 0 weighted equivalence classes as degenerate
[2017-07-17 11:55:51.511] [jointLog] [info] wrote 1 bootstraps
[2017-07-17 11:55:51.824] [jointLog] [info] wrote 2 bootstraps
[2017-07-17 11:55:52.694] [jointLog] [info] wrote 3 bootstraps
[2017-07-17 11:55:54.565] [jointLog] [info] wrote 4 bootstraps
[2017-07-17 11:55:55.458] [jointLog] [info] wrote 5 bootstraps
[2017-07-17 11:55:55.882] [jointLog] [info] wrote 6 bootstraps
[2017-07-17 11:55:56.250] [jointLog] [info] wrote 7 bootstraps
[2017-07-17 11:56:23.427] [jointLog] [info] wrote 8 bootstraps
[2017-07-17 11:56:24.226] [jointLog] [info] wrote 9 bootstraps
[2017-07-17 11:56:25.466] [jointLog] [info] wrote 10 bootstraps
[2017-07-17 11:56:25.981] [jointLog] [info] wrote 11 bootstraps
[2017-07-17 11:56:28.229] [jointLog] [info] wrote 12 bootstraps
[2017-07-17 11:56:28.726] [jointLog] [info] wrote 13 bootstraps
[2017-07-17 11:56:30.934] [jointLog] [info] wrote 14 bootstraps
[2017-07-17 11:56:53.626] [jointLog] [info] wrote 15 bootstraps
[2017-07-17 11:56:54.798] [jointLog] [info] wrote 16 bootstraps
[2017-07-17 11:56:54.888] [jointLog] [info] wrote 17 bootstraps
[2017-07-17 11:57:00.184] [jointLog] [info] wrote 18 bootstraps
[2017-07-17 11:57:01.152] [jointLog] [info] wrote 19 bootstraps
[2017-07-17 11:57:01.279] [jointLog] [info] wrote 20 bootstraps
[2017-07-17 11:57:01.571] [jointLog] [info] wrote 21 bootstraps
[2017-07-17 11:57:22.376] [jointLog] [info] wrote 22 bootstraps
[2017-07-17 11:57:27.293] [jointLog] [info] wrote 23 bootstraps
[2017-07-17 11:57:28.441] [jointLog] [info] wrote 24 bootstraps
[2017-07-17 11:57:31.493] [jointLog] [info] wrote 25 bootstraps
[2017-07-17 11:57:32.076] [jointLog] [info] wrote 26 bootstraps
[2017-07-17 11:57:32.152] [jointLog] [info] wrote 27 bootstraps
[2017-07-17 11:57:32.792] [jointLog] [info] wrote 28 bootstraps
[2017-07-17 11:57:54.848] [jointLog] [info] wrote 29 bootstraps
[2017-07-17 11:58:02.224] [jointLog] [info] wrote 30 bootstraps
[2017-07-17 11:58:02.970] [jointLog] [info] wrote 31 bootstraps
[2017-07-17 11:58:03.059] [jointLog] [info] wrote 32 bootstraps
[2017-07-17 11:58:05.276] [jointLog] [info] wrote 33 bootstraps
[2017-07-17 11:58:06.792] [jointLog] [info] wrote 34 bootstraps
[2017-07-17 11:58:07.500] [jointLog] [info] wrote 35 bootstraps
[2017-07-17 11:58:24.831] [jointLog] [info] wrote 36 bootstraps
[2017-07-17 11:58:32.279] [jointLog] [info] wrote 37 bootstraps
[2017-07-17 11:58:36.469] [jointLog] [info] wrote 38 bootstraps
[2017-07-17 11:58:36.583] [jointLog] [info] wrote 39 bootstraps
[2017-07-17 11:58:36.676] [jointLog] [info] wrote 40 bootstraps
[2017-07-17 11:58:38.272] [jointLog] [info] wrote 41 bootstraps
[2017-07-17 11:58:38.489] [jointLog] [info] wrote 42 bootstraps
[2017-07-17 11:58:55.805] [jointLog] [info] wrote 43 bootstraps
[2017-07-17 11:59:02.246] [jointLog] [info] wrote 44 bootstraps
[2017-07-17 11:59:05.110] [jointLog] [info] wrote 45 bootstraps
[2017-07-17 11:59:05.310] [jointLog] [info] wrote 46 bootstraps
[2017-07-17 11:59:07.479] [jointLog] [info] wrote 47 bootstraps
[2017-07-17 11:59:08.793] [jointLog] [info] wrote 48 bootstraps
[2017-07-17 11:59:09.350] [jointLog] [info] wrote 49 bootstraps
[2017-07-17 11:59:24.196] [jointLog] [info] wrote 50 bootstraps
[2017-07-17 11:59:33.165] [jointLog] [info] wrote 51 bootstraps
[2017-07-17 11:59:34.590] [jointLog] [info] wrote 52 bootstraps
[2017-07-17 11:59:37.606] [jointLog] [info] wrote 53 bootstraps
[2017-07-17 11:59:38.487] [jointLog] [info] wrote 54 bootstraps
[2017-07-17 11:59:40.546] [jointLog] [info] wrote 55 bootstraps
[2017-07-17 11:59:45.449] [jointLog] [info] wrote 56 bootstraps
[2017-07-17 11:59:55.915] [jointLog] [info] wrote 57 bootstraps
[2017-07-17 12:00:01.560] [jointLog] [info] wrote 58 bootstraps
[2017-07-17 12:00:09.210] [jointLog] [info] wrote 59 bootstraps
[2017-07-17 12:00:11.472] [jointLog] [info] wrote 60 bootstraps
[2017-07-17 12:00:12.564] [jointLog] [info] wrote 61 bootstraps
[2017-07-17 12:00:13.192] [jointLog] [info] wrote 62 bootstraps
[2017-07-17 12:00:19.768] [jointLog] [info] wrote 63 bootstraps
[2017-07-17 12:00:25.451] [jointLog] [info] wrote 64 bootstraps
[2017-07-17 12:00:30.340] [jointLog] [info] wrote 65 bootstraps
[2017-07-17 12:00:41.774] [jointLog] [info] wrote 66 bootstraps
[2017-07-17 12:00:44.204] [jointLog] [info] wrote 67 bootstraps
[2017-07-17 12:00:45.959] [jointLog] [info] wrote 68 bootstraps
[2017-07-17 12:00:47.227] [jointLog] [info] wrote 69 bootstraps
[2017-07-17 12:00:51.971] [jointLog] [info] wrote 70 bootstraps
[2017-07-17 12:00:58.576] [jointLog] [info] wrote 71 bootstraps
[2017-07-17 12:01:03.715] [jointLog] [info] wrote 72 bootstraps
[2017-07-17 12:01:15.863] [jointLog] [info] wrote 73 bootstraps
[2017-07-17 12:01:17.771] [jointLog] [info] wrote 74 bootstraps
[2017-07-17 12:01:19.259] [jointLog] [info] wrote 75 bootstraps
[2017-07-17 12:01:24.121] [jointLog] [info] wrote 76 bootstraps
[2017-07-17 12:01:30.508] [jointLog] [info] wrote 77 bootstraps
[2017-07-17 12:01:33.440] [jointLog] [info] wrote 78 bootstraps
[2017-07-17 12:01:34.049] [jointLog] [info] wrote 79 bootstraps
[2017-07-17 12:01:46.958] [jointLog] [info] wrote 80 bootstraps
[2017-07-17 12:01:47.582] [jointLog] [info] wrote 81 bootstraps
[2017-07-17 12:01:53.427] [jointLog] [info] wrote 82 bootstraps
[2017-07-17 12:01:55.201] [jointLog] [info] wrote 83 bootstraps
[2017-07-17 12:02:00.816] [jointLog] [info] wrote 84 bootstraps
[2017-07-17 12:02:02.506] [jointLog] [info] wrote 85 bootstraps
[2017-07-17 12:02:04.582] [jointLog] [info] wrote 86 bootstraps
[2017-07-17 12:02:16.169] [jointLog] [info] wrote 87 bootstraps
[2017-07-17 12:02:19.846] [jointLog] [info] wrote 88 bootstraps
[2017-07-17 12:02:24.412] [jointLog] [info] wrote 89 bootstraps
[2017-07-17 12:02:27.973] [jointLog] [info] wrote 90 bootstraps
[2017-07-17 12:02:34.941] [jointLog] [info] wrote 91 bootstraps
[2017-07-17 12:02:35.228] [jointLog] [info] wrote 92 bootstraps
[2017-07-17 12:02:37.301] [jointLog] [info] wrote 93 bootstraps
[2017-07-17 12:02:42.415] [jointLog] [info] wrote 94 bootstraps
[2017-07-17 12:02:48.443] [jointLog] [info] wrote 95 bootstraps
[2017-07-17 12:02:52.054] [jointLog] [info] wrote 96 bootstraps
[2017-07-17 12:02:56.905] [jointLog] [info] wrote 97 bootstraps
[2017-07-17 12:03:00.041] [jointLog] [info] wrote 98 bootstraps
[2017-07-17 12:03:00.569] [jointLog] [info] wrote 99 bootstraps
[2017-07-17 12:03:01.351] [jointLog] [info] wrote 100 bootstraps
[2017-07-17 12:03:01.374] [jointLog] [info] Finished Bootstrapping
