[2020-05-30 01:42:09.819] [jointLog] [info] parsing read library format
[2020-05-30 01:42:09.819] [jointLog] [info] There is 1 library.
[2020-05-30 01:45:31.928] [jointLog] [info] parsing read library format
[2020-05-30 01:45:31.929] [jointLog] [info] There is 1 library.
[2020-05-30 01:45:32.043] [jointLog] [info] Loading Quasi index
[2020-05-30 01:45:32.046] [jointLog] [info] Loading 32-bit quasi index
[2020-05-30 01:45:36.172] [jointLog] [info] done
[2020-05-30 01:45:36.172] [jointLog] [info] Index contained 43313 targets
[2020-05-30 01:45:36.977] [jointLog] [info] Automatically detected most likely library type as IU
[2020-05-30 01:45:51.643] [fileLog] [info] 
At end of round 0
==================
Observed 5093105 total fragments (5093105 in most recent round)

[2020-05-30 01:45:51.642] [jointLog] [info] Computed 37164 rich equivalence classes for further processing
[2020-05-30 01:45:51.642] [jointLog] [info] Counted 4376444 total reads in the equivalence classes 
[2020-05-30 01:45:51.649] [jointLog] [warning] Only 4376444 fragments were mapped, but the number of burn-in fragments was set to 5000000.
The effective lengths have been computed using the observed mappings.

[2020-05-30 01:45:51.649] [jointLog] [info] Mapping rate = 85.9288%

[2020-05-30 01:45:51.649] [jointLog] [info] finished quantifyLibrary()
[2020-05-30 01:45:51.656] [jointLog] [info] Starting optimizer
[2020-05-30 01:45:51.678] [jointLog] [info] Marked 0 weighted equivalence classes as degenerate
[2020-05-30 01:45:51.680] [jointLog] [info] iteration = 0 | max rel diff. = 164.903
[2020-05-30 01:45:51.797] [jointLog] [info] iteration = 100 | max rel diff. = 0.111904
[2020-05-30 01:45:51.912] [jointLog] [info] iteration = 200 | max rel diff. = 0.0524968
[2020-05-30 01:45:52.028] [jointLog] [info] iteration = 300 | max rel diff. = 0.0515509
[2020-05-30 01:45:52.141] [jointLog] [info] iteration = 400 | max rel diff. = 0.0297273
[2020-05-30 01:45:52.255] [jointLog] [info] iteration = 500 | max rel diff. = 0.0216841
[2020-05-30 01:45:52.368] [jointLog] [info] iteration = 600 | max rel diff. = 0.0193149
[2020-05-30 01:45:52.482] [jointLog] [info] iteration = 700 | max rel diff. = 0.0168627
[2020-05-30 01:45:52.599] [jointLog] [info] iteration = 800 | max rel diff. = 0.0128138
[2020-05-30 01:45:52.712] [jointLog] [info] iteration = 900 | max rel diff. = 0.0117505
[2020-05-30 01:45:52.825] [jointLog] [info] iteration = 1000 | max rel diff. = 0.0103946
[2020-05-30 01:45:52.932] [jointLog] [info] iteration = 1096 | max rel diff. = 0.00955123
[2020-05-30 01:45:52.938] [jointLog] [info] Finished optimizer
[2020-05-30 01:45:52.938] [jointLog] [info] writing output 

