[2017-07-17 13:00:09.297] [jointLog] [info] parsing read library format
[2017-07-17 13:00:09.297] [jointLog] [info] There is 1 library.
[2017-07-17 13:00:09.425] [jointLog] [info] Loading Quasi index
[2017-07-17 13:00:09.452] [jointLog] [info] Loading 32-bit quasi index
[2017-07-17 13:01:09.814] [jointLog] [info] done
[2017-07-17 13:01:09.814] [jointLog] [info] Index contained 107368 targets
[2017-07-17 13:01:10.978] [jointLog] [info] Automatically detected most likely library type as IU
[2017-07-17 13:02:21.224] [fileLog] [info] 
At end of round 0
==================
Observed 7411949 total fragments (7411949 in most recent round)

[2017-07-17 13:02:21.224] [jointLog] [info] Computed 121039 rich equivalence classes for further processing
[2017-07-17 13:02:21.224] [jointLog] [info] Counted 5891121 total reads in the equivalence classes 
[2017-07-17 13:02:21.256] [jointLog] [info] Mapping rate = 79.4814%

[2017-07-17 13:02:21.256] [jointLog] [info] finished quantifyLibrary()
[2017-07-17 13:02:21.316] [jointLog] [info] Starting optimizer
[2017-07-17 13:02:21.383] [jointLog] [info] Marked 0 weighted equivalence classes as degenerate
[2017-07-17 13:02:21.387] [jointLog] [info] iteration = 0 | max rel diff. = 79.6071
[2017-07-17 13:02:21.872] [jointLog] [info] iteration = 100 | max rel diff. = 0.329171
[2017-07-17 13:02:22.379] [jointLog] [info] iteration = 200 | max rel diff. = 0.0922395
[2017-07-17 13:02:22.910] [jointLog] [info] iteration = 300 | max rel diff. = 0.0471744
[2017-07-17 13:02:23.454] [jointLog] [info] iteration = 400 | max rel diff. = 0.0254694
[2017-07-17 13:02:24.006] [jointLog] [info] iteration = 500 | max rel diff. = 0.0201476
[2017-07-17 13:02:24.545] [jointLog] [info] iteration = 600 | max rel diff. = 0.0162616
[2017-07-17 13:02:25.110] [jointLog] [info] iteration = 700 | max rel diff. = 0.0189664
[2017-07-17 13:02:25.669] [jointLog] [info] iteration = 800 | max rel diff. = 0.014598
[2017-07-17 13:02:26.201] [jointLog] [info] iteration = 900 | max rel diff. = 0.0117858
[2017-07-17 13:02:26.740] [jointLog] [info] iteration = 1000 | max rel diff. = 0.0101806
[2017-07-17 13:02:26.791] [jointLog] [info] iteration = 1011 | max rel diff. = 0.00954116
[2017-07-17 13:02:26.794] [jointLog] [info] Finished optimizer
[2017-07-17 13:02:26.794] [jointLog] [info] writing output 

[2017-07-17 13:02:26.969] [jointLog] [info] Starting Bootstrapping
[2017-07-17 13:02:27.001] [jointLog] [info] Will draw 100 bootstrap samples
[2017-07-17 13:02:27.001] [jointLog] [info] Optimizing over 121039 equivalence classes
[2017-07-17 13:02:27.023] [jointLog] [info] Marked 0 weighted equivalence classes as degenerate
[2017-07-17 13:02:51.373] [jointLog] [info] wrote 1 bootstraps
[2017-07-17 13:02:51.580] [jointLog] [info] wrote 2 bootstraps
[2017-07-17 13:02:52.728] [jointLog] [info] wrote 3 bootstraps
[2017-07-17 13:02:52.776] [jointLog] [info] wrote 4 bootstraps
[2017-07-17 13:02:52.973] [jointLog] [info] wrote 5 bootstraps
[2017-07-17 13:02:55.128] [jointLog] [info] wrote 6 bootstraps
[2017-07-17 13:02:55.238] [jointLog] [info] wrote 7 bootstraps
[2017-07-17 13:03:17.018] [jointLog] [info] wrote 8 bootstraps
[2017-07-17 13:03:17.110] [jointLog] [info] wrote 9 bootstraps
[2017-07-17 13:03:17.283] [jointLog] [info] wrote 10 bootstraps
[2017-07-17 13:03:18.473] [jointLog] [info] wrote 11 bootstraps
[2017-07-17 13:03:18.821] [jointLog] [info] wrote 12 bootstraps
[2017-07-17 13:03:21.697] [jointLog] [info] wrote 13 bootstraps
[2017-07-17 13:03:23.409] [jointLog] [info] wrote 14 bootstraps
[2017-07-17 13:03:41.786] [jointLog] [info] wrote 15 bootstraps
[2017-07-17 13:03:43.381] [jointLog] [info] wrote 16 bootstraps
[2017-07-17 13:03:43.515] [jointLog] [info] wrote 17 bootstraps
[2017-07-17 13:03:43.714] [jointLog] [info] wrote 18 bootstraps
[2017-07-17 13:03:47.152] [jointLog] [info] wrote 19 bootstraps
[2017-07-17 13:03:47.894] [jointLog] [info] wrote 20 bootstraps
[2017-07-17 13:03:50.037] [jointLog] [info] wrote 21 bootstraps
[2017-07-17 13:04:06.927] [jointLog] [info] wrote 22 bootstraps
[2017-07-17 13:04:07.609] [jointLog] [info] wrote 23 bootstraps
[2017-07-17 13:04:09.412] [jointLog] [info] wrote 24 bootstraps
[2017-07-17 13:04:10.895] [jointLog] [info] wrote 25 bootstraps
[2017-07-17 13:04:11.600] [jointLog] [info] wrote 26 bootstraps
[2017-07-17 13:04:13.035] [jointLog] [info] wrote 27 bootstraps
[2017-07-17 13:04:17.068] [jointLog] [info] wrote 28 bootstraps
[2017-07-17 13:04:32.473] [jointLog] [info] wrote 29 bootstraps
[2017-07-17 13:04:33.272] [jointLog] [info] wrote 30 bootstraps
[2017-07-17 13:04:34.817] [jointLog] [info] wrote 31 bootstraps
[2017-07-17 13:04:35.396] [jointLog] [info] wrote 32 bootstraps
[2017-07-17 13:04:39.480] [jointLog] [info] wrote 33 bootstraps
[2017-07-17 13:04:43.966] [jointLog] [info] wrote 34 bootstraps
[2017-07-17 13:04:45.376] [jointLog] [info] wrote 35 bootstraps
[2017-07-17 13:04:56.765] [jointLog] [info] wrote 36 bootstraps
[2017-07-17 13:05:00.098] [jointLog] [info] wrote 37 bootstraps
[2017-07-17 13:05:00.419] [jointLog] [info] wrote 38 bootstraps
[2017-07-17 13:05:00.570] [jointLog] [info] wrote 39 bootstraps
[2017-07-17 13:05:03.693] [jointLog] [info] wrote 40 bootstraps
[2017-07-17 13:05:08.284] [jointLog] [info] wrote 41 bootstraps
[2017-07-17 13:05:11.335] [jointLog] [info] wrote 42 bootstraps
[2017-07-17 13:05:22.005] [jointLog] [info] wrote 43 bootstraps
[2017-07-17 13:05:25.429] [jointLog] [info] wrote 44 bootstraps
[2017-07-17 13:05:28.380] [jointLog] [info] wrote 45 bootstraps
[2017-07-17 13:05:28.568] [jointLog] [info] wrote 46 bootstraps
[2017-07-17 13:05:30.993] [jointLog] [info] wrote 47 bootstraps
[2017-07-17 13:05:36.023] [jointLog] [info] wrote 48 bootstraps
[2017-07-17 13:05:36.932] [jointLog] [info] wrote 49 bootstraps
[2017-07-17 13:05:48.430] [jointLog] [info] wrote 50 bootstraps
[2017-07-17 13:05:51.454] [jointLog] [info] wrote 51 bootstraps
[2017-07-17 13:05:56.042] [jointLog] [info] wrote 52 bootstraps
[2017-07-17 13:05:57.506] [jointLog] [info] wrote 53 bootstraps
[2017-07-17 13:05:57.553] [jointLog] [info] wrote 54 bootstraps
[2017-07-17 13:06:00.009] [jointLog] [info] wrote 55 bootstraps
[2017-07-17 13:06:02.029] [jointLog] [info] wrote 56 bootstraps
[2017-07-17 13:06:18.202] [jointLog] [info] wrote 57 bootstraps
[2017-07-17 13:06:20.525] [jointLog] [info] wrote 58 bootstraps
[2017-07-17 13:06:25.096] [jointLog] [info] wrote 59 bootstraps
[2017-07-17 13:06:25.717] [jointLog] [info] wrote 60 bootstraps
[2017-07-17 13:06:26.282] [jointLog] [info] wrote 61 bootstraps
[2017-07-17 13:06:27.053] [jointLog] [info] wrote 62 bootstraps
[2017-07-17 13:06:29.198] [jointLog] [info] wrote 63 bootstraps
[2017-07-17 13:06:44.133] [jointLog] [info] wrote 64 bootstraps
[2017-07-17 13:06:45.689] [jointLog] [info] wrote 65 bootstraps
[2017-07-17 13:06:52.245] [jointLog] [info] wrote 66 bootstraps
[2017-07-17 13:06:53.190] [jointLog] [info] wrote 67 bootstraps
[2017-07-17 13:06:53.725] [jointLog] [info] wrote 68 bootstraps
[2017-07-17 13:06:53.954] [jointLog] [info] wrote 69 bootstraps
[2017-07-17 13:06:57.607] [jointLog] [info] wrote 70 bootstraps
[2017-07-17 13:07:09.371] [jointLog] [info] wrote 71 bootstraps
[2017-07-17 13:07:12.074] [jointLog] [info] wrote 72 bootstraps
[2017-07-17 13:07:18.391] [jointLog] [info] wrote 73 bootstraps
[2017-07-17 13:07:20.200] [jointLog] [info] wrote 74 bootstraps
[2017-07-17 13:07:22.497] [jointLog] [info] wrote 75 bootstraps
[2017-07-17 13:07:23.139] [jointLog] [info] wrote 76 bootstraps
[2017-07-17 13:07:23.186] [jointLog] [info] wrote 77 bootstraps
[2017-07-17 13:07:32.639] [jointLog] [info] wrote 78 bootstraps
[2017-07-17 13:07:38.407] [jointLog] [info] wrote 79 bootstraps
[2017-07-17 13:07:43.265] [jointLog] [info] wrote 80 bootstraps
[2017-07-17 13:07:43.758] [jointLog] [info] wrote 81 bootstraps
[2017-07-17 13:07:48.716] [jointLog] [info] wrote 82 bootstraps
[2017-07-17 13:07:49.731] [jointLog] [info] wrote 83 bootstraps
[2017-07-17 13:07:51.822] [jointLog] [info] wrote 84 bootstraps
[2017-07-17 13:07:59.851] [jointLog] [info] wrote 85 bootstraps
[2017-07-17 13:08:04.894] [jointLog] [info] wrote 86 bootstraps
[2017-07-17 13:08:09.820] [jointLog] [info] wrote 87 bootstraps
[2017-07-17 13:08:09.868] [jointLog] [info] wrote 88 bootstraps
[2017-07-17 13:08:15.597] [jointLog] [info] wrote 89 bootstraps
[2017-07-17 13:08:18.191] [jointLog] [info] wrote 90 bootstraps
[2017-07-17 13:08:23.068] [jointLog] [info] wrote 91 bootstraps
[2017-07-17 13:08:30.176] [jointLog] [info] wrote 92 bootstraps
[2017-07-17 13:08:31.793] [jointLog] [info] wrote 93 bootstraps
[2017-07-17 13:08:36.536] [jointLog] [info] wrote 94 bootstraps
[2017-07-17 13:08:41.482] [jointLog] [info] wrote 95 bootstraps
[2017-07-17 13:08:41.568] [jointLog] [info] wrote 96 bootstraps
[2017-07-17 13:08:43.309] [jointLog] [info] wrote 97 bootstraps
[2017-07-17 13:08:47.033] [jointLog] [info] wrote 98 bootstraps
[2017-07-17 13:08:48.607] [jointLog] [info] wrote 99 bootstraps
[2017-07-17 13:08:51.073] [jointLog] [info] wrote 100 bootstraps
[2017-07-17 13:08:51.094] [jointLog] [info] Finished Bootstrapping
