[2017-06-13 15:06:10.181] [jointLog] [info] parsing read library format
[2017-06-13 15:06:10.181] [jointLog] [info] There is 1 library.
[2017-06-13 15:17:36.761] [jointLog] [info] parsing read library format
[2017-06-13 15:17:36.761] [jointLog] [info] There is 1 library.
[2017-06-13 15:17:36.858] [jointLog] [info] Loading Quasi index
[2017-06-13 15:17:36.859] [jointLog] [info] Loading 32-bit quasi index
[2017-06-13 15:17:45.247] [jointLog] [info] done
[2017-06-13 15:17:45.247] [jointLog] [info] Index contained 107368 targets
[2017-06-13 15:17:46.055] [jointLog] [info] Automatically detected most likely library type as IU
[2017-06-13 15:18:31.654] [fileLog] [info] 
At end of round 0
==================
Observed 4380976 total fragments (4380976 in most recent round)

[2017-06-13 15:18:31.653] [jointLog] [info] Computed 119055 rich equivalence classes for further processing
[2017-06-13 15:18:31.653] [jointLog] [info] Counted 3526750 total reads in the equivalence classes 
[2017-06-13 15:18:31.691] [jointLog] [warning] Only 3526750 fragments were mapped, but the number of burn-in fragments was set to 5000000.
The effective lengths have been computed using the observed mappings.

[2017-06-13 15:18:31.691] [jointLog] [info] Mapping rate = 80.5015%

[2017-06-13 15:18:31.692] [jointLog] [info] finished quantifyLibrary()
[2017-06-13 15:18:31.693] [jointLog] [info] Starting optimizer
[2017-06-13 15:18:31.763] [jointLog] [info] Marked 0 weighted equivalence classes as degenerate
[2017-06-13 15:18:31.768] [jointLog] [info] iteration = 0 | max rel diff. = 55.285
[2017-06-13 15:18:32.319] [jointLog] [info] iteration = 100 | max rel diff. = 0.104763
[2017-06-13 15:18:32.844] [jointLog] [info] iteration = 200 | max rel diff. = 0.171243
[2017-06-13 15:18:33.384] [jointLog] [info] iteration = 300 | max rel diff. = 0.0333635
[2017-06-13 15:18:33.917] [jointLog] [info] iteration = 400 | max rel diff. = 0.0375797
[2017-06-13 15:18:34.474] [jointLog] [info] iteration = 500 | max rel diff. = 0.0192043
[2017-06-13 15:18:35.055] [jointLog] [info] iteration = 600 | max rel diff. = 0.0195634
[2017-06-13 15:18:35.583] [jointLog] [info] iteration = 700 | max rel diff. = 0.0174159
[2017-06-13 15:18:36.137] [jointLog] [info] iteration = 800 | max rel diff. = 0.0124084
[2017-06-13 15:18:36.554] [jointLog] [info] iteration = 876 | max rel diff. = 0.00998677
[2017-06-13 15:18:36.557] [jointLog] [info] Finished optimizer
[2017-06-13 15:18:36.557] [jointLog] [info] writing output 

[2017-06-17 15:16:22.517] [jointLog] [info] parsing read library format
[2017-06-17 15:16:22.517] [jointLog] [info] There is 1 library.
[2017-06-17 15:16:22.609] [jointLog] [info] Loading Quasi index
[2017-06-17 15:16:22.610] [jointLog] [info] Loading 32-bit quasi index
[2017-06-17 15:16:30.696] [jointLog] [info] done
[2017-06-17 15:16:30.696] [jointLog] [info] Index contained 107368 targets
[2017-06-17 15:16:31.430] [jointLog] [info] Automatically detected most likely library type as IU
[2017-06-17 15:17:11.169] [jointLog] [info] Computed 119055 rich equivalence classes for further processing
[2017-06-17 15:17:11.169] [jointLog] [info] Counted 3526750 total reads in the equivalence classes 
[2017-06-17 15:17:11.209] [jointLog] [warning] Only 3526750 fragments were mapped, but the number of burn-in fragments was set to 5000000.
The effective lengths have been computed using the observed mappings.

[2017-06-17 15:17:11.209] [jointLog] [info] Mapping rate = 80.5015%

[2017-06-17 15:17:11.209] [jointLog] [info] finished quantifyLibrary()
[2017-06-17 15:17:11.209] [jointLog] [info] Starting optimizer
[2017-06-17 15:17:11.278] [jointLog] [info] Marked 0 weighted equivalence classes as degenerate
[2017-06-17 15:17:11.282] [jointLog] [info] iteration = 0 | max rel diff. = 55.2866
[2017-06-17 15:17:11.170] [fileLog] [info] 
At end of round 0
==================
Observed 4380976 total fragments (4380976 in most recent round)

[2017-06-17 15:17:11.768] [jointLog] [info] iteration = 100 | max rel diff. = 0.104763
[2017-06-17 15:17:12.240] [jointLog] [info] iteration = 200 | max rel diff. = 0.173251
[2017-06-17 15:17:12.785] [jointLog] [info] iteration = 300 | max rel diff. = 0.0334115
[2017-06-17 15:17:13.259] [jointLog] [info] iteration = 400 | max rel diff. = 0.0256429
[2017-06-17 15:17:13.749] [jointLog] [info] iteration = 500 | max rel diff. = 0.0192063
[2017-06-17 15:17:14.184] [jointLog] [info] iteration = 600 | max rel diff. = 0.0209539
[2017-06-17 15:17:14.621] [jointLog] [info] iteration = 700 | max rel diff. = 0.0174171
[2017-06-17 15:17:15.124] [jointLog] [info] iteration = 800 | max rel diff. = 0.0124131
[2017-06-17 15:17:15.540] [jointLog] [info] iteration = 882 | max rel diff. = 0.00979411
[2017-06-17 15:17:15.543] [jointLog] [info] Finished optimizer
[2017-06-17 15:17:15.543] [jointLog] [info] writing output 

[2017-06-17 15:17:15.820] [jointLog] [info] Starting Bootstrapping
[2017-06-17 15:17:15.852] [jointLog] [info] Will draw 100 bootstrap samples
[2017-06-17 15:17:15.852] [jointLog] [info] Optimizing over 119055 equivalence classes
[2017-06-17 15:17:15.872] [jointLog] [info] Marked 0 weighted equivalence classes as degenerate
[2017-06-17 15:17:36.882] [jointLog] [info] wrote 1 bootstraps
[2017-06-17 15:17:38.365] [jointLog] [info] wrote 2 bootstraps
[2017-06-17 15:17:38.687] [jointLog] [info] wrote 3 bootstraps
[2017-06-17 15:17:38.880] [jointLog] [info] wrote 4 bootstraps
[2017-06-17 15:17:39.144] [jointLog] [info] wrote 5 bootstraps
[2017-06-17 15:17:40.582] [jointLog] [info] wrote 6 bootstraps
[2017-06-17 15:17:40.892] [jointLog] [info] wrote 7 bootstraps
[2017-06-17 15:17:57.568] [jointLog] [info] wrote 8 bootstraps
[2017-06-17 15:17:59.318] [jointLog] [info] wrote 9 bootstraps
[2017-06-17 15:17:59.393] [jointLog] [info] wrote 10 bootstraps
[2017-06-17 15:18:00.061] [jointLog] [info] wrote 11 bootstraps
[2017-06-17 15:18:00.764] [jointLog] [info] wrote 12 bootstraps
[2017-06-17 15:18:04.216] [jointLog] [info] wrote 13 bootstraps
[2017-06-17 15:18:05.787] [jointLog] [info] wrote 14 bootstraps
[2017-06-17 15:18:19.207] [jointLog] [info] wrote 15 bootstraps
[2017-06-17 15:18:22.098] [jointLog] [info] wrote 16 bootstraps
[2017-06-17 15:18:22.947] [jointLog] [info] wrote 17 bootstraps
[2017-06-17 15:18:24.872] [jointLog] [info] wrote 18 bootstraps
[2017-06-17 15:18:27.272] [jointLog] [info] wrote 19 bootstraps
[2017-06-17 15:18:27.451] [jointLog] [info] wrote 20 bootstraps
[2017-06-17 15:18:31.048] [jointLog] [info] wrote 21 bootstraps
[2017-06-17 15:18:42.373] [jointLog] [info] wrote 22 bootstraps
[2017-06-17 15:18:44.768] [jointLog] [info] wrote 23 bootstraps
[2017-06-17 15:18:45.532] [jointLog] [info] wrote 24 bootstraps
[2017-06-17 15:18:46.272] [jointLog] [info] wrote 25 bootstraps
[2017-06-17 15:18:47.383] [jointLog] [info] wrote 26 bootstraps
[2017-06-17 15:18:49.420] [jointLog] [info] wrote 27 bootstraps
[2017-06-17 15:18:57.305] [jointLog] [info] wrote 28 bootstraps
[2017-06-17 15:19:06.615] [jointLog] [info] wrote 29 bootstraps
[2017-06-17 15:19:06.852] [jointLog] [info] wrote 30 bootstraps
[2017-06-17 15:19:09.782] [jointLog] [info] wrote 31 bootstraps
[2017-06-17 15:19:10.315] [jointLog] [info] wrote 32 bootstraps
[2017-06-17 15:19:11.001] [jointLog] [info] wrote 33 bootstraps
[2017-06-17 15:19:11.070] [jointLog] [info] wrote 34 bootstraps
[2017-06-17 15:19:17.681] [jointLog] [info] wrote 35 bootstraps
[2017-06-17 15:19:28.309] [jointLog] [info] wrote 36 bootstraps
[2017-06-17 15:19:28.942] [jointLog] [info] wrote 37 bootstraps
[2017-06-17 15:19:30.972] [jointLog] [info] wrote 38 bootstraps
[2017-06-17 15:19:31.732] [jointLog] [info] wrote 39 bootstraps
[2017-06-17 15:19:32.424] [jointLog] [info] wrote 40 bootstraps
[2017-06-17 15:19:33.320] [jointLog] [info] wrote 41 bootstraps
[2017-06-17 15:19:39.037] [jointLog] [info] wrote 42 bootstraps
[2017-06-17 15:19:49.845] [jointLog] [info] wrote 43 bootstraps
[2017-06-17 15:19:50.713] [jointLog] [info] wrote 44 bootstraps
[2017-06-17 15:19:52.171] [jointLog] [info] wrote 45 bootstraps
[2017-06-17 15:19:52.643] [jointLog] [info] wrote 46 bootstraps
[2017-06-17 15:19:56.579] [jointLog] [info] wrote 47 bootstraps
[2017-06-17 15:19:57.984] [jointLog] [info] wrote 48 bootstraps
[2017-06-17 15:20:02.669] [jointLog] [info] wrote 49 bootstraps
[2017-06-17 15:20:11.150] [jointLog] [info] wrote 50 bootstraps
[2017-06-17 15:20:14.215] [jointLog] [info] wrote 51 bootstraps
[2017-06-17 15:20:14.656] [jointLog] [info] wrote 52 bootstraps
[2017-06-17 15:20:14.730] [jointLog] [info] wrote 53 bootstraps
[2017-06-17 15:20:17.938] [jointLog] [info] wrote 54 bootstraps
[2017-06-17 15:20:19.512] [jointLog] [info] wrote 55 bootstraps
[2017-06-17 15:20:25.098] [jointLog] [info] wrote 56 bootstraps
[2017-06-17 15:20:31.566] [jointLog] [info] wrote 57 bootstraps
[2017-06-17 15:20:35.108] [jointLog] [info] wrote 58 bootstraps
[2017-06-17 15:20:36.014] [jointLog] [info] wrote 59 bootstraps
[2017-06-17 15:20:38.867] [jointLog] [info] wrote 60 bootstraps
[2017-06-17 15:20:39.549] [jointLog] [info] wrote 61 bootstraps
[2017-06-17 15:20:43.154] [jointLog] [info] wrote 62 bootstraps
[2017-06-17 15:20:47.974] [jointLog] [info] wrote 63 bootstraps
[2017-06-17 15:20:53.363] [jointLog] [info] wrote 64 bootstraps
[2017-06-17 15:20:59.113] [jointLog] [info] wrote 65 bootstraps
[2017-06-17 15:20:59.997] [jointLog] [info] wrote 66 bootstraps
[2017-06-17 15:21:02.538] [jointLog] [info] wrote 67 bootstraps
[2017-06-17 15:21:03.214] [jointLog] [info] wrote 68 bootstraps
[2017-06-17 15:21:04.749] [jointLog] [info] wrote 69 bootstraps
[2017-06-17 15:21:09.975] [jointLog] [info] wrote 70 bootstraps
[2017-06-17 15:21:14.689] [jointLog] [info] wrote 71 bootstraps
[2017-06-17 15:21:20.762] [jointLog] [info] wrote 72 bootstraps
[2017-06-17 15:21:23.094] [jointLog] [info] wrote 73 bootstraps
[2017-06-17 15:21:25.707] [jointLog] [info] wrote 74 bootstraps
[2017-06-17 15:21:26.587] [jointLog] [info] wrote 75 bootstraps
[2017-06-17 15:21:27.455] [jointLog] [info] wrote 76 bootstraps
[2017-06-17 15:21:29.445] [jointLog] [info] wrote 77 bootstraps
[2017-06-17 15:21:37.102] [jointLog] [info] wrote 78 bootstraps
[2017-06-17 15:21:43.079] [jointLog] [info] wrote 79 bootstraps
[2017-06-17 15:21:43.324] [jointLog] [info] wrote 80 bootstraps
[2017-06-17 15:21:49.334] [jointLog] [info] wrote 81 bootstraps
[2017-06-17 15:21:49.958] [jointLog] [info] wrote 82 bootstraps
[2017-06-17 15:21:50.805] [jointLog] [info] wrote 83 bootstraps
[2017-06-17 15:21:51.253] [jointLog] [info] wrote 84 bootstraps
[2017-06-17 15:21:58.706] [jointLog] [info] wrote 85 bootstraps
[2017-06-17 15:22:04.420] [jointLog] [info] wrote 86 bootstraps
[2017-06-17 15:22:06.197] [jointLog] [info] wrote 87 bootstraps
[2017-06-17 15:22:10.155] [jointLog] [info] wrote 88 bootstraps
[2017-06-17 15:22:13.417] [jointLog] [info] wrote 89 bootstraps
[2017-06-17 15:22:13.864] [jointLog] [info] wrote 90 bootstraps
[2017-06-17 15:22:14.830] [jointLog] [info] wrote 91 bootstraps
[2017-06-17 15:22:19.171] [jointLog] [info] wrote 92 bootstraps
[2017-06-17 15:22:27.594] [jointLog] [info] wrote 93 bootstraps
[2017-06-17 15:22:28.381] [jointLog] [info] wrote 94 bootstraps
[2017-06-17 15:22:33.086] [jointLog] [info] wrote 95 bootstraps
[2017-06-17 15:22:34.087] [jointLog] [info] wrote 96 bootstraps
[2017-06-17 15:22:34.605] [jointLog] [info] wrote 97 bootstraps
[2017-06-17 15:22:36.165] [jointLog] [info] wrote 98 bootstraps
[2017-06-17 15:22:36.782] [jointLog] [info] wrote 99 bootstraps
[2017-06-17 15:22:41.201] [jointLog] [info] wrote 100 bootstraps
[2017-06-17 15:22:41.222] [jointLog] [info] Finished Bootstrapping
