[2020-05-27 20:25:04.278] [jointLog] [info] parsing read library format
[2020-05-27 20:25:04.278] [jointLog] [info] There is 1 library.
[2020-05-27 20:26:08.432] [jointLog] [info] parsing read library format
[2020-05-27 20:26:08.432] [jointLog] [info] There is 1 library.
[2020-05-27 20:36:01.964] [jointLog] [info] parsing read library format
[2020-05-27 20:36:01.964] [jointLog] [info] There is 1 library.
[2020-05-27 20:36:02.056] [jointLog] [info] Loading Quasi index
[2020-05-27 20:36:02.058] [jointLog] [info] Loading 32-bit quasi index
[2020-05-27 20:36:06.564] [jointLog] [info] done
[2020-05-27 20:36:06.565] [jointLog] [info] Index contained 43313 targets
[2020-05-27 20:36:07.113] [jointLog] [info] Automatically detected most likely library type as IU
[2020-05-27 20:36:31.844] [jointLog] [info] Computed 40719 rich equivalence classes for further processing
[2020-05-27 20:36:31.844] [jointLog] [info] Counted 4842588 total reads in the equivalence classes 
[2020-05-27 20:36:31.852] [jointLog] [warning] Only 4842588 fragments were mapped, but the number of burn-in fragments was set to 5000000.
The effective lengths have been computed using the observed mappings.

[2020-05-27 20:36:31.852] [jointLog] [info] Mapping rate = 82.7847%

[2020-05-27 20:36:31.852] [jointLog] [info] finished quantifyLibrary()
[2020-05-27 20:36:31.939] [jointLog] [info] Starting optimizer
[2020-05-27 20:36:31.844] [fileLog] [info] 
At end of round 0
==================
Observed 5849617 total fragments (5849617 in most recent round)

[2020-05-27 20:36:31.966] [jointLog] [info] Marked 0 weighted equivalence classes as degenerate
[2020-05-27 20:36:31.967] [jointLog] [info] iteration = 0 | max rel diff. = 213.677
[2020-05-27 20:36:32.079] [jointLog] [info] iteration = 100 | max rel diff. = 0.109482
[2020-05-27 20:36:32.191] [jointLog] [info] iteration = 200 | max rel diff. = 0.0528567
[2020-05-27 20:36:32.303] [jointLog] [info] iteration = 300 | max rel diff. = 0.0352063
[2020-05-27 20:36:32.414] [jointLog] [info] iteration = 400 | max rel diff. = 0.0246459
[2020-05-27 20:36:32.526] [jointLog] [info] iteration = 500 | max rel diff. = 0.0208044
[2020-05-27 20:36:32.637] [jointLog] [info] iteration = 600 | max rel diff. = 0.0174542
[2020-05-27 20:36:32.748] [jointLog] [info] iteration = 700 | max rel diff. = 0.0152787
[2020-05-27 20:36:32.860] [jointLog] [info] iteration = 800 | max rel diff. = 0.0123867
[2020-05-27 20:36:32.972] [jointLog] [info] iteration = 900 | max rel diff. = 0.011391
[2020-05-27 20:36:33.084] [jointLog] [info] iteration = 1000 | max rel diff. = 0.0106306
[2020-05-27 20:36:33.143] [jointLog] [info] iteration = 1054 | max rel diff. = 0.00943802
[2020-05-27 20:36:33.148] [jointLog] [info] Finished optimizer
[2020-05-27 20:36:33.148] [jointLog] [info] writing output 

