[2020-05-27 20:43:19.860] [jointLog] [info] parsing read library format
[2020-05-27 20:43:19.860] [jointLog] [info] There is 1 library.
[2020-05-27 20:43:20.087] [jointLog] [info] Loading Quasi index
[2020-05-27 20:43:20.154] [jointLog] [info] Loading 32-bit quasi index
[2020-05-27 20:43:24.722] [jointLog] [info] done
[2020-05-27 20:43:24.722] [jointLog] [info] Index contained 43313 targets
[2020-05-27 20:43:25.328] [jointLog] [info] Automatically detected most likely library type as IU
[2020-05-27 20:43:56.095] [fileLog] [info] 
At end of round 0
==================
Observed 7309952 total fragments (7309952 in most recent round)

[2020-05-27 20:43:56.094] [jointLog] [info] Computed 40583 rich equivalence classes for further processing
[2020-05-27 20:43:56.094] [jointLog] [info] Counted 6222091 total reads in the equivalence classes 
[2020-05-27 20:43:56.099] [jointLog] [info] Mapping rate = 85.1181%

[2020-05-27 20:43:56.099] [jointLog] [info] finished quantifyLibrary()
[2020-05-27 20:43:56.106] [jointLog] [info] Starting optimizer
[2020-05-27 20:43:56.134] [jointLog] [info] Marked 0 weighted equivalence classes as degenerate
[2020-05-27 20:43:56.135] [jointLog] [info] iteration = 0 | max rel diff. = 256.174
[2020-05-27 20:43:56.240] [jointLog] [info] iteration = 100 | max rel diff. = 0.111387
[2020-05-27 20:43:56.348] [jointLog] [info] iteration = 200 | max rel diff. = 0.0530589
[2020-05-27 20:43:56.457] [jointLog] [info] iteration = 300 | max rel diff. = 0.0339582
[2020-05-27 20:43:56.564] [jointLog] [info] iteration = 400 | max rel diff. = 0.0251713
[2020-05-27 20:43:56.672] [jointLog] [info] iteration = 500 | max rel diff. = 0.0194114
[2020-05-27 20:43:56.779] [jointLog] [info] iteration = 600 | max rel diff. = 0.0179463
[2020-05-27 20:43:56.886] [jointLog] [info] iteration = 700 | max rel diff. = 0.0153423
[2020-05-27 20:43:56.994] [jointLog] [info] iteration = 800 | max rel diff. = 0.0127004
[2020-05-27 20:43:57.102] [jointLog] [info] iteration = 900 | max rel diff. = 0.0105869
[2020-05-27 20:43:57.209] [jointLog] [info] iteration = 1000 | max rel diff. = 0.0102067
[2020-05-27 20:43:57.313] [jointLog] [info] iteration = 1097 | max rel diff. = 0.00836606
[2020-05-27 20:43:57.317] [jointLog] [info] Finished optimizer
[2020-05-27 20:43:57.317] [jointLog] [info] writing output 

