[2020-05-27 20:41:58.844] [jointLog] [info] parsing read library format
[2020-05-27 20:41:58.844] [jointLog] [info] There is 1 library.
[2020-05-27 20:41:58.934] [jointLog] [info] Loading Quasi index
[2020-05-27 20:41:58.937] [jointLog] [info] Loading 32-bit quasi index
[2020-05-27 20:42:03.436] [jointLog] [info] done
[2020-05-27 20:42:03.436] [jointLog] [info] Index contained 43313 targets
[2020-05-27 20:42:04.061] [jointLog] [info] Automatically detected most likely library type as IU
[2020-05-27 20:42:34.857] [jointLog] [info] Computed 41892 rich equivalence classes for further processing
[2020-05-27 20:42:34.857] [jointLog] [info] Counted 6997187 total reads in the equivalence classes 
[2020-05-27 20:42:34.862] [jointLog] [info] Mapping rate = 86.1215%

[2020-05-27 20:42:34.862] [jointLog] [info] finished quantifyLibrary()
[2020-05-27 20:42:34.870] [jointLog] [info] Starting optimizer
[2020-05-27 20:42:34.898] [jointLog] [info] Marked 0 weighted equivalence classes as degenerate
[2020-05-27 20:42:34.899] [jointLog] [info] iteration = 0 | max rel diff. = 266.871
[2020-05-27 20:42:35.013] [jointLog] [info] iteration = 100 | max rel diff. = 0.111095
[2020-05-27 20:42:34.858] [fileLog] [info] 
At end of round 0
==================
Observed 8124784 total fragments (8124784 in most recent round)

[2020-05-27 20:42:35.128] [jointLog] [info] iteration = 200 | max rel diff. = 0.0572825
[2020-05-27 20:42:35.242] [jointLog] [info] iteration = 300 | max rel diff. = 0.0335098
[2020-05-27 20:42:35.356] [jointLog] [info] iteration = 400 | max rel diff. = 0.0258307
[2020-05-27 20:42:35.470] [jointLog] [info] iteration = 500 | max rel diff. = 0.0216382
[2020-05-27 20:42:35.584] [jointLog] [info] iteration = 600 | max rel diff. = 0.0164138
[2020-05-27 20:42:35.699] [jointLog] [info] iteration = 700 | max rel diff. = 0.0153439
[2020-05-27 20:42:35.813] [jointLog] [info] iteration = 800 | max rel diff. = 0.0118721
[2020-05-27 20:42:35.927] [jointLog] [info] iteration = 900 | max rel diff. = 0.0110193
[2020-05-27 20:42:35.942] [jointLog] [info] iteration = 914 | max rel diff. = 0.00957002
[2020-05-27 20:42:35.947] [jointLog] [info] Finished optimizer
[2020-05-27 20:42:35.947] [jointLog] [info] writing output 

