[2020-05-27 20:55:46.370] [jointLog] [info] parsing read library format
[2020-05-27 20:55:46.370] [jointLog] [info] There is 1 library.
[2020-05-27 20:55:46.460] [jointLog] [info] Loading Quasi index
[2020-05-27 20:55:46.463] [jointLog] [info] Loading 32-bit quasi index
[2020-05-27 20:55:50.959] [jointLog] [info] done
[2020-05-27 20:55:50.959] [jointLog] [info] Index contained 43313 targets
[2020-05-27 20:55:51.562] [jointLog] [info] Automatically detected most likely library type as IU
[2020-05-27 20:56:40.212] [jointLog] [info] Computed 42249 rich equivalence classes for further processing
[2020-05-27 20:56:40.212] [jointLog] [info] Counted 11235567 total reads in the equivalence classes 
[2020-05-27 20:56:40.219] [jointLog] [info] Mapping rate = 85.0201%

[2020-05-27 20:56:40.219] [jointLog] [info] finished quantifyLibrary()
[2020-05-27 20:56:40.240] [jointLog] [info] Starting optimizer
[2020-05-27 20:56:40.267] [jointLog] [info] Marked 0 weighted equivalence classes as degenerate
[2020-05-27 20:56:40.268] [jointLog] [info] iteration = 0 | max rel diff. = 286.407
[2020-05-27 20:56:40.212] [fileLog] [info] 
At end of round 0
==================
Observed 13215187 total fragments (13215187 in most recent round)

[2020-05-27 20:56:40.372] [jointLog] [info] iteration = 100 | max rel diff. = 0.108331
[2020-05-27 20:56:40.481] [jointLog] [info] iteration = 200 | max rel diff. = 0.0541022
[2020-05-27 20:56:40.592] [jointLog] [info] iteration = 300 | max rel diff. = 0.0352738
[2020-05-27 20:56:40.704] [jointLog] [info] iteration = 400 | max rel diff. = 0.0259942
[2020-05-27 20:56:40.819] [jointLog] [info] iteration = 500 | max rel diff. = 0.0214305
[2020-05-27 20:56:40.932] [jointLog] [info] iteration = 600 | max rel diff. = 0.0169761
[2020-05-27 20:56:41.043] [jointLog] [info] iteration = 700 | max rel diff. = 0.016029
[2020-05-27 20:56:41.150] [jointLog] [info] iteration = 800 | max rel diff. = 0.0152707
[2020-05-27 20:56:41.248] [jointLog] [info] iteration = 900 | max rel diff. = 0.0120505
[2020-05-27 20:56:41.348] [jointLog] [info] iteration = 1000 | max rel diff. = 0.0112645
[2020-05-27 20:56:41.447] [jointLog] [info] iteration = 1100 | max rel diff. = 0.0103788
[2020-05-27 20:56:41.537] [jointLog] [info] iteration = 1192 | max rel diff. = 0.00884532
[2020-05-27 20:56:41.542] [jointLog] [info] Finished optimizer
[2020-05-27 20:56:41.542] [jointLog] [info] writing output 

