[2017-06-13 15:06:10.773] [jointLog] [info] parsing read library format
[2017-06-13 15:06:10.773] [jointLog] [info] There is 1 library.
[2017-06-13 15:18:40.414] [jointLog] [info] parsing read library format
[2017-06-13 15:18:40.414] [jointLog] [info] There is 1 library.
[2017-06-13 15:18:40.503] [jointLog] [info] Loading Quasi index
[2017-06-13 15:18:40.504] [jointLog] [info] Loading 32-bit quasi index
[2017-06-13 15:18:48.946] [jointLog] [info] done
[2017-06-13 15:18:48.946] [jointLog] [info] Index contained 107368 targets
[2017-06-13 15:18:49.728] [jointLog] [info] Automatically detected most likely library type as IU
[2017-06-13 15:19:45.197] [fileLog] [info] 
At end of round 0
==================
Observed 5849617 total fragments (5849617 in most recent round)

[2017-06-13 15:19:45.196] [jointLog] [info] Computed 126733 rich equivalence classes for further processing
[2017-06-13 15:19:45.196] [jointLog] [info] Counted 4733002 total reads in the equivalence classes 
[2017-06-13 15:19:45.230] [jointLog] [warning] Only 4733002 fragments were mapped, but the number of burn-in fragments was set to 5000000.
The effective lengths have been computed using the observed mappings.

[2017-06-13 15:19:45.230] [jointLog] [info] Mapping rate = 80.9113%

[2017-06-13 15:19:45.230] [jointLog] [info] finished quantifyLibrary()
[2017-06-13 15:19:45.231] [jointLog] [info] Starting optimizer
[2017-06-13 15:19:47.124] [jointLog] [info] Marked 0 weighted equivalence classes as degenerate
[2017-06-13 15:19:47.128] [jointLog] [info] iteration = 0 | max rel diff. = 66.9782
[2017-06-13 15:19:47.637] [jointLog] [info] iteration = 100 | max rel diff. = 0.10385
[2017-06-13 15:19:48.170] [jointLog] [info] iteration = 200 | max rel diff. = 0.0538772
[2017-06-13 15:19:48.667] [jointLog] [info] iteration = 300 | max rel diff. = 0.0369017
[2017-06-13 15:19:49.169] [jointLog] [info] iteration = 400 | max rel diff. = 0.0252118
[2017-06-13 15:19:49.675] [jointLog] [info] iteration = 500 | max rel diff. = 0.0198958
[2017-06-13 15:19:50.186] [jointLog] [info] iteration = 600 | max rel diff. = 0.0170788
[2017-06-13 15:19:50.728] [jointLog] [info] iteration = 700 | max rel diff. = 0.0141203
[2017-06-13 15:19:51.224] [jointLog] [info] iteration = 800 | max rel diff. = 0.0130106
[2017-06-13 15:19:51.708] [jointLog] [info] iteration = 900 | max rel diff. = 0.018371
[2017-06-13 15:19:52.241] [jointLog] [info] iteration = 1000 | max rel diff. = 0.0110513
[2017-06-13 15:19:52.784] [jointLog] [info] iteration = 1100 | max rel diff. = 0.0110588
[2017-06-13 15:19:52.913] [jointLog] [info] iteration = 1125 | max rel diff. = 0.0090949
[2017-06-13 15:19:52.916] [jointLog] [info] Finished optimizer
[2017-06-13 15:19:52.916] [jointLog] [info] writing output 

[2017-06-17 15:22:45.273] [jointLog] [info] parsing read library format
[2017-06-17 15:22:45.273] [jointLog] [info] There is 1 library.
[2017-06-17 15:22:45.369] [jointLog] [info] Loading Quasi index
[2017-06-17 15:22:45.369] [jointLog] [info] Loading 32-bit quasi index
[2017-06-17 15:22:53.507] [jointLog] [info] done
[2017-06-17 15:22:53.508] [jointLog] [info] Index contained 107368 targets
[2017-06-17 15:22:54.245] [jointLog] [info] Automatically detected most likely library type as IU
[2017-06-17 15:23:46.203] [fileLog] [info] 
At end of round 0
==================
Observed 5849617 total fragments (5849617 in most recent round)

[2017-06-17 15:23:46.202] [jointLog] [info] Computed 126733 rich equivalence classes for further processing
[2017-06-17 15:23:46.202] [jointLog] [info] Counted 4733002 total reads in the equivalence classes 
[2017-06-17 15:23:46.238] [jointLog] [warning] Only 4733002 fragments were mapped, but the number of burn-in fragments was set to 5000000.
The effective lengths have been computed using the observed mappings.

[2017-06-17 15:23:46.239] [jointLog] [info] Mapping rate = 80.9113%

[2017-06-17 15:23:46.239] [jointLog] [info] finished quantifyLibrary()
[2017-06-17 15:23:46.259] [jointLog] [info] Starting optimizer
[2017-06-17 15:23:46.330] [jointLog] [info] Marked 0 weighted equivalence classes as degenerate
[2017-06-17 15:23:46.334] [jointLog] [info] iteration = 0 | max rel diff. = 66.9771
[2017-06-17 15:23:46.842] [jointLog] [info] iteration = 100 | max rel diff. = 0.10385
[2017-06-17 15:23:47.341] [jointLog] [info] iteration = 200 | max rel diff. = 0.0537672
[2017-06-17 15:23:47.872] [jointLog] [info] iteration = 300 | max rel diff. = 0.0368945
[2017-06-17 15:23:48.374] [jointLog] [info] iteration = 400 | max rel diff. = 0.0252149
[2017-06-17 15:23:48.820] [jointLog] [info] iteration = 500 | max rel diff. = 0.0198954
[2017-06-17 15:23:49.260] [jointLog] [info] iteration = 600 | max rel diff. = 0.0169985
[2017-06-17 15:23:49.791] [jointLog] [info] iteration = 700 | max rel diff. = 0.0141203
[2017-06-17 15:23:50.296] [jointLog] [info] iteration = 800 | max rel diff. = 0.0130068
[2017-06-17 15:23:50.776] [jointLog] [info] iteration = 900 | max rel diff. = 0.0168768
[2017-06-17 15:23:51.291] [jointLog] [info] iteration = 1000 | max rel diff. = 0.011052
[2017-06-17 15:23:51.732] [jointLog] [info] iteration = 1100 | max rel diff. = 0.0110595
[2017-06-17 15:23:51.835] [jointLog] [info] iteration = 1124 | max rel diff. = 0.00909444
[2017-06-17 15:23:51.838] [jointLog] [info] Finished optimizer
[2017-06-17 15:23:51.838] [jointLog] [info] writing output 

[2017-06-17 15:23:52.387] [jointLog] [info] Starting Bootstrapping
[2017-06-17 15:23:52.418] [jointLog] [info] Will draw 100 bootstrap samples
[2017-06-17 15:23:52.418] [jointLog] [info] Optimizing over 126733 equivalence classes
[2017-06-17 15:23:52.439] [jointLog] [info] Marked 0 weighted equivalence classes as degenerate
[2017-06-17 15:24:15.580] [jointLog] [info] wrote 1 bootstraps
[2017-06-17 15:24:16.368] [jointLog] [info] wrote 2 bootstraps
[2017-06-17 15:24:17.044] [jointLog] [info] wrote 3 bootstraps
[2017-06-17 15:24:17.444] [jointLog] [info] wrote 4 bootstraps
[2017-06-17 15:24:17.495] [jointLog] [info] wrote 5 bootstraps
[2017-06-17 15:24:18.507] [jointLog] [info] wrote 6 bootstraps
[2017-06-17 15:24:18.863] [jointLog] [info] wrote 7 bootstraps
[2017-06-17 15:24:41.353] [jointLog] [info] wrote 8 bootstraps
[2017-06-17 15:24:43.449] [jointLog] [info] wrote 9 bootstraps
[2017-06-17 15:24:43.843] [jointLog] [info] wrote 10 bootstraps
[2017-06-17 15:24:44.450] [jointLog] [info] wrote 11 bootstraps
[2017-06-17 15:24:44.799] [jointLog] [info] wrote 12 bootstraps
[2017-06-17 15:24:44.912] [jointLog] [info] wrote 13 bootstraps
[2017-06-17 15:24:51.828] [jointLog] [info] wrote 14 bootstraps
[2017-06-17 15:25:05.514] [jointLog] [info] wrote 15 bootstraps
[2017-06-17 15:25:09.655] [jointLog] [info] wrote 16 bootstraps
[2017-06-17 15:25:10.066] [jointLog] [info] wrote 17 bootstraps
[2017-06-17 15:25:10.680] [jointLog] [info] wrote 18 bootstraps
[2017-06-17 15:25:11.390] [jointLog] [info] wrote 19 bootstraps
[2017-06-17 15:25:12.392] [jointLog] [info] wrote 20 bootstraps
[2017-06-17 15:25:19.532] [jointLog] [info] wrote 21 bootstraps
[2017-06-17 15:25:34.522] [jointLog] [info] wrote 22 bootstraps
[2017-06-17 15:25:36.710] [jointLog] [info] wrote 23 bootstraps
[2017-06-17 15:25:36.962] [jointLog] [info] wrote 24 bootstraps
[2017-06-17 15:25:37.378] [jointLog] [info] wrote 25 bootstraps
[2017-06-17 15:25:37.554] [jointLog] [info] wrote 26 bootstraps
[2017-06-17 15:25:39.971] [jointLog] [info] wrote 27 bootstraps
[2017-06-17 15:25:43.159] [jointLog] [info] wrote 28 bootstraps
[2017-06-17 15:26:00.970] [jointLog] [info] wrote 29 bootstraps
[2017-06-17 15:26:01.453] [jointLog] [info] wrote 30 bootstraps
[2017-06-17 15:26:02.048] [jointLog] [info] wrote 31 bootstraps
[2017-06-17 15:26:03.314] [jointLog] [info] wrote 32 bootstraps
[2017-06-17 15:26:04.428] [jointLog] [info] wrote 33 bootstraps
[2017-06-17 15:26:04.774] [jointLog] [info] wrote 34 bootstraps
[2017-06-17 15:26:11.233] [jointLog] [info] wrote 35 bootstraps
[2017-06-17 15:26:27.253] [jointLog] [info] wrote 36 bootstraps
[2017-06-17 15:26:27.377] [jointLog] [info] wrote 37 bootstraps
[2017-06-17 15:26:29.068] [jointLog] [info] wrote 38 bootstraps
[2017-06-17 15:26:29.500] [jointLog] [info] wrote 39 bootstraps
[2017-06-17 15:26:30.257] [jointLog] [info] wrote 40 bootstraps
[2017-06-17 15:26:30.570] [jointLog] [info] wrote 41 bootstraps
[2017-06-17 15:26:36.131] [jointLog] [info] wrote 42 bootstraps
[2017-06-17 15:26:51.253] [jointLog] [info] wrote 43 bootstraps
[2017-06-17 15:26:51.804] [jointLog] [info] wrote 44 bootstraps
[2017-06-17 15:26:54.025] [jointLog] [info] wrote 45 bootstraps
[2017-06-17 15:26:55.179] [jointLog] [info] wrote 46 bootstraps
[2017-06-17 15:26:55.784] [jointLog] [info] wrote 47 bootstraps
[2017-06-17 15:26:56.322] [jointLog] [info] wrote 48 bootstraps
[2017-06-17 15:27:04.961] [jointLog] [info] wrote 49 bootstraps
[2017-06-17 15:27:15.615] [jointLog] [info] wrote 50 bootstraps
[2017-06-17 15:27:19.774] [jointLog] [info] wrote 51 bootstraps
[2017-06-17 15:27:20.537] [jointLog] [info] wrote 52 bootstraps
[2017-06-17 15:27:21.179] [jointLog] [info] wrote 53 bootstraps
[2017-06-17 15:27:22.726] [jointLog] [info] wrote 54 bootstraps
[2017-06-17 15:27:24.468] [jointLog] [info] wrote 55 bootstraps
[2017-06-17 15:27:31.717] [jointLog] [info] wrote 56 bootstraps
[2017-06-17 15:27:41.227] [jointLog] [info] wrote 57 bootstraps
[2017-06-17 15:27:43.569] [jointLog] [info] wrote 58 bootstraps
[2017-06-17 15:27:45.118] [jointLog] [info] wrote 59 bootstraps
[2017-06-17 15:27:47.746] [jointLog] [info] wrote 60 bootstraps
[2017-06-17 15:27:47.949] [jointLog] [info] wrote 61 bootstraps
[2017-06-17 15:27:52.331] [jointLog] [info] wrote 62 bootstraps
[2017-06-17 15:28:00.599] [jointLog] [info] wrote 63 bootstraps
[2017-06-17 15:28:07.810] [jointLog] [info] wrote 64 bootstraps
[2017-06-17 15:28:09.029] [jointLog] [info] wrote 65 bootstraps
[2017-06-17 15:28:11.781] [jointLog] [info] wrote 66 bootstraps
[2017-06-17 15:28:15.796] [jointLog] [info] wrote 67 bootstraps
[2017-06-17 15:28:15.876] [jointLog] [info] wrote 68 bootstraps
[2017-06-17 15:28:19.166] [jointLog] [info] wrote 69 bootstraps
[2017-06-17 15:28:27.220] [jointLog] [info] wrote 70 bootstraps
[2017-06-17 15:28:32.683] [jointLog] [info] wrote 71 bootstraps
[2017-06-17 15:28:38.189] [jointLog] [info] wrote 72 bootstraps
[2017-06-17 15:28:39.576] [jointLog] [info] wrote 73 bootstraps
[2017-06-17 15:28:40.226] [jointLog] [info] wrote 74 bootstraps
[2017-06-17 15:28:42.391] [jointLog] [info] wrote 75 bootstraps
[2017-06-17 15:28:43.841] [jointLog] [info] wrote 76 bootstraps
[2017-06-17 15:28:52.006] [jointLog] [info] wrote 77 bootstraps
[2017-06-17 15:29:00.733] [jointLog] [info] wrote 78 bootstraps
[2017-06-17 15:29:06.171] [jointLog] [info] wrote 79 bootstraps
[2017-06-17 15:29:06.566] [jointLog] [info] wrote 80 bootstraps
[2017-06-17 15:29:08.722] [jointLog] [info] wrote 81 bootstraps
[2017-06-17 15:29:09.454] [jointLog] [info] wrote 82 bootstraps
[2017-06-17 15:29:10.097] [jointLog] [info] wrote 83 bootstraps
[2017-06-17 15:29:20.227] [jointLog] [info] wrote 84 bootstraps
[2017-06-17 15:29:27.755] [jointLog] [info] wrote 85 bootstraps
[2017-06-17 15:29:32.209] [jointLog] [info] wrote 86 bootstraps
[2017-06-17 15:29:32.296] [jointLog] [info] wrote 87 bootstraps
[2017-06-17 15:29:32.574] [jointLog] [info] wrote 88 bootstraps
[2017-06-17 15:29:34.784] [jointLog] [info] wrote 89 bootstraps
[2017-06-17 15:29:35.193] [jointLog] [info] wrote 90 bootstraps
[2017-06-17 15:29:46.050] [jointLog] [info] wrote 91 bootstraps
[2017-06-17 15:29:54.905] [jointLog] [info] wrote 92 bootstraps
[2017-06-17 15:29:56.388] [jointLog] [info] wrote 93 bootstraps
[2017-06-17 15:29:57.442] [jointLog] [info] wrote 94 bootstraps
[2017-06-17 15:29:58.210] [jointLog] [info] wrote 95 bootstraps
[2017-06-17 15:29:59.326] [jointLog] [info] wrote 96 bootstraps
[2017-06-17 15:29:59.461] [jointLog] [info] wrote 97 bootstraps
[2017-06-17 15:30:04.630] [jointLog] [info] wrote 98 bootstraps
[2017-06-17 15:30:09.055] [jointLog] [info] wrote 99 bootstraps
[2017-06-17 15:30:11.637] [jointLog] [info] wrote 100 bootstraps
[2017-06-17 15:30:11.657] [jointLog] [info] Finished Bootstrapping
