[2017-06-13 15:43:01.969] [jointLog] [info] parsing read library format
[2017-06-13 15:43:01.969] [jointLog] [info] There is 1 library.
[2017-06-13 15:43:02.075] [jointLog] [info] Loading Quasi index
[2017-06-13 15:43:02.075] [jointLog] [info] Loading 32-bit quasi index
[2017-06-13 15:43:27.128] [jointLog] [info] done
[2017-06-13 15:43:27.128] [jointLog] [info] Index contained 107368 targets
[2017-06-13 15:43:27.800] [jointLog] [info] Automatically detected most likely library type as IU
[2017-06-13 15:45:13.004] [fileLog] [info] 
At end of round 0
==================
Observed 13215187 total fragments (13215187 in most recent round)

[2017-06-13 15:45:13.003] [jointLog] [info] Computed 133834 rich equivalence classes for further processing
[2017-06-13 15:45:13.003] [jointLog] [info] Counted 11236974 total reads in the equivalence classes 
[2017-06-13 15:45:13.024] [jointLog] [info] Mapping rate = 85.0308%

[2017-06-13 15:45:13.024] [jointLog] [info] finished quantifyLibrary()
[2017-06-13 15:45:13.042] [jointLog] [info] Starting optimizer
[2017-06-13 15:45:15.033] [jointLog] [info] Marked 0 weighted equivalence classes as degenerate
[2017-06-13 15:45:15.038] [jointLog] [info] iteration = 0 | max rel diff. = 112.823
[2017-06-13 15:45:15.540] [jointLog] [info] iteration = 100 | max rel diff. = 0.104409
[2017-06-13 15:45:16.063] [jointLog] [info] iteration = 200 | max rel diff. = 0.0518432
[2017-06-13 15:45:16.594] [jointLog] [info] iteration = 300 | max rel diff. = 0.035286
[2017-06-13 15:45:17.102] [jointLog] [info] iteration = 400 | max rel diff. = 0.0261796
[2017-06-13 15:45:17.608] [jointLog] [info] iteration = 500 | max rel diff. = 0.0217663
[2017-06-13 15:45:18.177] [jointLog] [info] iteration = 600 | max rel diff. = 0.0186139
[2017-06-13 15:45:18.753] [jointLog] [info] iteration = 700 | max rel diff. = 0.0163547
[2017-06-13 15:45:19.323] [jointLog] [info] iteration = 800 | max rel diff. = 0.0128939
[2017-06-13 15:45:19.835] [jointLog] [info] iteration = 900 | max rel diff. = 0.012459
[2017-06-13 15:45:20.409] [jointLog] [info] iteration = 1000 | max rel diff. = 0.0111075
[2017-06-13 15:45:20.960] [jointLog] [info] iteration = 1100 | max rel diff. = 0.0111075
[2017-06-13 15:45:21.487] [jointLog] [info] iteration = 1200 | max rel diff. = 0.0111075
[2017-06-13 15:45:21.564] [jointLog] [info] iteration = 1216 | max rel diff. = 0.00940231
[2017-06-13 15:45:21.567] [jointLog] [info] Finished optimizer
[2017-06-13 15:45:21.567] [jointLog] [info] writing output 

[2017-06-17 17:10:54.811] [jointLog] [info] parsing read library format
[2017-06-17 17:10:54.811] [jointLog] [info] There is 1 library.
[2017-06-17 17:10:54.908] [jointLog] [info] Loading Quasi index
[2017-06-17 17:10:54.908] [jointLog] [info] Loading 32-bit quasi index
[2017-06-17 17:11:02.995] [jointLog] [info] done
[2017-06-17 17:11:02.995] [jointLog] [info] Index contained 107368 targets
[2017-06-17 17:11:03.684] [jointLog] [info] Automatically detected most likely library type as IU
[2017-06-17 17:12:43.440] [fileLog] [info] 
At end of round 0
==================
Observed 13215187 total fragments (13215187 in most recent round)

[2017-06-17 17:12:43.440] [jointLog] [info] Computed 133834 rich equivalence classes for further processing
[2017-06-17 17:12:43.440] [jointLog] [info] Counted 11236974 total reads in the equivalence classes 
[2017-06-17 17:12:43.459] [jointLog] [info] Mapping rate = 85.0308%

[2017-06-17 17:12:43.459] [jointLog] [info] finished quantifyLibrary()
[2017-06-17 17:12:43.476] [jointLog] [info] Starting optimizer
[2017-06-17 17:12:43.550] [jointLog] [info] Marked 0 weighted equivalence classes as degenerate
[2017-06-17 17:12:43.554] [jointLog] [info] iteration = 0 | max rel diff. = 112.822
[2017-06-17 17:12:44.018] [jointLog] [info] iteration = 100 | max rel diff. = 0.104432
[2017-06-17 17:12:44.544] [jointLog] [info] iteration = 200 | max rel diff. = 0.0523287
[2017-06-17 17:12:45.087] [jointLog] [info] iteration = 300 | max rel diff. = 0.0352897
[2017-06-17 17:12:45.643] [jointLog] [info] iteration = 400 | max rel diff. = 0.0261846
[2017-06-17 17:12:46.223] [jointLog] [info] iteration = 500 | max rel diff. = 0.021742
[2017-06-17 17:12:46.815] [jointLog] [info] iteration = 600 | max rel diff. = 0.018638
[2017-06-17 17:12:47.373] [jointLog] [info] iteration = 700 | max rel diff. = 0.0163617
[2017-06-17 17:12:47.927] [jointLog] [info] iteration = 800 | max rel diff. = 0.0128963
[2017-06-17 17:12:48.507] [jointLog] [info] iteration = 900 | max rel diff. = 0.0115921
[2017-06-17 17:12:49.082] [jointLog] [info] iteration = 1000 | max rel diff. = 0.0111069
[2017-06-17 17:12:49.632] [jointLog] [info] iteration = 1100 | max rel diff. = 0.0111069
[2017-06-17 17:12:50.191] [jointLog] [info] iteration = 1200 | max rel diff. = 0.0111069
[2017-06-17 17:12:50.282] [jointLog] [info] iteration = 1217 | max rel diff. = 0.00940261
[2017-06-17 17:12:50.286] [jointLog] [info] Finished optimizer
[2017-06-17 17:12:50.286] [jointLog] [info] writing output 

[2017-06-17 17:12:50.646] [jointLog] [info] Starting Bootstrapping
[2017-06-17 17:12:50.685] [jointLog] [info] Will draw 100 bootstrap samples
[2017-06-17 17:12:50.685] [jointLog] [info] Optimizing over 133834 equivalence classes
[2017-06-17 17:12:50.708] [jointLog] [info] Marked 0 weighted equivalence classes as degenerate
[2017-06-17 17:13:21.426] [jointLog] [info] wrote 1 bootstraps
[2017-06-17 17:13:22.637] [jointLog] [info] wrote 2 bootstraps
[2017-06-17 17:13:24.911] [jointLog] [info] wrote 3 bootstraps
[2017-06-17 17:13:25.577] [jointLog] [info] wrote 4 bootstraps
[2017-06-17 17:13:26.064] [jointLog] [info] wrote 5 bootstraps
[2017-06-17 17:13:26.639] [jointLog] [info] wrote 6 bootstraps
[2017-06-17 17:13:26.865] [jointLog] [info] wrote 7 bootstraps
[2017-06-17 17:13:54.435] [jointLog] [info] wrote 8 bootstraps
[2017-06-17 17:13:58.369] [jointLog] [info] wrote 9 bootstraps
[2017-06-17 17:13:58.551] [jointLog] [info] wrote 10 bootstraps
[2017-06-17 17:13:58.675] [jointLog] [info] wrote 11 bootstraps
[2017-06-17 17:13:59.290] [jointLog] [info] wrote 12 bootstraps
[2017-06-17 17:13:59.824] [jointLog] [info] wrote 13 bootstraps
[2017-06-17 17:13:59.931] [jointLog] [info] wrote 14 bootstraps
[2017-06-17 17:14:25.166] [jointLog] [info] wrote 15 bootstraps
[2017-06-17 17:14:30.249] [jointLog] [info] wrote 16 bootstraps
[2017-06-17 17:14:31.660] [jointLog] [info] wrote 17 bootstraps
[2017-06-17 17:14:31.724] [jointLog] [info] wrote 18 bootstraps
[2017-06-17 17:14:33.695] [jointLog] [info] wrote 19 bootstraps
[2017-06-17 17:14:33.780] [jointLog] [info] wrote 20 bootstraps
[2017-06-17 17:14:35.184] [jointLog] [info] wrote 21 bootstraps
[2017-06-17 17:14:56.024] [jointLog] [info] wrote 22 bootstraps
[2017-06-17 17:15:01.592] [jointLog] [info] wrote 23 bootstraps
[2017-06-17 17:15:05.362] [jointLog] [info] wrote 24 bootstraps
[2017-06-17 17:15:06.593] [jointLog] [info] wrote 25 bootstraps
[2017-06-17 17:15:09.269] [jointLog] [info] wrote 26 bootstraps
[2017-06-17 17:15:09.661] [jointLog] [info] wrote 27 bootstraps
[2017-06-17 17:15:10.459] [jointLog] [info] wrote 28 bootstraps
[2017-06-17 17:15:28.610] [jointLog] [info] wrote 29 bootstraps
[2017-06-17 17:15:36.524] [jointLog] [info] wrote 30 bootstraps
[2017-06-17 17:15:38.872] [jointLog] [info] wrote 31 bootstraps
[2017-06-17 17:15:41.532] [jointLog] [info] wrote 32 bootstraps
[2017-06-17 17:15:42.988] [jointLog] [info] wrote 33 bootstraps
[2017-06-17 17:15:43.944] [jointLog] [info] wrote 34 bootstraps
[2017-06-17 17:15:45.813] [jointLog] [info] wrote 35 bootstraps
[2017-06-17 17:16:02.545] [jointLog] [info] wrote 36 bootstraps
[2017-06-17 17:16:08.651] [jointLog] [info] wrote 37 bootstraps
[2017-06-17 17:16:09.889] [jointLog] [info] wrote 38 bootstraps
[2017-06-17 17:16:13.484] [jointLog] [info] wrote 39 bootstraps
[2017-06-17 17:16:16.340] [jointLog] [info] wrote 40 bootstraps
[2017-06-17 17:16:16.782] [jointLog] [info] wrote 41 bootstraps
[2017-06-17 17:16:17.843] [jointLog] [info] wrote 42 bootstraps
[2017-06-17 17:16:34.109] [jointLog] [info] wrote 43 bootstraps
[2017-06-17 17:16:40.321] [jointLog] [info] wrote 44 bootstraps
[2017-06-17 17:16:44.258] [jointLog] [info] wrote 45 bootstraps
[2017-06-17 17:16:51.114] [jointLog] [info] wrote 46 bootstraps
[2017-06-17 17:16:51.889] [jointLog] [info] wrote 47 bootstraps
[2017-06-17 17:16:52.248] [jointLog] [info] wrote 48 bootstraps
[2017-06-17 17:16:52.931] [jointLog] [info] wrote 49 bootstraps
[2017-06-17 17:17:05.785] [jointLog] [info] wrote 50 bootstraps
[2017-06-17 17:17:15.063] [jointLog] [info] wrote 51 bootstraps
[2017-06-17 17:17:19.316] [jointLog] [info] wrote 52 bootstraps
[2017-06-17 17:17:23.364] [jointLog] [info] wrote 53 bootstraps
[2017-06-17 17:17:26.998] [jointLog] [info] wrote 54 bootstraps
[2017-06-17 17:17:27.144] [jointLog] [info] wrote 55 bootstraps
[2017-06-17 17:17:27.879] [jointLog] [info] wrote 56 bootstraps
[2017-06-17 17:17:39.107] [jointLog] [info] wrote 57 bootstraps
[2017-06-17 17:17:49.084] [jointLog] [info] wrote 58 bootstraps
[2017-06-17 17:17:53.587] [jointLog] [info] wrote 59 bootstraps
[2017-06-17 17:17:54.187] [jointLog] [info] wrote 60 bootstraps
[2017-06-17 17:17:55.259] [jointLog] [info] wrote 61 bootstraps
[2017-06-17 17:17:58.693] [jointLog] [info] wrote 62 bootstraps
[2017-06-17 17:18:03.647] [jointLog] [info] wrote 63 bootstraps
[2017-06-17 17:18:10.956] [jointLog] [info] wrote 64 bootstraps
[2017-06-17 17:18:20.125] [jointLog] [info] wrote 65 bootstraps
[2017-06-17 17:18:25.454] [jointLog] [info] wrote 66 bootstraps
[2017-06-17 17:18:26.936] [jointLog] [info] wrote 67 bootstraps
[2017-06-17 17:18:29.903] [jointLog] [info] wrote 68 bootstraps
[2017-06-17 17:18:32.882] [jointLog] [info] wrote 69 bootstraps
[2017-06-17 17:18:33.483] [jointLog] [info] wrote 70 bootstraps
[2017-06-17 17:18:44.310] [jointLog] [info] wrote 71 bootstraps
[2017-06-17 17:18:53.647] [jointLog] [info] wrote 72 bootstraps
[2017-06-17 17:18:53.790] [jointLog] [info] wrote 73 bootstraps
[2017-06-17 17:18:57.055] [jointLog] [info] wrote 74 bootstraps
[2017-06-17 17:19:03.165] [jointLog] [info] wrote 75 bootstraps
[2017-06-17 17:19:05.896] [jointLog] [info] wrote 76 bootstraps
[2017-06-17 17:19:06.992] [jointLog] [info] wrote 77 bootstraps
[2017-06-17 17:19:21.114] [jointLog] [info] wrote 78 bootstraps
[2017-06-17 17:19:26.001] [jointLog] [info] wrote 79 bootstraps
[2017-06-17 17:19:27.045] [jointLog] [info] wrote 80 bootstraps
[2017-06-17 17:19:31.562] [jointLog] [info] wrote 81 bootstraps
[2017-06-17 17:19:33.262] [jointLog] [info] wrote 82 bootstraps
[2017-06-17 17:19:40.418] [jointLog] [info] wrote 83 bootstraps
[2017-06-17 17:19:40.469] [jointLog] [info] wrote 84 bootstraps
[2017-06-17 17:19:53.367] [jointLog] [info] wrote 85 bootstraps
[2017-06-17 17:19:59.673] [jointLog] [info] wrote 86 bootstraps
[2017-06-17 17:20:00.420] [jointLog] [info] wrote 87 bootstraps
[2017-06-17 17:20:06.339] [jointLog] [info] wrote 88 bootstraps
[2017-06-17 17:20:06.741] [jointLog] [info] wrote 89 bootstraps
[2017-06-17 17:20:11.598] [jointLog] [info] wrote 90 bootstraps
[2017-06-17 17:20:12.247] [jointLog] [info] wrote 91 bootstraps
[2017-06-17 17:20:26.790] [jointLog] [info] wrote 92 bootstraps
[2017-06-17 17:20:32.982] [jointLog] [info] wrote 93 bootstraps
[2017-06-17 17:20:33.112] [jointLog] [info] wrote 94 bootstraps
[2017-06-17 17:20:37.347] [jointLog] [info] wrote 95 bootstraps
[2017-06-17 17:20:39.938] [jointLog] [info] wrote 96 bootstraps
[2017-06-17 17:20:41.586] [jointLog] [info] wrote 97 bootstraps
[2017-06-17 17:20:42.677] [jointLog] [info] wrote 98 bootstraps
[2017-06-17 17:20:48.902] [jointLog] [info] wrote 99 bootstraps
[2017-06-17 17:20:53.917] [jointLog] [info] wrote 100 bootstraps
[2017-06-17 17:20:53.941] [jointLog] [info] Finished Bootstrapping
