[2017-06-13 15:40:32.185] [jointLog] [info] parsing read library format
[2017-06-13 15:40:32.185] [jointLog] [info] There is 1 library.
[2017-06-13 15:40:32.279] [jointLog] [info] Loading Quasi index
[2017-06-13 15:40:32.280] [jointLog] [info] Loading 32-bit quasi index
[2017-06-13 15:40:44.697] [jointLog] [info] done
[2017-06-13 15:40:44.697] [jointLog] [info] Index contained 107368 targets
[2017-06-13 15:40:45.356] [jointLog] [info] Automatically detected most likely library type as IU
[2017-06-13 15:42:50.100] [fileLog] [info] 
At end of round 0
==================
Observed 15027455 total fragments (15027455 in most recent round)

[2017-06-13 15:42:50.099] [jointLog] [info] Computed 144370 rich equivalence classes for further processing
[2017-06-13 15:42:50.099] [jointLog] [info] Counted 12933020 total reads in the equivalence classes 
[2017-06-13 15:42:50.117] [jointLog] [info] Mapping rate = 86.0626%

[2017-06-13 15:42:50.117] [jointLog] [info] finished quantifyLibrary()
[2017-06-13 15:42:50.118] [jointLog] [info] Starting optimizer
[2017-06-13 15:42:50.196] [jointLog] [info] Marked 0 weighted equivalence classes as degenerate
[2017-06-13 15:42:50.201] [jointLog] [info] iteration = 0 | max rel diff. = 115.333
[2017-06-13 15:42:50.850] [jointLog] [info] iteration = 100 | max rel diff. = 0.104215
[2017-06-13 15:42:51.492] [jointLog] [info] iteration = 200 | max rel diff. = 0.0855277
[2017-06-13 15:42:52.137] [jointLog] [info] iteration = 300 | max rel diff. = 0.0347828
[2017-06-13 15:42:52.794] [jointLog] [info] iteration = 400 | max rel diff. = 0.0275744
[2017-06-13 15:42:53.454] [jointLog] [info] iteration = 500 | max rel diff. = 0.0207154
[2017-06-13 15:42:54.109] [jointLog] [info] iteration = 600 | max rel diff. = 0.0179045
[2017-06-13 15:42:54.760] [jointLog] [info] iteration = 700 | max rel diff. = 0.0152073
[2017-06-13 15:42:55.415] [jointLog] [info] iteration = 800 | max rel diff. = 0.0141241
[2017-06-13 15:42:56.068] [jointLog] [info] iteration = 900 | max rel diff. = 0.0131638
[2017-06-13 15:42:56.722] [jointLog] [info] iteration = 1000 | max rel diff. = 0.0112797
[2017-06-13 15:42:57.379] [jointLog] [info] iteration = 1100 | max rel diff. = 0.0112797
[2017-06-13 15:42:57.925] [jointLog] [info] iteration = 1186 | max rel diff. = 0.00837555
[2017-06-13 15:42:57.928] [jointLog] [info] Finished optimizer
[2017-06-13 15:42:57.928] [jointLog] [info] writing output 

[2017-06-17 16:59:41.840] [jointLog] [info] parsing read library format
[2017-06-17 16:59:41.840] [jointLog] [info] There is 1 library.
[2017-06-17 16:59:41.931] [jointLog] [info] Loading Quasi index
[2017-06-17 16:59:41.932] [jointLog] [info] Loading 32-bit quasi index
[2017-06-17 16:59:50.029] [jointLog] [info] done
[2017-06-17 16:59:50.029] [jointLog] [info] Index contained 107368 targets
[2017-06-17 16:59:50.695] [jointLog] [info] Automatically detected most likely library type as IU
[2017-06-17 17:01:49.093] [fileLog] [info] 
At end of round 0
==================
Observed 15027455 total fragments (15027455 in most recent round)

[2017-06-17 17:01:49.092] [jointLog] [info] Computed 144370 rich equivalence classes for further processing
[2017-06-17 17:01:49.092] [jointLog] [info] Counted 12933020 total reads in the equivalence classes 
[2017-06-17 17:01:49.111] [jointLog] [info] Mapping rate = 86.0626%

[2017-06-17 17:01:49.111] [jointLog] [info] finished quantifyLibrary()
[2017-06-17 17:01:49.133] [jointLog] [info] Starting optimizer
[2017-06-17 17:01:49.207] [jointLog] [info] Marked 0 weighted equivalence classes as degenerate
[2017-06-17 17:01:49.212] [jointLog] [info] iteration = 0 | max rel diff. = 115.333
[2017-06-17 17:01:49.790] [jointLog] [info] iteration = 100 | max rel diff. = 0.104166
[2017-06-17 17:01:50.374] [jointLog] [info] iteration = 200 | max rel diff. = 0.0864546
[2017-06-17 17:01:50.885] [jointLog] [info] iteration = 300 | max rel diff. = 0.0348405
[2017-06-17 17:01:51.412] [jointLog] [info] iteration = 400 | max rel diff. = 0.0275732
[2017-06-17 17:01:51.915] [jointLog] [info] iteration = 500 | max rel diff. = 0.020705
[2017-06-17 17:01:52.410] [jointLog] [info] iteration = 600 | max rel diff. = 0.0179053
[2017-06-17 17:01:52.897] [jointLog] [info] iteration = 700 | max rel diff. = 0.0152004
[2017-06-17 17:01:53.459] [jointLog] [info] iteration = 800 | max rel diff. = 0.0141162
[2017-06-17 17:01:53.984] [jointLog] [info] iteration = 900 | max rel diff. = 0.0131375
[2017-06-17 17:01:54.526] [jointLog] [info] iteration = 1000 | max rel diff. = 0.0112802
[2017-06-17 17:01:55.080] [jointLog] [info] iteration = 1100 | max rel diff. = 0.0112802
[2017-06-17 17:01:55.567] [jointLog] [info] iteration = 1186 | max rel diff. = 0.00837286
[2017-06-17 17:01:55.570] [jointLog] [info] Finished optimizer
[2017-06-17 17:01:55.570] [jointLog] [info] writing output 

[2017-06-17 17:01:55.965] [jointLog] [info] Starting Bootstrapping
[2017-06-17 17:01:56.007] [jointLog] [info] Will draw 100 bootstrap samples
[2017-06-17 17:01:56.007] [jointLog] [info] Optimizing over 144370 equivalence classes
[2017-06-17 17:01:56.035] [jointLog] [info] Marked 0 weighted equivalence classes as degenerate
[2017-06-17 17:02:30.656] [jointLog] [info] wrote 1 bootstraps
[2017-06-17 17:02:31.026] [jointLog] [info] wrote 2 bootstraps
[2017-06-17 17:02:33.069] [jointLog] [info] wrote 3 bootstraps
[2017-06-17 17:02:33.428] [jointLog] [info] wrote 4 bootstraps
[2017-06-17 17:02:33.803] [jointLog] [info] wrote 5 bootstraps
[2017-06-17 17:02:34.054] [jointLog] [info] wrote 6 bootstraps
[2017-06-17 17:02:35.808] [jointLog] [info] wrote 7 bootstraps
[2017-06-17 17:03:04.477] [jointLog] [info] wrote 8 bootstraps
[2017-06-17 17:03:08.091] [jointLog] [info] wrote 9 bootstraps
[2017-06-17 17:03:11.154] [jointLog] [info] wrote 10 bootstraps
[2017-06-17 17:03:11.830] [jointLog] [info] wrote 11 bootstraps
[2017-06-17 17:03:12.232] [jointLog] [info] wrote 12 bootstraps
[2017-06-17 17:03:12.330] [jointLog] [info] wrote 13 bootstraps
[2017-06-17 17:03:13.762] [jointLog] [info] wrote 14 bootstraps
[2017-06-17 17:03:41.345] [jointLog] [info] wrote 15 bootstraps
[2017-06-17 17:03:45.854] [jointLog] [info] wrote 16 bootstraps
[2017-06-17 17:03:47.367] [jointLog] [info] wrote 17 bootstraps
[2017-06-17 17:03:47.650] [jointLog] [info] wrote 18 bootstraps
[2017-06-17 17:03:48.333] [jointLog] [info] wrote 19 bootstraps
[2017-06-17 17:03:50.595] [jointLog] [info] wrote 20 bootstraps
[2017-06-17 17:03:51.870] [jointLog] [info] wrote 21 bootstraps
[2017-06-17 17:04:16.339] [jointLog] [info] wrote 22 bootstraps
[2017-06-17 17:04:22.194] [jointLog] [info] wrote 23 bootstraps
[2017-06-17 17:04:23.353] [jointLog] [info] wrote 24 bootstraps
[2017-06-17 17:04:24.137] [jointLog] [info] wrote 25 bootstraps
[2017-06-17 17:04:26.181] [jointLog] [info] wrote 26 bootstraps
[2017-06-17 17:04:27.374] [jointLog] [info] wrote 27 bootstraps
[2017-06-17 17:04:31.121] [jointLog] [info] wrote 28 bootstraps
[2017-06-17 17:04:49.273] [jointLog] [info] wrote 29 bootstraps
[2017-06-17 17:04:58.594] [jointLog] [info] wrote 30 bootstraps
[2017-06-17 17:05:00.830] [jointLog] [info] wrote 31 bootstraps
[2017-06-17 17:05:00.904] [jointLog] [info] wrote 32 bootstraps
[2017-06-17 17:05:02.893] [jointLog] [info] wrote 33 bootstraps
[2017-06-17 17:05:03.873] [jointLog] [info] wrote 34 bootstraps
[2017-06-17 17:05:05.538] [jointLog] [info] wrote 35 bootstraps
[2017-06-17 17:05:26.692] [jointLog] [info] wrote 36 bootstraps
[2017-06-17 17:05:35.423] [jointLog] [info] wrote 37 bootstraps
[2017-06-17 17:05:36.216] [jointLog] [info] wrote 38 bootstraps
[2017-06-17 17:05:40.303] [jointLog] [info] wrote 39 bootstraps
[2017-06-17 17:05:42.825] [jointLog] [info] wrote 40 bootstraps
[2017-06-17 17:05:42.933] [jointLog] [info] wrote 41 bootstraps
[2017-06-17 17:05:45.413] [jointLog] [info] wrote 42 bootstraps
[2017-06-17 17:06:10.674] [jointLog] [info] wrote 43 bootstraps
[2017-06-17 17:06:11.284] [jointLog] [info] wrote 44 bootstraps
[2017-06-17 17:06:13.875] [jointLog] [info] wrote 45 bootstraps
[2017-06-17 17:06:17.807] [jointLog] [info] wrote 46 bootstraps
[2017-06-17 17:06:20.277] [jointLog] [info] wrote 47 bootstraps
[2017-06-17 17:06:20.892] [jointLog] [info] wrote 48 bootstraps
[2017-06-17 17:06:24.730] [jointLog] [info] wrote 49 bootstraps
[2017-06-17 17:06:44.873] [jointLog] [info] wrote 50 bootstraps
[2017-06-17 17:06:46.537] [jointLog] [info] wrote 51 bootstraps
[2017-06-17 17:06:52.770] [jointLog] [info] wrote 52 bootstraps
[2017-06-17 17:06:54.061] [jointLog] [info] wrote 53 bootstraps
[2017-06-17 17:06:56.841] [jointLog] [info] wrote 54 bootstraps
[2017-06-17 17:06:57.183] [jointLog] [info] wrote 55 bootstraps
[2017-06-17 17:06:59.039] [jointLog] [info] wrote 56 bootstraps
[2017-06-17 17:07:23.374] [jointLog] [info] wrote 57 bootstraps
[2017-06-17 17:07:23.629] [jointLog] [info] wrote 58 bootstraps
[2017-06-17 17:07:29.811] [jointLog] [info] wrote 59 bootstraps
[2017-06-17 17:07:30.959] [jointLog] [info] wrote 60 bootstraps
[2017-06-17 17:07:33.815] [jointLog] [info] wrote 61 bootstraps
[2017-06-17 17:07:35.344] [jointLog] [info] wrote 62 bootstraps
[2017-06-17 17:07:35.529] [jointLog] [info] wrote 63 bootstraps
[2017-06-17 17:08:01.631] [jointLog] [info] wrote 64 bootstraps
[2017-06-17 17:08:01.676] [jointLog] [info] wrote 65 bootstraps
[2017-06-17 17:08:05.105] [jointLog] [info] wrote 66 bootstraps
[2017-06-17 17:08:07.642] [jointLog] [info] wrote 67 bootstraps
[2017-06-17 17:08:10.263] [jointLog] [info] wrote 68 bootstraps
[2017-06-17 17:08:11.061] [jointLog] [info] wrote 69 bootstraps
[2017-06-17 17:08:15.439] [jointLog] [info] wrote 70 bootstraps
[2017-06-17 17:08:33.808] [jointLog] [info] wrote 71 bootstraps
[2017-06-17 17:08:35.459] [jointLog] [info] wrote 72 bootstraps
[2017-06-17 17:08:41.333] [jointLog] [info] wrote 73 bootstraps
[2017-06-17 17:08:43.042] [jointLog] [info] wrote 74 bootstraps
[2017-06-17 17:08:47.153] [jointLog] [info] wrote 75 bootstraps
[2017-06-17 17:08:49.016] [jointLog] [info] wrote 76 bootstraps
[2017-06-17 17:08:49.959] [jointLog] [info] wrote 77 bootstraps
[2017-06-17 17:09:07.732] [jointLog] [info] wrote 78 bootstraps
[2017-06-17 17:09:11.871] [jointLog] [info] wrote 79 bootstraps
[2017-06-17 17:09:18.307] [jointLog] [info] wrote 80 bootstraps
[2017-06-17 17:09:21.621] [jointLog] [info] wrote 81 bootstraps
[2017-06-17 17:09:25.812] [jointLog] [info] wrote 82 bootstraps
[2017-06-17 17:09:26.005] [jointLog] [info] wrote 83 bootstraps
[2017-06-17 17:09:28.040] [jointLog] [info] wrote 84 bootstraps
[2017-06-17 17:09:47.303] [jointLog] [info] wrote 85 bootstraps
[2017-06-17 17:09:49.471] [jointLog] [info] wrote 86 bootstraps
[2017-06-17 17:09:56.784] [jointLog] [info] wrote 87 bootstraps
[2017-06-17 17:09:59.408] [jointLog] [info] wrote 88 bootstraps
[2017-06-17 17:10:00.428] [jointLog] [info] wrote 89 bootstraps
[2017-06-17 17:10:01.834] [jointLog] [info] wrote 90 bootstraps
[2017-06-17 17:10:05.748] [jointLog] [info] wrote 91 bootstraps
[2017-06-17 17:10:22.912] [jointLog] [info] wrote 92 bootstraps
[2017-06-17 17:10:23.278] [jointLog] [info] wrote 93 bootstraps
[2017-06-17 17:10:33.309] [jointLog] [info] wrote 94 bootstraps
[2017-06-17 17:10:36.105] [jointLog] [info] wrote 95 bootstraps
[2017-06-17 17:10:36.156] [jointLog] [info] wrote 96 bootstraps
[2017-06-17 17:10:36.391] [jointLog] [info] wrote 97 bootstraps
[2017-06-17 17:10:41.834] [jointLog] [info] wrote 98 bootstraps
[2017-06-17 17:10:49.967] [jointLog] [info] wrote 99 bootstraps
[2017-06-17 17:10:50.642] [jointLog] [info] wrote 100 bootstraps
[2017-06-17 17:10:50.669] [jointLog] [info] Finished Bootstrapping
