[2020-05-27 20:44:33.042] [jointLog] [info] parsing read library format
[2020-05-27 20:44:33.042] [jointLog] [info] There is 1 library.
[2020-05-27 20:44:33.132] [jointLog] [info] Loading Quasi index
[2020-05-27 20:44:33.134] [jointLog] [info] Loading 32-bit quasi index
[2020-05-27 20:44:37.657] [jointLog] [info] done
[2020-05-27 20:44:37.657] [jointLog] [info] Index contained 43313 targets
[2020-05-27 20:44:38.295] [jointLog] [info] Automatically detected most likely library type as IU
[2020-05-27 20:45:09.584] [fileLog] [info] 
At end of round 0
==================
Observed 7974724 total fragments (7974724 in most recent round)

[2020-05-27 20:45:09.583] [jointLog] [info] Computed 40440 rich equivalence classes for further processing
[2020-05-27 20:45:09.583] [jointLog] [info] Counted 6891206 total reads in the equivalence classes 
[2020-05-27 20:45:09.588] [jointLog] [info] Mapping rate = 86.4131%

[2020-05-27 20:45:09.588] [jointLog] [info] finished quantifyLibrary()
[2020-05-27 20:45:09.595] [jointLog] [info] Starting optimizer
[2020-05-27 20:45:09.625] [jointLog] [info] Marked 0 weighted equivalence classes as degenerate
[2020-05-27 20:45:09.627] [jointLog] [info] iteration = 0 | max rel diff. = 261.057
[2020-05-27 20:45:09.738] [jointLog] [info] iteration = 100 | max rel diff. = 0.108116
[2020-05-27 20:45:09.850] [jointLog] [info] iteration = 200 | max rel diff. = 0.0540581
[2020-05-27 20:45:09.961] [jointLog] [info] iteration = 300 | max rel diff. = 0.0378513
[2020-05-27 20:45:10.073] [jointLog] [info] iteration = 400 | max rel diff. = 0.0254324
[2020-05-27 20:45:10.183] [jointLog] [info] iteration = 500 | max rel diff. = 0.0205507
[2020-05-27 20:45:10.290] [jointLog] [info] iteration = 600 | max rel diff. = 0.017858
[2020-05-27 20:45:10.397] [jointLog] [info] iteration = 700 | max rel diff. = 0.0153253
[2020-05-27 20:45:10.504] [jointLog] [info] iteration = 800 | max rel diff. = 0.0130379
[2020-05-27 20:45:10.611] [jointLog] [info] iteration = 900 | max rel diff. = 0.0116308
[2020-05-27 20:45:10.685] [jointLog] [info] iteration = 968 | max rel diff. = 0.00978736
[2020-05-27 20:45:10.691] [jointLog] [info] Finished optimizer
[2020-05-27 20:45:10.691] [jointLog] [info] writing output 

