[2020-05-27 20:49:18.188] [jointLog] [info] parsing read library format
[2020-05-27 20:49:18.188] [jointLog] [info] There is 1 library.
[2020-05-27 20:49:18.280] [jointLog] [info] Loading Quasi index
[2020-05-27 20:49:18.282] [jointLog] [info] Loading 32-bit quasi index
[2020-05-27 20:49:22.816] [jointLog] [info] done
[2020-05-27 20:49:22.816] [jointLog] [info] Index contained 43313 targets
[2020-05-27 20:49:23.378] [jointLog] [info] Automatically detected most likely library type as IU
[2020-05-27 20:50:22.551] [fileLog] [info] 
At end of round 0
==================
Observed 16216665 total fragments (16216665 in most recent round)

[2020-05-27 20:50:22.551] [jointLog] [info] Computed 44194 rich equivalence classes for further processing
[2020-05-27 20:50:22.551] [jointLog] [info] Counted 14457068 total reads in the equivalence classes 
[2020-05-27 20:50:22.560] [jointLog] [info] Mapping rate = 89.1495%

[2020-05-27 20:50:22.560] [jointLog] [info] finished quantifyLibrary()
[2020-05-27 20:50:22.566] [jointLog] [info] Starting optimizer
[2020-05-27 20:50:22.594] [jointLog] [info] Marked 0 weighted equivalence classes as degenerate
[2020-05-27 20:50:22.595] [jointLog] [info] iteration = 0 | max rel diff. = 247.178
[2020-05-27 20:50:22.711] [jointLog] [info] iteration = 100 | max rel diff. = 0.109386
[2020-05-27 20:50:22.828] [jointLog] [info] iteration = 200 | max rel diff. = 0.0537778
[2020-05-27 20:50:22.942] [jointLog] [info] iteration = 300 | max rel diff. = 0.0372137
[2020-05-27 20:50:23.058] [jointLog] [info] iteration = 400 | max rel diff. = 0.0270731
[2020-05-27 20:50:23.172] [jointLog] [info] iteration = 500 | max rel diff. = 0.0204142
[2020-05-27 20:50:23.275] [jointLog] [info] iteration = 600 | max rel diff. = 0.0173978
[2020-05-27 20:50:23.388] [jointLog] [info] iteration = 700 | max rel diff. = 0.0152645
[2020-05-27 20:50:23.502] [jointLog] [info] iteration = 800 | max rel diff. = 0.0152646
[2020-05-27 20:50:23.619] [jointLog] [info] iteration = 900 | max rel diff. = 0.0127042
[2020-05-27 20:50:23.737] [jointLog] [info] iteration = 1000 | max rel diff. = 0.010246
[2020-05-27 20:50:23.852] [jointLog] [info] iteration = 1098 | max rel diff. = 0.0083116
[2020-05-27 20:50:23.856] [jointLog] [info] Finished optimizer
[2020-05-27 20:50:23.856] [jointLog] [info] writing output 

