[2020-05-27 20:48:14.974] [jointLog] [info] parsing read library format
[2020-05-27 20:48:14.974] [jointLog] [info] There is 1 library.
[2020-05-27 20:48:15.065] [jointLog] [info] Loading Quasi index
[2020-05-27 20:48:15.067] [jointLog] [info] Loading 32-bit quasi index
[2020-05-27 20:48:19.524] [jointLog] [info] done
[2020-05-27 20:48:19.524] [jointLog] [info] Index contained 43313 targets
[2020-05-27 20:48:20.223] [jointLog] [info] Automatically detected most likely library type as IU
[2020-05-27 20:49:15.633] [jointLog] [info] Computed 43982 rich equivalence classes for further processing
[2020-05-27 20:49:15.633] [jointLog] [info] Counted 13236402 total reads in the equivalence classes 
[2020-05-27 20:49:15.642] [jointLog] [info] Mapping rate = 87.1341%

[2020-05-27 20:49:15.642] [jointLog] [info] finished quantifyLibrary()
[2020-05-27 20:49:15.649] [jointLog] [info] Starting optimizer
[2020-05-27 20:49:15.678] [jointLog] [info] Marked 0 weighted equivalence classes as degenerate
[2020-05-27 20:49:15.679] [jointLog] [info] iteration = 0 | max rel diff. = 282.603
[2020-05-27 20:49:15.633] [fileLog] [info] 
At end of round 0
==================
Observed 15190837 total fragments (15190837 in most recent round)

[2020-05-27 20:49:15.798] [jointLog] [info] iteration = 100 | max rel diff. = 0.111384
[2020-05-27 20:49:15.916] [jointLog] [info] iteration = 200 | max rel diff. = 0.055605
[2020-05-27 20:49:16.036] [jointLog] [info] iteration = 300 | max rel diff. = 0.0359453
[2020-05-27 20:49:16.155] [jointLog] [info] iteration = 400 | max rel diff. = 0.0272857
[2020-05-27 20:49:16.274] [jointLog] [info] iteration = 500 | max rel diff. = 0.0209354
[2020-05-27 20:49:16.394] [jointLog] [info] iteration = 600 | max rel diff. = 0.0179706
[2020-05-27 20:49:16.513] [jointLog] [info] iteration = 700 | max rel diff. = 0.0152667
[2020-05-27 20:49:16.633] [jointLog] [info] iteration = 800 | max rel diff. = 0.0152669
[2020-05-27 20:49:16.752] [jointLog] [info] iteration = 900 | max rel diff. = 0.0123561
[2020-05-27 20:49:16.871] [jointLog] [info] iteration = 1000 | max rel diff. = 0.0118305
[2020-05-27 20:49:16.926] [jointLog] [info] iteration = 1047 | max rel diff. = 0.00964434
[2020-05-27 20:49:16.930] [jointLog] [info] Finished optimizer
[2020-05-27 20:49:16.930] [jointLog] [info] writing output 

