[2020-05-27 20:52:36.117] [jointLog] [info] parsing read library format
[2020-05-27 20:52:36.117] [jointLog] [info] There is 1 library.
[2020-05-27 20:52:36.207] [jointLog] [info] Loading Quasi index
[2020-05-27 20:52:36.209] [jointLog] [info] Loading 32-bit quasi index
[2020-05-27 20:52:40.798] [jointLog] [info] done
[2020-05-27 20:52:40.798] [jointLog] [info] Index contained 43313 targets
[2020-05-27 20:52:41.444] [jointLog] [info] Automatically detected most likely library type as IU
[2020-05-27 20:53:32.639] [fileLog] [info] 
At end of round 0
==================
Observed 12384896 total fragments (12384896 in most recent round)

[2020-05-27 20:53:32.639] [jointLog] [info] Computed 42752 rich equivalence classes for further processing
[2020-05-27 20:53:32.639] [jointLog] [info] Counted 10588311 total reads in the equivalence classes 
[2020-05-27 20:53:32.647] [jointLog] [info] Mapping rate = 85.4937%

[2020-05-27 20:53:32.647] [jointLog] [info] finished quantifyLibrary()
[2020-05-27 20:53:32.655] [jointLog] [info] Starting optimizer
[2020-05-27 20:53:32.682] [jointLog] [info] Marked 0 weighted equivalence classes as degenerate
[2020-05-27 20:53:32.683] [jointLog] [info] iteration = 0 | max rel diff. = 283.346
[2020-05-27 20:53:32.798] [jointLog] [info] iteration = 100 | max rel diff. = 0.108919
[2020-05-27 20:53:32.913] [jointLog] [info] iteration = 200 | max rel diff. = 0.0535854
[2020-05-27 20:53:33.028] [jointLog] [info] iteration = 300 | max rel diff. = 0.0357128
[2020-05-27 20:53:33.143] [jointLog] [info] iteration = 400 | max rel diff. = 0.0273487
[2020-05-27 20:53:33.259] [jointLog] [info] iteration = 500 | max rel diff. = 0.0214591
[2020-05-27 20:53:33.374] [jointLog] [info] iteration = 600 | max rel diff. = 0.0185449
[2020-05-27 20:53:33.490] [jointLog] [info] iteration = 700 | max rel diff. = 0.0153975
[2020-05-27 20:53:33.606] [jointLog] [info] iteration = 800 | max rel diff. = 0.0152676
[2020-05-27 20:53:33.722] [jointLog] [info] iteration = 900 | max rel diff. = 0.0117177
[2020-05-27 20:53:33.837] [jointLog] [info] iteration = 1000 | max rel diff. = 0.0101197
[2020-05-27 20:53:33.938] [jointLog] [info] iteration = 1088 | max rel diff. = 0.00943236
[2020-05-27 20:53:33.942] [jointLog] [info] Finished optimizer
[2020-05-27 20:53:33.942] [jointLog] [info] writing output 

