[2017-06-13 15:06:11.362] [jointLog] [info] parsing read library format
[2017-06-13 15:06:11.362] [jointLog] [info] There is 1 library.
[2017-06-13 15:19:56.437] [jointLog] [info] parsing read library format
[2017-06-13 15:19:56.437] [jointLog] [info] There is 1 library.
[2017-06-13 15:19:56.528] [jointLog] [info] Loading Quasi index
[2017-06-13 15:19:56.528] [jointLog] [info] Loading 32-bit quasi index
[2017-06-13 15:20:04.755] [jointLog] [info] done
[2017-06-13 15:20:04.755] [jointLog] [info] Index contained 107368 targets
[2017-06-13 15:20:05.461] [jointLog] [info] Automatically detected most likely library type as IU
[2017-06-13 15:21:11.234] [fileLog] [info] 
At end of round 0
==================
Observed 6650737 total fragments (6650737 in most recent round)

[2017-06-13 15:21:11.234] [jointLog] [info] Computed 128900 rich equivalence classes for further processing
[2017-06-13 15:21:11.234] [jointLog] [info] Counted 5423336 total reads in the equivalence classes 
[2017-06-13 15:21:11.266] [jointLog] [info] Mapping rate = 81.5449%

[2017-06-13 15:21:11.266] [jointLog] [info] finished quantifyLibrary()
[2017-06-13 15:21:11.267] [jointLog] [info] Starting optimizer
[2017-06-13 15:21:11.359] [jointLog] [info] Marked 0 weighted equivalence classes as degenerate
[2017-06-13 15:21:11.364] [jointLog] [info] iteration = 0 | max rel diff. = 70.6847
[2017-06-13 15:21:11.961] [jointLog] [info] iteration = 100 | max rel diff. = 0.105054
[2017-06-13 15:21:12.563] [jointLog] [info] iteration = 200 | max rel diff. = 0.0527061
[2017-06-13 15:21:13.157] [jointLog] [info] iteration = 300 | max rel diff. = 0.0360412
[2017-06-13 15:21:13.786] [jointLog] [info] iteration = 400 | max rel diff. = 0.0545449
[2017-06-13 15:21:14.387] [jointLog] [info] iteration = 500 | max rel diff. = 0.0197062
[2017-06-13 15:21:14.983] [jointLog] [info] iteration = 600 | max rel diff. = 0.0185757
[2017-06-13 15:21:15.586] [jointLog] [info] iteration = 700 | max rel diff. = 0.0149938
[2017-06-13 15:21:16.196] [jointLog] [info] iteration = 800 | max rel diff. = 0.0135512
[2017-06-13 15:21:16.805] [jointLog] [info] iteration = 900 | max rel diff. = 0.0135512
[2017-06-13 15:21:17.400] [jointLog] [info] iteration = 1000 | max rel diff. = 0.0104049
[2017-06-13 15:21:17.880] [jointLog] [info] iteration = 1084 | max rel diff. = 0.00975717
[2017-06-13 15:21:17.882] [jointLog] [info] Finished optimizer
[2017-06-13 15:21:17.882] [jointLog] [info] writing output 

[2017-06-17 15:30:15.296] [jointLog] [info] parsing read library format
[2017-06-17 15:30:15.296] [jointLog] [info] There is 1 library.
[2017-06-17 15:30:15.399] [jointLog] [info] Loading Quasi index
[2017-06-17 15:30:15.400] [jointLog] [info] Loading 32-bit quasi index
[2017-06-17 15:30:23.579] [jointLog] [info] done
[2017-06-17 15:30:23.579] [jointLog] [info] Index contained 107368 targets
[2017-06-17 15:30:24.303] [jointLog] [info] Automatically detected most likely library type as IU
[2017-06-17 15:31:23.662] [fileLog] [info] 
At end of round 0
==================
Observed 6650737 total fragments (6650737 in most recent round)

[2017-06-17 15:31:23.661] [jointLog] [info] Computed 128900 rich equivalence classes for further processing
[2017-06-17 15:31:23.661] [jointLog] [info] Counted 5423336 total reads in the equivalence classes 
[2017-06-17 15:31:23.690] [jointLog] [info] Mapping rate = 81.5449%

[2017-06-17 15:31:23.690] [jointLog] [info] finished quantifyLibrary()
[2017-06-17 15:31:23.703] [jointLog] [info] Starting optimizer
[2017-06-17 15:31:23.777] [jointLog] [info] Marked 0 weighted equivalence classes as degenerate
[2017-06-17 15:31:23.782] [jointLog] [info] iteration = 0 | max rel diff. = 70.6851
[2017-06-17 15:31:24.290] [jointLog] [info] iteration = 100 | max rel diff. = 0.105056
[2017-06-17 15:31:24.828] [jointLog] [info] iteration = 200 | max rel diff. = 0.0523177
[2017-06-17 15:31:25.313] [jointLog] [info] iteration = 300 | max rel diff. = 0.0360417
[2017-06-17 15:31:25.858] [jointLog] [info] iteration = 400 | max rel diff. = 0.0546839
[2017-06-17 15:31:26.336] [jointLog] [info] iteration = 500 | max rel diff. = 0.0197057
[2017-06-17 15:31:26.865] [jointLog] [info] iteration = 600 | max rel diff. = 0.0185666
[2017-06-17 15:31:27.402] [jointLog] [info] iteration = 700 | max rel diff. = 0.015075
[2017-06-17 15:31:27.883] [jointLog] [info] iteration = 800 | max rel diff. = 0.0135444
[2017-06-17 15:31:28.420] [jointLog] [info] iteration = 900 | max rel diff. = 0.0135444
[2017-06-17 15:31:28.964] [jointLog] [info] iteration = 1000 | max rel diff. = 0.0103257
[2017-06-17 15:31:29.458] [jointLog] [info] iteration = 1092 | max rel diff. = 0.00974868
[2017-06-17 15:31:29.461] [jointLog] [info] Finished optimizer
[2017-06-17 15:31:29.461] [jointLog] [info] writing output 

[2017-06-17 15:31:29.844] [jointLog] [info] Starting Bootstrapping
[2017-06-17 15:31:29.877] [jointLog] [info] Will draw 100 bootstrap samples
[2017-06-17 15:31:29.877] [jointLog] [info] Optimizing over 128900 equivalence classes
[2017-06-17 15:31:29.897] [jointLog] [info] Marked 0 weighted equivalence classes as degenerate
[2017-06-17 15:31:54.024] [jointLog] [info] wrote 1 bootstraps
[2017-06-17 15:31:54.791] [jointLog] [info] wrote 2 bootstraps
[2017-06-17 15:31:55.540] [jointLog] [info] wrote 3 bootstraps
[2017-06-17 15:31:57.050] [jointLog] [info] wrote 4 bootstraps
[2017-06-17 15:31:59.156] [jointLog] [info] wrote 5 bootstraps
[2017-06-17 15:31:59.552] [jointLog] [info] wrote 6 bootstraps
[2017-06-17 15:31:59.897] [jointLog] [info] wrote 7 bootstraps
[2017-06-17 15:32:20.928] [jointLog] [info] wrote 8 bootstraps
[2017-06-17 15:32:21.922] [jointLog] [info] wrote 9 bootstraps
[2017-06-17 15:32:23.713] [jointLog] [info] wrote 10 bootstraps
[2017-06-17 15:32:23.863] [jointLog] [info] wrote 11 bootstraps
[2017-06-17 15:32:27.038] [jointLog] [info] wrote 12 bootstraps
[2017-06-17 15:32:28.169] [jointLog] [info] wrote 13 bootstraps
[2017-06-17 15:32:29.271] [jointLog] [info] wrote 14 bootstraps
[2017-06-17 15:32:48.656] [jointLog] [info] wrote 15 bootstraps
[2017-06-17 15:32:49.550] [jointLog] [info] wrote 16 bootstraps
[2017-06-17 15:32:50.270] [jointLog] [info] wrote 17 bootstraps
[2017-06-17 15:32:52.604] [jointLog] [info] wrote 18 bootstraps
[2017-06-17 15:32:54.265] [jointLog] [info] wrote 19 bootstraps
[2017-06-17 15:32:55.799] [jointLog] [info] wrote 20 bootstraps
[2017-06-17 15:32:58.274] [jointLog] [info] wrote 21 bootstraps
[2017-06-17 15:33:13.670] [jointLog] [info] wrote 22 bootstraps
[2017-06-17 15:33:16.847] [jointLog] [info] wrote 23 bootstraps
[2017-06-17 15:33:19.240] [jointLog] [info] wrote 24 bootstraps
[2017-06-17 15:33:19.289] [jointLog] [info] wrote 25 bootstraps
[2017-06-17 15:33:21.828] [jointLog] [info] wrote 26 bootstraps
[2017-06-17 15:33:24.639] [jointLog] [info] wrote 27 bootstraps
[2017-06-17 15:33:25.089] [jointLog] [info] wrote 28 bootstraps
[2017-06-17 15:33:42.198] [jointLog] [info] wrote 29 bootstraps
[2017-06-17 15:33:43.397] [jointLog] [info] wrote 30 bootstraps
[2017-06-17 15:33:44.607] [jointLog] [info] wrote 31 bootstraps
[2017-06-17 15:33:45.507] [jointLog] [info] wrote 32 bootstraps
[2017-06-17 15:33:45.874] [jointLog] [info] wrote 33 bootstraps
[2017-06-17 15:33:52.876] [jointLog] [info] wrote 34 bootstraps
[2017-06-17 15:33:54.546] [jointLog] [info] wrote 35 bootstraps
[2017-06-17 15:34:09.916] [jointLog] [info] wrote 36 bootstraps
[2017-06-17 15:34:11.575] [jointLog] [info] wrote 37 bootstraps
[2017-06-17 15:34:11.972] [jointLog] [info] wrote 38 bootstraps
[2017-06-17 15:34:13.721] [jointLog] [info] wrote 39 bootstraps
[2017-06-17 15:34:14.208] [jointLog] [info] wrote 40 bootstraps
[2017-06-17 15:34:15.836] [jointLog] [info] wrote 41 bootstraps
[2017-06-17 15:34:23.690] [jointLog] [info] wrote 42 bootstraps
[2017-06-17 15:34:36.084] [jointLog] [info] wrote 43 bootstraps
[2017-06-17 15:34:38.289] [jointLog] [info] wrote 44 bootstraps
[2017-06-17 15:34:38.771] [jointLog] [info] wrote 45 bootstraps
[2017-06-17 15:34:38.819] [jointLog] [info] wrote 46 bootstraps
[2017-06-17 15:34:41.201] [jointLog] [info] wrote 47 bootstraps
[2017-06-17 15:34:45.467] [jointLog] [info] wrote 48 bootstraps
[2017-06-17 15:34:48.280] [jointLog] [info] wrote 49 bootstraps
[2017-06-17 15:35:02.620] [jointLog] [info] wrote 50 bootstraps
[2017-06-17 15:35:06.148] [jointLog] [info] wrote 51 bootstraps
[2017-06-17 15:35:08.230] [jointLog] [info] wrote 52 bootstraps
[2017-06-17 15:35:08.732] [jointLog] [info] wrote 53 bootstraps
[2017-06-17 15:35:10.192] [jointLog] [info] wrote 54 bootstraps
[2017-06-17 15:35:11.342] [jointLog] [info] wrote 55 bootstraps
[2017-06-17 15:35:15.100] [jointLog] [info] wrote 56 bootstraps
[2017-06-17 15:35:30.823] [jointLog] [info] wrote 57 bootstraps
[2017-06-17 15:35:31.338] [jointLog] [info] wrote 58 bootstraps
[2017-06-17 15:35:33.844] [jointLog] [info] wrote 59 bootstraps
[2017-06-17 15:35:38.157] [jointLog] [info] wrote 60 bootstraps
[2017-06-17 15:35:40.539] [jointLog] [info] wrote 61 bootstraps
[2017-06-17 15:35:41.534] [jointLog] [info] wrote 62 bootstraps
[2017-06-17 15:35:41.901] [jointLog] [info] wrote 63 bootstraps
[2017-06-17 15:35:58.870] [jointLog] [info] wrote 64 bootstraps
[2017-06-17 15:36:00.519] [jointLog] [info] wrote 65 bootstraps
[2017-06-17 15:36:02.772] [jointLog] [info] wrote 66 bootstraps
[2017-06-17 15:36:06.367] [jointLog] [info] wrote 67 bootstraps
[2017-06-17 15:36:07.454] [jointLog] [info] wrote 68 bootstraps
[2017-06-17 15:36:07.905] [jointLog] [info] wrote 69 bootstraps
[2017-06-17 15:36:10.852] [jointLog] [info] wrote 70 bootstraps
[2017-06-17 15:36:25.988] [jointLog] [info] wrote 71 bootstraps
[2017-06-17 15:36:27.767] [jointLog] [info] wrote 72 bootstraps
[2017-06-17 15:36:31.977] [jointLog] [info] wrote 73 bootstraps
[2017-06-17 15:36:33.213] [jointLog] [info] wrote 74 bootstraps
[2017-06-17 15:36:36.822] [jointLog] [info] wrote 75 bootstraps
[2017-06-17 15:36:36.923] [jointLog] [info] wrote 76 bootstraps
[2017-06-17 15:36:37.722] [jointLog] [info] wrote 77 bootstraps
[2017-06-17 15:36:53.209] [jointLog] [info] wrote 78 bootstraps
[2017-06-17 15:36:54.618] [jointLog] [info] wrote 79 bootstraps
[2017-06-17 15:36:57.218] [jointLog] [info] wrote 80 bootstraps
[2017-06-17 15:37:01.379] [jointLog] [info] wrote 81 bootstraps
[2017-06-17 15:37:03.203] [jointLog] [info] wrote 82 bootstraps
[2017-06-17 15:37:04.643] [jointLog] [info] wrote 83 bootstraps
[2017-06-17 15:37:04.839] [jointLog] [info] wrote 84 bootstraps
[2017-06-17 15:37:18.767] [jointLog] [info] wrote 85 bootstraps
[2017-06-17 15:37:19.793] [jointLog] [info] wrote 86 bootstraps
[2017-06-17 15:37:22.861] [jointLog] [info] wrote 87 bootstraps
[2017-06-17 15:37:28.546] [jointLog] [info] wrote 88 bootstraps
[2017-06-17 15:37:30.488] [jointLog] [info] wrote 89 bootstraps
[2017-06-17 15:37:32.299] [jointLog] [info] wrote 90 bootstraps
[2017-06-17 15:37:33.436] [jointLog] [info] wrote 91 bootstraps
[2017-06-17 15:37:47.950] [jointLog] [info] wrote 92 bootstraps
[2017-06-17 15:37:49.090] [jointLog] [info] wrote 93 bootstraps
[2017-06-17 15:37:52.090] [jointLog] [info] wrote 94 bootstraps
[2017-06-17 15:37:57.577] [jointLog] [info] wrote 95 bootstraps
[2017-06-17 15:37:57.686] [jointLog] [info] wrote 96 bootstraps
[2017-06-17 15:37:58.821] [jointLog] [info] wrote 97 bootstraps
[2017-06-17 15:37:59.782] [jointLog] [info] wrote 98 bootstraps
[2017-06-17 15:38:06.159] [jointLog] [info] wrote 99 bootstraps
[2017-06-17 15:38:06.394] [jointLog] [info] wrote 100 bootstraps
[2017-06-17 15:38:06.415] [jointLog] [info] Finished Bootstrapping
