[2017-06-13 15:33:43.706] [jointLog] [info] parsing read library format
[2017-06-13 15:33:43.706] [jointLog] [info] There is 1 library.
[2017-06-13 15:33:43.814] [jointLog] [info] Loading Quasi index
[2017-06-13 15:33:43.815] [jointLog] [info] Loading 32-bit quasi index
[2017-06-13 15:34:03.683] [jointLog] [info] done
[2017-06-13 15:34:03.683] [jointLog] [info] Index contained 107368 targets
[2017-06-13 15:34:04.331] [jointLog] [info] Automatically detected most likely library type as IU
[2017-06-13 15:36:00.606] [jointLog] [info] Computed 142757 rich equivalence classes for further processing
[2017-06-13 15:36:00.606] [jointLog] [info] Counted 13624010 total reads in the equivalence classes 
[2017-06-13 15:36:00.624] [jointLog] [info] Mapping rate = 87.4689%

[2017-06-13 15:36:00.624] [jointLog] [info] finished quantifyLibrary()
[2017-06-13 15:36:00.634] [jointLog] [info] Starting optimizer
[2017-06-13 15:36:00.706] [jointLog] [info] Marked 0 weighted equivalence classes as degenerate
[2017-06-13 15:36:00.711] [jointLog] [info] iteration = 0 | max rel diff. = 115.148
[2017-06-13 15:36:00.606] [fileLog] [info] 
At end of round 0
==================
Observed 15575831 total fragments (15575831 in most recent round)

[2017-06-13 15:36:01.264] [jointLog] [info] iteration = 100 | max rel diff. = 0.101155
[2017-06-13 15:36:01.809] [jointLog] [info] iteration = 200 | max rel diff. = 0.097181
[2017-06-13 15:36:02.360] [jointLog] [info] iteration = 300 | max rel diff. = 0.0364868
[2017-06-13 15:36:02.896] [jointLog] [info] iteration = 400 | max rel diff. = 0.0329766
[2017-06-13 15:36:03.430] [jointLog] [info] iteration = 500 | max rel diff. = 0.0224958
[2017-06-13 15:36:03.990] [jointLog] [info] iteration = 600 | max rel diff. = 0.0167986
[2017-06-13 15:36:04.564] [jointLog] [info] iteration = 700 | max rel diff. = 0.0160224
[2017-06-13 15:36:05.101] [jointLog] [info] iteration = 800 | max rel diff. = 0.0139019
[2017-06-13 15:36:05.668] [jointLog] [info] iteration = 900 | max rel diff. = 0.0117743
[2017-06-13 15:36:06.222] [jointLog] [info] iteration = 1000 | max rel diff. = 0.0110597
[2017-06-13 15:36:06.801] [jointLog] [info] iteration = 1100 | max rel diff. = 0.0103404
[2017-06-13 15:36:07.403] [jointLog] [info] iteration = 1200 | max rel diff. = 0.0102008
[2017-06-13 15:36:08.017] [jointLog] [info] iteration = 1300 | max rel diff. = 0.0102008
[2017-06-13 15:36:08.202] [jointLog] [info] iteration = 1337 | max rel diff. = 0.00810989
[2017-06-13 15:36:08.205] [jointLog] [info] Finished optimizer
[2017-06-13 15:36:08.205] [jointLog] [info] writing output 

[2017-06-17 16:29:23.716] [jointLog] [info] parsing read library format
[2017-06-17 16:29:23.716] [jointLog] [info] There is 1 library.
[2017-06-17 16:29:23.811] [jointLog] [info] Loading Quasi index
[2017-06-17 16:29:23.812] [jointLog] [info] Loading 32-bit quasi index
[2017-06-17 16:29:31.934] [jointLog] [info] done
[2017-06-17 16:29:31.934] [jointLog] [info] Index contained 107368 targets
[2017-06-17 16:29:32.548] [jointLog] [info] Automatically detected most likely library type as IU
[2017-06-17 16:31:30.783] [jointLog] [info] Computed 142757 rich equivalence classes for further processing
[2017-06-17 16:31:30.783] [jointLog] [info] Counted 13624010 total reads in the equivalence classes 
[2017-06-17 16:31:30.805] [jointLog] [info] Mapping rate = 87.4689%

[2017-06-17 16:31:30.805] [jointLog] [info] finished quantifyLibrary()
[2017-06-17 16:31:30.820] [jointLog] [info] Starting optimizer
[2017-06-17 16:31:30.889] [jointLog] [info] Marked 0 weighted equivalence classes as degenerate
[2017-06-17 16:31:30.895] [jointLog] [info] iteration = 0 | max rel diff. = 115.148
[2017-06-17 16:31:30.784] [fileLog] [info] 
At end of round 0
==================
Observed 15575831 total fragments (15575831 in most recent round)

[2017-06-17 16:31:31.420] [jointLog] [info] iteration = 100 | max rel diff. = 0.101744
[2017-06-17 16:31:32.013] [jointLog] [info] iteration = 200 | max rel diff. = 0.0972057
[2017-06-17 16:31:32.609] [jointLog] [info] iteration = 300 | max rel diff. = 0.0364838
[2017-06-17 16:31:33.194] [jointLog] [info] iteration = 400 | max rel diff. = 0.0331318
[2017-06-17 16:31:33.790] [jointLog] [info] iteration = 500 | max rel diff. = 0.0372383
[2017-06-17 16:31:34.361] [jointLog] [info] iteration = 600 | max rel diff. = 0.0167855
[2017-06-17 16:31:34.963] [jointLog] [info] iteration = 700 | max rel diff. = 0.0160367
[2017-06-17 16:31:35.555] [jointLog] [info] iteration = 800 | max rel diff. = 0.0139177
[2017-06-17 16:31:36.091] [jointLog] [info] iteration = 900 | max rel diff. = 0.0117714
[2017-06-17 16:31:36.687] [jointLog] [info] iteration = 1000 | max rel diff. = 0.0110567
[2017-06-17 16:31:37.231] [jointLog] [info] iteration = 1100 | max rel diff. = 0.0103354
[2017-06-17 16:31:37.737] [jointLog] [info] iteration = 1200 | max rel diff. = 0.0102008
[2017-06-17 16:31:38.361] [jointLog] [info] iteration = 1300 | max rel diff. = 0.0102008
[2017-06-17 16:31:38.583] [jointLog] [info] iteration = 1337 | max rel diff. = 0.00811033
[2017-06-17 16:31:38.586] [jointLog] [info] Finished optimizer
[2017-06-17 16:31:38.586] [jointLog] [info] writing output 

[2017-06-17 16:31:39.021] [jointLog] [info] Starting Bootstrapping
[2017-06-17 16:31:39.057] [jointLog] [info] Will draw 100 bootstrap samples
[2017-06-17 16:31:39.057] [jointLog] [info] Optimizing over 142757 equivalence classes
[2017-06-17 16:31:39.080] [jointLog] [info] Marked 0 weighted equivalence classes as degenerate
[2017-06-17 16:32:11.449] [jointLog] [info] wrote 1 bootstraps
[2017-06-17 16:32:17.029] [jointLog] [info] wrote 2 bootstraps
[2017-06-17 16:32:17.169] [jointLog] [info] wrote 3 bootstraps
[2017-06-17 16:32:17.349] [jointLog] [info] wrote 4 bootstraps
[2017-06-17 16:32:18.704] [jointLog] [info] wrote 5 bootstraps
[2017-06-17 16:32:19.562] [jointLog] [info] wrote 6 bootstraps
[2017-06-17 16:32:20.579] [jointLog] [info] wrote 7 bootstraps
[2017-06-17 16:32:48.989] [jointLog] [info] wrote 8 bootstraps
[2017-06-17 16:32:49.088] [jointLog] [info] wrote 9 bootstraps
[2017-06-17 16:32:51.087] [jointLog] [info] wrote 10 bootstraps
[2017-06-17 16:32:53.398] [jointLog] [info] wrote 11 bootstraps
[2017-06-17 16:32:54.528] [jointLog] [info] wrote 12 bootstraps
[2017-06-17 16:32:55.360] [jointLog] [info] wrote 13 bootstraps
[2017-06-17 16:33:00.369] [jointLog] [info] wrote 14 bootstraps
[2017-06-17 16:33:23.167] [jointLog] [info] wrote 15 bootstraps
[2017-06-17 16:33:26.627] [jointLog] [info] wrote 16 bootstraps
[2017-06-17 16:33:28.131] [jointLog] [info] wrote 17 bootstraps
[2017-06-17 16:33:30.315] [jointLog] [info] wrote 18 bootstraps
[2017-06-17 16:33:34.746] [jointLog] [info] wrote 19 bootstraps
[2017-06-17 16:33:38.320] [jointLog] [info] wrote 20 bootstraps
[2017-06-17 16:33:38.996] [jointLog] [info] wrote 21 bootstraps
[2017-06-17 16:33:58.322] [jointLog] [info] wrote 22 bootstraps
[2017-06-17 16:34:05.900] [jointLog] [info] wrote 23 bootstraps
[2017-06-17 16:34:06.027] [jointLog] [info] wrote 24 bootstraps
[2017-06-17 16:34:09.223] [jointLog] [info] wrote 25 bootstraps
[2017-06-17 16:34:11.771] [jointLog] [info] wrote 26 bootstraps
[2017-06-17 16:34:13.046] [jointLog] [info] wrote 27 bootstraps
[2017-06-17 16:34:14.190] [jointLog] [info] wrote 28 bootstraps
[2017-06-17 16:34:29.408] [jointLog] [info] wrote 29 bootstraps
[2017-06-17 16:34:41.798] [jointLog] [info] wrote 30 bootstraps
[2017-06-17 16:34:45.086] [jointLog] [info] wrote 31 bootstraps
[2017-06-17 16:34:47.911] [jointLog] [info] wrote 32 bootstraps
[2017-06-17 16:34:49.669] [jointLog] [info] wrote 33 bootstraps
[2017-06-17 16:34:49.978] [jointLog] [info] wrote 34 bootstraps
[2017-06-17 16:34:52.208] [jointLog] [info] wrote 35 bootstraps
[2017-06-17 16:35:08.608] [jointLog] [info] wrote 36 bootstraps
[2017-06-17 16:35:14.122] [jointLog] [info] wrote 37 bootstraps
[2017-06-17 16:35:19.726] [jointLog] [info] wrote 38 bootstraps
[2017-06-17 16:35:20.603] [jointLog] [info] wrote 39 bootstraps
[2017-06-17 16:35:22.729] [jointLog] [info] wrote 40 bootstraps
[2017-06-17 16:35:24.077] [jointLog] [info] wrote 41 bootstraps
[2017-06-17 16:35:26.130] [jointLog] [info] wrote 42 bootstraps
[2017-06-17 16:35:43.182] [jointLog] [info] wrote 43 bootstraps
[2017-06-17 16:35:47.084] [jointLog] [info] wrote 44 bootstraps
[2017-06-17 16:35:50.348] [jointLog] [info] wrote 45 bootstraps
[2017-06-17 16:35:54.808] [jointLog] [info] wrote 46 bootstraps
[2017-06-17 16:35:58.213] [jointLog] [info] wrote 47 bootstraps
[2017-06-17 16:36:00.156] [jointLog] [info] wrote 48 bootstraps
[2017-06-17 16:36:05.848] [jointLog] [info] wrote 49 bootstraps
[2017-06-17 16:36:19.960] [jointLog] [info] wrote 50 bootstraps
[2017-06-17 16:36:27.922] [jointLog] [info] wrote 51 bootstraps
[2017-06-17 16:36:28.139] [jointLog] [info] wrote 52 bootstraps
[2017-06-17 16:36:33.684] [jointLog] [info] wrote 53 bootstraps
[2017-06-17 16:36:37.957] [jointLog] [info] wrote 54 bootstraps
[2017-06-17 16:36:40.229] [jointLog] [info] wrote 55 bootstraps
[2017-06-17 16:36:45.516] [jointLog] [info] wrote 56 bootstraps
[2017-06-17 16:36:58.297] [jointLog] [info] wrote 57 bootstraps
[2017-06-17 16:37:00.811] [jointLog] [info] wrote 58 bootstraps
[2017-06-17 16:37:07.499] [jointLog] [info] wrote 59 bootstraps
[2017-06-17 16:37:11.768] [jointLog] [info] wrote 60 bootstraps
[2017-06-17 16:37:16.070] [jointLog] [info] wrote 61 bootstraps
[2017-06-17 16:37:16.642] [jointLog] [info] wrote 62 bootstraps
[2017-06-17 16:37:21.615] [jointLog] [info] wrote 63 bootstraps
[2017-06-17 16:37:30.030] [jointLog] [info] wrote 64 bootstraps
[2017-06-17 16:37:34.427] [jointLog] [info] wrote 65 bootstraps
[2017-06-17 16:37:39.638] [jointLog] [info] wrote 66 bootstraps
[2017-06-17 16:37:41.973] [jointLog] [info] wrote 67 bootstraps
[2017-06-17 16:37:51.478] [jointLog] [info] wrote 68 bootstraps
[2017-06-17 16:37:54.064] [jointLog] [info] wrote 69 bootstraps
[2017-06-17 16:37:58.065] [jointLog] [info] wrote 70 bootstraps
[2017-06-17 16:38:02.034] [jointLog] [info] wrote 71 bootstraps
[2017-06-17 16:38:12.057] [jointLog] [info] wrote 72 bootstraps
[2017-06-17 16:38:12.463] [jointLog] [info] wrote 73 bootstraps
[2017-06-17 16:38:15.046] [jointLog] [info] wrote 74 bootstraps
[2017-06-17 16:38:24.998] [jointLog] [info] wrote 75 bootstraps
[2017-06-17 16:38:31.221] [jointLog] [info] wrote 76 bootstraps
[2017-06-17 16:38:31.612] [jointLog] [info] wrote 77 bootstraps
[2017-06-17 16:38:41.685] [jointLog] [info] wrote 78 bootstraps
[2017-06-17 16:38:51.293] [jointLog] [info] wrote 79 bootstraps
[2017-06-17 16:38:52.868] [jointLog] [info] wrote 80 bootstraps
[2017-06-17 16:38:56.117] [jointLog] [info] wrote 81 bootstraps
[2017-06-17 16:39:04.091] [jointLog] [info] wrote 82 bootstraps
[2017-06-17 16:39:04.685] [jointLog] [info] wrote 83 bootstraps
[2017-06-17 16:39:05.766] [jointLog] [info] wrote 84 bootstraps
[2017-06-17 16:39:21.014] [jointLog] [info] wrote 85 bootstraps
[2017-06-17 16:39:29.306] [jointLog] [info] wrote 86 bootstraps
[2017-06-17 16:39:31.579] [jointLog] [info] wrote 87 bootstraps
[2017-06-17 16:39:32.942] [jointLog] [info] wrote 88 bootstraps
[2017-06-17 16:39:41.462] [jointLog] [info] wrote 89 bootstraps
[2017-06-17 16:39:43.841] [jointLog] [info] wrote 90 bootstraps
[2017-06-17 16:39:45.129] [jointLog] [info] wrote 91 bootstraps
[2017-06-17 16:39:57.398] [jointLog] [info] wrote 92 bootstraps
[2017-06-17 16:40:02.432] [jointLog] [info] wrote 93 bootstraps
[2017-06-17 16:40:05.161] [jointLog] [info] wrote 94 bootstraps
[2017-06-17 16:40:11.624] [jointLog] [info] wrote 95 bootstraps
[2017-06-17 16:40:13.103] [jointLog] [info] wrote 96 bootstraps
[2017-06-17 16:40:18.584] [jointLog] [info] wrote 97 bootstraps
[2017-06-17 16:40:18.712] [jointLog] [info] wrote 98 bootstraps
[2017-06-17 16:40:22.846] [jointLog] [info] wrote 99 bootstraps
[2017-06-17 16:40:27.509] [jointLog] [info] wrote 100 bootstraps
[2017-06-17 16:40:27.537] [jointLog] [info] Finished Bootstrapping
