[2020-05-27 20:42:37.048] [jointLog] [info] parsing read library format
[2020-05-27 20:42:37.048] [jointLog] [info] There is 1 library.
[2020-05-27 20:42:37.137] [jointLog] [info] Loading Quasi index
[2020-05-27 20:42:37.139] [jointLog] [info] Loading 32-bit quasi index
[2020-05-27 20:42:41.557] [jointLog] [info] done
[2020-05-27 20:42:41.557] [jointLog] [info] Index contained 43313 targets
[2020-05-27 20:42:42.117] [jointLog] [info] Automatically detected most likely library type as IU
[2020-05-27 20:43:16.701] [jointLog] [info] Computed 41460 rich equivalence classes for further processing
[2020-05-27 20:43:16.701] [jointLog] [info] Counted 7080679 total reads in the equivalence classes 
[2020-05-27 20:43:16.709] [jointLog] [info] Mapping rate = 84.7579%

[2020-05-27 20:43:16.709] [jointLog] [info] finished quantifyLibrary()
[2020-05-27 20:43:16.717] [jointLog] [info] Starting optimizer
[2020-05-27 20:43:16.745] [jointLog] [info] Marked 0 weighted equivalence classes as degenerate
[2020-05-27 20:43:16.746] [jointLog] [info] iteration = 0 | max rel diff. = 271.395
[2020-05-27 20:43:16.701] [fileLog] [info] 
At end of round 0
==================
Observed 8354009 total fragments (8354009 in most recent round)

[2020-05-27 20:43:16.859] [jointLog] [info] iteration = 100 | max rel diff. = 0.111172
[2020-05-27 20:43:16.977] [jointLog] [info] iteration = 200 | max rel diff. = 0.05296
[2020-05-27 20:43:17.090] [jointLog] [info] iteration = 300 | max rel diff. = 0.0372541
[2020-05-27 20:43:17.191] [jointLog] [info] iteration = 400 | max rel diff. = 0.0249977
[2020-05-27 20:43:17.308] [jointLog] [info] iteration = 500 | max rel diff. = 0.0221376
[2020-05-27 20:43:17.421] [jointLog] [info] iteration = 600 | max rel diff. = 0.0163283
[2020-05-27 20:43:17.538] [jointLog] [info] iteration = 700 | max rel diff. = 0.0153085
[2020-05-27 20:43:17.645] [jointLog] [info] iteration = 800 | max rel diff. = 0.0124327
[2020-05-27 20:43:17.754] [jointLog] [info] iteration = 900 | max rel diff. = 0.0115714
[2020-05-27 20:43:17.858] [jointLog] [info] iteration = 1000 | max rel diff. = 0.0106227
[2020-05-27 20:43:17.948] [jointLog] [info] iteration = 1085 | max rel diff. = 0.00895591
[2020-05-27 20:43:17.956] [jointLog] [info] Finished optimizer
[2020-05-27 20:43:17.956] [jointLog] [info] writing output 

