[2017-07-17 11:34:15.900] [jointLog] [info] parsing read library format
[2017-07-17 11:34:15.900] [jointLog] [info] There is 1 library.
[2017-07-17 11:34:16.027] [jointLog] [info] Loading Quasi index
[2017-07-17 11:34:16.042] [jointLog] [info] Loading 32-bit quasi index
[2017-07-17 11:35:04.805] [jointLog] [info] done
[2017-07-17 11:35:04.805] [jointLog] [info] Index contained 107368 targets
[2017-07-17 11:35:05.634] [jointLog] [info] Automatically detected most likely library type as IU
[2017-07-17 11:36:03.101] [fileLog] [info] 
At end of round 0
==================
Observed 6247296 total fragments (6247296 in most recent round)

[2017-07-17 11:36:03.101] [jointLog] [info] Computed 119835 rich equivalence classes for further processing
[2017-07-17 11:36:03.101] [jointLog] [info] Counted 5122412 total reads in the equivalence classes 
[2017-07-17 11:36:03.138] [jointLog] [info] Mapping rate = 81.9941%

[2017-07-17 11:36:03.138] [jointLog] [info] finished quantifyLibrary()
[2017-07-17 11:36:03.139] [jointLog] [info] Starting optimizer
[2017-07-17 11:36:03.218] [jointLog] [info] Marked 0 weighted equivalence classes as degenerate
[2017-07-17 11:36:03.223] [jointLog] [info] iteration = 0 | max rel diff. = 80.2975
[2017-07-17 11:36:03.723] [jointLog] [info] iteration = 100 | max rel diff. = 0.111288
[2017-07-17 11:36:04.214] [jointLog] [info] iteration = 200 | max rel diff. = 0.0608749
[2017-07-17 11:36:04.710] [jointLog] [info] iteration = 300 | max rel diff. = 0.0395807
[2017-07-17 11:36:05.208] [jointLog] [info] iteration = 400 | max rel diff. = 0.0251499
[2017-07-17 11:36:05.705] [jointLog] [info] iteration = 500 | max rel diff. = 0.0187635
[2017-07-17 11:36:06.230] [jointLog] [info] iteration = 600 | max rel diff. = 0.0332472
[2017-07-17 11:36:06.757] [jointLog] [info] iteration = 700 | max rel diff. = 0.0144306
[2017-07-17 11:36:07.265] [jointLog] [info] iteration = 800 | max rel diff. = 0.0119048
[2017-07-17 11:36:07.763] [jointLog] [info] iteration = 900 | max rel diff. = 0.011286
[2017-07-17 11:36:08.268] [jointLog] [info] iteration = 1000 | max rel diff. = 0.0110012
[2017-07-17 11:36:08.394] [jointLog] [info] iteration = 1027 | max rel diff. = 0.00969229
[2017-07-17 11:36:08.397] [jointLog] [info] Finished optimizer
[2017-07-17 11:36:08.397] [jointLog] [info] writing output 

[2017-07-17 11:36:08.867] [jointLog] [info] Starting Bootstrapping
[2017-07-17 11:36:08.901] [jointLog] [info] Will draw 100 bootstrap samples
[2017-07-17 11:36:08.901] [jointLog] [info] Optimizing over 119835 equivalence classes
[2017-07-17 11:36:08.923] [jointLog] [info] Marked 0 weighted equivalence classes as degenerate
[2017-07-17 11:36:32.987] [jointLog] [info] wrote 1 bootstraps
[2017-07-17 11:36:34.072] [jointLog] [info] wrote 2 bootstraps
[2017-07-17 11:36:35.279] [jointLog] [info] wrote 3 bootstraps
[2017-07-17 11:36:35.373] [jointLog] [info] wrote 4 bootstraps
[2017-07-17 11:36:37.207] [jointLog] [info] wrote 5 bootstraps
[2017-07-17 11:36:37.901] [jointLog] [info] wrote 6 bootstraps
[2017-07-17 11:36:41.116] [jointLog] [info] wrote 7 bootstraps
[2017-07-17 11:36:57.279] [jointLog] [info] wrote 8 bootstraps
[2017-07-17 11:36:58.194] [jointLog] [info] wrote 9 bootstraps
[2017-07-17 11:36:59.434] [jointLog] [info] wrote 10 bootstraps
[2017-07-17 11:37:00.295] [jointLog] [info] wrote 11 bootstraps
[2017-07-17 11:37:03.819] [jointLog] [info] wrote 12 bootstraps
[2017-07-17 11:37:04.976] [jointLog] [info] wrote 13 bootstraps
[2017-07-17 11:37:06.196] [jointLog] [info] wrote 14 bootstraps
[2017-07-17 11:37:23.085] [jointLog] [info] wrote 15 bootstraps
[2017-07-17 11:37:23.656] [jointLog] [info] wrote 16 bootstraps
[2017-07-17 11:37:24.780] [jointLog] [info] wrote 17 bootstraps
[2017-07-17 11:37:26.984] [jointLog] [info] wrote 18 bootstraps
[2017-07-17 11:37:31.785] [jointLog] [info] wrote 19 bootstraps
[2017-07-17 11:37:32.416] [jointLog] [info] wrote 20 bootstraps
[2017-07-17 11:37:33.946] [jointLog] [info] wrote 21 bootstraps
[2017-07-17 11:37:49.293] [jointLog] [info] wrote 22 bootstraps
[2017-07-17 11:37:49.464] [jointLog] [info] wrote 23 bootstraps
[2017-07-17 11:37:49.898] [jointLog] [info] wrote 24 bootstraps
[2017-07-17 11:37:53.633] [jointLog] [info] wrote 25 bootstraps
[2017-07-17 11:37:55.829] [jointLog] [info] wrote 26 bootstraps
[2017-07-17 11:37:56.499] [jointLog] [info] wrote 27 bootstraps
[2017-07-17 11:38:00.714] [jointLog] [info] wrote 28 bootstraps
[2017-07-17 11:38:15.307] [jointLog] [info] wrote 29 bootstraps
[2017-07-17 11:38:15.543] [jointLog] [info] wrote 30 bootstraps
[2017-07-17 11:38:15.592] [jointLog] [info] wrote 31 bootstraps
[2017-07-17 11:38:19.558] [jointLog] [info] wrote 32 bootstraps
[2017-07-17 11:38:19.901] [jointLog] [info] wrote 33 bootstraps
[2017-07-17 11:38:26.567] [jointLog] [info] wrote 34 bootstraps
[2017-07-17 11:38:32.328] [jointLog] [info] wrote 35 bootstraps
[2017-07-17 11:38:39.471] [jointLog] [info] wrote 36 bootstraps
[2017-07-17 11:38:40.771] [jointLog] [info] wrote 37 bootstraps
[2017-07-17 11:38:42.121] [jointLog] [info] wrote 38 bootstraps
[2017-07-17 11:38:43.659] [jointLog] [info] wrote 39 bootstraps
[2017-07-17 11:38:44.702] [jointLog] [info] wrote 40 bootstraps
[2017-07-17 11:38:52.951] [jointLog] [info] wrote 41 bootstraps
[2017-07-17 11:38:55.802] [jointLog] [info] wrote 42 bootstraps
[2017-07-17 11:39:04.948] [jointLog] [info] wrote 43 bootstraps
[2017-07-17 11:39:06.996] [jointLog] [info] wrote 44 bootstraps
[2017-07-17 11:39:09.057] [jointLog] [info] wrote 45 bootstraps
[2017-07-17 11:39:09.815] [jointLog] [info] wrote 46 bootstraps
[2017-07-17 11:39:11.560] [jointLog] [info] wrote 47 bootstraps
[2017-07-17 11:39:18.539] [jointLog] [info] wrote 48 bootstraps
[2017-07-17 11:39:21.935] [jointLog] [info] wrote 49 bootstraps
[2017-07-17 11:39:32.012] [jointLog] [info] wrote 50 bootstraps
[2017-07-17 11:39:33.226] [jointLog] [info] wrote 51 bootstraps
[2017-07-17 11:39:34.856] [jointLog] [info] wrote 52 bootstraps
[2017-07-17 11:39:37.163] [jointLog] [info] wrote 53 bootstraps
[2017-07-17 11:39:39.500] [jointLog] [info] wrote 54 bootstraps
[2017-07-17 11:39:46.736] [jointLog] [info] wrote 55 bootstraps
[2017-07-17 11:39:48.439] [jointLog] [info] wrote 56 bootstraps
[2017-07-17 11:39:57.282] [jointLog] [info] wrote 57 bootstraps
[2017-07-17 11:40:00.584] [jointLog] [info] wrote 58 bootstraps
[2017-07-17 11:40:01.783] [jointLog] [info] wrote 59 bootstraps
[2017-07-17 11:40:03.364] [jointLog] [info] wrote 60 bootstraps
[2017-07-17 11:40:04.403] [jointLog] [info] wrote 61 bootstraps
[2017-07-17 11:40:13.515] [jointLog] [info] wrote 62 bootstraps
[2017-07-17 11:40:14.536] [jointLog] [info] wrote 63 bootstraps
[2017-07-17 11:40:21.215] [jointLog] [info] wrote 64 bootstraps
[2017-07-17 11:40:25.857] [jointLog] [info] wrote 65 bootstraps
[2017-07-17 11:40:28.230] [jointLog] [info] wrote 66 bootstraps
[2017-07-17 11:40:28.814] [jointLog] [info] wrote 67 bootstraps
[2017-07-17 11:40:29.553] [jointLog] [info] wrote 68 bootstraps
[2017-07-17 11:40:36.840] [jointLog] [info] wrote 69 bootstraps
[2017-07-17 11:40:38.786] [jointLog] [info] wrote 70 bootstraps
[2017-07-17 11:40:50.054] [jointLog] [info] wrote 71 bootstraps
[2017-07-17 11:40:51.234] [jointLog] [info] wrote 72 bootstraps
[2017-07-17 11:40:52.547] [jointLog] [info] wrote 73 bootstraps
[2017-07-17 11:40:53.651] [jointLog] [info] wrote 74 bootstraps
[2017-07-17 11:40:55.735] [jointLog] [info] wrote 75 bootstraps
[2017-07-17 11:41:01.360] [jointLog] [info] wrote 76 bootstraps
[2017-07-17 11:41:03.849] [jointLog] [info] wrote 77 bootstraps
[2017-07-17 11:41:16.081] [jointLog] [info] wrote 78 bootstraps
[2017-07-17 11:41:18.808] [jointLog] [info] wrote 79 bootstraps
[2017-07-17 11:41:20.272] [jointLog] [info] wrote 80 bootstraps
[2017-07-17 11:41:23.341] [jointLog] [info] wrote 81 bootstraps
[2017-07-17 11:41:23.998] [jointLog] [info] wrote 82 bootstraps
[2017-07-17 11:41:25.532] [jointLog] [info] wrote 83 bootstraps
[2017-07-17 11:41:29.378] [jointLog] [info] wrote 84 bootstraps
[2017-07-17 11:41:40.918] [jointLog] [info] wrote 85 bootstraps
[2017-07-17 11:41:43.004] [jointLog] [info] wrote 86 bootstraps
[2017-07-17 11:41:45.679] [jointLog] [info] wrote 87 bootstraps
[2017-07-17 11:41:48.135] [jointLog] [info] wrote 88 bootstraps
[2017-07-17 11:41:51.353] [jointLog] [info] wrote 89 bootstraps
[2017-07-17 11:41:52.013] [jointLog] [info] wrote 90 bootstraps
[2017-07-17 11:41:54.869] [jointLog] [info] wrote 91 bootstraps
[2017-07-17 11:42:06.161] [jointLog] [info] wrote 92 bootstraps
[2017-07-17 11:42:08.827] [jointLog] [info] wrote 93 bootstraps
[2017-07-17 11:42:09.851] [jointLog] [info] wrote 94 bootstraps
[2017-07-17 11:42:11.692] [jointLog] [info] wrote 95 bootstraps
[2017-07-17 11:42:14.169] [jointLog] [info] wrote 96 bootstraps
[2017-07-17 11:42:16.101] [jointLog] [info] wrote 97 bootstraps
[2017-07-17 11:42:19.598] [jointLog] [info] wrote 98 bootstraps
[2017-07-17 11:42:25.223] [jointLog] [info] wrote 99 bootstraps
[2017-07-17 11:42:25.579] [jointLog] [info] wrote 100 bootstraps
[2017-07-17 11:42:25.599] [jointLog] [info] Finished Bootstrapping
