[2018-05-13 17:13:15.923] [jointLog] [info] parsing read library format
[2018-05-13 17:13:15.924] [jointLog] [info] There is 1 library.
[2018-05-13 17:13:16.061] [jointLog] [info] Loading Quasi index
[2018-05-13 17:13:16.076] [jointLog] [info] Loading 32-bit quasi index
[2018-05-13 17:14:11.281] [jointLog] [info] done
[2018-05-13 17:14:11.281] [jointLog] [info] Index contained 107368 targets
[2018-05-13 17:14:12.234] [jointLog] [info] Automatically detected most likely library type as IU
[2018-05-13 17:15:20.926] [jointLog] [info] Computed 144295 rich equivalence classes for further processing
[2018-05-13 17:15:20.926] [jointLog] [info] Counted 8333328 total reads in the equivalence classes 
[2018-05-13 17:15:20.949] [jointLog] [info] Mapping rate = 86.4929%

[2018-05-13 17:15:20.949] [jointLog] [info] finished quantifyLibrary()
[2018-05-13 17:15:20.954] [jointLog] [info] Starting optimizer
[2018-05-13 17:15:21.037] [jointLog] [info] Marked 0 weighted equivalence classes as degenerate
[2018-05-13 17:15:21.043] [jointLog] [info] iteration = 0 | max rel diff. = 80.8672
[2018-05-13 17:15:20.926] [fileLog] [info] 
At end of round 0
==================
Observed 9634699 total fragments (9634699 in most recent round)

[2018-05-13 17:15:21.732] [jointLog] [info] iteration = 100 | max rel diff. = 0.117555
[2018-05-13 17:15:22.411] [jointLog] [info] iteration = 200 | max rel diff. = 0.0544523
[2018-05-13 17:15:23.108] [jointLog] [info] iteration = 300 | max rel diff. = 0.0345883
[2018-05-13 17:15:23.802] [jointLog] [info] iteration = 400 | max rel diff. = 0.0272431
[2018-05-13 17:15:24.541] [jointLog] [info] iteration = 500 | max rel diff. = 0.0230632
[2018-05-13 17:15:25.233] [jointLog] [info] iteration = 600 | max rel diff. = 0.0178327
[2018-05-13 17:15:26.005] [jointLog] [info] iteration = 700 | max rel diff. = 0.016299
[2018-05-13 17:15:26.770] [jointLog] [info] iteration = 800 | max rel diff. = 0.0134341
[2018-05-13 17:15:27.537] [jointLog] [info] iteration = 900 | max rel diff. = 0.0116968
[2018-05-13 17:15:28.249] [jointLog] [info] iteration = 1000 | max rel diff. = 0.0104679
[2018-05-13 17:15:29.002] [jointLog] [info] iteration = 1100 | max rel diff. = 0.0105165
[2018-05-13 17:15:29.182] [jointLog] [info] iteration = 1124 | max rel diff. = 0.00982007
[2018-05-13 17:15:29.186] [jointLog] [info] Finished optimizer
[2018-05-13 17:15:29.186] [jointLog] [info] writing output 

[2018-05-13 17:15:29.378] [jointLog] [info] Starting Bootstrapping
[2018-05-13 17:15:29.428] [jointLog] [info] Will draw 100 bootstrap samples
[2018-05-13 17:15:29.428] [jointLog] [info] Optimizing over 144295 equivalence classes
[2018-05-13 17:15:29.455] [jointLog] [info] Marked 0 weighted equivalence classes as degenerate
[2018-05-13 17:16:04.388] [jointLog] [info] wrote 1 bootstraps
[2018-05-13 17:16:07.331] [jointLog] [info] wrote 2 bootstraps
[2018-05-13 17:16:07.963] [jointLog] [info] wrote 3 bootstraps
[2018-05-13 17:16:11.731] [jointLog] [info] wrote 4 bootstraps
[2018-05-13 17:16:12.582] [jointLog] [info] wrote 5 bootstraps
[2018-05-13 17:16:12.777] [jointLog] [info] wrote 6 bootstraps
[2018-05-13 17:16:13.092] [jointLog] [info] wrote 7 bootstraps
[2018-05-13 17:16:43.151] [jointLog] [info] wrote 8 bootstraps
[2018-05-13 17:16:46.275] [jointLog] [info] wrote 9 bootstraps
[2018-05-13 17:16:48.806] [jointLog] [info] wrote 10 bootstraps
[2018-05-13 17:16:50.854] [jointLog] [info] wrote 11 bootstraps
[2018-05-13 17:16:51.394] [jointLog] [info] wrote 12 bootstraps
[2018-05-13 17:16:52.020] [jointLog] [info] wrote 13 bootstraps
[2018-05-13 17:17:02.099] [jointLog] [info] wrote 14 bootstraps
[2018-05-13 17:17:22.294] [jointLog] [info] wrote 15 bootstraps
[2018-05-13 17:17:27.542] [jointLog] [info] wrote 16 bootstraps
[2018-05-13 17:17:33.284] [jointLog] [info] wrote 17 bootstraps
[2018-05-13 17:17:38.599] [jointLog] [info] wrote 18 bootstraps
[2018-05-13 17:17:40.207] [jointLog] [info] wrote 19 bootstraps
[2018-05-13 17:17:40.511] [jointLog] [info] wrote 20 bootstraps
[2018-05-13 17:17:57.948] [jointLog] [info] wrote 21 bootstraps
[2018-05-13 17:18:01.362] [jointLog] [info] wrote 22 bootstraps
[2018-05-13 17:18:12.851] [jointLog] [info] wrote 23 bootstraps
[2018-05-13 17:18:14.505] [jointLog] [info] wrote 24 bootstraps
[2018-05-13 17:18:16.267] [jointLog] [info] wrote 25 bootstraps
[2018-05-13 17:18:24.502] [jointLog] [info] wrote 26 bootstraps
[2018-05-13 17:18:25.830] [jointLog] [info] wrote 27 bootstraps
[2018-05-13 17:18:36.145] [jointLog] [info] wrote 28 bootstraps
[2018-05-13 17:18:41.673] [jointLog] [info] wrote 29 bootstraps
[2018-05-13 17:18:54.236] [jointLog] [info] wrote 30 bootstraps
[2018-05-13 17:18:56.299] [jointLog] [info] wrote 31 bootstraps
[2018-05-13 17:18:56.911] [jointLog] [info] wrote 32 bootstraps
[2018-05-13 17:19:04.272] [jointLog] [info] wrote 33 bootstraps
[2018-05-13 17:19:15.599] [jointLog] [info] wrote 34 bootstraps
[2018-05-13 17:19:16.574] [jointLog] [info] wrote 35 bootstraps
[2018-05-13 17:19:24.118] [jointLog] [info] wrote 36 bootstraps
[2018-05-13 17:19:33.004] [jointLog] [info] wrote 37 bootstraps
[2018-05-13 17:19:37.553] [jointLog] [info] wrote 38 bootstraps
[2018-05-13 17:19:43.714] [jointLog] [info] wrote 39 bootstraps
[2018-05-13 17:19:52.227] [jointLog] [info] wrote 40 bootstraps
[2018-05-13 17:19:58.709] [jointLog] [info] wrote 41 bootstraps
[2018-05-13 17:19:59.994] [jointLog] [info] wrote 42 bootstraps
[2018-05-13 17:20:10.970] [jointLog] [info] wrote 43 bootstraps
[2018-05-13 17:20:20.110] [jointLog] [info] wrote 44 bootstraps
[2018-05-13 17:20:22.810] [jointLog] [info] wrote 45 bootstraps
[2018-05-13 17:20:23.466] [jointLog] [info] wrote 46 bootstraps
[2018-05-13 17:20:32.681] [jointLog] [info] wrote 47 bootstraps
[2018-05-13 17:20:44.194] [jointLog] [info] wrote 48 bootstraps
[2018-05-13 17:20:46.512] [jointLog] [info] wrote 49 bootstraps
[2018-05-13 17:20:51.462] [jointLog] [info] wrote 50 bootstraps
[2018-05-13 17:21:10.107] [jointLog] [info] wrote 51 bootstraps
[2018-05-13 17:21:10.885] [jointLog] [info] wrote 52 bootstraps
[2018-05-13 17:21:11.495] [jointLog] [info] wrote 53 bootstraps
[2018-05-13 17:21:11.820] [jointLog] [info] wrote 54 bootstraps
[2018-05-13 17:21:27.146] [jointLog] [info] wrote 55 bootstraps
[2018-05-13 17:21:33.493] [jointLog] [info] wrote 56 bootstraps
[2018-05-13 17:21:41.773] [jointLog] [info] wrote 57 bootstraps
[2018-05-13 17:21:52.497] [jointLog] [info] wrote 58 bootstraps
[2018-05-13 17:21:52.809] [jointLog] [info] wrote 59 bootstraps
[2018-05-13 17:21:53.041] [jointLog] [info] wrote 60 bootstraps
[2018-05-13 17:21:55.161] [jointLog] [info] wrote 61 bootstraps
[2018-05-13 17:22:10.214] [jointLog] [info] wrote 62 bootstraps
[2018-05-13 17:22:23.081] [jointLog] [info] wrote 63 bootstraps
[2018-05-13 17:22:30.778] [jointLog] [info] wrote 64 bootstraps
[2018-05-13 17:22:32.150] [jointLog] [info] wrote 65 bootstraps
[2018-05-13 17:22:38.459] [jointLog] [info] wrote 66 bootstraps
[2018-05-13 17:22:39.533] [jointLog] [info] wrote 67 bootstraps
[2018-05-13 17:22:43.789] [jointLog] [info] wrote 68 bootstraps
[2018-05-13 17:23:01.135] [jointLog] [info] wrote 69 bootstraps
[2018-05-13 17:23:10.858] [jointLog] [info] wrote 70 bootstraps
[2018-05-13 17:23:12.495] [jointLog] [info] wrote 71 bootstraps
[2018-05-13 17:23:13.695] [jointLog] [info] wrote 72 bootstraps
[2018-05-13 17:23:17.974] [jointLog] [info] wrote 73 bootstraps
[2018-05-13 17:23:26.242] [jointLog] [info] wrote 74 bootstraps
[2018-05-13 17:23:33.620] [jointLog] [info] wrote 75 bootstraps
[2018-05-13 17:23:51.030] [jointLog] [info] wrote 76 bootstraps
[2018-05-13 17:23:51.835] [jointLog] [info] wrote 77 bootstraps
[2018-05-13 17:23:53.537] [jointLog] [info] wrote 78 bootstraps
[2018-05-13 17:23:55.140] [jointLog] [info] wrote 79 bootstraps
[2018-05-13 17:23:59.267] [jointLog] [info] wrote 80 bootstraps
[2018-05-13 17:24:13.484] [jointLog] [info] wrote 81 bootstraps
[2018-05-13 17:24:14.292] [jointLog] [info] wrote 82 bootstraps
[2018-05-13 17:24:32.342] [jointLog] [info] wrote 83 bootstraps
[2018-05-13 17:24:35.861] [jointLog] [info] wrote 84 bootstraps
[2018-05-13 17:24:40.580] [jointLog] [info] wrote 85 bootstraps
[2018-05-13 17:24:40.860] [jointLog] [info] wrote 86 bootstraps
[2018-05-13 17:24:41.112] [jointLog] [info] wrote 87 bootstraps
[2018-05-13 17:25:00.791] [jointLog] [info] wrote 88 bootstraps
[2018-05-13 17:25:05.916] [jointLog] [info] wrote 89 bootstraps
[2018-05-13 17:25:21.582] [jointLog] [info] wrote 90 bootstraps
[2018-05-13 17:25:23.353] [jointLog] [info] wrote 91 bootstraps
[2018-05-13 17:25:24.425] [jointLog] [info] wrote 92 bootstraps
[2018-05-13 17:25:25.929] [jointLog] [info] wrote 93 bootstraps
[2018-05-13 17:25:30.351] [jointLog] [info] wrote 94 bootstraps
[2018-05-13 17:25:47.735] [jointLog] [info] wrote 95 bootstraps
[2018-05-13 17:25:48.468] [jointLog] [info] wrote 96 bootstraps
[2018-05-13 17:25:54.979] [jointLog] [info] wrote 97 bootstraps
[2018-05-13 17:25:56.824] [jointLog] [info] wrote 98 bootstraps
[2018-05-13 17:25:59.307] [jointLog] [info] wrote 99 bootstraps
[2018-05-13 17:26:01.553] [jointLog] [info] wrote 100 bootstraps
[2018-05-13 17:26:01.580] [jointLog] [info] Finished Bootstrapping
